Log: Log file open, 05/22/23 14:53:56
Init: WinSock: version 1.1 (2.2), MaxSocks=32767, MaxUdp=65467
Init: Version: 8364
Init: Epic Internal: 0
Init: Compiled (64-bit): May 21 2023 21:56:09
Init: Changelist: 871961
Init: Command line:  
Init: Base directory: d:\projects\Duke2003\Binaries\Win64\
DevConfig: GConfig::LoadFile has loaded file:  ..\..\UDKGame\Config\UDKEditor.ini
DevConfig: GConfig::LoadFile has loaded file:  ..\..\UDKGame\Config\UDKEditorUserSettings.ini
DevConfig: GConfig::LoadFile associated file:  ..\..\UDKGame\Config\UDKCompat.ini
DevConfig: GConfig::LoadFile has loaded file:  ..\..\UDKGame\Config\UDKLightmass.ini
DevConfig: GConfig::LoadFile has loaded file:  ..\..\UDKGame\Config\UDKEngine.ini
DevConfig: GConfig::LoadFile has loaded file:  ..\..\UDKGame\Config\UDKGame.ini
DevConfig: GConfig::LoadFile has loaded file:  ..\..\UDKGame\Config\UDKInput.ini
DevConfig: GConfig::LoadFile has loaded file:  ..\..\UDKGame\Config\UDKUI.ini
[0000.56] Init: Computer: JUSTIN-MAINPC
[0000.57] Init: User: justi
[0000.57] Init: CPU Page size=4096, Processors=32
[0000.57] Init: High frequency timer resolution =10.000000 MHz
[0000.57] Init: Memory total: Physical=63.1GB Pagefile=84.1GB Virtual=131072.0GB
[0000.57] DevStats: GSecondsPerCycle 1.000000e-007
[0000.62] Init: WinSock: I am justin-mainpc (192.168.1.4:0)
[0000.62] Init: Presizing for 0 objects not considered by GC, pre-allocating 0 bytes.
[0000.62] Init: Object subsystem initialized
[0000.62] DevSave: (System) 'Default__System' loading configuration from ..\..\UDKGame\Config\UDKEngine.ini
[0000.62] DevSave:    Loading value for SeekFreePCPaths from [Core.System]
[0000.62] DevSave:    Loading value for SeekFreePCExtensions from [Core.System]
[0000.62] DevSave:    Loading value for CutdownPaths from [Core.System]
[0000.62] DevSave:    Loading value for LocalizationPaths from [Core.System]
[0000.62] DevSave:    Loading value for TextureFileCacheExtension from [Core.System]
[0000.62] DevSave:    Loading value for Extensions from [Core.System]
[0000.62] DevSave:    Loading value for Suppress from [Core.System]
[0000.62] DevSave:    Loading value for FRScriptPaths from [Core.System]
[0000.62] DevSave:    Loading value for ScriptPaths from [Core.System]
[0000.62] DevSave:    Loading value for Paths from [Core.System]
[0000.62] DevSave:    Loading value for ScreenShotPath from [Core.System]
[0000.62] DevSave:    Loading value for CacheExt from [Core.System]
[0000.62] DevSave:    Loading value for CachePath from [Core.System]
[0000.62] DevSave:    Loading value for SavePath from [Core.System]
[0000.62] DevSave:    Loading value for AsyncIOBandwidthLimit from [Core.System]
[0000.62] DevSave:    Loading value for PackageSizeSoftLimit from [Core.System]
[0000.62] DevSave:    Loading value for MaxOverallCacheSize from [Core.System]
[0000.62] DevSave:    Loading value for MaxStaleCacheSize from [Core.System]
[0000.62] DevSave:    Loading value for StaleCacheDays from [Core.System]
[0019.34] DevDataBase: Failure trying to open connection [Provider=sqloledb;Data Source=production-db;Initial Catalog=EngineTaskPerf;Trusted_Connection=Yes;Connection Timeout=2] [Invalid connection string attribute]
[0019.34] DevDataBase: Connection to "Provider=sqloledb;Data Source=production-db;Initial Catalog=EngineTaskPerf;Trusted_Connection=Yes;Connection Timeout=2" or "10.1.20.20" failed
[0019.35] DevDataBase: Failure closing connection [Operation is not allowed when the object is closed.]
[0019.68] Init: OS stats:
[0019.68] Init: 	Windows 7 
[0019.68] Init: 	RemoteDesktop=0
[0019.68] Init: Memory stats:
[0019.68] Init: 	Physical: 64662MB
[0019.68] Init: 	Virtual: 134217727MB
[0019.68] Init: 	PageFile: 86166MB
[0019.68] Init: CPU stats:
[0019.68] Init: 	MeasuredPerformanceTime: -1.000 (stored result)
[0019.68] Init: GPU stats:
[0019.68] Init: 	VendorID: 000010DE
[0019.68] Init: 	DeviceID: 00002684
[0019.68] Init: 	DriverVersion: 31.0.15.3168
[0019.68] Init: 	DeviceName: NVIDIA GeForce RTX 4090
[0019.68] Init: 	DriverName: nvldumdx.dll
[0019.68] Init: 	PixelShaderVersion: 3
[0019.68] Init: 	VertexShaderVersion: 3
[0019.68] Init: 	VRAMQuantity: 3072
[0019.68] Init: 	DedicatedVRAM: 3072
[0019.68] Init: 	AdapterCount: 2
[0019.68] Init: 	SupportsHardwareTnL: 1
[0019.69] Init: Machine  detected compatibility level: Composite: 4. CPU: 5. GPU: 4.
[0019.69] Init: Previous detected compatibility level: Composite: 4. CPU: 5. GPU: 4.
[0019.73] Log: Shader platform (RHI): PC-D3D-SM3
[0019.83] Log: PhysX GPU Support: DISABLED
[0019.84] Init: Initializing FaceFX...
[0019.84] Init: FaceFX 1.7.4 initialized.
[0019.88] Init: XAudio2 using 'Speakers (High Definition Audio Device)' : 2 channels at 48 kHz using 32 bits per sample (channel mask 0x3)
[0021.67] Init: Finished loading startup packages in 1.63 seconds
[0021.67] Log: 67386 objects as part of root set at end of initial load.
[0021.67] Log: 0 out of 0 bytes used by permanent object pool.
[0021.67] Log: Initializing Engine...
[0021.71] Init: UEngine initialized
[0021.71] Log: Working around XDK XAudio2 regression: TRUE
[0021.72] Init: XAudio2Device initialized.
[0022.19] Init: Client initialized
[0026.13] Log: LoadMap: dukefrontend?Name=Player?Team=255
[0026.27] Log: 
[0026.27] DevMemory: Memory allocations reported by the OS: 414.79 MB (with 0.00 MB waste)
[0026.27] Log: Game class is 'dnSinglePlayer'
[0038.71] Critical: appError called: Assertion failed: Actor->Role==ROLE_Authority [File:d:\projects\Duke2003\Development\Src\Engine\Src\UnLevAct.cpp] [Line: 536]

Stack: appFailAssertFunc() 0x404ee774 + 0 bytes [File=d:\projects\duke2003\development\src\core\src\unmisc.cpp:1155] [in d:\projects\Duke2003\Binaries\Win64\DukeForever-Debug.exe]
UWorld::SpawnActor() 0x413e95ab + 0 bytes [File=d:\projects\duke2003\development\src\engine\src\unlevact.cpp:537] [in d:\projects\Duke2003\Binaries\Win64\DukeForever-Debug.exe]
UWorld::SetGameInfo() 0x41e03784 + 218 bytes [File=d:\projects\duke2003\development\src\engine\src\unworld.cpp:2697] [in d:\projects\Duke2003\Binaries\Win64\DukeForever-Debug.exe]
UGameEngine::LoadMap() 0x412733c8 + 0 bytes [File=d:\projects\duke2003\development\src\engine\src\ungame.cpp:3005] [in d:\projects\Duke2003\Binaries\Win64\DukeForever-Debug.exe]
UGameEngine::Browse() 0x4126c6fe + 44 bytes [File=d:\projects\duke2003\development\src\engine\src\ungame.cpp:2178] [in d:\projects\Duke2003\Binaries\Win64\DukeForever-Debug.exe]
UGameEngine::Init() 0x4125c94f + 86 bytes [File=d:\projects\duke2003\development\src\engine\src\ungame.cpp:314] [in d:\projects\Duke2003\Binaries\Win64\DukeForever-Debug.exe]
FEngineLoop::Init() 0x44226aa2 + 0 bytes [File=d:\projects\duke2003\development\src\launch\src\launchengineloop.cpp:3422] [in d:\projects\Duke2003\Binaries\Win64\DukeForever-Debug.exe]
EngineInit() 0x44218d05 + 12 bytes [File=d:\projects\duke2003\development\src\launch\src\launch.cpp:178] [in d:\projects\Duke2003\Binaries\Win64\DukeForever-Debug.exe]
GuardedMain() 0x442193db + 54 bytes [File=d:\projects\duke2003\development\src\launch\src\launch.cpp:293] [in d:\projects\Duke2003\Binaries\Win64\DukeForever-Debug.exe]
WinMain() 0x442199c9 + 25 bytes [File=d:\projects\duke2003\development\src\launch\src\launch.cpp:468] [in d:\projects\Duke2003\Binaries\Win64\DukeForever-Debug.exe]
__tmainCRTStartup() 0x44e21212 + 66 bytes [File=f:\dd\vctools\crt_bld\self_64_amd64\crt\src\crtexe.c:578] [in d:\projects\Duke2003\Binaries\Win64\DukeForever-Debug.exe]
WinMainCRTStartup() 0x44e20f0e + 0 bytes [File=f:\dd\vctools\crt_bld\self_64_amd64\crt\src\crtexe.c:403] [in d:\projects\Duke2003\Binaries\Win64\DukeForever-Debug.exe]
Address = 0x2ff0d4c7 (filename not found) [in C:\Windows\Microsoft.NET\Framework64\v2.0.50727\mscorwks.dll]
Address = 0xd082284b (filename not found) 
Address = 0x8fefb0   (filename not found) 
Address = 0xd0781c58 (filename not found) 
Address = 0xd079ff60 (filename not found) 

[0038.71] Critical: Windows GetLastError: The operation completed successfully. (0)
[0038.71] Log: === Critical error: ===
Assertion failed: Actor->Role==ROLE_Authority [File:d:\projects\Duke2003\Development\Src\Engine\Src\UnLevAct.cpp] [Line: 536]

Stack: appFailAssertFunc() 0x404ee774 + 0 bytes [File=d:\projects\duke2003\development\src\core\src\unmisc.cpp:1155] [in d:\projects\Duke2003\Binaries\Win64\DukeForever-Debug.exe]
UWorld::SpawnActor() 0x413e95ab + 0 bytes [File=d:\projects\duke2003\development\src\engine\src\unlevact.cpp:537] [in d:\projects\Duke2003\Binaries\Win64\DukeForever-Debug.exe]
UWorld::SetGameInfo() 0x41e03784 + 218 bytes [File=d:\projects\duke2003\development\src\engine\src\unworld.cpp:2697] [in d:\projects\Duke2003\Binaries\Win64\DukeForever-Debug.exe]
UGameEngine::LoadMap() 0x412733c8 + 0 bytes [File=d:\projects\duke2003\development\src\engine\src\ungame.cpp:3005] [in d:\projects\Duke2003\Binaries\Win64\DukeForever-Debug.exe]
UGameEngine::Browse() 0x4126c6fe + 44 bytes [File=d:\projects\duke2003\development\src\engine\src\ungame.cpp:2178] [in d:\projects\Duke2003\Binaries\Win64\DukeForever-Debug.exe]
UGameEngine::Init() 0x4125c94f + 86 bytes [File=d:\projects\duke2003\development\src\engine\src\ungame.cpp:314] [in d:\projects\Duke2003\Binaries\Win64\DukeForever-Debug.exe]
FEngineLoop::Init() 0x44226aa2 + 0 bytes [File=d:\projects\duke2003\development\src\launch\src\launchengineloop.cpp:3422] [in d:\projects\Duke2003\Binaries\Win64\DukeForever-Debug.exe]
EngineInit() 0x44218d05 + 12 bytes [File=d:\projects\duke2003\development\src\launch\src\launch.cpp:178] [in d:\projects\Duke2003\Binaries\Win64\DukeForever-Debug.exe]
GuardedMain() 0x442193db + 54 bytes [File=d:\projects\duke2003\development\src\launch\src\launch.cpp:293] [in d:\projects\Duke2003\Binaries\Win64\DukeForever-Debug.exe]
WinMain() 0x442199c9 + 25 bytes [File=d:\projects\duke2003\development\src\launch\src\launch.cpp:468] [in d:\projects\Duke2003\Binaries\Win64\DukeForever-Debug.exe]
__tmainCRTStartup() 0x44e21212 + 66 bytes [File=f:\dd\vctools\crt_bld\self_64_amd64\crt\src\crtexe.c:578] [in d:\projects\Duke2003\Binaries\Win64\DukeForever-Debug.exe]
WinMainCRTStartup() 0x44e20f0e + 0 bytes [File=f:\dd\vctools\crt_bld\self_64_amd64\crt\src\crtexe.c:403] [in d:\projects\Duke2003\Binaries\Win64\DukeForever-Debug.exe]
Address = 0x2ff0d4c7 (filename not found) [in C:\Windows\Microsoft.NET\Framework64\v2.0.50727\mscorwks.dll]
Address = 0xd082284b (filename not found) 
Address = 0x8fefb0   (filename not found) 
Address = 0xd0781c58 (filename not found) 
Address = 0xd079ff60 (filename not found) 



