Log: Log file open, 05/21/23 22:40:25
Init: WinSock: version 1.1 (2.2), MaxSocks=32767, MaxUdp=65467
Init: Version: 8364
Init: Epic Internal: 0
Init: Compiled (64-bit): May 21 2023 21:59:00
Init: Changelist: 871961
Init: Command line: editor 
Init: Base directory: d:\projects\Duke2003\Binaries\Win64\
DevConfig: GConfig::LoadFile associated file:  ..\..\UDKGame\Config\UDKCompat.ini
[0000.56] Init: Computer: JUSTIN-MAINPC
[0000.56] Init: User: justi
[0000.56] Init: CPU Page size=4096, Processors=32
[0000.56] Init: High frequency timer resolution =10.000000 MHz
[0000.56] Init: Memory total: Physical=63.1GB Pagefile=84.1GB Virtual=131072.0GB
[0000.61] Init: WinSock: I am justin-mainpc (192.168.1.4:0)
[0000.61] Init: Presizing for 0 objects not considered by GC, pre-allocating 0 bytes.
[0000.61] Init: Object subsystem initialized
[0019.38] DevDataBase: Failure trying to open connection [Provider=sqloledb;Data Source=production-db;Initial Catalog=EngineTaskPerf;Trusted_Connection=Yes;Connection Timeout=2] [Invalid connection string attribute]
[0019.38] DevDataBase: Connection to "Provider=sqloledb;Data Source=production-db;Initial Catalog=EngineTaskPerf;Trusted_Connection=Yes;Connection Timeout=2" or "10.1.20.20" failed
[0019.38] DevDataBase: Failure closing connection [Operation is not allowed when the object is closed.]
[0019.44] Log: Shader platform (RHI): PC-D3D-SM3
[0019.56] Log: PhysX GPU Support: DISABLED
[0019.57] Init: Initializing FaceFX...
[0019.57] Init: FaceFX 1.7.4 initialized.
[0022.27] Init: Finished loading startup packages in 0.79 seconds
[0022.27] Log: 76297 objects as part of root set at end of initial load.
[0022.27] Log: 0 out of 0 bytes used by permanent object pool.
[0022.28] Log: Supported Consoles:
[0022.28] Log:   PC
[0022.28] Log: Initializing Engine...
[0022.30] Log: Encountered missing default brush - spawning new one
[0022.30] Init: UEngine initialized
[0022.30] Log: Primary PhysX scene will be in software.
[0022.30] Log: Creating Primary PhysX Scene.
[0022.31] Init: Transaction tracking system initialized
[0023.18] Init: XAudio2 using 'Speakers (High Definition Audio Device)' : 2 channels at 48 kHz using 32 bits per sample (channel mask 0x3)
[0023.20] Log: Working around XDK XAudio2 regression: TRUE
[0023.21] Init: XAudio2Device initialized.
[0023.59] Init: Client initialized
[0023.59] Init: Editor engine initialized
[0023.63] Log: Initializing Engine Completed
[0023.63] Log: >>>>>>>>>>>>>> Initial startup: 23.63s <<<<<<<<<<<<<<<
[0023.75] Cmd: MODE MAPEXT=udk
[0023.80] SourceControl: Source Control disabled in UDKEditorUserSettings.ini.  [SourceControl] has Disabled=True
[0023.81] SourceControl: Source Control disabled in UDKEditorUserSettings.ini.  [SourceControl] has Disabled=True
[0024.58] Log: Found D3D11 adapter 0: NVIDIA GeForce RTX 4090
[0024.58] Log: Adapter has 24156MB of dedicated video memory, 0MB of dedicated system memory, and 32331MB of shared system memory
[0024.62] Log: Found D3D11 adapter 1: Microsoft Basic Render Driver
[0024.62] Log: Adapter has 0MB of dedicated video memory, 0MB of dedicated system memory, and 32331MB of shared system memory
[0027.66] Cmd: MAP LOAD FILE="..\..\UDKGame\Content\Maps\Templates\Template_MidDay.umap"
[0027.92] Log: Encountered missing default brush - spawning new one
[0028.36] Log: New File, Existing Package (Package Untitled_2, Package Template_MidDay)
[0028.44] Log: -- Checking Building LODs
[0028.44] Log: Primary PhysX scene will be in software.
[0028.44] Log: Creating Primary PhysX Scene.
[0028.45] Log: Finished looking for orphan Actors (0.002 secs)
[0028.46] Cmd: MAP CHECKDEP DONTCLEARMESSAGES
[0028.49] Log: TIMER ALL OF INIT : [8.900479]
[0053.13] Cmd: MAP LOAD FILE="D:\projects\Duke2003\UDKGame\Content\Maps\DukeForever\z1l2.udk"
[0053.18] Log: Encountered missing default brush - spawning new one
[0056.79] Log: -- Checking Building LODs
[0056.79] Log: Primary PhysX scene will be in software.
[0056.79] Log: Creating Primary PhysX Scene.
[0056.80] Log: Finished looking for orphan Actors (0.003 secs)
[0056.85] Cmd: MAP CHECKDEP DONTCLEARMESSAGES
[0110.90] Cmd: DELETE
[0110.91] Cmd: ACTOR DELETE
[0110.97] Log: Deleted 0 Actors (0.066 secs)
[0111.33] Cmd: DELETE
[0111.33] Cmd: ACTOR DELETE
[0111.40] Log: Deleted 0 Actors (0.065 secs)
[0161.10] Log: Missing cached shader map for material Airforcebase2_Elevator_ElButMetal1SAH_Mat, compiling.
[0161.55] Log: Missing cached shader map for material Airforcebase2_Elevator_ElButUp1_Mat, compiling.
[0161.63] Log: Missing cached shader map for material Airforcebase2_Masking_ChainFence02_Mat, compiling.
[0161.71] Log: Missing cached shader map for material Airforcebase2_signs_danger1ja_Mat, compiling.
[0161.79] Log: Missing cached shader map for material Airforcebase2_signs_restricted1ja_Mat, compiling.
[0161.86] Log: Missing cached shader map for material Airforcebase2_signs_schedule1ja_Mat, compiling.
[0161.93] Log: Missing cached shader map for material airforcebase_ceiling_ceiling2RC_Mat, compiling.
[0162.00] Log: Missing cached shader map for material airforcebase_ceiling_ceiling3RC_Mat, compiling.
[0162.08] Log: Missing cached shader map for material airforcebase_doors_door10BC_Mat, compiling.
[0162.16] Log: Missing cached shader map for material airforcebase_doors_door11BC_Mat, compiling.
[0162.24] Log: Missing cached shader map for material airforcebase_doors_door12BC_Mat, compiling.
[0162.31] Log: Missing cached shader map for material airforcebase_doors_door9BC_Mat, compiling.
[0162.38] Log: Missing cached shader map for material airforcebase_equipment_console1BC_Mat, compiling.
[0162.45] Log: Missing cached shader map for material airforcebase_equipment_controlpanel1RC_Mat, compiling.
[0162.52] Log: Missing cached shader map for material airforcebase_equipment_controlpanel2RC_Mat, compiling.
[0162.59] Log: Missing cached shader map for material airforcebase_equipment_pannelbk1RC_Mat, compiling.
[0162.66] Log: Missing cached shader map for material airforcebase_equipment_pannelbk2RC_Mat, compiling.
[0162.74] Log: Missing cached shader map for material airforcebase_lights_outsidelight3aR_Mat, compiling.
[0162.81] Log: Missing cached shader map for material airforcebase_lights_outsidelight3bR_Mat, compiling.
[0162.89] Log: Missing cached shader map for material airforcebase_Masking_palete1aRC_Mat, compiling.
[0162.96] Log: Missing cached shader map for material airforcebase_Masking_rail1BBC_Mat, compiling.
[0163.04] Log: Missing cached shader map for material airforcebase_Masking_smallfence1ABC_Mat, compiling.
[0163.10] Log: Missing cached shader map for material airforcebase_metal_grate1RC_Mat, compiling.
[0163.17] Log: Missing cached shader map for material airforcebase_metal_grate2RC_Mat, compiling.
[0163.23] Log: Missing cached shader map for material airforcebase_metal_plate1RC_Mat, compiling.
[0163.29] Log: Missing cached shader map for material airforcebase_objects_cabflam1bRC_Mat, compiling.
[0163.37] Log: Missing cached shader map for material airforcebase_objects_crate4cRC_Mat, compiling.
[0163.45] Log: Missing cached shader map for material airforcebase_objects_crate4eRC_Mat, compiling.
[0163.51] Log: Missing cached shader map for material airforcebase_objects_crate5aRC_Mat, compiling.
[0163.58] Log: Missing cached shader map for material airforcebase_objects_lockers7bRC_Mat, compiling.
[0163.65] Log: Missing cached shader map for material airforcebase_objects_mtlcabinet1aRC_Mat, compiling.
[0163.72] Log: Missing cached shader map for material airforcebase_objects_pipe1bRC_Mat, compiling.
[0163.79] Log: Missing cached shader map for material airforcebase_objects_pipecap1BC_Mat, compiling.
[0163.86] Log: Missing cached shader map for material airforcebase_objects_whiteboard1CBC_Mat, compiling.
[0163.92] Log: Missing cached shader map for material airforcebase_pavement_asphault1RC_Mat, compiling.
[0164.00] Log: Missing cached shader map for material airforcebase_pavement_parklot1dBC_Mat, compiling.
[0164.08] Log: Missing cached shader map for material airforcebase_pavement_tarmack3aRC_Mat, compiling.
[0164.15] Log: Missing cached shader map for material airforcebase_roof_metalroof1RC_Mat, compiling.
[0164.22] Log: Missing cached shader map for material airforcebase_sets_bunkerAfenceRC_Mat, compiling.
[0164.29] Log: Missing cached shader map for material airforcebase_sets_exbldBac1bRC_Mat, compiling.
[0164.37] Log: Missing cached shader map for material airforcebase_sets_intgympannelRC_Mat, compiling.
[0164.43] Log: Missing cached shader map for material airforcebase_wallconcrete_column1_Mat, compiling.
[0164.50] Log: Missing cached shader map for material airforcebase_wallconcrete_concrete1RC_Mat, compiling.
[0164.58] Log: Missing cached shader map for material airforcebase_wallconcrete_concretedecor1R_Mat, compiling.
[0164.66] Log: Missing cached shader map for material airforcebase_wallconcrete_concretewall1AB_Mat, compiling.
[0164.73] Log: Missing cached shader map for material airforcebase_wallconcrete_dirtyconcrete1A_Mat, compiling.
[0164.80] Log: Missing cached shader map for material airforcebase_wallconcrete_dirtyconcrete1B_Mat, compiling.
[0164.87] Log: Missing cached shader map for material airforcebase_wallconcrete_wallconcret3RC_Mat, compiling.
[0164.94] Log: Missing cached shader map for material airforcebase_walldressing_wallmonitor1RC_Mat, compiling.
[0165.02] Log: Missing cached shader map for material airforcebase_wallmetal_buildingwall1RC_Mat, compiling.
[0165.09] Log: Missing cached shader map for material airforcebase_wallmetal_metalwall7BC_Mat, compiling.
[0165.17] Log: Missing cached shader map for material airforcebase_wallmisc_intwall3ABC_Mat, compiling.
[0165.25] Log: Missing cached shader map for material airforcebase_wallmisc_intwall3CBC_Mat, compiling.
[0165.31] Log: Missing cached shader map for material airforcebase_wallmisc_wallinsulatn3aB_Mat, compiling.
[0165.38] Log: Missing cached shader map for material airforcebase_Windows_window6RC_Mat, compiling.
[0165.45] Log: Missing cached shader map for material brothel_blackRC_Mat, compiling.
[0165.53] Log: Missing cached shader map for material brothel_objects_slwobjbox1aRC_Mat, compiling.
[0165.60] Log: Missing cached shader map for material brothel_objects_slwobjbox1bRC_Mat, compiling.
[0165.67] Log: Missing cached shader map for material brothel_objects_slwobjbox1cRC_Mat, compiling.
[0165.74] Log: Missing cached shader map for material computer_mainframe_mnfrmladder1BC_Mat, compiling.
[0165.82] Log: Missing cached shader map for material Conveyor_tramNegX_tw_Mat, compiling.
[0165.88] Log: Missing cached shader map for material Conveyor_tramNegY_tw_Mat, compiling.
[0165.95] Log: Missing cached shader map for material Conveyor_tramPosY_tw_Mat, compiling.
[0166.02] Log: Missing cached shader map for material Dam_doors_damelvtrdoor2RC_Mat, compiling.
[0166.08] Log: Missing cached shader map for material Dam_Elevator_damelevtrim1RC_Mat, compiling.
[0166.16] Log: Missing cached shader map for material Dam_floors_damstairstep1RC_Mat, compiling.
[0166.23] Log: Missing cached shader map for material Dam_generator_damgenwall2RC_Mat, compiling.
[0166.30] Log: Missing cached shader map for material Dam_Masking_damtower2RC_Mat, compiling.
[0166.36] Log: Missing cached shader map for material Dam_rocks_damrock5RC_Mat, compiling.
[0166.43] Log: Missing cached shader map for material dcasino_doors_dcasdoors1RC_Mat, compiling.
[0166.49] Log: Missing cached shader map for material dcasino_lightefx_neonB_alt1BC_Mat, compiling.
[0166.56] Log: Missing cached shader map for material dcasino_logos_dcaslogo1RC_Mat, compiling.
[0166.62] Log: Missing cached shader map for material dcasino_signs_dcassign7aRC_Mat, compiling.
[0166.69] Log: Missing cached shader map for material dcasino_walls_dcaswallbotm6RC_Mat, compiling.
[0166.75] Log: Missing cached shader map for material dnMaskFX_kojak_rocks_1tw_Mat, compiling.
[0166.82] Log: Missing cached shader map for material EDF_1_ConcreteBits_crakfa_conk_1tw_Mat, compiling.
[0166.90] Log: Missing cached shader map for material EDF_1_metal_fer_yelplate_2tw_Mat, compiling.
[0166.97] Log: Missing cached shader map for material EDF_1_metal_fer_yelplate_5atw_Mat, compiling.
[0167.04] Log: Missing cached shader map for material EDF_1_metal_fer_yelplate_5btw_Mat, compiling.
[0167.12] Log: Missing cached shader map for material EDF_1_metal_fer_yelplate_6tw_Mat, compiling.
[0167.20] Log: Missing cached shader map for material EDF_1_trim_manhole_1tw_Mat, compiling.
[0167.27] Log: Missing cached shader map for material EDF_2_Buildings_billtface_3tw_Mat, compiling.
[0167.35] Log: Missing cached shader map for material EDF_2_cielings_gridceile_1atw_Mat, compiling.
[0167.43] Log: Missing cached shader map for material EDF_2_Sundry_riub_3tw_Mat, compiling.
[0167.49] Log: Missing cached shader map for material EDF_2_trim_girder_6atw_Mat, compiling.
[0167.55] Log: Missing cached shader map for material EDF_2_walls_basestripscem_2tw_Mat, compiling.
[0167.63] Log: Missing cached shader map for material EDF_2_walls_basewall23tw_Mat, compiling.
[0167.71] Log: Missing cached shader map for material EDF_2_walls_indeconk_1tw_Mat, compiling.
[0167.77] Log: Missing cached shader map for material grandcanyon_ground_cynground1aRC_Mat, compiling.
[0167.83] Log: Missing cached shader map for material m_dnWeapon_turret1BC_Mat, compiling.
[0167.91] Log: Missing cached shader map for material Miningtown_floors_minwoodflr5RC_Mat, compiling.
[0167.99] Log: Missing cached shader map for material Miningtown_roofs_minshingle4RC_Mat, compiling.
[0168.06] Log: Missing cached shader map for material Penthouse_bedroom_pentbednuke1bRC_Mat, compiling.
[0168.13] Log: Missing cached shader map for material Penthouse_ceiling_pentceiling4ARC_Mat, compiling.
[0168.19] Log: Missing cached shader map for material Penthouse_exterior_pentextbuild13R_Mat, compiling.
[0168.27] Log: Missing cached shader map for material Penthouse_exterior_pentextbuild14a_Mat, compiling.
[0168.35] Log: Missing cached shader map for material Penthouse_exterior_pentextbuild14b_Mat, compiling.
[0168.42] Log: Missing cached shader map for material Penthouse_exterior_pentextbuild20R_Mat, compiling.
[0168.49] Log: Missing cached shader map for material Penthouse_exterior_pentextbuild22R_Mat, compiling.
[0168.57] Log: Missing cached shader map for material Penthouse_exterior_pentextbuild9RC_Mat, compiling.
[0168.64] Log: Missing cached shader map for material Penthouse_exterior_pentroof1RC_Mat, compiling.
[0168.70] Log: Missing cached shader map for material Penthouse_floors_floor_marble3sa_Mat, compiling.
[0168.77] Log: Missing cached shader map for material Penthouse_floors_flrMarble1ABC_Mat, compiling.
[0168.83] Log: Missing cached shader map for material Penthouse_furniture_pentfurdres1bRC_Mat, compiling.
[0168.90] Log: Missing cached shader map for material Penthouse_library_pentlibwall2RC_Mat, compiling.
[0168.96] Log: Missing cached shader map for material Penthouse_marble_bigmarb_7tw_Mat, compiling.
[0169.03] Log: Missing cached shader map for material Penthouse_marble_pentmarstair1aR_Mat, compiling.
[0169.09] Log: Missing cached shader map for material Penthouse_Pool_pentpool1aRC_Mat, compiling.
[0169.17] Log: Missing cached shader map for material Penthouse_Pool_pentpool1fRC_Mat, compiling.
[0169.24] Log: Missing cached shader map for material Penthouse_sharkroom_pentmtlshelf1RC_Mat, compiling.
[0169.32] Log: Missing cached shader map for material Penthouse_sharkroom_pentmtlshelf2RC_Mat, compiling.
[0169.38] Log: Missing cached shader map for material Penthouse_sharkroom_pentshelf2RC_Mat, compiling.
[0169.45] Log: Missing cached shader map for material Penthouse_trim_penttrim8RC_Mat, compiling.
[0169.53] Log: Missing cached shader map for material Penthouse_trim_penttrim9aRC_Mat, compiling.
[0169.59] Log: Missing cached shader map for material Penthouse_walls_phousewall1IBC_Mat, compiling.
[0169.65] Log: Missing cached shader map for material Penthouse_walls_phousewall3ABC_Mat, compiling.
[0169.72] Log: Missing cached shader map for material Penthouse_wood_pentwood5RC_Mat, compiling.
[0169.80] Log: Missing cached shader map for material skyboxes_clouds_cloud2RC_Mat, compiling.
[0169.88] Log: Missing cached shader map for material skyboxes_clouds_cloud3aRC_Mat, compiling.
[0169.94] Log: Missing cached shader map for material skyboxes_clouds_cloud4RC_Mat, compiling.
[0170.02] Log: Missing cached shader map for material skyboxes_desert_gendes7RC_Mat, compiling.
[0170.08] Log: Missing cached shader map for material skyboxes_night_night1RC_Mat, compiling.
[0170.16] Log: Missing cached shader map for material skyboxes_night_night3RC_Mat, compiling.
[0170.23] Log: Missing cached shader map for material skyboxes_strIP_Luxorbeam2RC_Mat, compiling.
[0170.30] Log: Missing cached shader map for material skyboxes_strIP_LuxorglowRC_Mat, compiling.
[0170.38] Log: Missing cached shader map for material stratosfear_construction_steelsupport1AB_Mat, compiling.
[0170.45] Log: Missing cached shader map for material stratosfear_construction_strataircond1aR_Mat, compiling.
[0170.52] Log: Missing cached shader map for material stratosfear_construction_strataircond1bR_Mat, compiling.
[0170.60] Log: Missing cached shader map for material stratosfear_construction_strataircond1cR_Mat, compiling.
[0170.66] Log: Missing cached shader map for material stratosfear_construction_stratcpower1aRC_Mat, compiling.
[0170.74] Log: Missing cached shader map for material stratosfear_construction_stratcpower2RC_Mat, compiling.
[0170.80] Log: Missing cached shader map for material stratosfear_construction_strconstruc1RC_Mat, compiling.
[0170.87] Log: Missing cached shader map for material stratosfear_metal_strairduct1RC_Mat, compiling.
[0170.93] Log: Missing cached shader map for material stratosfear_metal_strairduct2RC_Mat, compiling.
[0171.01] Log: Missing cached shader map for material stratosfear_neon_stratneon3aRC_Mat, compiling.
[0171.07] Log: Missing cached shader map for material stratosfear_pavement_sidewalk1ABC_Mat, compiling.
[0171.14] Log: Missing cached shader map for material stratosfear_pavement_sidewalk1EBC_Mat, compiling.
[0171.21] Log: Missing cached shader map for material stratosfear_pavement_strbrickroad1RC_Mat, compiling.
[0171.27] Log: Missing cached shader map for material stratosfear_shops_strshopliq1aRC_Mat, compiling.
[0171.34] Log: Missing cached shader map for material stratosfear_shops_vegshpdisply40R_Mat, compiling.
[0171.41] Log: Missing cached shader map for material stratosfear_walls_strwall4RC_Mat, compiling.
[0171.47] Log: Missing cached shader map for material stratosfear_walls_strwall5RC_Mat, compiling.
[0171.54] Log: Missing cached shader map for material stratosfear_walls_stuccowall2BBC_Mat, compiling.
[0171.61] Log: Missing cached shader map for material Streets_City_Street_gen3lane1RC_Mat, compiling.
[0171.68] Log: Missing cached shader map for material Streets_HighWay_Sign_Clearance2_Mat, compiling.
[0171.76] Log: Missing cached shader map for material Streets_HighWay_Sign_NoUTurn1_Mat, compiling.
[0171.84] Log: Missing cached shader map for material t_generic_Desk_DwrBottm1sah_Mat, compiling.
[0171.90] Log: Missing cached shader map for material t_generic_Desk_DwrFront1sah_Mat, compiling.
[0171.98] Log: Missing cached shader map for material t_generic_Desk_DwrISide1sah_Mat, compiling.
[0172.05] Log: Missing cached shader map for material t_generic_Desk_DwrOSide1sah_Mat, compiling.
[0172.11] Log: Missing cached shader map for material t_generic_EditorGFX_BlackGFX_Mat, compiling.
[0172.18] Log: Missing cached shader map for material t_generic_EditorGFX_CollisionHull_Mat, compiling.
[0172.24] Log: Missing cached shader map for material t_generic_EditorGFX_FakeBackgroundGFX_Mat, compiling.
[0172.31] Log: Missing cached shader map for material t_generic_EditorGFX_ZonePortalGFX_Mat, compiling.
[0172.38] Log: Missing cached shader map for material t_generic_Glass_genglass3RC_Mat, compiling.
[0172.45] Log: Missing cached shader map for material t_generic_Glass_genglassblock13_Mat, compiling.
[0172.52] Log: Missing cached shader map for material t_generic_Glass_glassTVRC_Mat, compiling.
[0172.59] Log: Missing cached shader map for material t_generic_LensFlares_lensflare5RC_Mat, compiling.
[0172.67] Log: Missing cached shader map for material t_generic_marks_genmark3RC_Mat, compiling.
[0172.74] Log: Missing cached shader map for material t_generic_Water_genwater2RC_Mat, compiling.
[0172.81] Log: Missing cached shader map for material vegas_casino1_casinodoor1BC_Mat, compiling.
[0172.88] Log: Missing cached shader map for material vegas_casino1_casinowall1CBC_Mat, compiling.
[0172.95] Log: Missing cached shader map for material vegas_casino1_cieling1BBC_Mat, compiling.
[0173.03] Log: Missing cached shader map for material vegas_casino1_cieling1FBC_Mat, compiling.
[0173.09] Log: Missing cached shader map for material vegas_casino1_dukesym3BC_Mat, compiling.
[0173.16] Log: Missing cached shader map for material vegas_casino1_genericgold1BC_Mat, compiling.
[0173.22] Log: Missing cached shader map for material vegas_casino3_ceasrcrosswRC_Mat, compiling.
[0173.29] Log: Missing cached shader map for material vegas_casino3_ceasrwall2RC_Mat, compiling.
[0173.35] Log: Missing cached shader map for material vegas_casino3_ceasrwall3RC_Mat, compiling.
[0173.41] Log: Missing cached shader map for material vegas_casino3_cesrail1RC_Mat, compiling.
[0173.47] Log: Missing cached shader map for material vegas_casino3_ceswall1vtw_Mat, compiling.
[0173.56] Log: Missing cached shader map for material vegas_casino3_pillar1ABC_Mat, compiling.
[0173.62] Log: Missing cached shader map for material vegas_casino_misc_awning2RC_Mat, compiling.
[0173.68] Log: Missing cached shader map for material vegas_casinos_ext_Belagio1aRC_Mat, compiling.
[0173.76] Log: Missing cached shader map for material vegas_casinos_ext_Belagio1eRC_Mat, compiling.
[0173.83] Log: Missing cached shader map for material vegas_casinos_ext_BuildingAsiaAB_Mat, compiling.
[0173.89] Log: Missing cached shader map for material vegas_casinos_ext_BuildingBallysAB_Mat, compiling.
[0173.96] Log: Missing cached shader map for material vegas_casinos_ext_BuildingFlamingoAB_Mat, compiling.
[0174.03] Log: Missing cached shader map for material vegas_casinos_ext_casino10aRC_Mat, compiling.
[0174.10] Log: Missing cached shader map for material vegas_casinos_ext_casino10bRC_Mat, compiling.
[0174.16] Log: Missing cached shader map for material vegas_casinos_ext_casino10cRC_Mat, compiling.
[0174.24] Log: Missing cached shader map for material vegas_casinos_ext_casino10dRC_Mat, compiling.
[0174.32] Log: Missing cached shader map for material vegas_casinos_ext_casino13RC_Mat, compiling.
[0174.38] Log: Missing cached shader map for material vegas_casinos_ext_casino2RC_Mat, compiling.
[0174.45] Log: Missing cached shader map for material vegas_casinos_ext_casino3aRC_Mat, compiling.
[0174.51] Log: Missing cached shader map for material vegas_casinos_ext_casino3hRC_Mat, compiling.
[0174.58] Log: Missing cached shader map for material vegas_casinos_ext_casino6RC_Mat, compiling.
[0174.65] Log: Missing cached shader map for material vegas_casinos_ext_casino8RC_Mat, compiling.
[0174.71] Log: Missing cached shader map for material vegas_casinos_ext_casino9bRC_Mat, compiling.
[0174.78] Log: Missing cached shader map for material vegas_casinos_ext_casino9cRC_Mat, compiling.
[0174.86] Log: Missing cached shader map for material vegas_casinos_ext_flower1RC_Mat, compiling.
[0174.94] Log: Missing cached shader map for material vegas_casinos_ext_monte1aRC_Mat, compiling.
[0175.00] Log: Missing cached shader map for material vegas_casinos_ext_vegbuilding16RC_Mat, compiling.
[0175.06] Log: Missing cached shader map for material vegas_casinos_ext_vegceasr1bRC_Mat, compiling.
[0175.12] Log: Missing cached shader map for material vegas_casinos_ext_vegeiffle1bRC_Mat, compiling.
[0175.20] Log: Missing cached shader map for material vegas_casinos_ext_vegmgm1RC_Mat, compiling.
[0175.26] Log: Missing cached shader map for material vegas_casinos_ext_vegmirage2RC_Mat, compiling.
[0175.33] Log: Missing cached shader map for material vegas_casinos_ext_vegosheas1aRC_Mat, compiling.
[0175.39] Log: Missing cached shader map for material vegas_casinos_ext_vegtres3RC_Mat, compiling.
[0175.46] Log: Missing cached shader map for material vegas_casinos_ext_vegwallnight1RC_Mat, compiling.
[0175.53] Log: Missing cached shader map for material vegas_casinos_ext_whitechap1RC_Mat, compiling.
[0175.59] Log: Missing cached shader map for material vegas_casinosprites_vegcasspr2RC_Mat, compiling.
[0175.65] Log: Missing cached shader map for material vegas_casinosprites_vegcasspr9RC_Mat, compiling.
[0175.72] Log: Missing cached shader map for material vegas_casinosprites_veglux1RC_Mat, compiling.
[0175.79] Log: Missing cached shader map for material vegas_casinosprites_vegnewyork1aRC_Mat, compiling.
[0175.87] Log: Missing cached shader map for material vegas_floors_peoplemover1bRC_Mat, compiling.
[0175.93] Log: Missing cached shader map for material vegas_floors_sidewalk1RC_Mat, compiling.
[0176.00] Log: Missing cached shader map for material vegas_floors_vegfloor17RC_Mat, compiling.
[0176.07] Log: Missing cached shader map for material vegas_floors_vegfloor32RC_Mat, compiling.
[0176.14] Log: Missing cached shader map for material vegas_floors_vegfloor4aRC_Mat, compiling.
[0176.21] Log: Missing cached shader map for material vegas_floors_vegfloor5RC_Mat, compiling.
[0176.28] Log: Missing cached shader map for material vegas_floors_vegfloor6RC_Mat, compiling.
[0176.35] Log: Missing cached shader map for material vegas_floors_vegfloor8RC_Mat, compiling.
[0176.42] Log: Missing cached shader map for material vegas_furniture_vegblackj1aRC_Mat, compiling.
[0176.48] Log: Missing cached shader map for material vegas_Masking_rail1RC_Mat, compiling.
[0176.55] Log: Missing cached shader map for material vegas_neonsigns_caesarsRC_Mat, compiling.
[0176.62] Log: Missing cached shader map for material vegas_neonsigns_light1bRC_Mat, compiling.
[0176.69] Log: Missing cached shader map for material vegas_neonsigns_matador_1tw_Mat, compiling.
[0176.77] Log: Missing cached shader map for material vegas_neonsigns_matador_2tw_Mat, compiling.
[0176.84] Log: Missing cached shader map for material vegas_neonsigns_newnasc2_tw_Mat, compiling.
[0176.90] Log: Missing cached shader map for material vegas_neonsigns_newnasc2x_tw_Mat, compiling.
[0176.97] Log: Missing cached shader map for material vegas_neonsigns_newnasc_tw_Mat, compiling.
[0177.04] Log: Missing cached shader map for material vegas_neonsigns_plantation1mtw_Mat, compiling.
[0177.11] Log: Missing cached shader map for material vegas_neonsigns_plantation1tw_Mat, compiling.
[0177.17] Log: Missing cached shader map for material vegas_neonsigns_sign11bRC_Mat, compiling.
[0177.24] Log: Missing cached shader map for material vegas_neonsigns_sign15RC_Mat, compiling.
[0177.30] Log: Missing cached shader map for material vegas_neonsigns_sign1RC_Mat, compiling.
[0177.38] Log: Missing cached shader map for material vegas_neonsigns_sign23RC_Mat, compiling.
[0177.45] Log: Missing cached shader map for material vegas_neonsigns_sign31aRC_Mat, compiling.
[0177.53] Log: Missing cached shader map for material vegas_neonsigns_sign31bRC_Mat, compiling.
[0177.61] Log: Missing cached shader map for material vegas_neonsigns_sign4RC_Mat, compiling.
[0177.67] Log: Missing cached shader map for material vegas_neonsigns_sign6_2tw_Mat, compiling.
[0177.74] Log: Missing cached shader map for material vegas_neonsigns_sign6_3atw_Mat, compiling.
[0177.81] Log: Missing cached shader map for material vegas_neonsigns_sign6RC_Mat, compiling.
[0177.89] Log: Missing cached shader map for material vegas_neonsigns_sign6tw_Mat, compiling.
[0177.96] Log: Missing cached shader map for material vegas_neonsigns_sign8bRC_Mat, compiling.
[0178.03] Log: Missing cached shader map for material vegas_neonsigns_sinstadt1tw_Mat, compiling.
[0178.10] Log: Missing cached shader map for material vegas_neonsigns_stars_2tw_Mat, compiling.
[0178.17] Log: Missing cached shader map for material vegas_objects_vegdrainpipe1dR_Mat, compiling.
[0178.23] Log: Missing cached shader map for material vegas_objects_vegdrainpipe1eR_Mat, compiling.
[0178.31] Log: Missing cached shader map for material vegas_pillar1BBC_Mat, compiling.
[0178.37] Log: Missing cached shader map for material vegas_Plantation_plan_w2tw_Mat, compiling.
[0178.43] Log: Missing cached shader map for material vegas_Plantation_wwallbr_1tw_Mat, compiling.
[0178.50] Log: Missing cached shader map for material vegas_plants_bush1bRC_Mat, compiling.
[0178.58] Log: Missing cached shader map for material vegas_plants_bush2aRC_Mat, compiling.
[0178.65] Log: Missing cached shader map for material vegas_signs_veganisigntmsdR_Mat, compiling.
[0178.73] Log: Missing cached shader map for material vegas_tram_esc_flat1sah_Mat, compiling.
[0178.79] Log: Missing cached shader map for material vegas_tram_esc_rail1sah_Mat, compiling.
[0178.86] Log: Missing cached shader map for material vegas_tram_signs_lk_neon1sah_Mat, compiling.
[0178.92] Log: Missing cached shader map for material vegas_tram_tramwall01sah_Mat, compiling.
[0178.99] Log: Missing cached shader map for material vegas_tram_vegtramvent1RC_Mat, compiling.
[0179.06] Log: Missing cached shader map for material vegas_walls_ledge1RC_Mat, compiling.
[0179.12] Log: Missing cached shader map for material vehicles_tourbus_busback1RC_Mat, compiling.
[0179.19] Log: Missing cached shader map for material vehicles_tourbus_busfront1RC_Mat, compiling.
[0179.27] Log: Missing cached shader map for material vehicles_tourbus_busside1RC_Mat, compiling.
[0179.33] Log: Missing cached shader map for material vehicles_tourbus_bustop1RC_Mat, compiling.
[0179.40] Log: Missing cached shader map for material z1l2_1_Screenshot_Mat, compiling.
[0211.08] Log: Incomplete cached shader map for material Penthouse_exterior_pentextbuild22R_Mat, compiling.
[0211.18] Warning: Material z1l2_data.Penthouse_exterior_pentextbuild22R_Mat needed to have new flag set bUsedWithStaticLighting !
[0229.61] Log: Built Phys StaticMesh Cache: 5.372 ms
[0229.61] Log: COOKEDPHYSICS: 0 TriMeshes (0.000000 KB), 2 Convex Hulls (5.746094 KB) - Total 5.746094 KB
[0231.55] Log: COOKEDPHYSICS: BSP 630.64 KB
[0232.97] Log: Save=3285.302200
[0232.97] Log: Moving 'D:\projects\Duke2003\UDKGame\Content\Maps\DukeForever\z1l2_save.tmp' to 'D:\projects\Duke2003\UDKGame\Content\Maps\DukeForever\z1l2.udk'
[0252.65] Log: Saving Map: z1l2
[0252.67] Log: OBJ SavePackage: Generating thumbnails for [338] asset(s) in package [z1l2_data] ([514] browsable assets)...
[0252.70] Log: OBJ SavePackage:     Rendered thumbnail for [Material z1l2_data.stratosfear_shops_strshopliq1aRC_Mat]
[0252.75] Log: OBJ SavePackage:     Rendered thumbnail for [Material z1l2_data.stratosfear_shops_vegshpdisply40R_Mat]
[0252.78] Log: OBJ SavePackage:     Rendered thumbnail for [Material z1l2_data.stratosfear_walls_strwall4RC_Mat]
[0252.80] Log: OBJ SavePackage:     Rendered thumbnail for [Material z1l2_data.stratosfear_walls_strwall5RC_Mat]
[0252.83] Log: OBJ SavePackage:     Rendered thumbnail for [Material z1l2_data.stratosfear_walls_stuccowall2BBC_Mat]
[0252.85] Log: OBJ SavePackage:     Rendered thumbnail for [Material z1l2_data.Streets_City_Street_gen3lane1RC_Mat]
[0252.87] Log: OBJ SavePackage:     Rendered thumbnail for [Material z1l2_data.Streets_HighWay_Sign_Clearance2_Mat]
[0252.90] Log: OBJ SavePackage:     Rendered thumbnail for [Material z1l2_data.Streets_HighWay_Sign_NoUTurn1_Mat]
[0252.92] Log: OBJ SavePackage:     Rendered thumbnail for [Material z1l2_data.t_generic_Desk_DwrBottm1sah_Mat]
[0252.94] Log: OBJ SavePackage:     Rendered thumbnail for [Material z1l2_data.t_generic_Desk_DwrFront1sah_Mat]
[0252.96] Log: OBJ SavePackage:     Rendered thumbnail for [Material z1l2_data.t_generic_Desk_DwrISide1sah_Mat]
[0252.99] Log: OBJ SavePackage:     Rendered thumbnail for [Material z1l2_data.t_generic_Desk_DwrOSide1sah_Mat]
[0253.01] Log: OBJ SavePackage:     Rendered thumbnail for [Material z1l2_data.t_generic_EditorGFX_BlackGFX_Mat]
[0253.01] Log: OBJ SavePackage:     Rendered thumbnail for [Material z1l2_data.t_generic_EditorGFX_CollisionHull_Mat]
[0253.03] Log: OBJ SavePackage:     Rendered thumbnail for [Material z1l2_data.t_generic_EditorGFX_FakeBackgroundGFX_Mat]
[0253.06] Log: OBJ SavePackage:     Rendered thumbnail for [Material z1l2_data.t_generic_EditorGFX_ZonePortalGFX_Mat]
[0253.08] Log: OBJ SavePackage:     Rendered thumbnail for [Material z1l2_data.t_generic_Glass_genglass3RC_Mat]
[0253.10] Log: OBJ SavePackage:     Rendered thumbnail for [Material z1l2_data.t_generic_Glass_genglassblock13_Mat]
[0253.12] Log: OBJ SavePackage:     Rendered thumbnail for [Material z1l2_data.t_generic_Glass_glassTVRC_Mat]
[0253.15] Log: OBJ SavePackage:     Rendered thumbnail for [Material z1l2_data.t_generic_LensFlares_lensflare5RC_Mat]
[0253.15] Log: OBJ SavePackage:     Rendered thumbnail for [Material z1l2_data.t_generic_marks_genmark3RC_Mat]
[0253.17] Log: OBJ SavePackage:     Rendered thumbnail for [Material z1l2_data.t_generic_Water_genwater2RC_Mat]
[0253.19] Log: OBJ SavePackage:     Rendered thumbnail for [Material z1l2_data.vegas_casino1_casinodoor1BC_Mat]
[0253.22] Log: OBJ SavePackage:     Rendered thumbnail for [Material z1l2_data.vegas_casino1_casinowall1CBC_Mat]
[0253.24] Log: OBJ SavePackage:     Rendered thumbnail for [Material z1l2_data.vegas_casino1_cieling1BBC_Mat]
[0253.24] Log: OBJ SavePackage:     Rendered thumbnail for [Material z1l2_data.vegas_casino1_cieling1FBC_Mat]
[0253.27] Log: OBJ SavePackage:     Rendered thumbnail for [Material z1l2_data.vegas_casino1_dukesym3BC_Mat]
[0253.29] Log: OBJ SavePackage:     Rendered thumbnail for [Material z1l2_data.vegas_casino1_genericgold1BC_Mat]
[0253.29] Log: OBJ SavePackage:     Rendered thumbnail for [Material z1l2_data.vegas_casino3_ceasrcrosswRC_Mat]
[0253.31] Log: OBJ SavePackage:     Rendered thumbnail for [Material z1l2_data.vegas_casino3_ceasrwall2RC_Mat]
[0253.34] Log: OBJ SavePackage:     Rendered thumbnail for [Material z1l2_data.vegas_casino3_ceasrwall3RC_Mat]
[0253.36] Log: OBJ SavePackage:     Rendered thumbnail for [Material z1l2_data.vegas_casino3_cesrail1RC_Mat]
[0253.38] Log: OBJ SavePackage:     Rendered thumbnail for [Material z1l2_data.vegas_casino3_ceswall1vtw_Mat]
[0253.41] Log: OBJ SavePackage:     Rendered thumbnail for [Material z1l2_data.vegas_casino3_pillar1ABC_Mat]
[0253.43] Log: OBJ SavePackage:     Rendered thumbnail for [Material z1l2_data.vegas_casino_misc_awning2RC_Mat]
[0253.45] Log: OBJ SavePackage:     Rendered thumbnail for [Material z1l2_data.vegas_casinos_ext_Belagio1aRC_Mat]
[0253.47] Log: OBJ SavePackage:     Rendered thumbnail for [Material z1l2_data.vegas_casinos_ext_Belagio1eRC_Mat]
[0253.49] Log: OBJ SavePackage:     Rendered thumbnail for [Material z1l2_data.vegas_casinos_ext_BuildingAsiaAB_Mat]
[0253.51] Log: OBJ SavePackage:     Rendered thumbnail for [Material z1l2_data.vegas_casinos_ext_BuildingBallysAB_Mat]
[0253.53] Log: OBJ SavePackage:     Rendered thumbnail for [Material z1l2_data.vegas_casinos_ext_BuildingFlamingoAB_Mat]
[0253.56] Log: OBJ SavePackage:     Rendered thumbnail for [Material z1l2_data.vegas_casinos_ext_casino10aRC_Mat]
[0253.58] Log: OBJ SavePackage:     Rendered thumbnail for [Material z1l2_data.vegas_casinos_ext_casino10bRC_Mat]
[0253.58] Log: OBJ SavePackage:     Rendered thumbnail for [Material z1l2_data.vegas_casinos_ext_casino10cRC_Mat]
[0253.60] Log: OBJ SavePackage:     Rendered thumbnail for [Material z1l2_data.vegas_casinos_ext_casino10dRC_Mat]
[0253.60] Log: OBJ SavePackage:     Rendered thumbnail for [Material z1l2_data.vegas_casinos_ext_casino13RC_Mat]
[0253.61] Log: OBJ SavePackage:     Rendered thumbnail for [Material z1l2_data.vegas_casinos_ext_casino2RC_Mat]
[0253.63] Log: OBJ SavePackage:     Rendered thumbnail for [Material z1l2_data.vegas_casinos_ext_casino3aRC_Mat]
[0253.65] Log: OBJ SavePackage:     Rendered thumbnail for [Material z1l2_data.vegas_casinos_ext_casino3hRC_Mat]
[0253.65] Log: OBJ SavePackage:     Rendered thumbnail for [Material z1l2_data.vegas_casinos_ext_casino6RC_Mat]
[0253.68] Log: OBJ SavePackage:     Rendered thumbnail for [Material z1l2_data.vegas_casinos_ext_casino8RC_Mat]
[0253.68] Log: OBJ SavePackage:     Rendered thumbnail for [Material z1l2_data.vegas_casinos_ext_casino9bRC_Mat]
[0253.70] Log: OBJ SavePackage:     Rendered thumbnail for [Material z1l2_data.vegas_casinos_ext_casino9cRC_Mat]
[0253.72] Log: OBJ SavePackage:     Rendered thumbnail for [Material z1l2_data.vegas_casinos_ext_flower1RC_Mat]
[0253.75] Log: OBJ SavePackage:     Rendered thumbnail for [Material z1l2_data.vegas_casinos_ext_monte1aRC_Mat]
[0253.77] Log: OBJ SavePackage:     Rendered thumbnail for [Material z1l2_data.vegas_casinos_ext_vegbuilding16RC_Mat]
[0253.79] Log: OBJ SavePackage:     Rendered thumbnail for [Material z1l2_data.vegas_casinos_ext_vegceasr1bRC_Mat]
[0253.81] Log: OBJ SavePackage:     Rendered thumbnail for [Material z1l2_data.vegas_casinos_ext_vegeiffle1bRC_Mat]
[0253.84] Log: OBJ SavePackage:     Rendered thumbnail for [Material z1l2_data.vegas_casinos_ext_vegmgm1RC_Mat]
[0253.86] Log: OBJ SavePackage:     Rendered thumbnail for [Material z1l2_data.vegas_casinos_ext_vegmirage2RC_Mat]
[0253.88] Log: OBJ SavePackage:     Rendered thumbnail for [Material z1l2_data.vegas_casinos_ext_vegosheas1aRC_Mat]
[0253.91] Log: OBJ SavePackage:     Rendered thumbnail for [Material z1l2_data.vegas_casinos_ext_vegtres3RC_Mat]
[0253.93] Log: OBJ SavePackage:     Rendered thumbnail for [Material z1l2_data.vegas_casinos_ext_vegwallnight1RC_Mat]
[0253.95] Log: OBJ SavePackage:     Rendered thumbnail for [Material z1l2_data.vegas_casinos_ext_whitechap1RC_Mat]
[0253.97] Log: OBJ SavePackage:     Rendered thumbnail for [Material z1l2_data.vegas_casinosprites_vegcasspr2RC_Mat]
[0253.98] Log: OBJ SavePackage:     Rendered thumbnail for [Material z1l2_data.vegas_casinosprites_vegcasspr9RC_Mat]
[0254.00] Log: OBJ SavePackage:     Rendered thumbnail for [Material z1l2_data.vegas_casinosprites_veglux1RC_Mat]
[0254.02] Log: OBJ SavePackage:     Rendered thumbnail for [Material z1l2_data.vegas_casinosprites_vegnewyork1aRC_Mat]
[0254.05] Log: OBJ SavePackage:     Rendered thumbnail for [Material z1l2_data.vegas_floors_peoplemover1bRC_Mat]
[0254.07] Log: OBJ SavePackage:     Rendered thumbnail for [Material z1l2_data.vegas_floors_sidewalk1RC_Mat]
[0254.09] Log: OBJ SavePackage:     Rendered thumbnail for [Material z1l2_data.vegas_floors_vegfloor17RC_Mat]
[0254.11] Log: OBJ SavePackage:     Rendered thumbnail for [Material z1l2_data.vegas_floors_vegfloor32RC_Mat]
[0254.14] Log: OBJ SavePackage:     Rendered thumbnail for [Material z1l2_data.vegas_floors_vegfloor4aRC_Mat]
[0254.16] Log: OBJ SavePackage:     Rendered thumbnail for [Material z1l2_data.vegas_floors_vegfloor5RC_Mat]
[0254.18] Log: OBJ SavePackage:     Rendered thumbnail for [Material z1l2_data.vegas_floors_vegfloor6RC_Mat]
[0254.21] Log: OBJ SavePackage:     Rendered thumbnail for [Material z1l2_data.vegas_floors_vegfloor8RC_Mat]
[0254.22] Log: OBJ SavePackage:     Rendered thumbnail for [Material z1l2_data.vegas_furniture_vegblackj1aRC_Mat]
[0254.24] Log: OBJ SavePackage:     Rendered thumbnail for [Material z1l2_data.vegas_Masking_rail1RC_Mat]
[0254.26] Log: OBJ SavePackage:     Rendered thumbnail for [Material z1l2_data.vegas_neonsigns_caesarsRC_Mat]
[0254.29] Log: OBJ SavePackage:     Rendered thumbnail for [Material z1l2_data.vegas_neonsigns_light1bRC_Mat]
[0254.31] Log: OBJ SavePackage:     Rendered thumbnail for [Material z1l2_data.vegas_neonsigns_matador_1tw_Mat]
[0254.33] Log: OBJ SavePackage:     Rendered thumbnail for [Material z1l2_data.vegas_neonsigns_matador_2tw_Mat]
[0254.36] Log: OBJ SavePackage:     Rendered thumbnail for [Material z1l2_data.vegas_neonsigns_newnasc2_tw_Mat]
[0254.38] Log: OBJ SavePackage:     Rendered thumbnail for [Material z1l2_data.vegas_neonsigns_newnasc2x_tw_Mat]
[0254.40] Log: OBJ SavePackage:     Rendered thumbnail for [Material z1l2_data.vegas_neonsigns_newnasc_tw_Mat]
[0254.43] Log: OBJ SavePackage:     Rendered thumbnail for [Material z1l2_data.vegas_neonsigns_plantation1mtw_Mat]
[0254.45] Log: OBJ SavePackage:     Rendered thumbnail for [Material z1l2_data.vegas_neonsigns_plantation1tw_Mat]
[0254.47] Log: OBJ SavePackage:     Rendered thumbnail for [Material z1l2_data.vegas_neonsigns_sign11bRC_Mat]
[0254.50] Log: OBJ SavePackage:     Rendered thumbnail for [Material z1l2_data.vegas_neonsigns_sign15RC_Mat]
[0254.52] Log: OBJ SavePackage:     Rendered thumbnail for [Material z1l2_data.vegas_neonsigns_sign1RC_Mat]
[0254.54] Log: OBJ SavePackage:     Rendered thumbnail for [Material z1l2_data.vegas_neonsigns_sign23RC_Mat]
[0254.57] Log: OBJ SavePackage:     Rendered thumbnail for [Material z1l2_data.vegas_neonsigns_sign31aRC_Mat]
[0254.59] Log: OBJ SavePackage:     Rendered thumbnail for [Material z1l2_data.vegas_neonsigns_sign31bRC_Mat]
[0254.59] Log: OBJ SavePackage:     Rendered thumbnail for [Material z1l2_data.vegas_neonsigns_sign4RC_Mat]
[0254.62] Log: OBJ SavePackage:     Rendered thumbnail for [Material z1l2_data.vegas_neonsigns_sign6_2tw_Mat]
[0254.64] Log: OBJ SavePackage:     Rendered thumbnail for [Material z1l2_data.vegas_neonsigns_sign6_3atw_Mat]
[0254.66] Log: OBJ SavePackage:     Rendered thumbnail for [Material z1l2_data.vegas_neonsigns_sign6RC_Mat]
[0254.69] Log: OBJ SavePackage:     Rendered thumbnail for [Material z1l2_data.vegas_neonsigns_sign6tw_Mat]
[0254.71] Log: OBJ SavePackage:     Rendered thumbnail for [Material z1l2_data.vegas_neonsigns_sign8bRC_Mat]
[0254.71] Log: OBJ SavePackage:     Rendered thumbnail for [Material z1l2_data.vegas_neonsigns_sinstadt1tw_Mat]
[0254.73] Log: OBJ SavePackage:     Rendered thumbnail for [Material z1l2_data.vegas_neonsigns_stars_2tw_Mat]
[0254.76] Log: OBJ SavePackage:     Rendered thumbnail for [Material z1l2_data.vegas_objects_vegdrainpipe1dR_Mat]
[0254.78] Log: OBJ SavePackage:     Rendered thumbnail for [Material z1l2_data.vegas_objects_vegdrainpipe1eR_Mat]
[0254.80] Log: OBJ SavePackage:     Rendered thumbnail for [Material z1l2_data.vegas_pillar1BBC_Mat]
[0254.83] Log: OBJ SavePackage:     Rendered thumbnail for [Material z1l2_data.vegas_Plantation_plan_w2tw_Mat]
[0254.85] Log: OBJ SavePackage:     Rendered thumbnail for [Material z1l2_data.vegas_Plantation_wwallbr_1tw_Mat]
[0254.87] Log: OBJ SavePackage:     Rendered thumbnail for [Material z1l2_data.vegas_plants_bush1bRC_Mat]
[0254.89] Log: OBJ SavePackage:     Rendered thumbnail for [Material z1l2_data.vegas_plants_bush2aRC_Mat]
[0254.90] Log: OBJ SavePackage:     Rendered thumbnail for [Material z1l2_data.vegas_signs_veganisigntmsdR_Mat]
[0254.92] Log: OBJ SavePackage:     Rendered thumbnail for [Material z1l2_data.vegas_tram_esc_flat1sah_Mat]
[0254.92] Log: OBJ SavePackage:     Rendered thumbnail for [Material z1l2_data.vegas_tram_esc_rail1sah_Mat]
[0254.94] Log: OBJ SavePackage:     Rendered thumbnail for [Material z1l2_data.vegas_tram_signs_lk_neon1sah_Mat]
[0254.97] Log: OBJ SavePackage:     Rendered thumbnail for [Material z1l2_data.vegas_tram_tramwall01sah_Mat]
[0254.99] Log: OBJ SavePackage:     Rendered thumbnail for [Material z1l2_data.vegas_tram_vegtramvent1RC_Mat]
[0255.01] Log: OBJ SavePackage:     Rendered thumbnail for [Material z1l2_data.vegas_walls_ledge1RC_Mat]
[0255.04] Log: OBJ SavePackage:     Rendered thumbnail for [Material z1l2_data.vehicles_tourbus_busback1RC_Mat]
[0255.04] Log: OBJ SavePackage:     Rendered thumbnail for [Material z1l2_data.vehicles_tourbus_busfront1RC_Mat]
[0255.04] Log: OBJ SavePackage:     Rendered thumbnail for [Material z1l2_data.vehicles_tourbus_busside1RC_Mat]
[0255.06] Log: OBJ SavePackage:     Rendered thumbnail for [Material z1l2_data.vehicles_tourbus_bustop1RC_Mat]
[0255.06] Log: OBJ SavePackage:     Rendered thumbnail for [Material z1l2_data.z1l2_1_Screenshot_Mat]
[0255.09] Log: OBJ SavePackage:     Rendered thumbnail for [Texture2D z1l2_data.Airforcebase2_Elevator_ElButMetal1SAH]
[0255.09] Log: OBJ SavePackage:     Rendered thumbnail for [Texture2D z1l2_data.Airforcebase2_Elevator_ElButUp1]
[0255.09] Log: OBJ SavePackage:     Rendered thumbnail for [Texture2D z1l2_data.Airforcebase2_Masking_ChainFence02]
[0255.09] Log: OBJ SavePackage:     Rendered thumbnail for [Texture2D z1l2_data.Airforcebase2_signs_danger1ja]
[0255.09] Log: OBJ SavePackage:     Rendered thumbnail for [Texture2D z1l2_data.Airforcebase2_signs_restricted1ja]
[0255.09] Log: OBJ SavePackage:     Rendered thumbnail for [Texture2D z1l2_data.Airforcebase2_signs_schedule1ja]
[0255.09] Log: OBJ SavePackage:     Rendered thumbnail for [Texture2D z1l2_data.airforcebase_metal_grate1RC]
[0255.09] Log: OBJ SavePackage:     Rendered thumbnail for [Texture2D z1l2_data.airforcebase_metal_grate2RC]
[0255.09] Log: OBJ SavePackage:     Rendered thumbnail for [Texture2D z1l2_data.airforcebase_objects_cabflam1bRC]
[0255.10] Log: OBJ SavePackage:     Rendered thumbnail for [Texture2D z1l2_data.airforcebase_objects_crate4cRC]
[0255.10] Log: OBJ SavePackage:     Rendered thumbnail for [Texture2D z1l2_data.airforcebase_walldressing_wallmonitor1RC]
[0255.10] Log: OBJ SavePackage:     Rendered thumbnail for [Texture2D z1l2_data.airforcebase_wallmetal_buildingwall1RC]
[0255.10] Log: OBJ SavePackage:     Rendered thumbnail for [Texture2D z1l2_data.airforcebase_wallmetal_metalwall7BC]
[0255.10] Log: OBJ SavePackage:     Rendered thumbnail for [Texture2D z1l2_data.airforcebase_wallmisc_intwall3ABC]
[0255.10] Log: OBJ SavePackage:     Rendered thumbnail for [Texture2D z1l2_data.airforcebase_wallmisc_intwall3CBC]
[0255.10] Log: OBJ SavePackage:     Rendered thumbnail for [Texture2D z1l2_data.airforcebase_wallmisc_wallinsulatn3aB]
[0255.10] Log: OBJ SavePackage:     Rendered thumbnail for [Texture2D z1l2_data.airforcebase_Windows_window6RC]
[0255.10] Log: OBJ SavePackage:     Rendered thumbnail for [Texture2D z1l2_data.brothel_blackRC]
[0255.11] Log: OBJ SavePackage:     Rendered thumbnail for [Texture2D z1l2_data.brothel_objects_slwobjbox1aRC]
[0255.11] Log: OBJ SavePackage:     Rendered thumbnail for [Texture2D z1l2_data.brothel_objects_slwobjbox1bRC]
[0255.11] Log: OBJ SavePackage:     Rendered thumbnail for [Texture2D z1l2_data.brothel_objects_slwobjbox1cRC]
[0255.11] Log: OBJ SavePackage:     Rendered thumbnail for [Texture2D z1l2_data.computer_mainframe_mnfrmladder1BC]
[0255.11] Log: OBJ SavePackage:     Rendered thumbnail for [Texture2D z1l2_data.Conveyor_tramNegX_tw]
[0255.11] Log: OBJ SavePackage:     Rendered thumbnail for [Texture2D z1l2_data.Conveyor_tramNegY_tw]
[0255.11] Log: OBJ SavePackage:     Rendered thumbnail for [Texture2D z1l2_data.Conveyor_tramPosY_tw]
[0255.11] Log: OBJ SavePackage:     Rendered thumbnail for [Texture2D z1l2_data.Dam_doors_damelvtrdoor2RC]
[0255.11] Log: OBJ SavePackage:     Rendered thumbnail for [Texture2D z1l2_data.Dam_Elevator_damelevtrim1RC]
[0255.12] Log: OBJ SavePackage:     Rendered thumbnail for [Texture2D z1l2_data.Dam_floors_damstairstep1RC]
[0255.12] Log: OBJ SavePackage:     Rendered thumbnail for [Texture2D z1l2_data.Dam_generator_damgenwall2RC]
[0255.12] Log: OBJ SavePackage:     Rendered thumbnail for [Texture2D z1l2_data.Dam_Masking_damtower2RC]
[0255.12] Log: OBJ SavePackage:     Rendered thumbnail for [Texture2D z1l2_data.Dam_rocks_damrock5RC]
[0255.12] Log: OBJ SavePackage:     Rendered thumbnail for [Texture2D z1l2_data.dcasino_doors_dcasdoors1RC]
[0255.12] Log: OBJ SavePackage:     Rendered thumbnail for [Texture2D z1l2_data.dcasino_lightefx_neonB_alt1BC]
[0255.12] Log: OBJ SavePackage:     Rendered thumbnail for [Texture2D z1l2_data.dcasino_logos_dcaslogo1RC]
[0255.13] Log: OBJ SavePackage:     Rendered thumbnail for [Texture2D z1l2_data.dcasino_signs_dcassign7aRC]
[0255.13] Log: OBJ SavePackage:     Rendered thumbnail for [Texture2D z1l2_data.dcasino_walls_dcaswallbotm6RC]
[0255.13] Log: OBJ SavePackage:     Rendered thumbnail for [Texture2D z1l2_data.dnMaskFX_kojak_rocks_1tw]
[0255.13] Log: OBJ SavePackage:     Rendered thumbnail for [Texture2D z1l2_data.EDF_1_ConcreteBits_crakfa_conk_1tw]
[0255.13] Log: OBJ SavePackage:     Rendered thumbnail for [Texture2D z1l2_data.EDF_1_metal_fer_yelplate_2tw]
[0255.13] Log: OBJ SavePackage:     Rendered thumbnail for [Texture2D z1l2_data.EDF_1_metal_fer_yelplate_5atw]
[0255.13] Log: OBJ SavePackage:     Rendered thumbnail for [Texture2D z1l2_data.EDF_1_metal_fer_yelplate_5btw]
[0255.13] Log: OBJ SavePackage:     Rendered thumbnail for [Texture2D z1l2_data.EDF_1_metal_fer_yelplate_6tw]
[0255.14] Log: OBJ SavePackage:     Rendered thumbnail for [Texture2D z1l2_data.EDF_1_trim_manhole_1tw]
[0255.14] Log: OBJ SavePackage:     Rendered thumbnail for [Texture2D z1l2_data.EDF_2_Buildings_billtface_3tw]
[0255.14] Log: OBJ SavePackage:     Rendered thumbnail for [Texture2D z1l2_data.EDF_2_cielings_gridceile_1atw]
[0255.14] Log: OBJ SavePackage:     Rendered thumbnail for [Texture2D z1l2_data.EDF_2_Sundry_riub_3tw]
[0255.14] Log: OBJ SavePackage:     Rendered thumbnail for [Texture2D z1l2_data.EDF_2_trim_girder_6atw]
[0255.14] Log: OBJ SavePackage:     Rendered thumbnail for [Texture2D z1l2_data.EDF_2_walls_basestripscem_2tw]
[0255.14] Log: OBJ SavePackage:     Rendered thumbnail for [Texture2D z1l2_data.EDF_2_walls_basewall23tw]
[0255.15] Log: OBJ SavePackage:     Rendered thumbnail for [Texture2D z1l2_data.EDF_2_walls_indeconk_1tw]
[0255.15] Log: OBJ SavePackage:     Rendered thumbnail for [Texture2D z1l2_data.grandcanyon_ground_cynground1aRC]
[0255.15] Log: OBJ SavePackage:     Rendered thumbnail for [Texture2D z1l2_data.m_dnWeapon_turret1BC]
[0255.15] Log: OBJ SavePackage:     Rendered thumbnail for [Texture2D z1l2_data.Miningtown_floors_minwoodflr5RC]
[0255.15] Log: OBJ SavePackage:     Rendered thumbnail for [Texture2D z1l2_data.Miningtown_roofs_minshingle4RC]
[0255.15] Log: OBJ SavePackage:     Rendered thumbnail for [Texture2D z1l2_data.Penthouse_bedroom_pentbednuke1bRC]
[0255.15] Log: OBJ SavePackage:     Rendered thumbnail for [Texture2D z1l2_data.Penthouse_ceiling_pentceiling4ARC]
[0255.15] Log: OBJ SavePackage:     Rendered thumbnail for [Texture2D z1l2_data.Penthouse_exterior_pentextbuild13R]
[0255.16] Log: OBJ SavePackage:     Rendered thumbnail for [Texture2D z1l2_data.Penthouse_exterior_pentextbuild14a]
[0255.16] Log: OBJ SavePackage:     Rendered thumbnail for [Texture2D z1l2_data.Penthouse_exterior_pentextbuild14b]
[0255.16] Log: OBJ SavePackage:     Rendered thumbnail for [Texture2D z1l2_data.Penthouse_exterior_pentextbuild20R]
[0255.16] Log: OBJ SavePackage:     Rendered thumbnail for [Texture2D z1l2_data.Penthouse_exterior_pentextbuild22R]
[0255.16] Log: OBJ SavePackage:     Rendered thumbnail for [Texture2D z1l2_data.Penthouse_exterior_pentextbuild9RC]
[0255.16] Log: OBJ SavePackage:     Rendered thumbnail for [Texture2D z1l2_data.Penthouse_exterior_pentroof1RC]
[0255.16] Log: OBJ SavePackage:     Rendered thumbnail for [Texture2D z1l2_data.Penthouse_floors_floor_marble3sa]
[0255.16] Log: OBJ SavePackage:     Rendered thumbnail for [Texture2D z1l2_data.Penthouse_floors_flrMarble1ABC]
[0255.17] Log: OBJ SavePackage:     Rendered thumbnail for [Texture2D z1l2_data.Penthouse_furniture_pentfurdres1bRC]
[0255.17] Log: OBJ SavePackage:     Rendered thumbnail for [Texture2D z1l2_data.Penthouse_library_pentlibwall2RC]
[0255.17] Log: OBJ SavePackage:     Rendered thumbnail for [Texture2D z1l2_data.Penthouse_marble_bigmarb_7tw]
[0255.17] Log: OBJ SavePackage:     Rendered thumbnail for [Texture2D z1l2_data.Penthouse_marble_pentmarstair1aR]
[0255.17] Log: OBJ SavePackage:     Rendered thumbnail for [Texture2D z1l2_data.Penthouse_Pool_pentpool1aRC]
[0255.17] Log: OBJ SavePackage:     Rendered thumbnail for [Texture2D z1l2_data.Penthouse_Pool_pentpool1fRC]
[0255.17] Log: OBJ SavePackage:     Rendered thumbnail for [Texture2D z1l2_data.Penthouse_sharkroom_pentmtlshelf1RC]
[0255.18] Log: OBJ SavePackage:     Rendered thumbnail for [Texture2D z1l2_data.Penthouse_sharkroom_pentmtlshelf2RC]
[0255.18] Log: OBJ SavePackage:     Rendered thumbnail for [Texture2D z1l2_data.Penthouse_sharkroom_pentshelf2RC]
[0255.18] Log: OBJ SavePackage:     Rendered thumbnail for [Texture2D z1l2_data.Penthouse_trim_penttrim8RC]
[0255.18] Log: OBJ SavePackage:     Rendered thumbnail for [Texture2D z1l2_data.Penthouse_trim_penttrim9aRC]
[0255.18] Log: OBJ SavePackage:     Rendered thumbnail for [Texture2D z1l2_data.Penthouse_walls_phousewall1IBC]
[0255.18] Log: OBJ SavePackage:     Rendered thumbnail for [Texture2D z1l2_data.Penthouse_walls_phousewall3ABC]
[0255.18] Log: OBJ SavePackage:     Rendered thumbnail for [Texture2D z1l2_data.Penthouse_wood_pentwood5RC]
[0255.18] Log: OBJ SavePackage:     Rendered thumbnail for [Texture2D z1l2_data.skyboxes_clouds_cloud2RC]
[0255.19] Log: OBJ SavePackage:     Rendered thumbnail for [Texture2D z1l2_data.skyboxes_clouds_cloud3aRC]
[0255.19] Log: OBJ SavePackage:     Rendered thumbnail for [Texture2D z1l2_data.skyboxes_clouds_cloud4RC]
[0255.19] Log: OBJ SavePackage:     Rendered thumbnail for [Texture2D z1l2_data.skyboxes_desert_gendes7RC]
[0255.19] Log: OBJ SavePackage:     Rendered thumbnail for [Texture2D z1l2_data.skyboxes_night_night1RC]
[0255.19] Log: OBJ SavePackage:     Rendered thumbnail for [Texture2D z1l2_data.skyboxes_night_night3RC]
[0255.19] Log: OBJ SavePackage:     Rendered thumbnail for [Texture2D z1l2_data.skyboxes_strIP_Luxorbeam2RC]
[0255.19] Log: OBJ SavePackage:     Rendered thumbnail for [Texture2D z1l2_data.skyboxes_strIP_LuxorglowRC]
[0255.20] Log: OBJ SavePackage:     Rendered thumbnail for [Texture2D z1l2_data.stratosfear_construction_steelsupport1AB]
[0255.20] Log: OBJ SavePackage:     Rendered thumbnail for [Texture2D z1l2_data.stratosfear_construction_strataircond1aR]
[0255.20] Log: OBJ SavePackage:     Rendered thumbnail for [Texture2D z1l2_data.stratosfear_construction_strataircond1bR]
[0255.20] Log: OBJ SavePackage:     Rendered thumbnail for [Texture2D z1l2_data.stratosfear_construction_strataircond1cR]
[0255.20] Log: OBJ SavePackage:     Rendered thumbnail for [Texture2D z1l2_data.stratosfear_construction_stratcpower1aRC]
[0255.20] Log: OBJ SavePackage:     Rendered thumbnail for [Texture2D z1l2_data.stratosfear_construction_stratcpower2RC]
[0255.20] Log: OBJ SavePackage:     Rendered thumbnail for [Texture2D z1l2_data.stratosfear_construction_strconstruc1RC]
[0255.21] Log: OBJ SavePackage:     Rendered thumbnail for [Texture2D z1l2_data.stratosfear_metal_strairduct1RC]
[0255.21] Log: OBJ SavePackage:     Rendered thumbnail for [Texture2D z1l2_data.stratosfear_metal_strairduct2RC]
[0255.21] Log: OBJ SavePackage:     Rendered thumbnail for [Texture2D z1l2_data.stratosfear_neon_stratneon3aRC]
[0255.21] Log: OBJ SavePackage:     Rendered thumbnail for [Texture2D z1l2_data.stratosfear_pavement_sidewalk1ABC]
[0255.21] Log: OBJ SavePackage:     Rendered thumbnail for [Texture2D z1l2_data.stratosfear_pavement_sidewalk1EBC]
[0255.21] Log: OBJ SavePackage:     Rendered thumbnail for [Texture2D z1l2_data.stratosfear_pavement_strbrickroad1RC]
[0255.21] Log: OBJ SavePackage:     Rendered thumbnail for [Texture2D z1l2_data.stratosfear_shops_strshopliq1aRC]
[0255.22] Log: OBJ SavePackage:     Rendered thumbnail for [Texture2D z1l2_data.stratosfear_shops_vegshpdisply40R]
[0255.22] Log: OBJ SavePackage:     Rendered thumbnail for [Texture2D z1l2_data.stratosfear_walls_strwall4RC]
[0255.22] Log: OBJ SavePackage:     Rendered thumbnail for [Texture2D z1l2_data.stratosfear_walls_strwall5RC]
[0255.22] Log: OBJ SavePackage:     Rendered thumbnail for [Texture2D z1l2_data.stratosfear_walls_stuccowall2BBC]
[0255.22] Log: OBJ SavePackage:     Rendered thumbnail for [Texture2D z1l2_data.Streets_City_Street_gen3lane1RC]
[0255.22] Log: OBJ SavePackage:     Rendered thumbnail for [Texture2D z1l2_data.Streets_HighWay_Sign_Clearance2]
[0255.22] Log: OBJ SavePackage:     Rendered thumbnail for [Texture2D z1l2_data.Streets_HighWay_Sign_NoUTurn1]
[0255.23] Log: OBJ SavePackage:     Rendered thumbnail for [Texture2D z1l2_data.t_generic_Desk_DwrBottm1sah]
[0255.23] Log: OBJ SavePackage:     Rendered thumbnail for [Texture2D z1l2_data.t_generic_Desk_DwrFront1sah]
[0255.23] Log: OBJ SavePackage:     Rendered thumbnail for [Texture2D z1l2_data.t_generic_Desk_DwrISide1sah]
[0255.23] Log: OBJ SavePackage:     Rendered thumbnail for [Texture2D z1l2_data.t_generic_Desk_DwrOSide1sah]
[0255.23] Log: OBJ SavePackage:     Rendered thumbnail for [Texture2D z1l2_data.t_generic_EditorGFX_BlackGFX]
[0255.23] Log: OBJ SavePackage:     Rendered thumbnail for [Texture2D z1l2_data.t_generic_EditorGFX_CollisionHull]
[0255.23] Log: OBJ SavePackage:     Rendered thumbnail for [Texture2D z1l2_data.t_generic_EditorGFX_FakeBackgroundGFX]
[0255.23] Log: OBJ SavePackage:     Rendered thumbnail for [Texture2D z1l2_data.t_generic_EditorGFX_ZonePortalGFX]
[0255.23] Log: OBJ SavePackage:     Rendered thumbnail for [Texture2D z1l2_data.t_generic_Glass_genglass3RC]
[0255.23] Log: OBJ SavePackage:     Rendered thumbnail for [Texture2D z1l2_data.t_generic_Glass_genglassblock13]
[0255.24] Log: OBJ SavePackage:     Rendered thumbnail for [Texture2D z1l2_data.t_generic_Glass_glassTVRC]
[0255.24] Log: OBJ SavePackage:     Rendered thumbnail for [Texture2D z1l2_data.t_generic_LensFlares_lensflare5RC]
[0255.24] Log: OBJ SavePackage:     Rendered thumbnail for [Texture2D z1l2_data.t_generic_marks_genmark3RC]
[0255.24] Log: OBJ SavePackage:     Rendered thumbnail for [Texture2D z1l2_data.t_generic_Water_genwater2RC]
[0255.24] Log: OBJ SavePackage:     Rendered thumbnail for [Texture2D z1l2_data.vegas_casino1_casinodoor1BC]
[0255.24] Log: OBJ SavePackage:     Rendered thumbnail for [Texture2D z1l2_data.vegas_casino1_casinowall1CBC]
[0255.24] Log: OBJ SavePackage:     Rendered thumbnail for [Texture2D z1l2_data.vegas_casino1_cieling1BBC]
[0255.24] Log: OBJ SavePackage:     Rendered thumbnail for [Texture2D z1l2_data.vegas_casino1_cieling1FBC]
[0255.25] Log: OBJ SavePackage:     Rendered thumbnail for [Texture2D z1l2_data.vegas_casino1_dukesym3BC]
[0255.25] Log: OBJ SavePackage:     Rendered thumbnail for [Texture2D z1l2_data.vegas_casino1_genericgold1BC]
[0255.25] Log: OBJ SavePackage:     Rendered thumbnail for [Texture2D z1l2_data.vegas_casino3_ceasrcrosswRC]
[0255.25] Log: OBJ SavePackage:     Rendered thumbnail for [Texture2D z1l2_data.vegas_casino3_ceasrwall2RC]
[0255.25] Log: OBJ SavePackage:     Rendered thumbnail for [Texture2D z1l2_data.vegas_casino3_ceasrwall3RC]
[0255.25] Log: OBJ SavePackage:     Rendered thumbnail for [Texture2D z1l2_data.vegas_casino3_cesrail1RC]
[0255.25] Log: OBJ SavePackage:     Rendered thumbnail for [Texture2D z1l2_data.vegas_casino3_ceswall1vtw]
[0255.25] Log: OBJ SavePackage:     Rendered thumbnail for [Texture2D z1l2_data.vegas_casino3_pillar1ABC]
[0255.25] Log: OBJ SavePackage:     Rendered thumbnail for [Texture2D z1l2_data.vegas_casino_misc_awning2RC]
[0255.26] Log: OBJ SavePackage:     Rendered thumbnail for [Texture2D z1l2_data.vegas_casinos_ext_Belagio1aRC]
[0255.26] Log: OBJ SavePackage:     Rendered thumbnail for [Texture2D z1l2_data.vegas_casinos_ext_Belagio1eRC]
[0255.26] Log: OBJ SavePackage:     Rendered thumbnail for [Texture2D z1l2_data.vegas_casinos_ext_BuildingAsiaAB]
[0255.26] Log: OBJ SavePackage:     Rendered thumbnail for [Texture2D z1l2_data.vegas_casinos_ext_BuildingBallysAB]
[0255.26] Log: OBJ SavePackage:     Rendered thumbnail for [Texture2D z1l2_data.vegas_casinos_ext_BuildingFlamingoAB]
[0255.26] Log: OBJ SavePackage:     Rendered thumbnail for [Texture2D z1l2_data.vegas_casinos_ext_casino10aRC]
[0255.26] Log: OBJ SavePackage:     Rendered thumbnail for [Texture2D z1l2_data.vegas_casinos_ext_casino10bRC]
[0255.26] Log: OBJ SavePackage:     Rendered thumbnail for [Texture2D z1l2_data.vegas_casinos_ext_casino10cRC]
[0255.26] Log: OBJ SavePackage:     Rendered thumbnail for [Texture2D z1l2_data.vegas_casinos_ext_casino10dRC]
[0255.27] Log: OBJ SavePackage:     Rendered thumbnail for [Texture2D z1l2_data.vegas_casinos_ext_casino13RC]
[0255.27] Log: OBJ SavePackage:     Rendered thumbnail for [Texture2D z1l2_data.vegas_casinos_ext_casino2RC]
[0255.27] Log: OBJ SavePackage:     Rendered thumbnail for [Texture2D z1l2_data.vegas_casinos_ext_casino3aRC]
[0255.27] Log: OBJ SavePackage:     Rendered thumbnail for [Texture2D z1l2_data.vegas_casinos_ext_casino3hRC]
[0255.27] Log: OBJ SavePackage:     Rendered thumbnail for [Texture2D z1l2_data.vegas_casinos_ext_casino6RC]
[0255.27] Log: OBJ SavePackage:     Rendered thumbnail for [Texture2D z1l2_data.vegas_casinos_ext_casino8RC]
[0255.27] Log: OBJ SavePackage:     Rendered thumbnail for [Texture2D z1l2_data.vegas_casinos_ext_casino9bRC]
[0255.27] Log: OBJ SavePackage:     Rendered thumbnail for [Texture2D z1l2_data.vegas_casinos_ext_casino9cRC]
[0255.27] Log: OBJ SavePackage:     Rendered thumbnail for [Texture2D z1l2_data.vegas_casinos_ext_flower1RC]
[0255.27] Log: OBJ SavePackage:     Rendered thumbnail for [Texture2D z1l2_data.vegas_casinos_ext_monte1aRC]
[0255.28] Log: OBJ SavePackage:     Rendered thumbnail for [Texture2D z1l2_data.vegas_casinos_ext_vegbuilding16RC]
[0255.28] Log: OBJ SavePackage:     Rendered thumbnail for [Texture2D z1l2_data.vegas_casinos_ext_vegceasr1bRC]
[0255.28] Log: OBJ SavePackage:     Rendered thumbnail for [Texture2D z1l2_data.vegas_casinos_ext_vegeiffle1bRC]
[0255.28] Log: OBJ SavePackage:     Rendered thumbnail for [Texture2D z1l2_data.vegas_casinos_ext_vegmgm1RC]
[0255.28] Log: OBJ SavePackage:     Rendered thumbnail for [Texture2D z1l2_data.vegas_casinos_ext_vegmirage2RC]
[0255.28] Log: OBJ SavePackage:     Rendered thumbnail for [Texture2D z1l2_data.vegas_casinos_ext_vegosheas1aRC]
[0255.28] Log: OBJ SavePackage:     Rendered thumbnail for [Texture2D z1l2_data.vegas_casinos_ext_vegtres3RC]
[0255.28] Log: OBJ SavePackage:     Rendered thumbnail for [Texture2D z1l2_data.vegas_casinos_ext_vegwallnight1RC]
[0255.28] Log: OBJ SavePackage:     Rendered thumbnail for [Texture2D z1l2_data.vegas_casinos_ext_whitechap1RC]
[0255.29] Log: OBJ SavePackage:     Rendered thumbnail for [Texture2D z1l2_data.vegas_casinosprites_vegcasspr2RC]
[0255.29] Log: OBJ SavePackage:     Rendered thumbnail for [Texture2D z1l2_data.vegas_casinosprites_vegcasspr9RC]
[0255.29] Log: OBJ SavePackage:     Rendered thumbnail for [Texture2D z1l2_data.vegas_casinosprites_veglux1RC]
[0255.29] Log: OBJ SavePackage:     Rendered thumbnail for [Texture2D z1l2_data.vegas_casinosprites_vegnewyork1aRC]
[0255.29] Log: OBJ SavePackage:     Rendered thumbnail for [Texture2D z1l2_data.vegas_floors_peoplemover1bRC]
[0255.29] Log: OBJ SavePackage:     Rendered thumbnail for [Texture2D z1l2_data.vegas_floors_sidewalk1RC]
[0255.29] Log: OBJ SavePackage:     Rendered thumbnail for [Texture2D z1l2_data.vegas_floors_vegfloor17RC]
[0255.29] Log: OBJ SavePackage:     Rendered thumbnail for [Texture2D z1l2_data.vegas_floors_vegfloor32RC]
[0255.30] Log: OBJ SavePackage:     Rendered thumbnail for [Texture2D z1l2_data.vegas_floors_vegfloor4aRC]
[0255.30] Log: OBJ SavePackage:     Rendered thumbnail for [Texture2D z1l2_data.vegas_floors_vegfloor5RC]
[0255.30] Log: OBJ SavePackage:     Rendered thumbnail for [Texture2D z1l2_data.vegas_floors_vegfloor6RC]
[0255.30] Log: OBJ SavePackage:     Rendered thumbnail for [Texture2D z1l2_data.vegas_floors_vegfloor8RC]
[0255.30] Log: OBJ SavePackage:     Rendered thumbnail for [Texture2D z1l2_data.vegas_furniture_vegblackj1aRC]
[0255.30] Log: OBJ SavePackage:     Rendered thumbnail for [Texture2D z1l2_data.vegas_Masking_rail1RC]
[0255.30] Log: OBJ SavePackage:     Rendered thumbnail for [Texture2D z1l2_data.vegas_neonsigns_caesarsRC]
[0255.30] Log: OBJ SavePackage:     Rendered thumbnail for [Texture2D z1l2_data.vegas_neonsigns_light1bRC]
[0255.31] Log: OBJ SavePackage:     Rendered thumbnail for [Texture2D z1l2_data.vegas_neonsigns_matador_1tw]
[0255.31] Log: OBJ SavePackage:     Rendered thumbnail for [Texture2D z1l2_data.vegas_neonsigns_matador_2tw]
[0255.31] Log: OBJ SavePackage:     Rendered thumbnail for [Texture2D z1l2_data.vegas_neonsigns_newnasc2_tw]
[0255.31] Log: OBJ SavePackage:     Rendered thumbnail for [Texture2D z1l2_data.vegas_neonsigns_newnasc2x_tw]
[0255.31] Log: OBJ SavePackage:     Rendered thumbnail for [Texture2D z1l2_data.vegas_neonsigns_newnasc_tw]
[0255.31] Log: OBJ SavePackage:     Rendered thumbnail for [Texture2D z1l2_data.vegas_neonsigns_plantation1mtw]
[0255.31] Log: OBJ SavePackage:     Rendered thumbnail for [Texture2D z1l2_data.vegas_neonsigns_plantation1tw]
[0255.31] Log: OBJ SavePackage:     Rendered thumbnail for [Texture2D z1l2_data.vegas_neonsigns_sign11bRC]
[0255.32] Log: OBJ SavePackage:     Rendered thumbnail for [Texture2D z1l2_data.vegas_neonsigns_sign15RC]
[0255.32] Log: OBJ SavePackage:     Rendered thumbnail for [Texture2D z1l2_data.vegas_neonsigns_sign1RC]
[0255.32] Log: OBJ SavePackage:     Rendered thumbnail for [Texture2D z1l2_data.vegas_neonsigns_sign23RC]
[0255.32] Log: OBJ SavePackage:     Rendered thumbnail for [Texture2D z1l2_data.vegas_neonsigns_sign31aRC]
[0255.32] Log: OBJ SavePackage:     Rendered thumbnail for [Texture2D z1l2_data.vegas_neonsigns_sign31bRC]
[0255.32] Log: OBJ SavePackage:     Rendered thumbnail for [Texture2D z1l2_data.vegas_neonsigns_sign4RC]
[0255.32] Log: OBJ SavePackage:     Rendered thumbnail for [Texture2D z1l2_data.vegas_neonsigns_sign6_2tw]
[0255.32] Log: OBJ SavePackage:     Rendered thumbnail for [Texture2D z1l2_data.vegas_neonsigns_sign6_3atw]
[0255.33] Log: OBJ SavePackage:     Rendered thumbnail for [Texture2D z1l2_data.vegas_neonsigns_sign6RC]
[0255.33] Log: OBJ SavePackage:     Rendered thumbnail for [Texture2D z1l2_data.vegas_neonsigns_sign6tw]
[0255.33] Log: OBJ SavePackage:     Rendered thumbnail for [Texture2D z1l2_data.vegas_neonsigns_sign8bRC]
[0255.33] Log: OBJ SavePackage:     Rendered thumbnail for [Texture2D z1l2_data.vegas_neonsigns_sinstadt1tw]
[0255.33] Log: OBJ SavePackage:     Rendered thumbnail for [Texture2D z1l2_data.vegas_neonsigns_stars_2tw]
[0255.33] Log: OBJ SavePackage:     Rendered thumbnail for [Texture2D z1l2_data.vegas_objects_vegdrainpipe1dR]
[0255.33] Log: OBJ SavePackage:     Rendered thumbnail for [Texture2D z1l2_data.vegas_objects_vegdrainpipe1eR]
[0255.33] Log: OBJ SavePackage:     Rendered thumbnail for [Texture2D z1l2_data.vegas_pillar1BBC]
[0255.34] Log: OBJ SavePackage:     Rendered thumbnail for [Texture2D z1l2_data.vegas_Plantation_plan_w2tw]
[0255.34] Log: OBJ SavePackage:     Rendered thumbnail for [Texture2D z1l2_data.vegas_Plantation_wwallbr_1tw]
[0255.34] Log: OBJ SavePackage:     Rendered thumbnail for [Texture2D z1l2_data.vegas_plants_bush1bRC]
[0255.34] Log: OBJ SavePackage:     Rendered thumbnail for [Texture2D z1l2_data.vegas_plants_bush2aRC]
[0255.34] Log: OBJ SavePackage:     Rendered thumbnail for [Texture2D z1l2_data.vegas_signs_veganisigntmsdR]
[0255.34] Log: OBJ SavePackage:     Rendered thumbnail for [Texture2D z1l2_data.vegas_tram_esc_flat1sah]
[0255.34] Log: OBJ SavePackage:     Rendered thumbnail for [Texture2D z1l2_data.vegas_tram_esc_rail1sah]
[0255.34] Log: OBJ SavePackage:     Rendered thumbnail for [Texture2D z1l2_data.vegas_tram_signs_lk_neon1sah]
[0255.34] Log: OBJ SavePackage:     Rendered thumbnail for [Texture2D z1l2_data.vegas_tram_tramwall01sah]
[0255.34] Log: OBJ SavePackage:     Rendered thumbnail for [Texture2D z1l2_data.vegas_tram_vegtramvent1RC]
[0255.35] Log: OBJ SavePackage:     Rendered thumbnail for [Texture2D z1l2_data.vegas_walls_ledge1RC]
[0255.35] Log: OBJ SavePackage:     Rendered thumbnail for [Texture2D z1l2_data.vehicles_tourbus_busback1RC]
[0255.35] Log: OBJ SavePackage:     Rendered thumbnail for [Texture2D z1l2_data.vehicles_tourbus_busfront1RC]
[0255.35] Log: OBJ SavePackage:     Rendered thumbnail for [Texture2D z1l2_data.vehicles_tourbus_busside1RC]
[0255.35] Log: OBJ SavePackage:     Rendered thumbnail for [Texture2D z1l2_data.vehicles_tourbus_bustop1RC]
[0255.35] Log: OBJ SavePackage:     Rendered thumbnail for [Texture2D z1l2_data.z1l2_1_Screenshot]
[0255.35] Log: OBJ SavePackage: Finished generating thumbnails for package [z1l2_data]
[0255.35] Cmd: OBJ SAVEPACKAGE PACKAGE="z1l2_data" FILE="..\..\UDKGame\Content\Textures\z1l2_data.upk" SILENT=TRUE
[0282.01] Log: Save=26642.631900
[0282.01] Log: Moving '..\..\UDKGame\Content\Textures\z1l2_data_save.tmp' to '..\..\UDKGame\Content\Textures\z1l2_data.upk'
[0282.02] Log: Saving Package: z1l2_data
[0797.17] Log: FactoryCreateBinary: SkeletalMesh with FbxFactory (0 0 D:\projects\Duke2003\Work\Pistol\WP_SK_Pistol.FBX)
[0797.29] Log: Loading FBX Scene from D:\projects\Duke2003\Work\Pistol\WP_SK_Pistol.FBX
[0797.64] Log: FBX Scene Loaded Succesfully
[0797.64] Log: 
[0799.47] Log:  Found texture for material 0: [Hand_Mat] skin index: 0 
[0799.47] Log:  Found texture for material 1: [M_WP_Pistol_Main] skin index: 1 
[0799.47] Log: Bones digested - 56  Depth of hierarchy - 9
[0799.51] Log: Chunk 0: 1816 rigid vertices, 132 soft vertices, 35 active bones
[0799.51] Log: Chunk 1: 2712 rigid vertices, 0 soft vertices, 6 active bones
[0799.53] Log: Section 0: Material=0, Chunk=0, 2949 triangles
[0799.55] Log: Section 1: Material=1, Chunk=1, 2097 triangles
[0799.59] Log: MGameAssetJournalClient::QueryBranchName: A branch name was not specified in the configuration file.  A globally unique name for this branch must be configured in order for the journaling system to function correctly.  This should usually be configured by the administrator of the development branch that you're working with.
[0799.59] Log: MGameAssetJournalClient::QueryBranchName: A branch name was not specified in the configuration file.  A globally unique name for this branch must be configured in order for the journaling system to function correctly.  This should usually be configured by the administrator of the development branch that you're working with.
[0800.09] Log: Incomplete cached shader map for material Hand_Mat, compiling.
[0800.15] Warning: Material wp_pistol.Materials.Hand_Mat needed to have new flag set bUsedWithSkeletalMesh !
[0800.16] Log: Incomplete cached shader map for material M_WP_Pistol_Main, compiling.
[0800.22] Warning: Material wp_pistol.Materials.M_WP_Pistol_Main needed to have new flag set bUsedWithSkeletalMesh !
[0802.82] Cmd: nxvis PHYSX_CLEAR_ALL
[0802.82] Log: Clearing all PhysX Debug Flags.
[0802.83] Cmd: apexvis APEX_CLEAR_ALL
[0802.83] DevPhysics: ApexSDK              : VISUALIZE_LOD_BENEFITS
[0802.83] DevPhysics: ApexSDK              : LOD_DISTANCE_SCALE
[0802.83] DevPhysics: Clothing             : VISUALIZE_CLOTHING_SKINNED_POSITIONS
[0802.83] DevPhysics: Clothing             : VISUALIZE_CLOTHING_SPHERE_COLLISION
[0802.83] DevPhysics: Clothing             : VISUALIZE_CLOTHING_MAX_DISTANCE_OUT
[0802.83] DevPhysics: Clothing             : VISUALIZE_CLOTHING_MAX_DISTANCE_IN
[0802.83] DevPhysics: Clothing             : VISUALIZE_CLOTHING_ALL_SKIN_MAP
[0802.83] DevPhysics: Clothing             : VISUALIZE_CLOTHING_BAD_SKIN_MAP
[0802.83] DevPhysics: Clothing             : VISUALIZE_CLOTHING_SKIN_MAP
[0802.83] DevPhysics: Clothing             : VISUALIZE_CLOTHING_RENDER_NORMALS
[0802.83] DevPhysics: Clothing             : VISUALIZE_CLOTHING_RENDER_TANGENTS
[0802.83] DevPhysics: Clothing             : VISUALIZE_CLOTHING_PHYSICS_MESH_WIRE
[0802.83] DevPhysics: Clothing             : VISUALIZE_CLOTHING_PHYSICS_MESH_SOLID
[0802.83] DevPhysics: Clothing             : VISUALIZE_CLOTHING_SKELETON
[0802.83] DevPhysics: Clothing             : VISUALIZE_CLOTHING_BONE_FRAMES
[0802.83] DevPhysics: Clothing             : VISUALIZE_CLOTHING_BONE_NAMES
[0802.83] DevPhysics: Clothing             : VISUALIZE_CLOTHING_VELOCITIES
[0802.83] DevPhysics: Clothing             : VISUALIZE_CLOTHING_GRAPHICAL_VERTEX_BONES
[0802.83] DevPhysics: Clothing             : VISUALIZE_CLOTHING_PHYSICAL_VERTEX_BONES
[0802.83] DevPhysics: Clothing             : VISUALIZE_CLOTHING_ACOLLISION_UMBRELLAS
[0802.83] DevPhysics: Destructible         : VISUALIZE_DESTRUCTIBLE_BOUNDS
[0802.83] DevPhysics: Destructible         : VISUALIZE_DESTRUCTIBLE_SUPPORT
[0802.83] DevPhysics: Destructible         : VISUALIZE_DESTRUCTIBLE_ACTOR_POSE
[0802.83] DevPhysics: Destructible         : THRESHOLD_DISTANCE_DESTRUCTIBLE_ACTOR_POSE
[0802.83] DevPhysics: Destructible         : VISUALIZE_DESTRUCTIBLE_ACTOR_NAME
[0802.84] DevPhysics: Destructible         : THRESHOLD_DISTANCE_DESTRUCTIBLE_ACTOR_NAME
[0802.84] DevPhysics: Destructible         : VISUALIZE_DESTRUCTIBLE_FRAGMENT_POSE
[0802.84] DevPhysics: Destructible         : THRESHOLD_DISTANCE_DESTRUCTIBLE_FRAGMENT_POSE
[0802.84] DevPhysics: Apex Debug (Scene 0): apexvis APEX_CLEAR_ALL FALSE
[0802.89] Log: Primary PhysX scene will be in software.
[0802.89] Log: Creating Primary PhysX Scene.
[0803.12] Log: MorphTargetSet (VH_Manta_MorphTargets) is added to the mesh (WP_SK_Pistol) that's not compatible. BaseSkelMesh has to be (SK_VH_Manta)
[0803.13] Log: MorphTargetSet (VH_Manta_MorphTargets) is added to the mesh (WP_SK_Pistol) that's not compatible. BaseSkelMesh has to be (SK_VH_Manta)
[0803.13] Log: MorphTargetSet (VH_Manta_MorphTargets) is added to the mesh (WP_SK_Pistol) that's not compatible. BaseSkelMesh has to be (SK_VH_Manta)
[0837.27] Log: FactoryCreateBinary: Texture2D with TextureFactory (0 0 D:\projects\Duke2003\Work\Pistol\hardballer_normal.TGA)
[0839.69] Log: MGameAssetJournalClient::QueryBranchName: A branch name was not specified in the configuration file.  A globally unique name for this branch must be configured in order for the journaling system to function correctly.  This should usually be configured by the administrator of the development branch that you're working with.
[0839.69] Log: MGameAssetJournalClient::QueryBranchName: A branch name was not specified in the configuration file.  A globally unique name for this branch must be configured in order for the journaling system to function correctly.  This should usually be configured by the administrator of the development branch that you're working with.
[0839.73] Log: FactoryCreateBinary: Texture2D with TextureFactory (0 0 D:\projects\Duke2003\Work\Pistol\hardballer_specular.TGA)
[0842.26] Log: MGameAssetJournalClient::QueryBranchName: A branch name was not specified in the configuration file.  A globally unique name for this branch must be configured in order for the journaling system to function correctly.  This should usually be configured by the administrator of the development branch that you're working with.
[0842.26] Log: MGameAssetJournalClient::QueryBranchName: A branch name was not specified in the configuration file.  A globally unique name for this branch must be configured in order for the journaling system to function correctly.  This should usually be configured by the administrator of the development branch that you're working with.
[0842.27] Log: FactoryCreateBinary: Texture2D with TextureFactory (0 0 D:\projects\Duke2003\Work\Pistol\Hand_diffusemap.TGA)
[0843.00] Log: MGameAssetJournalClient::QueryBranchName: A branch name was not specified in the configuration file.  A globally unique name for this branch must be configured in order for the journaling system to function correctly.  This should usually be configured by the administrator of the development branch that you're working with.
[0843.00] Log: MGameAssetJournalClient::QueryBranchName: A branch name was not specified in the configuration file.  A globally unique name for this branch must be configured in order for the journaling system to function correctly.  This should usually be configured by the administrator of the development branch that you're working with.
[0843.00] Log: FactoryCreateBinary: Texture2D with TextureFactory (0 0 D:\projects\Duke2003\Work\Pistol\Hand_normalmap.TGA)
[0843.67] Log: MGameAssetJournalClient::QueryBranchName: A branch name was not specified in the configuration file.  A globally unique name for this branch must be configured in order for the journaling system to function correctly.  This should usually be configured by the administrator of the development branch that you're working with.
[0843.67] Log: MGameAssetJournalClient::QueryBranchName: A branch name was not specified in the configuration file.  A globally unique name for this branch must be configured in order for the journaling system to function correctly.  This should usually be configured by the administrator of the development branch that you're working with.
[0843.67] Log: FactoryCreateBinary: Texture2D with TextureFactory (0 0 D:\projects\Duke2003\Work\Pistol\Hand_specmap.TGA)
[0844.23] Log: MGameAssetJournalClient::QueryBranchName: A branch name was not specified in the configuration file.  A globally unique name for this branch must be configured in order for the journaling system to function correctly.  This should usually be configured by the administrator of the development branch that you're working with.
[0844.23] Log: MGameAssetJournalClient::QueryBranchName: A branch name was not specified in the configuration file.  A globally unique name for this branch must be configured in order for the journaling system to function correctly.  This should usually be configured by the administrator of the development branch that you're working with.
[0844.23] Log: FactoryCreateBinary: Texture2D with TextureFactory (0 0 D:\projects\Duke2003\Work\Pistol\hardballer_diffuse.TGA)
[0847.13] Log: MGameAssetJournalClient::QueryBranchName: A branch name was not specified in the configuration file.  A globally unique name for this branch must be configured in order for the journaling system to function correctly.  This should usually be configured by the administrator of the development branch that you're working with.
[0847.13] Log: MGameAssetJournalClient::QueryBranchName: A branch name was not specified in the configuration file.  A globally unique name for this branch must be configured in order for the journaling system to function correctly.  This should usually be configured by the administrator of the development branch that you're working with.
[0847.15] Log: MorphTargetSet (VH_Manta_MorphTargets) is added to the mesh (WP_SK_Pistol) that's not compatible. BaseSkelMesh has to be (SK_VH_Manta)
[0847.15] Log: MorphTargetSet (VH_Manta_MorphTargets) is added to the mesh (WP_SK_Pistol) that's not compatible. BaseSkelMesh has to be (SK_VH_Manta)
[0856.38] Log: NO_EXISTING: , wp_pistol.upk, ..\..\UDKGame\Content\
[0873.54] Log: saving as D:\projects\Duke2003\UDKGame\Content\Weapons2\wp_pistol.upk
[0873.55] Log: OBJ SavePackage: Generating thumbnails for [9] asset(s) in package [wp_pistol] ([9] browsable assets)...
[0873.58] Log: OBJ SavePackage:     Rendered thumbnail for [Material wp_pistol.Materials.M_WP_Pistol_Main]
[0873.63] Log: OBJ SavePackage:     Rendered thumbnail for [Material wp_pistol.Materials.Hand_Mat]
[0873.63] Log: OBJ SavePackage:     Rendered thumbnail for [SkeletalMesh wp_pistol.WP_SK_Pistol]
[0873.64] Log: OBJ SavePackage:     Rendered thumbnail for [Texture2D wp_pistol.hardballer_normal]
[0873.64] Log: OBJ SavePackage:     Rendered thumbnail for [Texture2D wp_pistol.hardballer_specular]
[0873.64] Log: OBJ SavePackage:     Rendered thumbnail for [Texture2D wp_pistol.Hand_diffusemap]
[0873.65] Log: OBJ SavePackage:     Rendered thumbnail for [Texture2D wp_pistol.Hand_normalmap]
[0873.65] Log: OBJ SavePackage:     Rendered thumbnail for [Texture2D wp_pistol.Hand_specmap]
[0873.65] Log: OBJ SavePackage:     Rendered thumbnail for [Texture2D wp_pistol.hardballer_diffuse]
[0873.65] Log: OBJ SavePackage: Finished generating thumbnails for package [wp_pistol]
[0873.65] Cmd: OBJ SAVEPACKAGE PACKAGE="wp_pistol" FILE="D:\projects\Duke2003\UDKGame\Content\Weapons2\wp_pistol.upk"
[0902.75] Log: Save=29090.966700
[0902.75] Log: Moving 'D:\projects\Duke2003\UDKGame\Content\Weapons2\wp_pistol_save.tmp' to 'D:\projects\Duke2003\UDKGame\Content\Weapons2\wp_pistol.upk'
[0911.71] Log: Missing cached shader map for material PreviewMaterial_0, compiling.
[0922.28] Log: SetSelectedConnector: MaterialExpressionTextureSample_0(MaterialExpressionTextureSample) 0 0
[0931.30] Log: SetSelectedConnector: MaterialExpressionTextureSample_1(MaterialExpressionTextureSample) 0 0
[0937.87] Log: SetSelectedConnector: MaterialExpressionTextureSample_2(MaterialExpressionTextureSample) 0 0
[0940.04] Log: Missing cached shader map for material Hand_Mat, compiling.
[0940.45] Log: MorphTargetSet (VH_Manta_MorphTargets) is added to the mesh (WP_SK_Pistol) that's not compatible. BaseSkelMesh has to be (SK_VH_Manta)
[0940.45] Log: MorphTargetSet (VH_Manta_MorphTargets) is added to the mesh (WP_SK_Pistol) that's not compatible. BaseSkelMesh has to be (SK_VH_Manta)
[0943.50] Cmd: nxvis PHYSX_CLEAR_ALL
[0943.50] Log: Clearing all PhysX Debug Flags.
[0943.50] Cmd: apexvis APEX_CLEAR_ALL
[0943.50] DevPhysics: ApexSDK              : VISUALIZE_LOD_BENEFITS
[0943.50] DevPhysics: ApexSDK              : LOD_DISTANCE_SCALE
[0943.50] DevPhysics: Clothing             : VISUALIZE_CLOTHING_SKINNED_POSITIONS
[0943.50] DevPhysics: Clothing             : VISUALIZE_CLOTHING_SPHERE_COLLISION
[0943.50] DevPhysics: Clothing             : VISUALIZE_CLOTHING_MAX_DISTANCE_OUT
[0943.50] DevPhysics: Clothing             : VISUALIZE_CLOTHING_MAX_DISTANCE_IN
[0943.50] DevPhysics: Clothing             : VISUALIZE_CLOTHING_ALL_SKIN_MAP
[0943.50] DevPhysics: Clothing             : VISUALIZE_CLOTHING_BAD_SKIN_MAP
[0943.50] DevPhysics: Clothing             : VISUALIZE_CLOTHING_SKIN_MAP
[0943.50] DevPhysics: Clothing             : VISUALIZE_CLOTHING_RENDER_NORMALS
[0943.50] DevPhysics: Clothing             : VISUALIZE_CLOTHING_RENDER_TANGENTS
[0943.50] DevPhysics: Clothing             : VISUALIZE_CLOTHING_PHYSICS_MESH_WIRE
[0943.50] DevPhysics: Clothing             : VISUALIZE_CLOTHING_PHYSICS_MESH_SOLID
[0943.50] DevPhysics: Clothing             : VISUALIZE_CLOTHING_SKELETON
[0943.50] DevPhysics: Clothing             : VISUALIZE_CLOTHING_BONE_FRAMES
[0943.50] DevPhysics: Clothing             : VISUALIZE_CLOTHING_BONE_NAMES
[0943.50] DevPhysics: Clothing             : VISUALIZE_CLOTHING_VELOCITIES
[0943.50] DevPhysics: Clothing             : VISUALIZE_CLOTHING_GRAPHICAL_VERTEX_BONES
[0943.50] DevPhysics: Clothing             : VISUALIZE_CLOTHING_PHYSICAL_VERTEX_BONES
[0943.51] DevPhysics: Clothing             : VISUALIZE_CLOTHING_ACOLLISION_UMBRELLAS
[0943.51] DevPhysics: Destructible         : VISUALIZE_DESTRUCTIBLE_BOUNDS
[0943.51] DevPhysics: Destructible         : VISUALIZE_DESTRUCTIBLE_SUPPORT
[0943.51] DevPhysics: Destructible         : VISUALIZE_DESTRUCTIBLE_ACTOR_POSE
[0943.51] DevPhysics: Destructible         : THRESHOLD_DISTANCE_DESTRUCTIBLE_ACTOR_POSE
[0943.51] DevPhysics: Destructible         : VISUALIZE_DESTRUCTIBLE_ACTOR_NAME
[0943.51] DevPhysics: Destructible         : THRESHOLD_DISTANCE_DESTRUCTIBLE_ACTOR_NAME
[0943.51] DevPhysics: Destructible         : VISUALIZE_DESTRUCTIBLE_FRAGMENT_POSE
[0943.51] DevPhysics: Destructible         : THRESHOLD_DISTANCE_DESTRUCTIBLE_FRAGMENT_POSE
[0943.51] DevPhysics: Apex Debug (Scene 0): apexvis APEX_CLEAR_ALL FALSE
[0943.51] DevPhysics: ApexSDK              : VISUALIZE_LOD_BENEFITS
[0943.51] DevPhysics: ApexSDK              : LOD_DISTANCE_SCALE
[0943.51] DevPhysics: Clothing             : VISUALIZE_CLOTHING_SKINNED_POSITIONS
[0943.51] DevPhysics: Clothing             : VISUALIZE_CLOTHING_SPHERE_COLLISION
[0943.51] DevPhysics: Clothing             : VISUALIZE_CLOTHING_MAX_DISTANCE_OUT
[0943.51] DevPhysics: Clothing             : VISUALIZE_CLOTHING_MAX_DISTANCE_IN
[0943.51] DevPhysics: Clothing             : VISUALIZE_CLOTHING_ALL_SKIN_MAP
[0943.51] DevPhysics: Clothing             : VISUALIZE_CLOTHING_BAD_SKIN_MAP
[0943.51] DevPhysics: Clothing             : VISUALIZE_CLOTHING_SKIN_MAP
[0943.51] DevPhysics: Clothing             : VISUALIZE_CLOTHING_RENDER_NORMALS
[0943.51] DevPhysics: Clothing             : VISUALIZE_CLOTHING_RENDER_TANGENTS
[0943.51] DevPhysics: Clothing             : VISUALIZE_CLOTHING_PHYSICS_MESH_WIRE
[0943.51] DevPhysics: Clothing             : VISUALIZE_CLOTHING_PHYSICS_MESH_SOLID
[0943.51] DevPhysics: Clothing             : VISUALIZE_CLOTHING_SKELETON
[0943.51] DevPhysics: Clothing             : VISUALIZE_CLOTHING_BONE_FRAMES
[0943.51] DevPhysics: Clothing             : VISUALIZE_CLOTHING_BONE_NAMES
[0943.52] DevPhysics: Clothing             : VISUALIZE_CLOTHING_VELOCITIES
[0943.52] DevPhysics: Clothing             : VISUALIZE_CLOTHING_GRAPHICAL_VERTEX_BONES
[0943.52] DevPhysics: Clothing             : VISUALIZE_CLOTHING_PHYSICAL_VERTEX_BONES
[0943.52] DevPhysics: Clothing             : VISUALIZE_CLOTHING_ACOLLISION_UMBRELLAS
[0943.52] DevPhysics: Destructible         : VISUALIZE_DESTRUCTIBLE_BOUNDS
[0943.52] DevPhysics: Destructible         : VISUALIZE_DESTRUCTIBLE_SUPPORT
[0943.52] DevPhysics: Destructible         : VISUALIZE_DESTRUCTIBLE_ACTOR_POSE
[0943.52] DevPhysics: Destructible         : THRESHOLD_DISTANCE_DESTRUCTIBLE_ACTOR_POSE
[0943.52] DevPhysics: Destructible         : VISUALIZE_DESTRUCTIBLE_ACTOR_NAME
[0943.52] DevPhysics: Destructible         : THRESHOLD_DISTANCE_DESTRUCTIBLE_ACTOR_NAME
[0943.52] DevPhysics: Destructible         : VISUALIZE_DESTRUCTIBLE_FRAGMENT_POSE
[0943.52] DevPhysics: Destructible         : THRESHOLD_DISTANCE_DESTRUCTIBLE_FRAGMENT_POSE
[0943.52] DevPhysics: Apex Debug (Scene 1): apexvis APEX_CLEAR_ALL FALSE
[0943.57] Log: Primary PhysX scene will be in software.
[0943.57] Log: Creating Primary PhysX Scene.
[0943.85] Log: MorphTargetSet (VH_Manta_MorphTargets) is added to the mesh (WP_SK_Pistol) that's not compatible. BaseSkelMesh has to be (SK_VH_Manta)
[0943.85] Log: MorphTargetSet (VH_Manta_MorphTargets) is added to the mesh (WP_SK_Pistol) that's not compatible. BaseSkelMesh has to be (SK_VH_Manta)
[0943.85] Log: MorphTargetSet (VH_Manta_MorphTargets) is added to the mesh (WP_SK_Pistol) that's not compatible. BaseSkelMesh has to be (SK_VH_Manta)
[0991.87] Log: SetSelectedConnector: MaterialExpressionTextureSample_2(MaterialExpressionTextureSample) 1 0
[1005.14] Log: SetSelectedConnector: MaterialExpressionTextureCoordinate_0(MaterialExpressionTextureCoordinate) 0 0
[1006.29] Log: SetSelectedConnector: MaterialExpressionTextureCoordinate_0(MaterialExpressionTextureCoordinate) 0 0
[1038.42] Log: SetSelectedConnector: MaterialExpressionTextureCoordinate_0(MaterialExpressionTextureCoordinate) 0 0
[1124.84] Log: SetSelectedConnector: MaterialExpressionTextureCoordinate_0(MaterialExpressionTextureCoordinate) 0 0
[1126.60] Log: SetSelectedConnector: MaterialExpressionTextureSample_2(MaterialExpressionTextureSample) 1 0
[1128.34] Log: SetSelectedConnector: MaterialExpressionTextureSample_1(MaterialExpressionTextureSample) 1 0
[1146.30] Log: Missing cached shader map for material Hand_Mat, compiling.
[1146.66] Log: MorphTargetSet (VH_Manta_MorphTargets) is added to the mesh (WP_SK_Pistol) that's not compatible. BaseSkelMesh has to be (SK_VH_Manta)
[1146.66] Log: MorphTargetSet (VH_Manta_MorphTargets) is added to the mesh (WP_SK_Pistol) that's not compatible. BaseSkelMesh has to be (SK_VH_Manta)
[1146.66] Log: MorphTargetSet (VH_Manta_MorphTargets) is added to the mesh (WP_SK_Pistol) that's not compatible. BaseSkelMesh has to be (SK_VH_Manta)
[1146.66] Log: MorphTargetSet (VH_Manta_MorphTargets) is added to the mesh (WP_SK_Pistol) that's not compatible. BaseSkelMesh has to be (SK_VH_Manta)
[1149.40] Cmd: nxvis PHYSX_CLEAR_ALL
[1149.40] Log: Clearing all PhysX Debug Flags.
[1149.40] Cmd: apexvis APEX_CLEAR_ALL
[1149.40] DevPhysics: ApexSDK              : VISUALIZE_LOD_BENEFITS
[1149.40] DevPhysics: ApexSDK              : LOD_DISTANCE_SCALE
[1149.41] DevPhysics: Clothing             : VISUALIZE_CLOTHING_SKINNED_POSITIONS
[1149.41] DevPhysics: Clothing             : VISUALIZE_CLOTHING_SPHERE_COLLISION
[1149.41] DevPhysics: Clothing             : VISUALIZE_CLOTHING_MAX_DISTANCE_OUT
[1149.41] DevPhysics: Clothing             : VISUALIZE_CLOTHING_MAX_DISTANCE_IN
[1149.41] DevPhysics: Clothing             : VISUALIZE_CLOTHING_ALL_SKIN_MAP
[1149.41] DevPhysics: Clothing             : VISUALIZE_CLOTHING_BAD_SKIN_MAP
[1149.41] DevPhysics: Clothing             : VISUALIZE_CLOTHING_SKIN_MAP
[1149.41] DevPhysics: Clothing             : VISUALIZE_CLOTHING_RENDER_NORMALS
[1149.41] DevPhysics: Clothing             : VISUALIZE_CLOTHING_RENDER_TANGENTS
[1149.41] DevPhysics: Clothing             : VISUALIZE_CLOTHING_PHYSICS_MESH_WIRE
[1149.41] DevPhysics: Clothing             : VISUALIZE_CLOTHING_PHYSICS_MESH_SOLID
[1149.41] DevPhysics: Clothing             : VISUALIZE_CLOTHING_SKELETON
[1149.41] DevPhysics: Clothing             : VISUALIZE_CLOTHING_BONE_FRAMES
[1149.41] DevPhysics: Clothing             : VISUALIZE_CLOTHING_BONE_NAMES
[1149.41] DevPhysics: Clothing             : VISUALIZE_CLOTHING_VELOCITIES
[1149.41] DevPhysics: Clothing             : VISUALIZE_CLOTHING_GRAPHICAL_VERTEX_BONES
[1149.41] DevPhysics: Clothing             : VISUALIZE_CLOTHING_PHYSICAL_VERTEX_BONES
[1149.41] DevPhysics: Clothing             : VISUALIZE_CLOTHING_ACOLLISION_UMBRELLAS
[1149.41] DevPhysics: Destructible         : VISUALIZE_DESTRUCTIBLE_BOUNDS
[1149.41] DevPhysics: Destructible         : VISUALIZE_DESTRUCTIBLE_SUPPORT
[1149.41] DevPhysics: Destructible         : VISUALIZE_DESTRUCTIBLE_ACTOR_POSE
[1149.41] DevPhysics: Destructible         : THRESHOLD_DISTANCE_DESTRUCTIBLE_ACTOR_POSE
[1149.42] DevPhysics: Destructible         : VISUALIZE_DESTRUCTIBLE_ACTOR_NAME
[1149.42] DevPhysics: Destructible         : THRESHOLD_DISTANCE_DESTRUCTIBLE_ACTOR_NAME
[1149.42] DevPhysics: Destructible         : VISUALIZE_DESTRUCTIBLE_FRAGMENT_POSE
[1149.42] DevPhysics: Destructible         : THRESHOLD_DISTANCE_DESTRUCTIBLE_FRAGMENT_POSE
[1149.42] DevPhysics: Apex Debug (Scene 0): apexvis APEX_CLEAR_ALL FALSE
[1149.42] DevPhysics: ApexSDK              : VISUALIZE_LOD_BENEFITS
[1149.42] DevPhysics: ApexSDK              : LOD_DISTANCE_SCALE
[1149.42] DevPhysics: Clothing             : VISUALIZE_CLOTHING_SKINNED_POSITIONS
[1149.42] DevPhysics: Clothing             : VISUALIZE_CLOTHING_SPHERE_COLLISION
[1149.42] DevPhysics: Clothing             : VISUALIZE_CLOTHING_MAX_DISTANCE_OUT
[1149.42] DevPhysics: Clothing             : VISUALIZE_CLOTHING_MAX_DISTANCE_IN
[1149.42] DevPhysics: Clothing             : VISUALIZE_CLOTHING_ALL_SKIN_MAP
[1149.42] DevPhysics: Clothing             : VISUALIZE_CLOTHING_BAD_SKIN_MAP
[1149.42] DevPhysics: Clothing             : VISUALIZE_CLOTHING_SKIN_MAP
[1149.42] DevPhysics: Clothing             : VISUALIZE_CLOTHING_RENDER_NORMALS
[1149.42] DevPhysics: Clothing             : VISUALIZE_CLOTHING_RENDER_TANGENTS
[1149.42] DevPhysics: Clothing             : VISUALIZE_CLOTHING_PHYSICS_MESH_WIRE
[1149.42] DevPhysics: Clothing             : VISUALIZE_CLOTHING_PHYSICS_MESH_SOLID
[1149.42] DevPhysics: Clothing             : VISUALIZE_CLOTHING_SKELETON
[1149.42] DevPhysics: Clothing             : VISUALIZE_CLOTHING_BONE_FRAMES
[1149.42] DevPhysics: Clothing             : VISUALIZE_CLOTHING_BONE_NAMES
[1149.42] DevPhysics: Clothing             : VISUALIZE_CLOTHING_VELOCITIES
[1149.42] DevPhysics: Clothing             : VISUALIZE_CLOTHING_GRAPHICAL_VERTEX_BONES
[1149.43] DevPhysics: Clothing             : VISUALIZE_CLOTHING_PHYSICAL_VERTEX_BONES
[1149.43] DevPhysics: Clothing             : VISUALIZE_CLOTHING_ACOLLISION_UMBRELLAS
[1149.43] DevPhysics: Destructible         : VISUALIZE_DESTRUCTIBLE_BOUNDS
[1149.43] DevPhysics: Destructible         : VISUALIZE_DESTRUCTIBLE_SUPPORT
[1149.43] DevPhysics: Destructible         : VISUALIZE_DESTRUCTIBLE_ACTOR_POSE
[1149.43] DevPhysics: Destructible         : THRESHOLD_DISTANCE_DESTRUCTIBLE_ACTOR_POSE
[1149.43] DevPhysics: Destructible         : VISUALIZE_DESTRUCTIBLE_ACTOR_NAME
[1149.43] DevPhysics: Destructible         : THRESHOLD_DISTANCE_DESTRUCTIBLE_ACTOR_NAME
[1149.43] DevPhysics: Destructible         : VISUALIZE_DESTRUCTIBLE_FRAGMENT_POSE
[1149.43] DevPhysics: Destructible         : THRESHOLD_DISTANCE_DESTRUCTIBLE_FRAGMENT_POSE
[1149.43] DevPhysics: Apex Debug (Scene 1): apexvis APEX_CLEAR_ALL FALSE
[1149.43] DevPhysics: ApexSDK              : VISUALIZE_LOD_BENEFITS
[1149.43] DevPhysics: ApexSDK              : LOD_DISTANCE_SCALE
[1149.43] DevPhysics: Clothing             : VISUALIZE_CLOTHING_SKINNED_POSITIONS
[1149.43] DevPhysics: Clothing             : VISUALIZE_CLOTHING_SPHERE_COLLISION
[1149.43] DevPhysics: Clothing             : VISUALIZE_CLOTHING_MAX_DISTANCE_OUT
[1149.43] DevPhysics: Clothing             : VISUALIZE_CLOTHING_MAX_DISTANCE_IN
[1149.43] DevPhysics: Clothing             : VISUALIZE_CLOTHING_ALL_SKIN_MAP
[1149.43] DevPhysics: Clothing             : VISUALIZE_CLOTHING_BAD_SKIN_MAP
[1149.43] DevPhysics: Clothing             : VISUALIZE_CLOTHING_SKIN_MAP
[1149.43] DevPhysics: Clothing             : VISUALIZE_CLOTHING_RENDER_NORMALS
[1149.43] DevPhysics: Clothing             : VISUALIZE_CLOTHING_RENDER_TANGENTS
[1149.43] DevPhysics: Clothing             : VISUALIZE_CLOTHING_PHYSICS_MESH_WIRE
[1149.43] DevPhysics: Clothing             : VISUALIZE_CLOTHING_PHYSICS_MESH_SOLID
[1149.43] DevPhysics: Clothing             : VISUALIZE_CLOTHING_SKELETON
[1149.43] DevPhysics: Clothing             : VISUALIZE_CLOTHING_BONE_FRAMES
[1149.43] DevPhysics: Clothing             : VISUALIZE_CLOTHING_BONE_NAMES
[1149.43] DevPhysics: Clothing             : VISUALIZE_CLOTHING_VELOCITIES
[1149.44] DevPhysics: Clothing             : VISUALIZE_CLOTHING_GRAPHICAL_VERTEX_BONES
[1149.44] DevPhysics: Clothing             : VISUALIZE_CLOTHING_PHYSICAL_VERTEX_BONES
[1149.44] DevPhysics: Clothing             : VISUALIZE_CLOTHING_ACOLLISION_UMBRELLAS
[1149.44] DevPhysics: Destructible         : VISUALIZE_DESTRUCTIBLE_BOUNDS
[1149.44] DevPhysics: Destructible         : VISUALIZE_DESTRUCTIBLE_SUPPORT
[1149.44] DevPhysics: Destructible         : VISUALIZE_DESTRUCTIBLE_ACTOR_POSE
[1149.44] DevPhysics: Destructible         : THRESHOLD_DISTANCE_DESTRUCTIBLE_ACTOR_POSE
[1149.44] DevPhysics: Destructible         : VISUALIZE_DESTRUCTIBLE_ACTOR_NAME
[1149.44] DevPhysics: Destructible         : THRESHOLD_DISTANCE_DESTRUCTIBLE_ACTOR_NAME
[1149.44] DevPhysics: Destructible         : VISUALIZE_DESTRUCTIBLE_FRAGMENT_POSE
[1149.44] DevPhysics: Destructible         : THRESHOLD_DISTANCE_DESTRUCTIBLE_FRAGMENT_POSE
[1149.44] DevPhysics: Apex Debug (Scene 2): apexvis APEX_CLEAR_ALL FALSE
[1149.49] Log: Primary PhysX scene will be in software.
[1149.49] Log: Creating Primary PhysX Scene.
[1149.77] Log: MorphTargetSet (VH_Manta_MorphTargets) is added to the mesh (WP_SK_Pistol) that's not compatible. BaseSkelMesh has to be (SK_VH_Manta)
[1149.77] Log: MorphTargetSet (VH_Manta_MorphTargets) is added to the mesh (WP_SK_Pistol) that's not compatible. BaseSkelMesh has to be (SK_VH_Manta)
[1149.77] Log: MorphTargetSet (VH_Manta_MorphTargets) is added to the mesh (WP_SK_Pistol) that's not compatible. BaseSkelMesh has to be (SK_VH_Manta)
[1165.06] Log: Missing cached shader map for material Hand_Mat, compiling.
[1165.44] Log: MorphTargetSet (VH_Manta_MorphTargets) is added to the mesh (WP_SK_Pistol) that's not compatible. BaseSkelMesh has to be (SK_VH_Manta)
[1165.44] Log: MorphTargetSet (VH_Manta_MorphTargets) is added to the mesh (WP_SK_Pistol) that's not compatible. BaseSkelMesh has to be (SK_VH_Manta)
[1165.44] Log: MorphTargetSet (VH_Manta_MorphTargets) is added to the mesh (WP_SK_Pistol) that's not compatible. BaseSkelMesh has to be (SK_VH_Manta)
[1165.45] Log: MorphTargetSet (VH_Manta_MorphTargets) is added to the mesh (WP_SK_Pistol) that's not compatible. BaseSkelMesh has to be (SK_VH_Manta)
[1165.45] Log: MorphTargetSet (VH_Manta_MorphTargets) is added to the mesh (WP_SK_Pistol) that's not compatible. BaseSkelMesh has to be (SK_VH_Manta)
[1165.45] Log: MorphTargetSet (VH_Manta_MorphTargets) is added to the mesh (WP_SK_Pistol) that's not compatible. BaseSkelMesh has to be (SK_VH_Manta)
[1181.42] Log: Missing cached shader map for material Hand_Mat, compiling.
[1181.83] Log: MorphTargetSet (VH_Manta_MorphTargets) is added to the mesh (WP_SK_Pistol) that's not compatible. BaseSkelMesh has to be (SK_VH_Manta)
[1181.83] Log: MorphTargetSet (VH_Manta_MorphTargets) is added to the mesh (WP_SK_Pistol) that's not compatible. BaseSkelMesh has to be (SK_VH_Manta)
[1181.83] Log: MorphTargetSet (VH_Manta_MorphTargets) is added to the mesh (WP_SK_Pistol) that's not compatible. BaseSkelMesh has to be (SK_VH_Manta)
[1181.83] Log: MorphTargetSet (VH_Manta_MorphTargets) is added to the mesh (WP_SK_Pistol) that's not compatible. BaseSkelMesh has to be (SK_VH_Manta)
[1181.83] Log: MorphTargetSet (VH_Manta_MorphTargets) is added to the mesh (WP_SK_Pistol) that's not compatible. BaseSkelMesh has to be (SK_VH_Manta)
[1181.83] Log: MorphTargetSet (VH_Manta_MorphTargets) is added to the mesh (WP_SK_Pistol) that's not compatible. BaseSkelMesh has to be (SK_VH_Manta)
[1191.73] Log: Missing cached shader map for material Hand_Mat, compiling.
[1192.07] Log: MorphTarg