Log: Log file open, 05/22/23 11:02:53
Init: WinSock: version 1.1 (2.2), MaxSocks=32767, MaxUdp=65467
Init: Version: 8364
Init: Epic Internal: 0
Init: Compiled (64-bit): May 21 2023 21:56:09
Init: Changelist: 871961
Init: Command line: editor 
Init: Base directory: d:\projects\Duke2003\Binaries\Win64\
DevConfig: GConfig::LoadFile has loaded file:  ..\..\UDKGame\Config\UDKEditor.ini
DevConfig: GConfig::LoadFile has loaded file:  ..\..\UDKGame\Config\UDKEditorUserSettings.ini
DevConfig: GConfig::LoadFile associated file:  ..\..\UDKGame\Config\UDKCompat.ini
DevConfig: GConfig::LoadFile has loaded file:  ..\..\UDKGame\Config\UDKLightmass.ini
DevConfig: GConfig::LoadFile has loaded file:  ..\..\UDKGame\Config\UDKEngine.ini
DevConfig: GConfig::LoadFile has loaded file:  ..\..\UDKGame\Config\UDKGame.ini
DevConfig: GConfig::LoadFile has loaded file:  ..\..\UDKGame\Config\UDKInput.ini
DevConfig: GConfig::LoadFile has loaded file:  ..\..\UDKGame\Config\UDKUI.ini
[0000.56] Init: Computer: JUSTIN-MAINPC
[0000.56] Init: User: justi
[0000.56] Init: CPU Page size=4096, Processors=32
[0000.56] Init: High frequency timer resolution =10.000000 MHz
[0000.56] Init: Memory total: Physical=63.1GB Pagefile=84.1GB Virtual=131072.0GB
[0000.56] DevStats: GSecondsPerCycle 1.000000e-007
[0000.61] Init: WinSock: I am justin-mainpc (192.168.1.4:0)
[0000.61] Init: Presizing for 0 objects not considered by GC, pre-allocating 0 bytes.
[0000.61] Init: Object subsystem initialized
[0000.61] DevSave: (System) 'Default__System' loading configuration from ..\..\UDKGame\Config\UDKEngine.ini
[0000.61] DevSave:    Loading value for SeekFreePCPaths from [Core.System]
[0000.61] DevSave:    Loading value for SeekFreePCExtensions from [Core.System]
[0000.61] DevSave:    Loading value for CutdownPaths from [Core.System]
[0000.61] DevSave:    Loading value for LocalizationPaths from [Core.System]
[0000.61] DevSave:    Loading value for TextureFileCacheExtension from [Core.System]
[0000.61] DevSave:    Loading value for Extensions from [Core.System]
[0000.61] DevSave:    Loading value for Suppress from [Core.System]
[0000.61] DevSave:    Loading value for FRScriptPaths from [Core.System]
[0000.61] DevSave:    Loading value for ScriptPaths from [Core.System]
[0000.61] DevSave:    Loading value for Paths from [Core.System]
[0000.61] DevSave:    Loading value for ScreenShotPath from [Core.System]
[0000.61] DevSave:    Loading value for CacheExt from [Core.System]
[0000.61] DevSave:    Loading value for CachePath from [Core.System]
[0000.61] DevSave:    Loading value for SavePath from [Core.System]
[0000.61] DevSave:    Loading value for AsyncIOBandwidthLimit from [Core.System]
[0000.61] DevSave:    Loading value for PackageSizeSoftLimit from [Core.System]
[0000.61] DevSave:    Loading value for MaxOverallCacheSize from [Core.System]
[0000.61] DevSave:    Loading value for MaxStaleCacheSize from [Core.System]
[0000.61] DevSave:    Loading value for StaleCacheDays from [Core.System]
[0019.39] DevDataBase: Failure trying to open connection [Provider=sqloledb;Data Source=production-db;Initial Catalog=EngineTaskPerf;Trusted_Connection=Yes;Connection Timeout=2] [Invalid connection string attribute]
[0019.39] DevDataBase: Connection to "Provider=sqloledb;Data Source=production-db;Initial Catalog=EngineTaskPerf;Trusted_Connection=Yes;Connection Timeout=2" or "10.1.20.20" failed
[0019.39] DevDataBase: Failure closing connection [Operation is not allowed when the object is closed.]
[0019.46] Log: Shader platform (RHI): PC-D3D-SM3
[0023.17] Log: PhysX GPU Support: DISABLED
[0023.17] Init: Initializing FaceFX...
[0023.17] Init: FaceFX 1.7.4 initialized.
[0023.22] Init: Version: 8364
[0023.22] Init: Epic Internal: 0
[0023.22] Init: Compiled (64-bit): May 21 2023 21:56:09
[0023.22] Init: Command line:  
[0023.22] Init: Base directory: d:\projects\Duke2003\Binaries\Win64\
[0023.23] Init: Character set: Unicode
[0023.23] Log: Executing Class UnrealEd.MakeCommandlet
[0023.23] Init: UEngine initialized
[0023.29] Heading: --------------------Core - Release--------------------
[0023.29] Log: New File, Existing Package (Package Untitled_0, Package Core)
[0023.30] Log: Loading global macros for Core
[0023.33] Heading: --------------------Engine - Release--------------------
[0023.37] Log: New File, Existing Package (Package Untitled_1, Package Engine)
[0023.68] Log: Loading global macros for Engine
[0024.35] Heading: --------------------GFxUI - Release--------------------
[0024.35] Log: New File, Existing Package (Package Untitled_2, Package GFxUI)
[0024.36] Log: Loading global macros for GFxUI
[0024.37] Heading: --------------------GameFramework - Release--------------------
[0024.38] Log: New File, Existing Package (Package Untitled_3, Package GameFramework)
[0024.42] Log: Loading global macros for GameFramework
[0024.49] Heading: --------------------UnrealEd - Release--------------------
[0024.49] Log: New File, Existing Package (Package Untitled_4, Package UnrealEd)
[0024.51] Log: Loading global macros for UnrealEd
[0024.57] Heading: --------------------GFxUIEditor - Release--------------------
[0024.57] Log: New File, Existing Package (Package Untitled_5, Package GFxUIEditor)
[0024.57] Log: Loading global macros for GFxUIEditor
[0024.57] Heading: --------------------IpDrv - Release--------------------
[0024.57] Log: New File, Existing Package (Package Untitled_6, Package IpDrv)
[0024.59] Log: Loading global macros for IpDrv
[0024.62] Heading: --------------------OnlineSubsystemPC - Release--------------------
[0024.62] Log: New File, Existing Package (Package Untitled_7, Package OnlineSubsystemPC)
[0024.62] Log: Loading global macros for OnlineSubsystemPC
[0024.64] Heading: --------------------OnlineSubsystemGameSpy - Release--------------------
[0024.64] Log: New File, Existing Package (Package Untitled_8, Package OnlineSubsystemGameSpy)
[0024.65] Log: Loading global macros for OnlineSubsystemGameSpy
[0024.67] Heading: --------------------OnlineSubsystemLive - Release--------------------
[0024.67] Log: New File, Existing Package (Package Untitled_9, Package OnlineSubsystemLive)
[0024.68] Log: Loading global macros for OnlineSubsystemLive
[0024.71] Heading: --------------------OnlineSubsystemSteamworks - Release--------------------
[0024.71] Log: New File, Existing Package (Package Untitled_10, Package OnlineSubsystemSteamworks)
[0024.72] Log: Loading global macros for OnlineSubsystemSteamworks
[0024.75] Heading: --------------------UDKBase - Release--------------------
[0024.75] Log: New File, Existing Package (Package Untitled_11, Package UDKBase)
[0024.77] Log: Loading global macros for UDKBase
[0024.82] Heading: --------------------UTEditor - Release--------------------
[0024.82] Log: New File, Existing Package (Package Untitled_12, Package UTEditor)
[0024.82] Log: Loading global macros for UTEditor
[0024.82] Heading: --------------------UTGame - Release--------------------
[0024.83] Log: New File, Existing Package (Package Untitled_13, Package UTGame)
[0025.10] Log: Loading global macros for UTGame
[0025.57] Heading: --------------------UTGameContent - Release--------------------
[0025.57] Log: New File, Existing Package (Package Untitled_14, Package UTGameContent)
[0025.60] Log: Loading global macros for UTGameContent
[0025.63] Heading: --------------------dnGame - Release--------------------
[0025.63] Log: Package dnGame changed, recompiling
[0025.63] Log: Analyzing...
[0025.64] Log: Loading global macros for dnGame
[0025.66] Log: Exporting native class declarations for dnGame
[0025.66] Log: Autogenerating C++ header: 
[0025.66] Log: Autogenerating C++ header: dnGameNames.h
[0025.66] Log: Success: Compiled 179 line(s), 11 statement(s).

[0025.66] Log: Scripts successfully compiled - saving package 'd:\projects\Duke2003\Binaries\Win64\..\..\UDKGame\Script\dnGame.u'
[0025.75] Log: Save=90.395700
[0025.75] Log: Moving '..\..\UDKGame\Script\dnGame_save.tmp' to '..\..\UDKGame\Script\dnGame.u'
[0025.75] Heading: --------------------UDKUltimate - Release--------------------
[0025.75] Log: Analyzing...
[0025.75] Log: Loading global macros for UDKUltimate
[0025.84] Log: Success: Compiled 1075 line(s), 179 statement(s).

[0025.84] Log: Scripts successfully compiled - saving package 'd:\projects\Duke2003\Binaries\Win64\..\..\UDKGame\Script\UDKUltimate.u'
[0025.95] Log: Save=111.887800
[0025.95] Log: Moving '..\..\UDKGame\Script\UDKUltimate_save.tmp' to '..\..\UDKGame\Script\UDKUltimate.u'
[0026.55] Log: 
[0026.55] Log: Success - 0 error(s), 0 warning(s)
[0026.55] Log: 
Execution of commandlet took:  3.33 seconds
[0026.56] Exit: Preparing to exit.
[0026.63] Exit: Object subsystem successfully closed.
[0026.64] Log: Shutting down FaceFX...
[0026.64] Log: FaceFX shutdown.
[0026.64] DevDataBase: Spent 18.760429 seconds communicating with "Provider=sqloledb;Data Source=production-db;Initial Catalog=EngineTaskPerf;Trusted_Connection=Yes;Connection Timeout=2" or "10.1.20.20"
[0026.64] Exit: Exiting.
[0026.64] Log: Log file closed, 05/22/23 11:03:19
