Log: Log file open, 05/22/23 00:04:12
Init: WinSock: version 1.1 (2.2), MaxSocks=32767, MaxUdp=65467
Init: Version: 8364
Init: Epic Internal: 0
Init: Compiled (64-bit): May 21 2023 21:59:00
Init: Changelist: 871961
Init: Command line: editor 
Init: Base directory: d:\projects\Duke2003\Binaries\Win64\
DevConfig: GConfig::LoadFile associated file:  ..\..\UDKGame\Config\UDKCompat.ini
[0000.74] Init: Computer: JUSTIN-MAINPC
[0000.74] Init: User: justi
[0000.74] Init: CPU Page size=4096, Processors=32
[0000.74] Init: High frequency timer resolution =10.000000 MHz
[0000.74] Init: Memory total: Physical=63.1GB Pagefile=84.1GB Virtual=131072.0GB
[0000.79] Init: WinSock: I am justin-mainpc (192.168.1.4:0)
[0000.79] Init: Presizing for 0 objects not considered by GC, pre-allocating 0 bytes.
[0000.79] Init: Object subsystem initialized
[0019.58] DevDataBase: Failure trying to open connection [Provider=sqloledb;Data Source=production-db;Initial Catalog=EngineTaskPerf;Trusted_Connection=Yes;Connection Timeout=2] [Invalid connection string attribute]
[0019.58] DevDataBase: Connection to "Provider=sqloledb;Data Source=production-db;Initial Catalog=EngineTaskPerf;Trusted_Connection=Yes;Connection Timeout=2" or "10.1.20.20" failed
[0019.59] DevDataBase: Failure closing connection [Operation is not allowed when the object is closed.]
[0019.65] Log: Shader platform (RHI): PC-D3D-SM3
[0030.61] Log: PhysX GPU Support: DISABLED
[0030.69] Init: Initializing FaceFX...
[0030.69] Init: FaceFX 1.7.4 initialized.
[0030.73] Init: Version: 8364
[0030.73] Init: Epic Internal: 0
[0030.73] Init: Compiled (64-bit): May 21 2023 21:58:59
[0030.73] Init: Command line:  
[0030.73] Init: Base directory: d:\projects\Duke2003\Binaries\Win64\
[0030.73] Init: Character set: Unicode
[0030.73] Log: Executing Class UnrealEd.MakeCommandlet
[0030.73] Init: UEngine initialized
[0030.78] Heading: --------------------Core - Release--------------------
[0030.78] Log: New File, Existing Package (Package Untitled_0, Package Core)
[0030.78] Log: Loading global macros for Core
[0030.80] Heading: --------------------Engine - Release--------------------
[0030.82] Log: New File, Existing Package (Package Untitled_1, Package Engine)
[0031.10] Log: Loading global macros for Engine
[0031.34] Heading: --------------------GFxUI - Release--------------------
[0031.34] Log: New File, Existing Package (Package Untitled_2, Package GFxUI)
[0031.35] Log: Loading global macros for GFxUI
[0031.36] Heading: --------------------GameFramework - Release--------------------
[0031.36] Log: New File, Existing Package (Package Untitled_3, Package GameFramework)
[0031.38] Log: Loading global macros for GameFramework
[0031.41] Heading: --------------------UnrealEd - Release--------------------
[0031.41] Log: New File, Existing Package (Package Untitled_4, Package UnrealEd)
[0031.42] Log: Loading global macros for UnrealEd
[0031.44] Heading: --------------------GFxUIEditor - Release--------------------
[0031.44] Log: New File, Existing Package (Package Untitled_5, Package GFxUIEditor)
[0031.44] Log: Loading global macros for GFxUIEditor
[0031.44] Heading: --------------------IpDrv - Release--------------------
[0031.44] Log: New File, Existing Package (Package Untitled_6, Package IpDrv)
[0031.45] Log: Loading global macros for IpDrv
[0031.46] Heading: --------------------OnlineSubsystemPC - Release--------------------
[0031.46] Log: New File, Existing Package (Package Untitled_7, Package OnlineSubsystemPC)
[0031.46] Log: Loading global macros for OnlineSubsystemPC
[0031.47] Heading: --------------------OnlineSubsystemGameSpy - Release--------------------
[0031.47] Log: New File, Existing Package (Package Untitled_8, Package OnlineSubsystemGameSpy)
[0031.48] Log: Loading global macros for OnlineSubsystemGameSpy
[0031.48] Heading: --------------------OnlineSubsystemLive - Release--------------------
[0031.48] Log: New File, Existing Package (Package Untitled_9, Package OnlineSubsystemLive)
[0031.49] Log: Loading global macros for OnlineSubsystemLive
[0031.50] Heading: --------------------OnlineSubsystemSteamworks - Release--------------------
[0031.50] Log: New File, Existing Package (Package Untitled_10, Package OnlineSubsystemSteamworks)
[0031.51] Log: Loading global macros for OnlineSubsystemSteamworks
[0031.52] Heading: --------------------UDKBase - Release--------------------
[0031.52] Log: New File, Existing Package (Package Untitled_11, Package UDKBase)
[0031.53] Log: Loading global macros for UDKBase
[0031.55] Heading: --------------------UTEditor - Release--------------------
[0031.55] Log: New File, Existing Package (Package Untitled_12, Package UTEditor)
[0031.55] Log: Loading global macros for UTEditor
[0031.55] Heading: --------------------UTGame - Release--------------------
[0031.56] Log: New File, Existing Package (Package Untitled_13, Package UTGame)
[0031.90] Log: Loading global macros for UTGame
[0032.03] Heading: --------------------UTGameContent - Release--------------------
[0032.03] Log: New File, Existing Package (Package Untitled_14, Package UTGameContent)
[0032.10] Log: Loading global macros for UTGameContent
[0032.11] Heading: --------------------dnGame - Release--------------------
[0032.11] Log: Package dnGame changed, recompiling
[0032.11] Log: Analyzing...
[0032.11] Log: Loading global macros for dnGame
[0032.11] Error: d:\projects\Duke2003\Development\Src\dnGame\Classes\dnSinglePlayer.uc(5) : Error, Native classes cannot expand non-native classes
[0032.11] Log: Compile aborted due to errors.
[0032.66] Log: 
[0032.66] Log: Warning/Error Summary
[0032.66] Log: ---------------------
[0032.66] Log: d:\projects\Duke2003\Development\Src\dnGame\Classes\dnSinglePlayer.uc(5) : Error, Native classes cannot expand non-native classes
[0032.66] Log: 
[0032.66] Log: Failure - 1 error(s), 0 warning(s)
[0032.66] Log: 
Execution of commandlet took:  1.93 seconds
[0032.66] Exit: Preparing to exit.
[0032.72] Exit: Object subsystem successfully closed.
[0032.72] Log: Shutting down FaceFX...
[0032.72] Log: FaceFX shutdown.
[0032.73] DevDataBase: Spent 18.764676 seconds communicating with "Provider=sqloledb;Data Source=production-db;Initial Catalog=EngineTaskPerf;Trusted_Connection=Yes;Connection Timeout=2" or "10.1.20.20"
[0032.73] Exit: Exiting.
[0032.73] Log: Log file closed, 05/22/23 00:04:45
