Log: Log file open, 05/22/23 15:14:24
Init: WinSock: version 1.1 (2.2), MaxSocks=32767, MaxUdp=65467
Init: Version: 8364
Init: Epic Internal: 0
Init: Compiled (64-bit): May 21 2023 21:56:09
Init: Changelist: 871961
Init: Command line:  
Init: Base directory: d:\projects\Duke2003\Binaries\Win64\
DevConfig: GConfig::LoadFile has loaded file:  ..\..\UDKGame\Config\UDKEditor.ini
DevConfig: GConfig::LoadFile has loaded file:  ..\..\UDKGame\Config\UDKEditorUserSettings.ini
DevConfig: GConfig::LoadFile associated file:  ..\..\UDKGame\Config\UDKCompat.ini
DevConfig: GConfig::LoadFile has loaded file:  ..\..\UDKGame\Config\UDKLightmass.ini
DevConfig: GConfig::LoadFile has loaded file:  ..\..\UDKGame\Config\UDKEngine.ini
DevConfig: GConfig::LoadFile has loaded file:  ..\..\UDKGame\Config\UDKGame.ini
DevConfig: GConfig::LoadFile has loaded file:  ..\..\UDKGame\Config\UDKInput.ini
DevConfig: GConfig::LoadFile has loaded file:  ..\..\UDKGame\Config\UDKUI.ini
[0000.58] Init: Computer: JUSTIN-MAINPC
[0000.58] Init: User: justi
[0000.58] Init: CPU Page size=4096, Processors=32
[0000.58] Init: High frequency timer resolution =10.000000 MHz
[0000.58] Init: Memory total: Physical=63.1GB Pagefile=84.1GB Virtual=131072.0GB
[0000.58] DevStats: GSecondsPerCycle 1.000000e-007
[0000.63] Init: WinSock: I am justin-mainpc (192.168.1.4:0)
[0000.63] Init: Presizing for 0 objects not considered by GC, pre-allocating 0 bytes.
[0000.63] Init: Object subsystem initialized
[0000.63] DevSave: (System) 'Default__System' loading configuration from ..\..\UDKGame\Config\UDKEngine.ini
[0000.63] DevSave:    Loading value for SeekFreePCPaths from [Core.System]
[0000.63] DevSave:    Loading value for SeekFreePCExtensions from [Core.System]
[0000.63] DevSave:    Loading value for CutdownPaths from [Core.System]
[0000.63] DevSave:    Loading value for LocalizationPaths from [Core.System]
[0000.63] DevSave:    Loading value for TextureFileCacheExtension from [Core.System]
[0000.63] DevSave:    Loading value for Extensions from [Core.System]
[0000.63] DevSave:    Loading value for Suppress from [Core.System]
[0000.63] DevSave:    Loading value for FRScriptPaths from [Core.System]
[0000.63] DevSave:    Loading value for ScriptPaths from [Core.System]
[0000.63] DevSave:    Loading value for Paths from [Core.System]
[0000.63] DevSave:    Loading value for ScreenShotPath from [Core.System]
[0000.63] DevSave:    Loading value for CacheExt from [Core.System]
[0000.63] DevSave:    Loading value for CachePath from [Core.System]
[0000.63] DevSave:    Loading value for SavePath from [Core.System]
[0000.63] DevSave:    Loading value for AsyncIOBandwidthLimit from [Core.System]
[0000.63] DevSave:    Loading value for PackageSizeSoftLimit from [Core.System]
[0000.63] DevSave:    Loading value for MaxOverallCacheSize from [Core.System]
[0000.63] DevSave:    Loading value for MaxStaleCacheSize from [Core.System]
[0000.63] DevSave:    Loading value for StaleCacheDays from [Core.System]
[0019.36] DevDataBase: Failure trying to open connection [Provider=sqloledb;Data Source=production-db;Initial Catalog=EngineTaskPerf;Trusted_Connection=Yes;Connection Timeout=2] [Invalid connection string attribute]
[0019.36] DevDataBase: Connection to "Provider=sqloledb;Data Source=production-db;Initial Catalog=EngineTaskPerf;Trusted_Connection=Yes;Connection Timeout=2" or "10.1.20.20" failed
[0019.36] DevDataBase: Failure closing connection [Operation is not allowed when the object is closed.]
[0019.36] Init: Skipping CPU performance test in debug build.
[0019.70] Init: OS stats:
[0019.70] Init: 	Windows 7 
[0019.70] Init: 	RemoteDesktop=0
[0019.70] Init: Memory stats:
[0019.70] Init: 	Physical: 64662MB
[0019.70] Init: 	Virtual: 134217727MB
[0019.70] Init: 	PageFile: 86166MB
[0019.70] Init: CPU stats:
[0019.70] Init: 	MeasuredPerformanceTime: -1.000 (measured now)
[0019.70] Init: GPU stats:
[0019.70] Init: 	VendorID: 000010DE
[0019.70] Init: 	DeviceID: 00002684
[0019.70] Init: 	DriverVersion: 31.0.15.3168
[0019.70] Init: 	DeviceName: NVIDIA GeForce RTX 4090
[0019.70] Init: 	DriverName: nvldumdx.dll
[0019.70] Init: 	PixelShaderVersion: 3
[0019.70] Init: 	VertexShaderVersion: 3
[0019.70] Init: 	VRAMQuantity: 3072
[0019.70] Init: 	DedicatedVRAM: 3072
[0019.70] Init: 	AdapterCount: 2
[0019.70] Init: 	SupportsHardwareTnL: 1
[0019.70] Init: Machine  detected compatibility level: Composite: 4. CPU: 5. GPU: 4.
[0019.71] Init: Previous detected compatibility level: Composite: 0. CPU: 0. GPU: 0.
[0019.71] Init: System Settings changed using SetFriendlyGraphicsSettings:
[0019.71] Init: System Settings:
[0019.71] Init: 	StaticDecals=true
[0019.71] Init: 	DynamicDecals=true
[0019.71] Init: 	UnbatchedDecals=true
[0019.71] Init: 	DynamicLights=true
[0019.71] Init: 	DynamicShadows=true
[0019.71] Init: 	LightEnvironmentShadows=true
[0019.71] Init: 	CompositeDynamicLights=true
[0019.71] Init: 	SHSecondaryLighting=true
[0019.71] Init: 	DirectionalLightmaps=true
[0019.71] Init: 	MotionBlur=true
[0019.71] Init: 	MotionBlurPause=true
[0019.71] Init: 	DepthOfField=true
[0019.71] Init: 	AmbientOcclusion=true
[0019.71] Init: 	Bloom=true
[0019.71] Init: 	bAllowLightShafts=true
[0019.71] Init: 	Distortion=true
[0019.71] Init: 	FilteredDistortion=true
[0019.71] Init: 	DropParticleDistortion=false
[0019.71] Init: 	bAllowDownsampledTranslucency=false
[0019.71] Init: 	SpeedTreeLeaves=true
[0019.71] Init: 	bUseMaxQualityMode=false
[0019.71] Init: 	SpeedTreeFronds=true
[0019.71] Init: 	OnlyStreamInTextures=false
[0019.71] Init: 	LensFlares=true
[0019.71] Init: 	FogVolumes=true
[0019.71] Init: 	FloatingPointRenderTargets=true
[0019.71] Init: 	OneFrameThreadLag=true
[0019.71] Init: 	UseVsync=false
[0019.71] Init: 	UpscaleScreenPercentage=true
[0019.71] Init: 	Fullscreen=false
[0019.71] Init: 	bAllowD3D9MSAA=false
[0019.71] Init: 	AllowD3D11=false
[0019.71] Init: 	AllowOpenGL=false
[0019.71] Init: 	AllowRadialBlur=true
[0019.71] Init: 	AllowSubsurfaceScattering=true
[0019.71] Init: 	AllowImageReflections=true
[0019.71] Init: 	AllowImageReflectionShadowing=true
[0019.71] Init: 	bEnableBranchingPCFShadows=false
[0019.71] Init: 	bAllowHardwareShadowFiltering=false
[0019.71] Init: 	bAllowBetterModulatedShadows=false
[0019.71] Init: 	bEnableForegroundShadowsOnWorld=false
[0019.72] Init: 	bEnableForegroundSelfShadowing=false
[0019.72] Init: 	bAllowWholeSceneDominantShadows=true
[0019.72] Init: 	bUseConservativeShadowBounds=false
[0019.72] Init: 	bAllowFracturedDamage=true
[0019.72] Init: 	bForceCPUAccessToGPUSkinVerts=false
[0019.72] Init: 	bDisableSkeletalInstanceWeights=false
[0019.72] Init: 	HighPrecisionGBuffers=false
[0019.72] Init: 	bAllowSeparateTranslucency=true
[0019.72] Init: 	bAllowTemporalAA=false
[0019.72] Init: 	bEnableParallelApexClothingFetch=false
[0019.72] Init: 	SkeletalMeshLODBias=0
[0019.72] Init: 	ParticleLODBias=0
[0019.72] Init: 	DetailMode=2
[0019.72] Init: 	ShadowFilterQualityBias=0
[0019.72] Init: 	MaxAnisotropy=4
[0019.72] Init: 	MaxMultiSamples=1
[0019.72] Init: 	MinShadowResolution=64
[0019.72] Init: 	MinPreShadowResolution=8
[0019.72] Init: 	MaxShadowResolution=1120
[0019.72] Init: 	MaxWholeSceneDominantShadowResolution=1344
[0019.72] Init: 	ResX=1024
[0019.72] Init: 	ResY=768
[0019.72] Init: 	UnbuiltNumWholeSceneDynamicShadowCascades=3
[0019.72] Init: 	WholeSceneShadowUnbuiltInteractionThreshold=50
[0019.72] Init: 	ShadowFadeResolution=128
[0019.72] Init: 	PreShadowFadeResolution=16
[0019.72] Init: 	MotionBlurSkinning=1
[0019.72] Init: 	ApexDestructionMaxChunkIslandCount=2147483647
[0019.72] Init: 	MaxDrawDistanceScale=1.000
[0019.72] Init: 	ScreenPercentage=100.000
[0019.72] Init: 	SceneCaptureStreamingMultiplier=1.000
[0019.72] Init: 	ShadowTexelsPerPixel=1.273
[0019.72] Init: 	PreShadowResolutionFactor=0.500
[0019.72] Init: 	ShadowFilterRadius=2.000
[0019.72] Init: 	ShadowDepthBias=0.012
[0019.72] Init: 	PerObjectShadowTransition=60.000
[0019.72] Init: 	CSMSplitPenumbraScale=0.500
[0019.72] Init: 	CSMSplitSoftTransitionDistanceScale=4.000
[0019.72] Init: 	CSMSplitDepthBiasScale=0.500
[0019.72] Init: 	CSMMinimumFOV=40.000
[0019.72] Init: 	CSMFOVRoundFactor=4.000
[0019.72] Init: 	UnbuiltWholeSceneDynamicShadowRadius=20000.000
[0019.72] Init: 	ShadowFadeExponent=0.250
[0019.72] Init: 	NumFracturedPartsScale=1.000
[0019.72] Init: 	FractureDirectSpawnChanceScale=1.000
[0019.72] Init: 	FractureRadialSpawnChanceScale=1.000
[0019.72] Init: 	FractureCullDistanceScale=1.000
[0019.72] Init: 	DecalCullDistanceScale=1.000
[0019.72] Init: 	TessellationFactorMultiplier=1.000
[0019.72] Init: 	TemporalAA_MinDepth=500.000
[0019.72] Init: 	TemporalAA_StartDepthVelocityScale=100.000
[0019.72] Init: 	TemporalAA_JitterStartDepthScale=3.000
[0019.72] Init: 	ApexLODResourceBudget=1000000020040877300000.000
[0019.72] Init: 	ApexDestructionMaxChunkSeparationLOD=1.000
[0019.72] Log: 	TEXTUREGROUP_World: (MinLODSize=256,MaxLODSize=1024,LODBias=0,MinMagFilter=Aniso,MipFilter=Point,MipGenSettings=TMGS_SimpleAverage)
[0019.72] Log: 	TEXTUREGROUP_WorldNormalMap: (MinLODSize=512,MaxLODSize=1024,LODBias=0,MinMagFilter=Aniso,MipFilter=Point,MipGenSettings=TMGS_SimpleAverage)
[0019.72] Log: 	TEXTUREGROUP_WorldSpecular: (MinLODSize=256,MaxLODSize=1024,LODBias=0,MinMagFilter=Aniso,MipFilter=Point,MipGenSettings=TMGS_SimpleAverage)
[0019.72] Log: 	TEXTUREGROUP_Character: (MinLODSize=512,MaxLODSize=1024,LODBias=0,MinMagFilter=Aniso,MipFilter=Point,MipGenSettings=TMGS_SimpleAverage)
[0019.72] Log: 	TEXTUREGROUP_CharacterNormalMap: (MinLODSize=512,MaxLODSize=1024,LODBias=0,MinMagFilter=Aniso,MipFilter=Point,MipGenSettings=TMGS_SimpleAverage)
[0019.72] Log: 	TEXTUREGROUP_CharacterSpecular: (MinLODSize=512,MaxLODSize=1024,LODBias=0,MinMagFilter=Aniso,MipFilter=Point,MipGenSettings=TMGS_SimpleAverage)
[0019.72] Log: 	TEXTUREGROUP_Weapon: (MinLODSize=512,MaxLODSize=1024,LODBias=0,MinMagFilter=Aniso,MipFilter=Point,MipGenSettings=TMGS_SimpleAverage)
[0019.72] Log: 	TEXTUREGROUP_WeaponNormalMap: (MinLODSize=1024,MaxLODSize=1024,LODBias=0,MinMagFilter=Aniso,MipFilter=Point,MipGenSettings=TMGS_SimpleAverage)
[0019.72] Log: 	TEXTUREGROUP_WeaponSpecular: (MinLODSize=512,MaxLODSize=1024,LODBias=0,MinMagFilter=Aniso,MipFilter=Point,MipGenSettings=TMGS_SimpleAverage)
[0019.72] Log: 	TEXTUREGROUP_Vehicle: (MinLODSize=1024,MaxLODSize=2048,LODBias=0,MinMagFilter=Aniso,MipFilter=Point,MipGenSettings=TMGS_SimpleAverage)
[0019.72] Log: 	TEXTUREGROUP_VehicleNormalMap: (MinLODSize=1024,MaxLODSize=2048,LODBias=0,MinMagFilter=Aniso,MipFilter=Point,MipGenSettings=TMGS_SimpleAverage)
[0019.73] Log: 	TEXTUREGROUP_VehicleSpecular: (MinLODSize=1024,MaxLODSize=2048,LODBias=0,MinMagFilter=Aniso,MipFilter=Point,MipGenSettings=TMGS_SimpleAverage)
[0019.73] Log: 	TEXTUREGROUP_Cinematic: (MinLODSize=256,MaxLODSize=2048,LODBias=0,MinMagFilter=Aniso,MipFilter=Point,MipGenSettings=TMGS_SimpleAverage)
[0019.73] Log: 	TEXTUREGROUP_Effects: (MinLODSize=256,MaxLODSize=1024,LODBias=0,MinMagFilter=Linear,MipFilter=Point,MipGenSettings=TMGS_SimpleAverage)
[0019.73] Log: 	TEXTUREGROUP_EffectsNotFiltered: (MinLODSize=256,MaxLODSize=1024,LODBias=0,MinMagFilter=Aniso,MipFilter=Point,MipGenSettings=TMGS_SimpleAverage)
[0019.73] Log: 	TEXTUREGROUP_Skybox: (MinLODSize=512,MaxLODSize=2048,LODBias=0,MinMagFilter=Aniso,MipFilter=Point,MipGenSettings=TMGS_SimpleAverage)
[0019.73] Log: 	TEXTUREGROUP_UI: (MinLODSize=1024,MaxLODSize=4096,LODBias=0,MinMagFilter=Aniso,MipFilter=Point,MipGenSettings=TMGS_SimpleAverage)
[0019.73] Log: 	TEXTUREGROUP_Lightmap: (MinLODSize=512,MaxLODSize=4096,LODBias=0,MinMagFilter=Aniso,MipFilter=Point,MipGenSettings=TMGS_SimpleAverage)
[0019.73] Log: 	TEXTUREGROUP_RenderTarget: (MinLODSize=1,MaxLODSize=4096,LODBias=0,MinMagFilter=Aniso,MipFilter=Point,MipGenSettings=TMGS_SimpleAverage)
[0019.73] Log: 	TEXTUREGROUP_MobileFlattened: (MinLODSize=1,MaxLODSize=4096,LODBias=0,MinMagFilter=Aniso,MipFilter=Point,MipGenSettings=TMGS_SimpleAverage)
[0019.73] Log: 	TEXTUREGROUP_ProcBuilding_Face: (MinLODSize=1,MaxLODSize=1024,LODBias=0,MinMagFilter=Aniso,MipFilter=Point,MipGenSettings=TMGS_SimpleAverage)
[0019.73] Log: 	TEXTUREGROU