Log: Log file open, 05/22/23 12:18:00
Init: WinSock: version 1.1 (2.2), MaxSocks=32767, MaxUdp=65467
Init: Version: 8364
Init: Epic Internal: 0
Init: Compiled (64-bit): May 21 2023 21:56:09
Init: Changelist: 871961
Init: Command line: editor 
Init: Base directory: d:\projects\Duke2003\Binaries\Win64\
DevConfig: GConfig::LoadFile has loaded file:  ..\..\UDKGame\Config\UDKEditor.ini
DevConfig: GConfig::LoadFile has loaded file:  ..\..\UDKGame\Config\UDKEditorUserSettings.ini
DevConfig: GConfig::LoadFile associated file:  ..\..\UDKGame\Config\UDKCompat.ini
DevConfig: GConfig::LoadFile has loaded file:  ..\..\UDKGame\Config\UDKLightmass.ini
DevConfig: GConfig::LoadFile has loaded file:  ..\..\UDKGame\Config\UDKEngine.ini
DevConfig: GConfig::LoadFile has loaded file:  ..\..\UDKGame\Config\UDKGame.ini
DevConfig: GConfig::LoadFile has loaded file:  ..\..\UDKGame\Config\UDKInput.ini
DevConfig: GConfig::LoadFile has loaded file:  ..\..\UDKGame\Config\UDKUI.ini
[0000.56] Init: Computer: JUSTIN-MAINPC
[0000.57] Init: User: justi
[0000.57] Init: CPU Page size=4096, Processors=32
[0000.57] Init: High frequency timer resolution =10.000000 MHz
[0000.57] Init: Memory total: Physical=63.1GB Pagefile=84.1GB Virtual=131072.0GB
[0000.57] DevStats: GSecondsPerCycle 1.000000e-007
[0000.61] Init: WinSock: I am justin-mainpc (192.168.1.4:0)
[0000.61] Init: Presizing for 0 objects not considered by GC, pre-allocating 0 bytes.
[0000.62] Init: Object subsystem initialized
[0000.62] DevSave: (System) 'Default__System' loading configuration from ..\..\UDKGame\Config\UDKEngine.ini
[0000.62] DevSave:    Loading value for SeekFreePCPaths from [Core.System]
[0000.62] DevSave:    Loading value for SeekFreePCExtensions from [Core.System]
[0000.62] DevSave:    Loading value for CutdownPaths from [Core.System]
[0000.62] DevSave:    Loading value for LocalizationPaths from [Core.System]
[0000.62] DevSave:    Loading value for TextureFileCacheExtension from [Core.System]
[0000.62] DevSave:    Loading value for Extensions from [Core.System]
[0000.62] DevSave:    Loading value for Suppress from [Core.System]
[0000.62] DevSave:    Loading value for FRScriptPaths from [Core.System]
[0000.62] DevSave:    Loading value for ScriptPaths from [Core.System]
[0000.62] DevSave:    Loading value for Paths from [Core.System]
[0000.62] DevSave:    Loading value for ScreenShotPath from [Core.System]
[0000.62] DevSave:    Loading value for CacheExt from [Core.System]
[0000.62] DevSave:    Loading value for CachePath from [Core.System]
[0000.62] DevSave:    Loading value for SavePath from [Core.System]
[0000.62] DevSave:    Loading value for AsyncIOBandwidthLimit from [Core.System]
[0000.62] DevSave:    Loading value for PackageSizeSoftLimit from [Core.System]
[0000.62] DevSave:    Loading value for MaxOverallCacheSize from [Core.System]
[0000.62] DevSave:    Loading value for MaxStaleCacheSize from [Core.System]
[0000.62] DevSave:    Loading value for StaleCacheDays from [Core.System]
[0018.40] DevDataBase: Failure trying to open connection [Provider=sqloledb;Data Source=production-db;Initial Catalog=EngineTaskPerf;Trusted_Connection=Yes;Connection Timeout=2] [Invalid connection string attribute]
[0018.40] DevDataBase: Connection to "Provider=sqloledb;Data Source=production-db;Initial Catalog=EngineTaskPerf;Trusted_Connection=Yes;Connection Timeout=2" or "10.1.20.20" failed
[0018.40] DevDataBase: Failure closing connection [Operation is not allowed when the object is closed.]
[0018.46] Log: Shader platform (RHI): PC-D3D-SM3
[0020.04] Log: PhysX GPU Support: DISABLED
[0020.05] Init: Initializing FaceFX...
[0020.05] Init: FaceFX 1.7.4 initialized.
[0020.09] Init: Version: 8364
[0020.09] Init: Epic Internal: 0
[0020.09] Init: Compiled (64-bit): May 21 2023 21:56:09
[0020.10] Init: Command line:  
[0020.10] Init: Base directory: d:\projects\Duke2003\Binaries\Win64\
[0020.10] Init: Character set: Unicode
[0020.10] Log: Executing Class UnrealEd.MakeCommandlet
[0020.10] Init: UEngine initialized
[0020.16] Heading: --------------------Core - Release--------------------
[0020.16] Log: New File, Existing Package (Package Untitled_0, Package Core)
[0020.17] Log: Loading global macros for Core
[0020.20] Heading: --------------------Engine - Release--------------------
[0020.24] Log: New File, Existing Package (Package Untitled_1, Package Engine)
[0020.55] Log: Loading global macros for Engine
[0021.18] Heading: --------------------GFxUI - Release--------------------
[0021.18] Log: New File, Existing Package (Package Untitled_2, Package GFxUI)
[0021.19] Log: Loading global macros for GFxUI
[0021.21] Heading: --------------------GameFramework - Release--------------------
[0021.21] Log: New File, Existing Package (Package Untitled_3, Package GameFramework)
[0021.25] Log: Loading global macros for GameFramework
[0021.32] Heading: --------------------UnrealEd - Release--------------------
[0021.32] Log: New File, Existing Package (Package Untitled_4, Package UnrealEd)
[0021.34] Log: Loading global macros for UnrealEd
[0021.39] Heading: --------------------GFxUIEditor - Release--------------------
[0021.39] Log: New File, Existing Package (Package Untitled_5, Package GFxUIEditor)
[0021.39] Log: Loading global macros for GFxUIEditor
[0021.40] Heading: --------------------IpDrv - Release--------------------
[0021.40] Log: New File, Existing Package (Package Untitled_6, Package IpDrv)
[0021.41] Log: Loading global macros for IpDrv
[0021.44] Heading: --------------------OnlineSubsystemPC - Release--------------------
[0021.44] Log: New File, Existing Package (Package Untitled_7, Package OnlineSubsystemPC)
[0021.45] Log: Loading global macros for OnlineSubsystemPC
[0021.46] Heading: --------------------OnlineSubsystemGameSpy - Release--------------------
[0021.46] Log: New File, Existing Package (Package Untitled_8, Package OnlineSubsystemGameSpy)
[0021.47] Log: Loading global macros for OnlineSubsystemGameSpy
[0021.49] Heading: --------------------OnlineSubsystemLive - Release--------------------
[0021.49] Log: New File, Existing Package (Package Untitled_9, Package OnlineSubsystemLive)
[0021.50] Log: Loading global macros for OnlineSubsystemLive
[0021.53] Heading: --------------------OnlineSubsystemSteamworks - Release--------------------
[0021.54] Log: New File, Existing Package (Package Untitled_10, Package OnlineSubsystemSteamworks)
[0021.55] Log: Loading global macros for OnlineSubsystemSteamworks
[0021.57] Heading: --------------------UDKBase - Release--------------------
[0021.57] Log: New File, Existing Package (Package Untitled_11, Package UDKBase)
[0021.59] Log: Loading global macros for UDKBase
[0021.64] Heading: --------------------UTEditor - Release--------------------
[0021.64] Log: New File, Existing Package (Package Untitled_12, Package UTEditor)
[0021.64] Log: Loading global macros for UTEditor
[0021.64] Heading: --------------------UTGame - Release--------------------
[0021.65] Log: New File, Existing Package (Package Untitled_13, Package UTGame)
[0021.91] Log: Loading global macros for UTGame
[0022.28] Heading: --------------------UTGameContent - Release--------------------
[0022.29] Log: New File, Existing Package (Package Untitled_14, Package UTGameContent)
[0022.32] Log: Loading global macros for UTGameContent
[0022.34] Heading: --------------------dnGame - Release--------------------
[0022.34] Log: Package dnGame changed, recompiling
[0022.34] Log: Analyzing...
[0022.34] Log: Loading global macros for dnGame
[0022.35] Log: Exporting native class declarations for dnGame
[0022.35] Log: Autogenerating C++ header: 
[0022.35] Log: Autogenerating C++ header: dnGameNames.h
[0022.35] Log: Success: Compiled 179 line(s), 11 statement(s).

[0022.35] Log: Scripts successfully compiled - saving package 'd:\projects\Duke2003\Binaries\Win64\..\..\UDKGame\Script\dnGame.u'
[0022.43] Log: Save=74.880300
[0022.43] Log: Moving '..\..\UDKGame\Script\dnGame_save.tmp' to '..\..\UDKGame\Script\dnGame.u'
[0022.43] Heading: --------------------UDKUltimate - Release--------------------
[0022.43] Log: Analyzing...
[0022.43] Log: Loading global macros for UDKUltimate
[0022.51] Log: Success: Compiled 1075 line(s), 179 statement(s).

[0022.51] Log: Scripts successfully compiled - saving package 'd:\projects\Duke2003\Binaries\Win64\..\..\UDKGame\Script\UDKUltimate.u'
[0022.60] Log: Save=89.624000
[0022.60] Log: Moving '..\..\UDKGame\Script\UDKUltimate_save.tmp' to '..\..\UDKGame\Script\UDKUltimate.u'
[0023.20] Log: 
[0023.20] Log: Success - 0 error(s), 0 warning(s)
[0023.20] Log: 
Execution of commandlet took:  3.10 seconds
[0023.20] Exit: Preparing to exit.
[0023.27] Exit: Object subsystem successfully closed.
[0023.28] Log: Shutting down FaceFX...
[0023.28] Log: FaceFX shutdown.
[0023.28] DevDataBase: Spent 17.766210 seconds communicating with "Provider=sqloledb;Data Source=production-db;Initial Catalog=EngineTaskPerf;Trusted_Connection=Yes;Connection Timeout=2" or "10.1.20.20"
[0023.28] Exit: Exiting.
[0023.28] Log: Log file closed, 05/22/23 12:18:23
