Log: Log file open, 05/21/23 13:16:00
Init: WinSock: version 1.1 (2.2), MaxSocks=32767, MaxUdp=65467
Init: Version: 8364
Init: Epic Internal: 0
Init: Compiled (64-bit): May 21 2023 13:02:35
Init: Changelist: 871961
Init: Command line:  
Init: Base directory: d:\projects\Duke2003\Binaries\Win64\
DevConfig: GConfig::LoadFile has loaded file:  ..\..\UDKGame\Config\UDKEditor.ini
DevConfig: GConfig::LoadFile has loaded file:  ..\..\UDKGame\Config\UDKEditorUserSettings.ini
DevConfig: GConfig::LoadFile associated file:  ..\..\UDKGame\Config\UDKCompat.ini
DevConfig: GConfig::LoadFile has loaded file:  ..\..\UDKGame\Config\UDKLightmass.ini
DevConfig: GConfig::LoadFile has loaded file:  ..\..\UDKGame\Config\UDKEngine.ini
DevConfig: GConfig::LoadFile has loaded file:  ..\..\UDKGame\Config\UDKGame.ini
DevConfig: GConfig::LoadFile has loaded file:  ..\..\UDKGame\Config\UDKInput.ini
DevConfig: GConfig::LoadFile has loaded file:  ..\..\UDKGame\Config\UDKUI.ini
[0000.55] Init: Computer: JUSTIN-MAINPC
[0000.56] Init: User: justi
[0000.56] Init: CPU Page size=4096, Processors=32
[0000.56] Init: High frequency timer resolution =10.000000 MHz
[0000.56] Init: Memory total: Physical=63.1GB Pagefile=84.1GB Virtual=131072.0GB
[0000.56] DevStats: GSecondsPerCycle 1.000000e-007
[0000.60] Init: WinSock: I am justin-mainpc (192.168.1.4:0)
[0000.60] Init: Presizing for 0 objects not considered by GC, pre-allocating 0 bytes.
[0000.60] Init: Object subsystem initialized
[0000.60] DevSave: (System) 'Default__System' loading configuration from ..\..\UDKGame\Config\UDKEngine.ini
[0000.60] DevSave:    Loading value for SeekFreePCPaths from [Core.System]
[0000.60] DevSave:    Loading value for SeekFreePCExtensions from [Core.System]
[0000.60] DevSave:    Loading value for CutdownPaths from [Core.System]
[0000.60] DevSave:    Loading value for LocalizationPaths from [Core.System]
[0000.60] DevSave:    Loading value for TextureFileCacheExtension from [Core.System]
[0000.60] DevSave:    Loading value for Extensions from [Core.System]
[0000.60] DevSave:    Loading value for Suppress from [Core.System]
[0000.60] DevSave:    Loading value for FRScriptPaths from [Core.System]
[0000.60] DevSave:    Loading value for ScriptPaths from [Core.System]
[0000.60] DevSave:    Loading value for Paths from [Core.System]
[0000.60] DevSave:    Loading value for ScreenShotPath from [Core.System]
[0000.60] DevSave:    Loading value for CacheExt from [Core.System]
[0000.60] DevSave:    Loading value for CachePath from [Core.System]
[0000.60] DevSave:    Loading value for SavePath from [Core.System]
[0000.60] DevSave:    Loading value for AsyncIOBandwidthLimit from [Core.System]
[0000.60] DevSave:    Loading value for PackageSizeSoftLimit from [Core.System]
[0000.60] DevSave:    Loading value for MaxOverallCacheSize from [Core.System]
[0000.61] DevSave:    Loading value for MaxStaleCacheSize from [Core.System]
[0000.61] DevSave:    Loading value for StaleCacheDays from [Core.System]
[0019.39] DevDataBase: Failure trying to open connection [Provider=sqloledb;Data Source=production-db;Initial Catalog=EngineTaskPerf;Trusted_Connection=Yes;Connection Timeout=2] [Invalid connection string attribute]
[0019.39] DevDataBase: Connection to "Provider=sqloledb;Data Source=production-db;Initial Catalog=EngineTaskPerf;Trusted_Connection=Yes;Connection Timeout=2" or "10.1.20.20" failed
[0019.39] DevDataBase: Failure closing connection [Operation is not allowed when the object is closed.]
[0019.71] Init: OS stats:
[0019.71] Init: 	Windows 7 
[0019.72] Init: 	RemoteDesktop=0
[0019.72] Init: Memory stats:
[0019.72] Init: 	Physical: 64662MB
[0019.72] Init: 	Virtual: 134217727MB
[0019.72] Init: 	PageFile: 86166MB
[0019.72] Init: CPU stats:
[0019.72] Init: 	MeasuredPerformanceTime: -1.000 (stored result)
[0019.72] Init: GPU stats:
[0019.72] Init: 	VendorID: 000010DE
[0019.72] Init: 	DeviceID: 00002684
[0019.72] Init: 	DriverVersion: 31.0.15.3168
[0019.72] Init: 	DeviceName: NVIDIA GeForce RTX 4090
[0019.72] Init: 	DriverName: nvldumdx.dll
[0019.72] Init: 	PixelShaderVersion: 3
[0019.72] Init: 	VertexShaderVersion: 3
[0019.72] Init: 	VRAMQuantity: 3072
[0019.72] Init: 	DedicatedVRAM: 3072
[0019.72] Init: 	AdapterCount: 2
[0019.72] Init: 	SupportsHardwareTnL: 1
[0019.72] Init: Machine  detected compatibility level: Composite: 4. CPU: 5. GPU: 4.
[0019.72] Init: Previous detected compatibility level: Composite: 4. CPU: 5. GPU: 4.
[0019.75] Log: Shader platform (RHI): PC-D3D-SM3
[0019.86] Log: PhysX GPU Support: DISABLED
[0019.87] Init: Initializing FaceFX...
[0019.87] Init: FaceFX 1.7.4 initialized.
[0019.98] Init: XAudio2 using 'Speakers (High Definition Audio Device)' : 2 channels at 48 kHz using 32 bits per sample (channel mask 0x3)
[0021.72] Init: Finished loading startup packages in 1.59 seconds
[0021.73] Log: 67387 objects as part of root set at end of initial load.
[0021.73] Log: 0 out of 0 bytes used by permanent object pool.
[0021.73] Log: Initializing Engine...
[0021.76] Init: UEngine initialized
[0021.76] Log: Working around XDK XAudio2 regression: TRUE
[0021.79] Init: XAudio2Device initialized.
[0022.20] Init: Client initialized
[0025.73] Log: LoadMap: UDKFrontEndMap?Name=Player?Team=255
[0025.87] Log: 
[0025.87] DevMemory: Memory allocations reported by the OS: 419.71 MB (with 0.00 MB waste)
[0025.88] Log: Game class is 'UTEntryGame'
[0025.89] Log: Primary PhysX scene will be in software.
[0025.89] Log: Creating Primary PhysX Scene.
[0025.90] Log: Bringing World UDKFrontEndMap.TheWorld up for play (0) at 2023.05.21-13.16.26
[0025.90] Log: Bringing up level for play took: 0.009204
[0025.90] ScriptWarning: Accessed None 'Profile'
	UIDataStore_OnlinePlayerData Transient.DataStoreClient_0:UIDataStore_OnlinePlayerData_0
	Function Engine.UIDataStore_OnlinePlayerData:OnLoginChange:0134
[0025.90] ScriptWarning: Accessed None 'Profile'
	UIDataStore_OnlinePlayerData Transient.DataStoreClient_0:UIDataStore_OnlinePlayerData_0
	Function Engine.UIDataStore_OnlinePlayerData:OnLoginChange:0168
[0025.90] Log: ########### Finished loading level: 0.168488 seconds
[0025.90] Init: Game engine initialized
[0025.90] Log: Initializing Engine Completed
[0027.84] Log: >>>>>>>>>>>>>> Initial startup: 27.84s <<<<<<<<<<<<<<<
[0032.28] Log: Assembled 435 auto-complete commands, manual: 89, exec: 274, kismet: 0
[0051.36] ScriptLog: OnGameModeChange: UDKUltimate, DefaultMap: UDK-UDKUltimate, UTgameSettingsDM, UDK
[0051.36] ScriptLog: GetImageMarkupByName( UDK-UDKUltimate )
[0055.36] ScriptLog: UTUIFrontEnd: Starting Game...open UDK-UDKUltimate?game=UDKUltimate?MaxPlayers=16?MinNetPlayers=0?NumPublicConnections=16?NumPrivateConnections=0?NumOpenPublicConnections=0?NumOpenPrivateConnections=0?bShouldAdvertise=True?bIsLanMatch=False?bUsesStats=True?bAllowJoinInProgress=True?bAllowInvites=True?bUsesPresence=True?bAllowJoinViaPresence=True?bAllowJoinViaPresenceFriendsOnly=False?bUsesArbitration=False?bAntiCheatProtected=False?bIsDedicated=False?OwningPlayerName=?PingInMs=0?MatchQuality=0.000000?GameState=OGS_NoSession?GameMode=0?Difficulty=2?PureServer=1?LockedServer=0?Campaign=0?ForceRespawn=0?CustomMapName=?CustomGameMode=?GoalScore=30?TimeLimit=0?ServerDescription=?NumPlay=6?name=Player
[0055.36] Log: LoadMap: UDK-UDKUltimate?name=Player?Team=255?game=UDKUltimate?MaxPlayers=16?MinNetPlayers=0?NumPublicConnections=16?NumPrivateConnections=0?NumOpenPublicConnections=0?NumOpenPrivateConnections=0?bShouldAdvertise=True?bIsLanMatch=False?bUsesStats=True?bAllowJoinInProgress=True?bAllowInvites=True?bUsesPresence=True?bAllowJoinViaPresence=True?bAllowJoinViaPresenceFriendsOnly=False?bUsesArbitration=False?bAntiCheatProtected=False?bIsDedicated=False?OwningPlayerName=?PingInMs=0?MatchQuality=0.000000?GameState=OGS_NoSession?GameMode=0?Difficulty=2?PureServer=1?LockedServer=0?Campaign=0?ForceRespawn=0?CustomMapName=?CustomGameMode=?GoalScore=30?TimeLimit=0?ServerDescription=?NumPlay=6
[0055.39] ScriptWarning: Invalid user index (255) specified for ClearReadProfileSettingsCompleteDelegate()
	OnlineSubsystemPC Transient.OnlineSubsystemPC_0
	Function OnlineSubsystemPC.OnlineSubsystemPC:ClearReadProfileSettingsCompleteDelegate:00C2
[0055.53] Log: 
[0055.53] DevMemory: Memory allocations reported by the OS: 447.43 MB (with 0.00 MB waste)
[0055.60] Warning: Warning, Failed to load 'Class None.UDKUltimate': Failed to find object 'Class None.UDKUltimate'
[0055.60] Warning: Warning, Failed to find object 'Class None.UDKUltimate'
[0055.60] Log: Game class is 'UDKUltimate'
[0055.60] Log: Primary PhysX scene will be in software.
[0055.60] Log: Creating Primary PhysX Scene.
[0055.61] Log: Bringing World UDK-UDKUltimate.TheWorld up for play (0) at 2023.05.21-13.16.55
[0055.62] Log: Bringing up level for play took: 0.023505
[0055.63] ScriptWarning: Accessed None 'Profile'
	UIDataStore_OnlinePlayerData Transient.DataStoreClient_0:UIDataStore_OnlinePlayerData_1
	Function Engine.UIDataStore_OnlinePlayerData:OnLoginChange:0134
[0055.63] ScriptWarning: Accessed None 'Profile'
	UIDataStore_OnlinePlayerData Transient.DataStoreClient_0:UIDataStore_OnlinePlayerData_1
	Function Engine.UIDataStore_OnlinePlayerData:OnLoginChange:0168
[0055.63] ScriptWarning: Accessed None 'MapInfo'
	GFxMinimap Transient.UTGFxTeamHUD_0:GFxMinimap_0
	Function UTGame.GFxMinimap:Init:00F2
[0055.63] Log: ########### Finished loading level: 0.268917 seconds
[0055.75] ScriptWarning: Accessed None 'MapInfo'
	GFxMinimap Transient.UTGFxTeamHUD_1:GFxMinimap_1
	Function UTGame.GFxMinimap:Init:00F2
[0062.36] ScriptWarning: Unable to load first person arm material
	UTFamilyInfo_GOW_Marcus UTGame.Default__UTFamilyInfo_GOW_Marcus
	Function UTGame.UTFamilyInfo:GetFirstPersonArmsMaterial:00A2
[0062.36] ScriptWarning: Unable to load first person arm material
	UTFamilyInfo_GOW_Marcus UTGame.Default__UTFamilyInfo_GOW_Marcus
	Function UTGame.UTFamilyInfo:GetFirstPersonArmsMaterial:00A2
[0062.37] ScriptWarning: Accessed None 'LeftHandIK'
	UDKUltimatePawn UDK-UDKUltimate.TheWorld:PersistentLevel.UDKUltimatePawn_0
	Function UTGame.UTPawn:SetHandIKEnabled:0066
[0062.37] ScriptWarning: Accessed None 'RightHandIK'
	UDKUltimatePawn UDK-UDKUltimate.TheWorld:PersistentLevel.UDKUltimatePawn_0
	Function UTGame.UTPawn:SetHandIKEnabled:008F
[0062.37] ScriptWarning: Player start not found, failed to restart player
	UDKUltimate UDK-UDKUltimate.TheWorld:PersistentLevel.UDKUltimate_0
	Function Engine.GameInfo:RestartPlayer:025E
[0062.37] ScriptWarning: Player start not found, failed to restart player
	UDKUltimate UDK-UDKUltimate.TheWorld:PersistentLevel.UDKUltimate_0
	Function Engine.GameInfo:RestartPlayer:025E
[0062.37] ScriptWarning: Player start not found, failed to restart player
	UDKUltimate UDK-UDKUltimate.TheWorld:PersistentLevel.UDKUltimate_0
	Function Engine.GameInfo:RestartPlayer:025E
[0062.37] ScriptWarning: Player start not found, failed to restart player
	UDKUltimate UDK-UDKUltimate.TheWorld:PersistentLevel.UDKUltimate_0
	Function Engine.GameInfo:RestartPlayer:025E
[0062.37] ScriptWarning: Player start not found, failed to restart player
	UDKUltimate UDK-UDKUltimate.TheWorld:PersistentLevel.UDKUltimate_0
	Function Engine.GameInfo:RestartPlayer:025E
[0062.37] Error: Can't start an online game that hasn't been created
[0062.37] ScriptLog: START MATCH
[0062.37] ScriptWarning: Accessed None 'MapInfo'
	GFxMinimap Transient.UTGFxTeamHUD_1:GFxMinimap_1
	Function UTGame.GFxMinimap:UpdateData:0015
[0065.83] ScriptWarning: No class passed to 'new' operator
	UTProj_Stinger UDK-UDKUltimate.TheWorld:PersistentLevel.UTProj_Stinger_0
	Function UTGame.UTProjectile:CreateProjectileLight:003C
[0065.98] ScriptWarning: No class passed to 'new' operator
	UTProj_Stinger UDK-UDKUltimate.TheWorld:PersistentLevel.UTProj_Stinger_1
	Function UTGame.UTProjectile:CreateProjectileLight:003C
[0067.25] Log: UDKUltimatePawn_0 PLAYSOUND with no sound cue called from SpawnCopyFor
[0067.25] Log: Script call stack:
	Function Engine.PickupFactory:Pickup.Touch
	Function Engine.PickupFactory:GiveTo
	Function UTGame.UTAmmoPickupFactory:SpawnCopyFor

[0067.91] ScriptWarning: No class passed to 'new' operator
	UTProj_Stinger UDK-UDKUltimate.TheWorld:PersistentLevel.UTProj_Stinger_2
	Function UTGame.UTProjectile:CreateProjectileLight:003C
[0068.04] ScriptWarning: No class passed to 'new' operator
	UTProj_Stinger UDK-UDKUltimate.TheWorld:PersistentLevel.UTProj_Stinger_3
	Function UTGame.UTProjectile:CreateProjectileLight:003C
[0068.19] ScriptWarning: No class passed to 'new' operator
	UTProj_Stinger UDK-UDKUltimate.TheWorld:PersistentLevel.UTProj_Stinger_4
	Function UTGame.UTProjectile:CreateProjectileLight:003C
[0068.33] ScriptWarning: No class passed to 'new' operator
	UTProj_Stinger UDK-UDKUltimate.TheWorld:PersistentLevel.UTProj_Stinger_5
	Function UTGame.UTProjectile:CreateProjectileLight:003C
[0068.67] ScriptWarning: No class passed to 'new' operator
	UTProj_Stinger UDK-UDKUltimate.TheWorld:PersistentLevel.UTProj_Stinger_6
	Function UTGame.UTProjectile:CreateProjectileLight:003C
[0068.80] ScriptWarning: No class passed to 'new' operator
	UTProj_Stinger UDK-UDKUltimate.TheWorld:PersistentLevel.UTProj_Stinger_7
	Function UTGame.UTProjectile:CreateProjectileLight:003C
[0068.94] ScriptWarning: No class passed to 'new' operator
	UTProj_Stinger UDK-UDKUltimate.TheWorld:PersistentLevel.UTProj_Stinger_8
	Function UTGame.UTProjectile:CreateProjectileLight:003C
[0069.09] ScriptWarning: No class passed to 'new' operator
	UTProj_Stinger UDK-UDKUltimate.TheWorld:PersistentLevel.UTProj_Stinger_9
	Function UTGame.UTProjectile:CreateProjectileLight:003C
[0069.23] ScriptWarning: No class passed to 'new' operator
	UTProj_Stinger UDK-UDKUltimate.TheWorld:PersistentLevel.UTProj_Stinger_10
	Function UTGame.UTProjectile:CreateProjectileLight:003C
[0069.80] Log: UDKUltimatePawn_0 PLAYSOUND with no sound cue called from SpawnCopyFor
[0069.80] Log: Script call stack:
	Function Engine.PickupFactory:Pickup.Touch
	Function Engine.PickupFactory:GiveTo
	Function UTGame.UTAmmoPickupFactory:SpawnCopyFor

[0069.83] Log: UDKUltimatePawn_0 PLAYSOUND with no sound cue called from SpawnCopyFor
[0069.83] Log: Script call stack:
	Function Engine.PickupFactory:Pickup.Touch
	Function Engine.PickupFactory:GiveTo
	Function UTGame.UTAmmoPickupFactory:SpawnCopyFor

[0069.86] Log: UDKUltimatePawn_0 PLAYSOUND with no sound cue called from SpawnCopyFor
[0069.86] Log: Script call stack:
	Function Engine.PickupFactory:Pickup.Touch
	Function Engine.PickupFactory:GiveTo
	Function UTGame.UTAmmoPickupFactory:SpawnCopyFor

[0070.59] Log: ZELC: Component 'EditorMeshes.TexPropPlane' with Owner 'EditorMeshes.TexPropPlane' returned normal with incorrect length (0.000000).  ChkActor: UDKUltimatePawn_0
[0071.23] Log: UDKUltimatePawn_0 PLAYSOUND with no sound cue called from SpawnCopyFor
[0071.23] Log: Script call stack:
	Function Engine.PickupFactory:Pickup.Touch
	Function Engine.PickupFactory:GiveTo
	Function UTGame.UTAmmoPickupFactory:SpawnCopyFor

[0071.27] Log: UDKUltimatePawn_0 PLAYSOUND with no sound cue called from SpawnCopyFor
[0071.27] Log: Script call stack:
	Function Engine.PickupFactory:Pickup.Touch
	Function Engine.PickupFactory:GiveTo
	Function UTGame.UTAmmoPickupFactory:SpawnCopyFor

[0072.30] ScriptWarning: No class passed to 'new' operator
	UTProj_GOWSniper UDK-UDKUltimate.TheWorld:PersistentLevel.UTProj_GOWSniper_0
	Function UTGame.UTProjectile:CreateProjectileLight:003C
[0073.83] Log: ZELC: Component 'EditorMeshes.TexPropPlane' with Owner 'EditorMeshes.TexPropPlane' returned normal with incorrect length (0.000000).  ChkActor: UDKUltimatePawn_0
[0076.59] ScriptLog: UTPlayerController::QuitToMainMenu() - Online cleanup failed, finishing quit.
[0076.59] ScriptLog: ------ QUIT TO MAIN MENU --------
[0076.59] Log: Failed; returning to Entry
[0076.59] Log: LoadMap: UDKFrontEndMap?closed?name=Player?Team=255
[0076.61] ScriptWarning: Invalid user index (255) specified for ClearReadProfileSettingsCompleteDelegate()
	OnlineSubsystemPC Transient.OnlineSubsystemPC_0
	Function OnlineSubsystemPC.OnlineSubsystemPC:ClearReadProfileSettingsCompleteDelegate:00C2
[0076.61] Log: UPhysicsAssetInstance::InitInstance : No RBPhysScene: UDKUltimatePawn_1
[0076.61] ScriptWarning: Accessed None 'LeftHandIK'
	UDKUltimatePawn UDK-UDKUltimate.TheWorld:PersistentLevel.UDKUltimatePawn_1
	Function UTGame.UTPawn:SetHandIKEnabled:0066
[0076.61] ScriptWarning: Accessed None 'RightHandIK'
	UDKUltimatePawn UDK-UDKUltimate.TheWorld:PersistentLevel.UDKUltimatePawn_1
	Function UTGame.UTPawn:SetHandIKEnabled:008F
[0076.75] Log: 
[0076.75] DevMemory: Memory allocations reported by the OS: 473.75 MB (with 0.00 MB waste)
[0076.75] Log: Game class is 'UTEntryGame'
[0076.76] Log: Primary PhysX scene will be in software.
[0076.76] Log: Creating Primary PhysX Scene.
[0076.76] Log: Bringing World UDKFrontEndMap.TheWorld up for play (0) at 2023.05.21-13.17.17
[0076.76] Log: Bringing up level for play took: 0.007516
[0076.77] ScriptWarning: Accessed None 'Profile'
	UIDataStore_OnlinePlayerData Transient.DataStoreClient_0:UIDataStore_OnlinePlayerData_2
	Function Engine.UIDataStore_OnlinePlayerData:OnLoginChange:0134
[0076.77] ScriptWarning: Accessed None 'Profile'
	UIDataStore_OnlinePlayerData Transient.DataStoreClient_0:UIDataStore_OnlinePlayerData_2
	Function Engine.UIDataStore_OnlinePlayerData:OnLoginChange:0168
[0076.77] Log: ########### Finished loading level: 0.173518 seconds
[0082.56] ScriptLog: OnGameModeChange: UTGame.UTTeamGame, DefaultMap: UDK-UDKUltimate, UTGameSettingsTDM, DM
[0082.57] ScriptLog: GetImageMarkupByName( UDK-UDKUltimate )
[0085.69] ScriptLog: UTUIFrontEnd: Starting Game...open UDK-UDKUltimate?game=UTGame.UTTeamGame?MaxPlayers=16?MinNetPlayers=0?NumPublicConnections=16?NumPrivateConnections=0?NumOpenPublicConnections=0?NumOpenPrivateConnections=0?bShouldAdvertise=True?bIsLanMatch=False?bUsesStats=True?bAllowJoinInProgress=True?bAllowInvites=True?bUsesPresence=True?bAllowJoinViaPresence=True?bAllowJoinViaPresenceFriendsOnly=False?bUsesArbitration=False?bAntiCheatProtected=False?bIsDedicated=False?OwningPlayerName=?PingInMs=0?MatchQuality=0.000000?GameState=OGS_NoSession?GameMode=4?Difficulty=2?PureServer=1?LockedServer=0?Campaign=0?ForceRespawn=0?CustomMapName=?CustomGameMode=?GoalScore=30?TimeLimit=0?ServerDescription=?NumPlay=6?name=Player
[0085.70] Log: LoadMap: UDK-UDKUltimate?name=Player?Team=255?game=UTGame.UTTeamGame?MaxPlayers=16?MinNetPlayers=0?NumPublicConnections=16?NumPrivateConnections=0?NumOpenPublicConnections=0?NumOpenPrivateConnections=0?bShouldAdvertise=True?bIsLanMatch=False?bUsesStats=True?bAllowJoinInProgress=True?bAllowInvites=True?bUsesPresence=True?bAllowJoinViaPresence=True?bAllowJoinViaPresenceFriendsOnly=False?bUsesArbitration=False?bAntiCheatProtected=False?bIsDedicated=False?OwningPlayerName=?PingInMs=0?MatchQuality=0.000000?GameState=OGS_NoSession?GameMode=4?Difficulty=2?PureServer=1?LockedServer=0?Campaign=0?ForceRespawn=0?CustomMapName=?CustomGameMode=?GoalScore=30?TimeLimit=0?ServerDescription=?NumPlay=6
[0085.72] ScriptWarning: Invalid user index (255) specified for ClearReadProfileSettingsCompleteDelegate()
	OnlineSubsystemPC Transient.OnlineSubsystemPC_0
	Function OnlineSubsystemPC.OnlineSubsystemPC:ClearReadProfileSettingsCompleteDelegate:00C2
[0085.86] Log: 
[0085.86] DevMemory: Memory allocations reported by the OS: 479.79 MB (with 0.00 MB waste)
[0085.91] Log: Game class is 'UTTeamGame'
[0085.92] Log: Primary PhysX scene will be in software.
[0085.92] Log: Creating Primary PhysX Scene.
[0085.92] Log: Bringing World UDK-UDKUltimate.TheWorld up for play (0) at 2023.05.21-13.17.26
[0085.94] Log: Bringing up level for play took: 0.023210
[0085.94] ScriptWarning: Accessed None 'Profile'
	UIDataStore_OnlinePlayerData Transient.DataStoreClient_0:UIDataStore_OnlinePlayerData_3
	Function Engine.UIDataStore_OnlinePlayerData:OnLoginChange:0134
[0085.94] ScriptWarning: Accessed None 'Profile'
	UIDataStore_OnlinePlayerData Transient.DataStoreClient_0:UIDataStore_OnlinePlayerData_3
	Function Engine.UIDataStore_OnlinePlayerData:OnLoginChange:0168
[0085.95] ScriptWarning: Accessed None 'MapInfo'
	GFxMinimap Transient.UTGFxTeamHUD_2:GFxMinimap_2
	Function UTGame.GFxMinimap:Init:00F2
[0085.95] Log: ########### Finished loading level: 0.249418 seconds
[0086.01] ScriptWarning: Accessed None 'MapInfo'
	GFxMinimap Transient.UTGFxTeamHUD_3:GFxMinimap_3
	Function UTGame.GFxMinimap:Init:00F2
[0089.52] ScriptLog: UTPlayerController::QuitToMainMenu() - Online cleanup failed, finishing quit.
[0089.52] ScriptLog: ------ QUIT TO MAIN MENU --------
[0089.52] Log: Failed; returning to Entry
[0089.52] Log: LoadMap: UDKFrontEndMap?closed?name=Player?Team=255
[0089.53] ScriptWarning: Invalid user index (255) specified for ClearReadProfileSettingsCompleteDelegate()
	OnlineSubsystemPC Transient.OnlineSubsystemPC_0
	Function OnlineSubsystemPC.OnlineSubsystemPC:ClearReadProfileSettingsCompleteDelegate:00C2
[0089.67] Log: 
[0089.67] DevMemory: Memory allocations reported by the OS: 476.41 MB (with 0.00 MB waste)
[0089.68] Log: Game class is 'UTEntryGame'
[0089.68] Log: Primary PhysX scene will be in software.
[0089.68] Log: Creating Primary PhysX Scene.
[0089.68] Log: Bringing World UDKFrontEndMap.TheWorld up for play (0) at 2023.05.21-13.17.30
[0089.69] Log: Bringing up level for play took: 0.007994
[0089.69] ScriptWarning: Accessed None 'Profile'
	UIDataStore_OnlinePlayerData Transient.DataStoreClient_0:UIDataStore_OnlinePlayerData_4
	Function Engine.UIDataStore_OnlinePlayerData:OnLoginChange:0134
[0089.69] ScriptWarning: Accessed None 'Profile'
	UIDataStore_OnlinePlayerData Transient.DataStoreClient_0:UIDataStore_OnlinePlayerData_4
	Function Engine.UIDataStore_OnlinePlayerData:OnLoginChange:0168
[0089.69] Log: ########### Finished loading level: 0.167997 seconds
[0094.51] ScriptLog: OnGameModeChange: UTGame.UTDeathmatch, DefaultMap: UDK-UDKUltimate, UTgameSettingsDM, DM
[0094.51] ScriptLog: GetImageMarkupByName( UDK-UDKUltimate )
[0096.75] ScriptLog: OnGameModeChange: UTGame.UTTeamGame, DefaultMap: UDK-UDKUltimate, UTGameSettingsTDM, DM
[0096.75] ScriptLog: GetImageMarkupByName( UDK-UDKUltimate )
[0104.22] ScriptLog: UTUIFrontEnd: Starting Game...open DM-Deck?game=UTGame.UTTeamGame?MaxPlayers=16?MinNetPlayers=0?NumPublicConnections=16?NumPrivateConnections=0?NumOpenPublicConnections=0?NumOpenPrivateConnections=0?bShouldAdvertise=True?bIsLanMatch=False?bUsesStats=True?bAllowJoinInProgress=True?bAllowInvites=True?bUsesPresence=True?bAllowJoinViaPresence=True?bAllowJoinViaPresenceFriendsOnly=False?bUsesArbitration=False?bAntiCheatProtected=False?bIsDedicated=False?OwningPlayerName=?PingInMs=0?MatchQuality=0.000000?GameState=OGS_NoSession?GameMode=4?Difficulty=2?PureServer=1?LockedServer=0?Campaign=0?ForceRespawn=0?CustomMapName=?CustomGameMode=?GoalScore=30?TimeLimit=0?ServerDescription=?NumPlay=6?name=Player
[0104.22] Log: LoadMap: DM-Deck?name=Player?Team=255?game=UTGame.UTTeamGame?MaxPlayers=16?MinNetPlayers=0?NumPublicConnections=16?NumPrivateConnections=0?NumOpenPublicConnections=0?NumOpenPrivateConnections=0?bShouldAdvertise=True?bIsLanMatch=False?bUsesStats=True?bAllowJoinInProgress=True?bAllowInvites=True?bUsesPresence=True?bAllowJoinViaPresence=True?bAllowJoinViaPresenceFriendsOnly=False?bUsesArbitration=False?bAntiCheatProtected=False?bIsDedicated=False?OwningPlayerName=?PingInMs=0?MatchQuality=0.000000?GameState=OGS_NoSession?GameMode=4?Difficulty=2?PureServer=1?LockedServer=0?Campaign=0?ForceRespawn=0?CustomMapName=?CustomGameMode=?GoalScore=30?TimeLimit=0?ServerDescription=?NumPlay=6
[0104.25] ScriptWarning: Invalid user index (255) specified for ClearReadProfileSettingsCompleteDelegate()
	OnlineSubsystemPC Transient.OnlineSubsystemPC_0
	Function OnlineSubsystemPC.OnlineSubsystemPC:ClearReadProfileSettingsCompleteDelegate:00C2
[0104.38] Log: 
[0104.38] DevMemory: Memory allocations reported by the OS: 482.47 MB (with 0.00 MB waste)
[0104.92] Log: Game class is 'UTTeamGame'
[0106.32] Log: Primary PhysX scene will be in software.
[0106.32] Log: Creating Primary PhysX Scene.
[0106.35] Log: Bringing World DM-Deck.TheWorld up for play (0) at 2023.05.21-13.17.46
[0106.38] Log: Bringing up level for play took: 1.463361
[0106.39] ScriptWarning: Accessed None 'Profile'
	UIDataStore_OnlinePlayerData Transient.DataStoreClient_0:UIDataStore_OnlinePlayerData_5
	Function Engine.UIDataStore_OnlinePlayerData:OnLoginChange:0134
[0106.39] ScriptWarning: Accessed None 'Profile'
	UIDataStore_OnlinePlayerData Transient.DataStoreClient_0:UIDataStore_OnlinePlayerData_5
	Function Engine.UIDataStore_OnlinePlayerData:OnLoginChange:0168
[0106.39] Log: ########### Finished loading level: 2.174087 seconds
[0111.02] ScriptWarning: Unable to load first person arm material
	UTFamilyInfo_GOW_Marcus UTGame.Default__UTFamilyInfo_GOW_Marcus
	Function UTGame.UTFamilyInfo:GetFirstPersonArmsMaterial:00A2
[0111.02] ScriptWarning: Unable to load first person arm material
	UTFamilyInfo_GOW_Marcus UTGame.Default__UTFamilyInfo_GOW_Marcus
	Function UTGame.UTFamilyInfo:GetFirstPersonArmsMaterial:00A2
[0111.02] ScriptWarning: Accessed None 'LeftHandIK'
	UTPawn DM-Deck.TheWorld:PersistentLevel.UTPawn_0
	Function UTGame.UTPawn:SetHandIKEnabled:0066
[0111.02] ScriptWarning: Accessed None 'RightHandIK'
	UTPawn DM-Deck.TheWorld:PersistentLevel.UTPawn_0
	Function UTGame.UTPawn:SetHandIKEnabled:008F
[0111.02] ScriptWarning: Accessed None 'LeftHandIK'
	UTPawn DM-Deck.TheWorld:PersistentLevel.UTPawn_1
	Function UTGame.UTPawn:SetHandIKEnabled:0066
[0111.02] ScriptWarning: Accessed None 'RightHandIK'
	UTPawn DM-Deck.TheWorld:PersistentLevel.UTPawn_1
	Function UTGame.UTPawn:SetHandIKEnabled:008F
[0111.03] ScriptWarning: Accessed None 'LeftHandIK'
	UTPawn DM-Deck.TheWorld:PersistentLevel.UTPawn_2
	Function UTGame.UTPawn:SetHandIKEnabled:0066
[0111.03] ScriptWarning: Accessed None 'RightHandIK'
	UTPawn DM-Deck.TheWorld:PersistentLevel.UTPawn_2
	Function UTGame.UTPawn:SetHandIKEnabled:008F
[0111.03] ScriptWarning: Accessed None 'LeftHandIK'
	UTPawn DM-Deck.TheWorld:PersistentLevel.UTPawn_3
	Function UTGame.UTPawn:SetHandIKEnabled:0066
[0111.03] ScriptWarning: Accessed None 'RightHandIK'
	UTPawn DM-Deck.TheWorld:PersistentLevel.UTPawn_3
	Function UTGame.UTPawn:SetHandIKEnabled:008F
[0111.03] ScriptWarning: Accessed None 'LeftHandIK'
	UTPawn DM-Deck.TheWorld:PersistentLevel.UTPawn_4
	Function UTGame.UTPawn:SetHandIKEnabled:0066
[0111.03] ScriptWarning: Accessed None 'RightHandIK'
	UTPawn DM-Deck.TheWorld:PersistentLevel.UTPawn_4
	Function UTGame.UTPawn:SetHandIKEnabled:008F
[0111.03] ScriptWarning: Accessed None 'LeftHandIK'
	UTPawn DM-Deck.TheWorld:PersistentLevel.UTPawn_5
	Function UTGame.UTPawn:SetHandIKEnabled:0066
[0111.03] ScriptWarning: Accessed None 'RightHandIK'
	UTPawn DM-Deck.TheWorld:PersistentLevel.UTPawn_5
	Function UTGame.UTPawn:SetHandIKEnabled:008F
[0111.03] Error: Can't start an online game that hasn't been created
[0111.04] ScriptLog: START MATCH
[0111.04] ScriptLog: NO VALID MINIMAP INFO IN MAPINFO!!!
[0121.52] Log: UTPawn_2 PLAYSOUND with no sound cue called from SpawnCopyFor
[0121.52] Log: Script call stack:
	Function Engine.PickupFactory:Pickup.Touch
	Function Engine.PickupFactory:GiveTo
	Function UTGame.UTAmmoPickupFactory:SpawnCopyFor

[0121.70] Log: UTPawn_2 PLAYSOUND with no sound cue called from SpawnCopyFor
[0121.70] Log: Script call stack:
	Function Engine.PickupFactory:Pickup.Touch
	Function Engine.PickupFactory:GiveTo
	Function UTGame.UTAmmoPickupFactory:SpawnCopyFor

[0149.68] ScriptWarning: Accessed None 'LeftHandIK'
	UTPawn DM-Deck.TheWorld:PersistentLevel.UTPawn_0
	Function UTGame.UTPawn:SetHandIKEnabled:00BB
[0149.68] ScriptWarning: Accessed None 'RightHandIK'
	UTPawn DM-Deck.TheWorld:PersistentLevel.UTPawn_0
	Function UTGame.UTPawn:SetHandIKEnabled:00E4
[0163.27] ScriptLog: UTAchievements: Failed to read achievement stats from online subsystem
[0165.45] ScriptLog: UTPlayerController::QuitToMainMenu() - Online cleanup failed, finishing quit.
[0165.45] ScriptLog: ------ QUIT TO MAIN MENU --------
[0165.45] Log: Failed; returning to Entry
[0165.52] Log: LoadMap: UDKFrontEndMap?closed?name=Player?Team=255
[0165.57] ScriptWarning: Invalid user index (255) specified for ClearReadProfileSettingsCompleteDelegate()
	OnlineSubsystemPC Transient.OnlineSubsystemPC_0
	Function OnlineSubsystemPC.OnlineSubsystemPC:ClearReadProfileSettingsCompleteDelegate:00C2
[0165.59] Log: UPhysicsAssetInstance::InitInstance : No RBPhysScene: UTPawn_6
[0165.59] ScriptWarning: Accessed None 'LeftHandIK'
	UTPawn DM-Deck.TheWorld:PersistentLevel.UTPawn_6
	Function UTGame.UTPawn:SetHandIKEnabled:0066
[0165.59] ScriptWarning: Accessed None 'RightHandIK'
	UTPawn DM-Deck.TheWorld:PersistentLevel.UTPawn_6
	Function UTGame.UTPawn:SetHandIKEnabled:008F
[0166.06] Log: 
[0166.06] DevMemory: Memory allocations reported by the OS: 652.01 MB (with 0.00 MB waste)
[0166.08] Log: Game class is 'UTEntryGame'
[0166.10] Log: Primary PhysX scene will be in software.
[0166.10] Log: Creating Primary PhysX Scene.
[0166.11] Log: Bringing World UDKFrontEndMap.TheWorld up for play (0) at 2023.05.21-13.18.46
[0166.11] Log: Bringing up level for play took: 0.024403
[0166.11] ScriptWarning: Accessed None 'Profile'
	UIDataStore_OnlinePlayerData Transient.DataStoreClient_0:UIDataStore_OnlinePlayerData_6
	Function Engine.UIDataStore_OnlinePlayerData:OnLoginChange:0134
[0166.11] ScriptWarning: Accessed None 'Profile'
	UIDataStore_OnlinePlayerData Transient.DataStoreClient_0:UIDataStore_OnlinePlayerData_6
	Function Engine.UIDataStore_OnlinePlayerData:OnLoginChange:0168
[0166.11] Log: ########### Finished loading level: 0.585761 seconds
[0169.82] ScriptLog: OnGameModeChange: UTGame.UTDeathmatch, DefaultMap: UDK-UDKUltimate, UTgameSettingsDM, DM
[0169.82] ScriptLog: GetImageMarkupByName( UDK-UDKUltimate )
[0176.54] ScriptLog: UTUIFrontEnd: Starting Game...open DM-Deck?game=UTGame.UTDeathmatch?MaxPlayers=16?MinNetPlayers=0?NumPublicConnections=16?NumPrivateConnections=0?NumOpenPublicConnections=0?NumOpenPrivateConnections=0?bShouldAdvertise=True?bIsLanMatch=False?bUsesStats=True?bAllowJoinInProgress=True?bAllowInvites=True?bUsesPresence=True?bAllowJoinViaPresence=True?bAllowJoinViaPresenceFriendsOnly=False?bUsesArbitration=False?bAntiCheatProtected=False?bIsDedicated=False?OwningPlayerName=?PingInMs=0?MatchQuality=0.000000?GameState=OGS_NoSession?GameMode=0?Difficulty=2?PureServer=1?LockedServer=0?Campaign=0?ForceRespawn=0?CustomMapName=?CustomGameMode=?GoalScore=30?TimeLimit=0?ServerDescription=?NumPlay=6?name=Player
[0176.55] Log: LoadMap: DM-Deck?name=Player?Team=255?game=UTGame.UTDeathmatch?MaxPlayers=16?MinNetPlayers=0?NumPublicConnections=16?NumPrivateConnections=0?NumOpenPublicConnections=0?NumOpenPrivateConnections=0?bShouldAdvertise=True?bIsLanMatch=False?bUsesStats=True?bAllowJoinInProgress=True?bAllowInvites=True?bUsesPresence=True?bAllowJoinViaPresence=True?bAllowJoinViaPresenceFriendsOnly=False?bUsesArbitration=False?bAntiCheatProtected=False?bIsDedicated=False?OwningPlayerName=?PingInMs=0?MatchQuality=0.000000?GameState=OGS_NoSession?GameMode=0?Difficulty=2?PureServer=1?LockedServer=0?Campaign=0?ForceRespawn=0?CustomMapName=?CustomGameMode=?GoalScore=30?TimeLimit=0?ServerDescription=?NumPlay=6
[0176.57] ScriptWarning: Invalid user index (255) specified for ClearReadProfileSettingsCompleteDelegate()
	OnlineSubsystemPC Transient.OnlineSubsystemPC_0
	Function OnlineSubsystemPC.OnlineSubsystemPC:ClearReadProfileSettingsCompleteDelegate:00C2
[0176.71] Log: 
[0176.71] DevMemory: Memory allocations reported by the OS: 612.03 MB (with 0.00 MB waste)
[0177.23] Log: Game class is 'UTDeathmatch'
[0178.31] Log: Primary PhysX scene will be in software.
[0178.31] Log: Creating Primary PhysX Scene.
[0178.35] Log: Bringing World DM-Deck.TheWorld up for play (0) at 2023.05.21-13.18.58
[0178.38] Log: Bringing up level for play took: 1.144639
[0178.38] ScriptWarning: Accessed None 'Profile'
	UIDataStore_OnlinePlayerData Transient.DataStoreClient_0:UIDataStore_OnlinePlayerData_7
	Function Engine.UIDataStore_OnlinePlayerData:OnLoginChange:0134
[0178.38] ScriptWarning: Accessed None 'Profile'
	UIDataStore_OnlinePlayerData Transient.DataStoreClient_0:UIDataStore_OnlinePlayerData_7
	Function Engine.UIDataStore_OnlinePlayerData:OnLoginChange:0168
[0178.38] Log: ########### Finished loading level: 1.835686 seconds
[0183.01] ScriptWarning: Accessed None 'LeftHandIK'
	UTPawn DM-Deck.TheWorld:PersistentLevel.UTPawn_7
	Function UTGame.UTPawn:SetHandIKEnabled:0066
[0183.01] ScriptWarning: Accessed None 'RightHandIK'
	UTPawn DM-Deck.TheWorld:PersistentLevel.UTPawn_7
	Function UTGame.UTPawn:SetHandIKEnabled:008F
[0183.01] ScriptWarning: Accessed None 'LeftHandIK'
	UTPawn DM-Deck.TheWorld:PersistentLevel.UTPawn_8
	Function UTGame.UTPawn:SetHandIKEnabled:0066
[0183.02] ScriptWarning: Accessed None 'RightHandIK'
	UTPawn DM-Deck.TheWorld:PersistentLevel.UTPawn_8
	Function UTGame.UTPawn:SetHandIKEnabled:008F
[0183.02] ScriptWarning: Accessed None 'LeftHandIK'
	UTPawn DM-Deck.TheWorld:PersistentLevel.UTPawn_9
	Function UTGame.UTPawn:SetHandIKEnabled:0066
[0183.02] ScriptWarning: Accessed None 'RightHandIK'
	UTPawn DM-Deck.TheWorld:PersistentLevel.UTPawn_9
	Function UTGame.UTPawn:SetHandIKEnabled:008F
[0183.02] ScriptWarning: Accessed None 'LeftHandIK'
	UTPawn DM-Deck.TheWorld:PersistentLevel.UTPawn_10
	Function UTGame.UTPawn:SetHandIKEnabled:0066
[0183.02] ScriptWarning: Accessed None 'RightHandIK'
	UTPawn DM-Deck.TheWorld:PersistentLevel.UTPawn_10
	Function UTGame.UTPawn:SetHandIKEnabled:008F
[0183.02] ScriptWarning: Accessed None 'LeftHandIK'
	UTPawn DM-Deck.TheWorld:PersistentLevel.UTPawn_11
	Function UTGame.UTPawn:SetHandIKEnabled:0066
[0183.02] ScriptWarning: Accessed None 'RightHandIK'
	UTPawn DM-Deck.TheWorld:PersistentLevel.UTPawn_11
	Function UTGame.UTPawn:SetHandIKEnabled:008F
[0183.03] ScriptWarning: Accessed None 'LeftHandIK'
	UTPawn DM-Deck.TheWorld:PersistentLevel.UTPawn_12
	Function UTGame.UTPawn:SetHandIKEnabled:0066
[0183.03] ScriptWarning: Accessed None 'RightHandIK'
	UTPawn DM-Deck.TheWorld:PersistentLevel.UTPawn_12
	Function UTGame.UTPawn:SetHandIKEnabled:008F
[0183.03] Error: Can't start an online game that hasn't been created
[0183.03] ScriptLog: START MATCH
[0183.03] ScriptLog: NO VALID MINIMAP INFO IN MAPINFO!!!
[0189.66] ScriptWarning: Accessed None 'LeftHandIK'
	UTPawn DM-Deck.TheWorld:PersistentLevel.UTPawn_8
	Function UTGame.UTPawn:SetHandIKEnabled:00BB
[0189.66] ScriptWarning: Accessed None 'RightHandIK'
	UTPawn DM-Deck.TheWorld:PersistentLevel.UTPawn_8
	Function UTGame.UTPawn:SetHandIKEnabled:00E4
[0192.31] ScriptWarning: Accessed None 'LeftHandIK'
	UTPawn DM-Deck.TheWorld:PersistentLevel.UTPawn_13
	Function UTGame.UTPawn:SetHandIKEnabled:0066
[0192.31] ScriptWarning: Accessed None 'RightHandIK'
	UTPawn DM-Deck.TheWorld:PersistentLevel.UTPawn_13
	Function UTGame.UTPawn:SetHandIKEnabled:008F
[0194.28] ScriptWarning: Accessed None 'LeftHandIK'
	UTPawn DM-Deck.TheWorld:PersistentLevel.UTPawn_7
	Function UTGame.UTPawn:SetHandIKEnabled:00BB
[0194.28] ScriptWarning: Accessed None 'RightHandIK'
	UTPawn DM-Deck.TheWorld:PersistentLevel.UTPawn_7
	Function UTGame.UTPawn:SetHandIKEnabled:00E4
[0194.90] ScriptWarning: Accessed None 'LeftHandIK'
	UTPawn DM-Deck.TheWorld:PersistentLevel.UTPawn_10
	Function UTGame.UTPawn:SetHandIKEnabled:00BB
[0194.90] ScriptWarning: Accessed None 'RightHandIK'
	UTPawn DM-Deck.TheWorld:PersistentLevel.UTPawn_10
	Function UTGame.UTPawn:SetHandIKEnabled:00E4
[0195.94] ScriptWarning: Accessed None 'LeftHandIK'
	UTPawn DM-Deck.TheWorld:PersistentLevel.UTPawn_14
	Function UTGame.UTPawn:SetHandIKEnabled:0066
[0195.94] ScriptWarning: Accessed None 'RightHandIK'
	UTPawn DM-Deck.TheWorld:PersistentLevel.UTPawn_14
	Function UTGame.UTPawn:SetHandIKEnabled:008F
[0196.38] Log: UTPawn_11 PLAYSOUND with no sound cue called from SpawnCopyFor
[0196.38] Log: Script call stack:
	Function Engine.PickupFactory:Pickup.Touch
	Function Engine.PickupFactory:GiveTo
	Function UTGame.UTAmmoPickupFactory:SpawnCopyFor

[0196.56] Log: UTPawn_11 PLAYSOUND with no sound cue called from SpawnCopyFor
[0196.56] Log: Script call stack:
	Function Engine.PickupFactory:Pickup.Touch
	Function Engine.PickupFactory:GiveTo
	Function UTGame.UTAmmoPickupFactory:SpawnCopyFor

[0197.19] ScriptWarning: Accessed None 'LeftHandIK'
	UTPawn DM-Deck.TheWorld:PersistentLevel.UTPawn_15
	Function UTGame.UTPawn:SetHandIKEnabled:0066
[0197.19] ScriptWarning: Accessed None 'RightHandIK'
	UTPawn DM-Deck.TheWorld:PersistentLevel.UTPawn_15
	Function UTGame.UTPawn:SetHandIKEnabled:008F
[0201.63] ScriptWarning: Accessed None 'LeftHandIK'
	UTPawn DM-Deck.TheWorld:PersistentLevel.UTPawn_16
	Function UTGame.UTPawn:SetHandIKEnabled:0066
[0201.63] ScriptWarning: Accessed None 'RightHandIK'
	UTPawn DM-Deck.TheWorld:PersistentLevel.UTPawn_16
	Function UTGame.UTPawn:SetHandIKEnabled:008F
[0204.10] ScriptLog: UTAchievements: Failed to read achievement stats from online subsystem
[0205.95] ScriptWarning: Accessed None 'LeftHandIK'
	UTPawn DM-Deck.TheWorld:PersistentLevel.UTPawn_17
	Function UTGame.UTPawn:SetHandIKEnabled:0066
[0205.95] ScriptWarning: Accessed None 'RightHandIK'
	UTPawn DM-Deck.TheWorld:PersistentLevel.UTPawn_17
	Function UTGame.UTPawn:SetHandIKEnabled:008F
[0209.00] ScriptWarning: Accessed None 'LeftHandIK'
	UTPawn DM-Deck.TheWorld:PersistentLevel.UTPawn_18
	Function UTGame.UTPawn:SetHandIKEnabled:0066
[0209.00] ScriptWarning: Accessed None 'RightHandIK'
	UTPawn DM-Deck.TheWorld:PersistentLevel.UTPawn_18
	Function UTGame.UTPawn:SetHandIKEnabled:008F
[0212.80] ScriptWarning: Accessed None 'LeftHandIK'
	UTPawn DM-Deck.TheWorld:PersistentLevel.UTPawn_9
	Function UTGame.UTPawn:SetHandIKEnabled:00BB
[0212.80] ScriptWarning: Accessed None 'RightHandIK'
	UTPawn DM-Deck.TheWorld:PersistentLevel.UTPawn_9
	Function UTGame.UTPawn:SetHandIKEnabled:00E4
[0214.90] ScriptWarning: Accessed None 'LeftHandIK'
	UTPawn DM-Deck.TheWorld:PersistentLevel.UTPawn_19
	Function UTGame.UTPawn:SetHandIKEnabled:0066
[0214.90] ScriptWarning: Accessed None 'RightHandIK'
	UTPawn DM-Deck.TheWorld:PersistentLevel.UTPawn_19
	Function UTGame.UTPawn:SetHandIKEnabled:008F
[0223.41] ScriptWarning: Accessed None 'LeftHandIK'
	UTPawn DM-Deck.TheWorld:PersistentLevel.UTPawn_13
	Function UTGame.UTPawn:SetHandIKEnabled:00BB
[0223.41] ScriptWarning: Accessed None 'RightHandIK'
	UTPawn DM-Deck.TheWorld:PersistentLevel.UTPawn_13
	Function UTGame.UTPawn:SetHandIKEnabled:00E4
[0224.40] ScriptWarning: Accessed None 'LeftHandIK'
	UTPawn DM-Deck.TheWorld:PersistentLevel.UTPawn_20
	Function UTGame.UTPawn:SetHandIKEnabled:0066
[0224.40] ScriptWarning: Accessed None 'RightHandIK'
	UTPawn DM-Deck.TheWorld:PersistentLevel.UTPawn_20
	Function UTGame.UTPawn:SetHandIKEnabled:008F
[0227.41] Log: Assembled 440 auto-complete commands, manual: 89, exec: 274, kismet: 5
[0228.19] Log: Closing by request
[0228.20] Log: appRequestExit(0)
[0228.31] ScriptWarning: Invalid user index (255) specified for ClearReadProfileSettingsCompleteDelegate()
	OnlineSubsystemPC Transient.OnlineSubsystemPC_0
	Function OnlineSubsystemPC.OnlineSubsystemPC:ClearReadProfileSettingsCompleteDelegate:00C2
[0228.33] Exit: Preparing to exit.
[0228.43] Exit: Game engine shut down
[0229.80] Exit: Windows client shut down
[0229.81] Exit: XAudio2 Device shut down.
[0229.91] Exit: Object subsystem successfully closed.
[0229.91] Log: Shutting down FaceFX...
[0229.91] Log: FaceFX shutdown.
[0229.95] DevDataBase: Spent 18.769111 seconds communicating with "Provider=sqloledb;Data Source=production-db;Initial Catalog=EngineTaskPerf;Trusted_Connection=Yes;Connection Timeout=2" or "10.1.20.20"
[0229.95] Exit: Exiting.
[0229.95] Log: Log file closed, 05/21/23 13:19:50
