Log: Log file open, 05/22/23 15:31:17
Init: WinSock: version 1.1 (2.2), MaxSocks=32767, MaxUdp=65467
Init: Version: 8364
Init: Epic Internal: 0
Init: Compiled (64-bit): May 21 2023 21:56:09
Init: Changelist: 871961
Init: Command line: editor 
Init: Base directory: d:\projects\Duke2003\Binaries\Win64\
DevConfig: GConfig::LoadFile has loaded file:  ..\..\UDKGame\Config\UDKEditor.ini
DevConfig: GConfig::LoadFile has loaded file:  ..\..\UDKGame\Config\UDKEditorUserSettings.ini
DevConfig: GConfig::LoadFile associated file:  ..\..\UDKGame\Config\UDKCompat.ini
DevConfig: GConfig::LoadFile has loaded file:  ..\..\UDKGame\Config\UDKLightmass.ini
DevConfig: GConfig::LoadFile has loaded file:  ..\..\UDKGame\Config\UDKEngine.ini
DevConfig: GConfig::LoadFile has loaded file:  ..\..\UDKGame\Config\UDKGame.ini
DevConfig: GConfig::LoadFile has loaded file:  ..\..\UDKGame\Config\UDKInput.ini
DevConfig: GConfig::LoadFile has loaded file:  ..\..\UDKGame\Config\UDKUI.ini
[0000.56] Init: Computer: JUSTIN-MAINPC
[0000.56] Init: User: justi
[0000.57] Init: CPU Page size=4096, Processors=32
[0000.57] Init: High frequency timer resolution =10.000000 MHz
[0000.57] Init: Memory total: Physical=63.1GB Pagefile=84.1GB Virtual=131072.0GB
[0000.57] DevStats: GSecondsPerCycle 1.000000e-007
[0000.61] Init: WinSock: I am justin-mainpc (192.168.1.4:0)
[0000.62] Init: Presizing for 0 objects not considered by GC, pre-allocating 0 bytes.
[0000.62] Init: Object subsystem initialized
[0000.62] DevSave: (System) 'Default__System' loading configuration from ..\..\UDKGame\Config\UDKEngine.ini
[0000.62] DevSave:    Loading value for SeekFreePCPaths from [Core.System]
[0000.62] DevSave:    Loading value for SeekFreePCExtensions from [Core.System]
[0000.62] DevSave:    Loading value for CutdownPaths from [Core.System]
[0000.62] DevSave:    Loading value for LocalizationPaths from [Core.System]
[0000.62] DevSave:    Loading value for TextureFileCacheExtension from [Core.System]
[0000.62] DevSave:    Loading value for Extensions from [Core.System]
[0000.62] DevSave:    Loading value for Suppress from [Core.System]
[0000.62] DevSave:    Loading value for FRScriptPaths from [Core.System]
[0000.62] DevSave:    Loading value for ScriptPaths from [Core.System]
[0000.62] DevSave:    Loading value for Paths from [Core.System]
[0000.62] DevSave:    Loading value for ScreenShotPath from [Core.System]
[0000.62] DevSave:    Loading value for CacheExt from [Core.System]
[0000.62] DevSave:    Loading value for CachePath from [Core.System]
[0000.62] DevSave:    Loading value for SavePath from [Core.System]
[0000.62] DevSave:    Loading value for AsyncIOBandwidthLimit from [Core.System]
[0000.62] DevSave:    Loading value for PackageSizeSoftLimit from [Core.System]
[0000.62] DevSave:    Loading value for MaxOverallCacheSize from [Core.System]
[0000.62] DevSave:    Loading value for MaxStaleCacheSize from [Core.System]
[0000.62] DevSave:    Loading value for StaleCacheDays from [Core.System]
[0019.31] DevDataBase: Failure trying to open connection [Provider=sqloledb;Data Source=production-db;Initial Catalog=EngineTaskPerf;Trusted_Connection=Yes;Connection Timeout=2] [Invalid connection string attribute]
[0019.31] DevDataBase: Connection to "Provider=sqloledb;Data Source=production-db;Initial Catalog=EngineTaskPerf;Trusted_Connection=Yes;Connection Timeout=2" or "10.1.20.20" failed
[0019.31] DevDataBase: Failure closing connection [Operation is not allowed when the object is closed.]
[0019.38] Log: Shader platform (RHI): PC-D3D-SM3
[0019.54] Log: PhysX GPU Support: DISABLED
[0019.55] Init: Initializing FaceFX...
[0019.55] Init: FaceFX 1.7.4 initialized.
[0021.54] Log: Missing cached shader map for material Duke_Hand_Material, compiling.
[0022.06] Log: Missing cached shader map for material Master_Weapon_Shader, compiling.
[0022.23] Init: Finished loading startup packages in 2.52 seconds
[0022.24] Log: 76367 objects as part of root set at end of initial load.
[0022.24] Log: 0 out of 0 bytes used by permanent object pool.
[0022.25] Log: Supported Consoles:
[0022.25] Log:   PC
[0022.25] Log: Initializing Engine...
[0022.30] Log: Encountered missing default brush - spawning new one
[0022.30] Init: UEngine initialized
[0022.30] Log: Primary PhysX scene will be in software.
[0022.30] Log: Creating Primary PhysX Scene.
[0022.32] Init: Transaction tracking system initialized
[0022.76] Init: XAudio2 using 'Speakers (High Definition Audio Device)' : 2 channels at 48 kHz using 32 bits per sample (channel mask 0x3)
[0022.77] Log: Working around XDK XAudio2 regression: TRUE
[0022.78] Init: XAudio2Device initialized.
[0023.24] Init: Client initialized
[0023.24] Init: Editor engine initialized
[0023.32] Log: Initializing Engine Completed
[0023.32] Log: >>>>>>>>>>>>>> Initial startup: 23.32s <<<<<<<<<<<<<<<
[0023.44] Cmd: MODE MAPEXT=udk
[0023.51] SourceControl: Source Control disabled in UDKEditorUserSettings.ini.  [SourceControl] has Disabled=True
[0023.52] SourceControl: Source Control disabled in UDKEditorUserSettings.ini.  [SourceControl] has Disabled=True
[0024.42] Log: Found D3D11 adapter 0: NVIDIA GeForce RTX 4090
[0024.42] Log: Adapter has 24156MB of dedicated video memory, 0MB of dedicated system memory, and 32331MB of shared system memory
[0024.46] Log: Found D3D11 adapter 1: Microsoft Basic Render Driver
[0024.46] Log: Adapter has 0MB of dedicated video memory, 0MB of dedicated system memory, and 32331MB of shared system memory
[0027.51] Cmd: MAP LOAD FILE="..\..\UDKGame\Content\Maps\Templates\Template_MidDay.umap"
[0027.77] Log: Encountered missing default brush - spawning new one
[0028.29] Log: New File, Existing Package (Package Untitled_2, Package Template_MidDay)
[0028.38] Log: -- Checking Building LODs
[0028.38] Log: Primary PhysX scene will be in software.
[0028.39] Log: Creating Primary PhysX Scene.
[0028.39] Log: Finished looking for orphan Actors (0.003 secs)
[0028.40] Cmd: MAP CHECKDEP DONTCLEARMESSAGES
[0028.44] Log: TIMER ALL OF INIT : [8.873761]
[0043.60] Cmd: MAP LOAD FILE="D:\projects\Duke2003\UDKGame\Content\Maps\DukeForever\z1l2.udk"
[0043.64] Log: Encountered missing default brush - spawning new one
[0044.42] Log: Missing cached shader map for material dcasino_logos_dcaslogo1RC_Mat, compiling.
[0044.58] Log: Missing cached shader map for material dcasino_walls_dcaswallbotm6RC_Mat, compiling.
[0044.71] Log: Missing cached shader map for material airforcebase_pavement_tarmack3aRC_Mat, compiling.
[0044.84] Log: Missing cached shader map for material airforcebase_sets_exbldBac1bRC_Mat, compiling.
[0044.97] Log: Missing cached shader map for material dcasino_doors_dcasdoors1RC_Mat, compiling.
[0045.10] Log: Missing cached shader map for material Penthouse_exterior_pentextbuild22R_Mat, compiling.
[0045.23] Log: Missing cached shader map for material Penthouse_library_pentlibwall2RC_Mat, compiling.
[0045.36] Log: Missing cached shader map for material Penthouse_marble_pentmarstair1aR_Mat, compiling.
[0045.49] Log: Missing cached shader map for material Penthouse_Pool_pentpool1aRC_Mat, compiling.
[0045.63] Log: Missing cached shader map for material Penthouse_Pool_pentpool1fRC_Mat, compiling.
[0045.75] Log: Missing cached shader map for material Penthouse_trim_penttrim8RC_Mat, compiling.
[0045.88] Log: Missing cached shader map for material stratosfear_walls_strwall4RC_Mat, compiling.
[0046.01] Log: Missing cached shader map for material Streets_City_Street_gen3lane1RC_Mat, compiling.
[0046.13] Log: Missing cached shader map for material t_generic_Water_genwater2RC_Mat, compiling.
[0046.33] Log: Missing cached shader map for material vegas_casino1_cieling1FBC_Mat, compiling.
[0046.45] Log: Missing cached shader map for material vegas_casino1_dukesym3BC_Mat, compiling.
[0046.58] Log: Missing cached shader map for material vegas_casino1_genericgold1BC_Mat, compiling.
[0046.71] Log: Missing cached shader map for material vegas_casinos_ext_vegwallnight1RC_Mat, compiling.
[0046.83] Log: Missing cached shader map for material vegas_furniture_vegblackj1aRC_Mat, compiling.
[0046.97] Log: Missing cached shader map for material vegas_plants_bush2aRC_Mat, compiling.
[0047.09] Log: Missing cached shader map for material Starbsrt_Mat, compiling.
[0047.89] Log: -- Checking Building LODs
[0047.90] Log: Primary PhysX scene will be in software.
[0047.90] Log: Creating Primary PhysX Scene.
[0047.91] Log: Finished looking for orphan Actors (0.005 secs)
[0047.96] Cmd: MAP CHECKDEP DONTCLEARMESSAGES
[0060.46] Log: 
==== Worlds needing PIE Save:
[0060.46] Log: z1l2
[0060.46] Log: ==== 1 total
[0060.51] Log: Built Phys StaticMesh Cache: 7.093 ms
[0060.51] Log: COOKEDPHYSICS: 0 TriMeshes (0.000000 KB), 2 Convex Hulls (5.746094 KB) - Total 5.746094 KB
[0060.79] Log: COOKEDPHYSICS: BSP 635.47 KB
[0061.99] Log: Save=1480.563500
[0061.99] Log: Moving 'd:\projects\Duke2003\Binaries\Win64\..\..\UDKGame\Autosaves\UEDPIEz1l2_save.tmp' to 'd:\projects\Duke2003\Binaries\Win64\..\..\UDKGame\Autosaves\UEDPIEz1l2.udk'
[0062.01] Cmd: MAP LOAD PLAYWORLD=1 FILE="d:\projects\Duke2003\Binaries\Win64\..\..\UDKGame\Autosaves\UEDPIEz1l2.udk"
[0062.59] Log: Finished looking for orphan Actors (0.005 secs)
[0062.59] Log: Game class is 'dnSinglePlayer'
[0062.61] Log: Primary PhysX scene will be in software.
[0062.61] Log: Creating Primary PhysX Scene.
[0062.62] Log: *** WARNING - PATHS MAY NOT BE VALID ***
[0062.62] Log: Bringing World UEDPIEz1l2.TheWorld up for play (0) at 2023.05.22-15.32.19
[0062.64] Log: Bringing up level for play took: 0.047750
[0063.05] ScriptWarning: Accessed None 'MapInfo'
	GFxMinimap Transient.GFxMinimapHud_0:GFxMinimap_0
	Function UTGame.GFxMinimap:Init:00F2
[0063.05] ScriptWarning: Accessed None 'OnlineSub'
	dnPlayerController UEDPIEz1l2.TheWorld:PersistentLevel.dnPlayerController_0
	Function UTGame.UTPlayerController:ClientSetOnlineStatus:0033
[0063.05] ScriptWarning: Accessed None 'OnlineSub'
	dnPlayerController UEDPIEz1l2.TheWorld:PersistentLevel.dnPlayerController_0
	Function UTGame.UTPlayerController:ClientSetOnlineStatus:02D1
[0063.06] ScriptWarning: Accessed None
	dnPlayerController UEDPIEz1l2.TheWorld:PersistentLevel.dnPlayerController_0
	Function UTGame.UTPlayerController:ClientSetOnlineStatus:02E5
[0063.06] Log: PIE: play in editor start time for UEDPIEz1l2 2.809
[0063.07] ScriptWarning: Accessed None 'MapInfo'
	GFxMinimap Transient.GFxMinimapHud_1:GFxMinimap_1
	Function UTGame.GFxMinimap:Init:00F2
[0063.11] ScriptWarning: Accessed None 'LeftHandIK'
	PlayerPawn UEDPIEz1l2.TheWorld:PersistentLevel.PlayerPawn_0
	Function UTGame.UTPawn:SetHandIKEnabled:0066
[0063.11] ScriptWarning: Accessed None 'RightHandIK'
	PlayerPawn UEDPIEz1l2.TheWorld:PersistentLevel.PlayerPawn_0
	Function UTGame.UTPawn:SetHandIKEnabled:008F
[0063.11] Cmd: SETSOUNDMODE Default
[0063.11] ScriptLog: START MATCH
[0063.13] ScriptWarning: Accessed None 'MapInfo'
	GFxMinimap Transient.GFxMinimapHud_1:GFxMinimap_1
	Function UTGame.GFxMinimap:UpdateData:0015
[0065.17] Cmd: onrelease ShowMenu
[0065.18] ScriptWarning: Accessed None 'ViewportClient'
	dnPlayerController UEDPIEz1l2.TheWorld:PersistentLevel.dnPlayerController_0
	Function UTGame.UTPlayerController:Destroyed:0041
[0065.19] ScriptWarning: Accessed None 'LeftHandIK'
	PlayerPawn UEDPIEz1l2.TheWorld:PersistentLevel.PlayerPawn_0
	Function UTGame.UTPawn:SetHandIKEnabled:00BB
[0065.19] ScriptWarning: Accessed None 'RightHandIK'
	PlayerPawn UEDPIEz1l2.TheWorld:PersistentLevel.PlayerPawn_0
	Function UTGame.UTPawn:SetHandIKEnabled:00E4
[0164.77] Exit: Preparing to exit.
[0164.89] Exit: Editor shut down
[0164.89] Exit: Transaction tracking system shut down
[0165.07] Exit: Windows client shut down
[0165.07] Exit: XAudio2 Device shut down.
[0165.18] Exit: Object subsystem successfully closed.
[0165.19] Log: Shutting down FaceFX...
[0165.19] Log: FaceFX shutdown.
[0165.22] DevDataBase: Spent 18.682137 seconds communicating with "Provider=sqloledb;Data Source=production-db;Initial Catalog=EngineTaskPerf;Trusted_Connection=Yes;Connection Timeout=2" or "10.1.20.20"
[0165.23] Exit: Exiting.
[0165.23] Log: Log file closed, 05/22/23 15:34:01
