Log: Log file open, 05/21/23 20:46:10
Init: WinSock: version 1.1 (2.2), MaxSocks=32767, MaxUdp=65467
Init: Version: 8364
Init: Epic Internal: 0
Init: Compiled (64-bit): May 21 2023 13:02:35
Init: Changelist: 871961
Init: Command line: editor 
Init: Base directory: d:\projects\Duke2003\Binaries\Win64\
DevConfig: GConfig::LoadFile has loaded file:  ..\..\UDKGame\Config\UDKEditor.ini
DevConfig: GConfig::LoadFile has loaded file:  ..\..\UDKGame\Config\UDKEditorUserSettings.ini
DevConfig: GConfig::LoadFile associated file:  ..\..\UDKGame\Config\UDKCompat.ini
DevConfig: GConfig::LoadFile has loaded file:  ..\..\UDKGame\Config\UDKLightmass.ini
DevConfig: GConfig::LoadFile has loaded file:  ..\..\UDKGame\Config\UDKEngine.ini
DevConfig: GConfig::LoadFile has loaded file:  ..\..\UDKGame\Config\UDKGame.ini
DevConfig: GConfig::LoadFile has loaded file:  ..\..\UDKGame\Config\UDKInput.ini
DevConfig: GConfig::LoadFile has loaded file:  ..\..\UDKGame\Config\UDKUI.ini
[0000.55] Init: Computer: JUSTIN-MAINPC
[0000.55] Init: User: justi
[0000.55] Init: CPU Page size=4096, Processors=32
[0000.55] Init: High frequency timer resolution =10.000000 MHz
[0000.55] Init: Memory total: Physical=63.1GB Pagefile=84.1GB Virtual=131072.0GB
[0000.55] DevStats: GSecondsPerCycle 1.000000e-007
[0000.59] Init: WinSock: I am justin-mainpc (192.168.1.4:0)
[0000.59] Init: Presizing for 0 objects not considered by GC, pre-allocating 0 bytes.
[0000.59] Init: Object subsystem initialized
[0000.59] DevSave: (System) 'Default__System' loading configuration from ..\..\UDKGame\Config\UDKEngine.ini
[0000.59] DevSave:    Loading value for SeekFreePCPaths from [Core.System]
[0000.59] DevSave:    Loading value for SeekFreePCExtensions from [Core.System]
[0000.59] DevSave:    Loading value for CutdownPaths from [Core.System]
[0000.59] DevSave:    Loading value for LocalizationPaths from [Core.System]
[0000.59] DevSave:    Loading value for TextureFileCacheExtension from [Core.System]
[0000.59] DevSave:    Loading value for Extensions from [Core.System]
[0000.59] DevSave:    Loading value for Suppress from [Core.System]
[0000.59] DevSave:    Loading value for FRScriptPaths from [Core.System]
[0000.59] DevSave:    Loading value for ScriptPaths from [Core.System]
[0000.60] DevSave:    Loading value for Paths from [Core.System]
[0000.60] DevSave:    Loading value for ScreenShotPath from [Core.System]
[0000.60] DevSave:    Loading value for CacheExt from [Core.System]
[0000.60] DevSave:    Loading value for CachePath from [Core.System]
[0000.60] DevSave:    Loading value for SavePath from [Core.System]
[0000.60] DevSave:    Loading value for AsyncIOBandwidthLimit from [Core.System]
[0000.60] DevSave:    Loading value for PackageSizeSoftLimit from [Core.System]
[0000.60] DevSave:    Loading value for MaxOverallCacheSize from [Core.System]
[0000.60] DevSave:    Loading value for MaxStaleCacheSize from [Core.System]
[0000.60] DevSave:    Loading value for StaleCacheDays from [Core.System]
[0019.34] DevDataBase: Failure trying to open connection [Provider=sqloledb;Data Source=production-db;Initial Catalog=EngineTaskPerf;Trusted_Connection=Yes;Connection Timeout=2] [Invalid connection string attribute]
[0019.34] DevDataBase: Connection to "Provider=sqloledb;Data Source=production-db;Initial Catalog=EngineTaskPerf;Trusted_Connection=Yes;Connection Timeout=2" or "10.1.20.20" failed
[0019.34] DevDataBase: Failure closing connection [Operation is not allowed when the object is closed.]
[0019.40] Log: Shader platform (RHI): PC-D3D-SM3
[0019.55] Log: PhysX GPU Support: DISABLED
[0019.56] Init: Initializing FaceFX...
[0019.56] Init: FaceFX 1.7.4 initialized.
[0021.67] Init: Finished loading startup packages in 1.96 seconds
[0021.68] Log: 76297 objects as part of root set at end of initial load.
[0021.68] Log: 0 out of 0 bytes used by permanent object pool.
[0021.68] Log: Supported Consoles:
[0021.68] Log:   PC
[0021.68] Log: Initializing Engine...
[0021.73] Log: Encountered missing default brush - spawning new one
[0021.73] Init: UEngine initialized
[0021.73] Log: Primary PhysX scene will be in software.
[0021.73] Log: Creating Primary PhysX Scene.
[0021.74] Init: Transaction tracking system initialized
[0022.90] Init: XAudio2 using 'Speakers (High Definition Audio Device)' : 2 channels at 48 kHz using 32 bits per sample (channel mask 0x3)
[0022.94] Log: Working around XDK XAudio2 regression: TRUE
[0022.95] Init: XAudio2Device initialized.
[0023.34] Init: Client initialized
[0023.34] Init: Editor engine initialized
[0023.42] Log: Initializing Engine Completed
[0023.43] Log: >>>>>>>>>>>>>> Initial startup: 23.43s <<<<<<<<<<<<<<<
[0023.50] Cmd: MODE MAPEXT=udk
[0023.60] SourceControl: Source Control disabled in UDKEditorUserSettings.ini.  [SourceControl] has Disabled=True
[0023.62] SourceControl: Source Control disabled in UDKEditorUserSettings.ini.  [SourceControl] has Disabled=True
[0024.56] Log: Found D3D11 adapter 0: NVIDIA GeForce RTX 4090
[0024.56] Log: Adapter has 24156MB of dedicated video memory, 0MB of dedicated system memory, and 32331MB of shared system memory
[0024.59] Log: Found D3D11 adapter 1: Microsoft Basic Render Driver
[0024.59] Log: Adapter has 0MB of dedicated video memory, 0MB of dedicated system memory, and 32331MB of shared system memory
[0027.44] Cmd: MAP LOAD FILE="..\..\UDKGame\Content\Maps\Templates\Template_MidDay.umap"
[0027.69] Log: Encountered missing default brush - spawning new one
[0028.19] Log: New File, Existing Package (Package Untitled_2, Package Template_MidDay)
[0028.29] Log: -- Checking Building LODs
[0028.29] Log: Primary PhysX scene will be in software.
[0028.29] Log: Creating Primary PhysX Scene.
[0028.30] Log: Finished looking for orphan Actors (0.003 secs)
[0028.31] Cmd: MAP CHECKDEP DONTCLEARMESSAGES
[0028.35] Log: TIMER ALL OF INIT : [8.778659]
[0035.81] Log: Failed to load 'DNG_Env_Level_FX_01': Can't find file for package 'DNG_Env_Level_FX_01' while loading ..\..\UDKGame\Content\Weapons2\WP_Pistol.upk
[0035.82] Log: Failed to load 'DukeEffects': Can't find file for package 'DukeEffects' while loading ..\..\UDKGame\Content\Weapons2\WP_Pistol.upk
[0035.83] Log: Failed to load 'MasterMaterial': Can't find file for package 'MasterMaterial' while loading ..\..\UDKGame\Content\Weapons2\wp_hardballer_import.upk
[0035.83] Log: Failed to load 'MasterMaterial': Can't find file for package 'MasterMaterial' while loading ..\..\UDKGame\Content\Weapons2\wp_hardballer_import.upk
[0035.83] Log: Failed to load 'MasterMaterial': Can't find file for package 'MasterMaterial' while loading ..\..\UDKGame\Content\Weapons2\wp_hardballer_import.upk
[0035.83] Log: Failed to load 'MasterMaterial': Can't find file for package 'MasterMaterial' while loading ..\..\UDKGame\Content\Weapons2\wp_hardballer_import.upk
[0035.83] Log: Failed to load 'Shaders': Can't find file for package 'Shaders' while loading ..\..\UDKGame\Content\Weapons2\wp_hardballer_import.upk
[0035.83] Log: Failed to load 'Shaders': Can't find file for package 'Shaders' while loading ..\..\UDKGame\Content\Weapons2\wp_hardballer_import.upk
[0035.83] Log: Failed to load 'MasterMaterial': Can't find file for package 'MasterMaterial' while loading ..\..\UDKGame\Content\Weapons2\wp_hardballer_import.upk
[0035.83] Log: Failed to load 'MasterMaterial': Can't find file for package 'MasterMaterial' while loading ..\..\UDKGame\Content\Weapons2\wp_hardballer_import.upk
[0035.83] Log: Failed to load 'MasterMaterial': Can't find file for package 'MasterMaterial' while loading ..\..\UDKGame\Content\Weapons2\wp_hardballer_import.upk
[0035.83] Log: Failed to load 'Shaders': Can't find file for package 'Shaders' while loading ..\..\UDKGame\Content\Weapons2\wp_hardballer_import.upk
[0035.84] Log: Failed to load 'DNG_Env_Level_FX_01': Can't find file for package 'DNG_Env_Level_FX_01' while loading ..\..\UDKGame\Content\Weapons2\WP_Pistol.upk
[0035.84] Log: Failed to load 'DNG_Env_Level_FX_01': Can't find file for package 'DNG_Env_Level_FX_01' while loading ..\..\UDKGame\Content\Weapons2\WP_Pistol.upk
[0035.84] Log: Failed to load 'DukeEff