Log: Log file open, 05/22/23 15:19:29
Init: WinSock: version 1.1 (2.2), MaxSocks=32767, MaxUdp=65467
Init: Version: 8364
Init: Epic Internal: 0
Init: Compiled (64-bit): May 21 2023 21:56:09
Init: Changelist: 871961
Init: Command line:  
Init: Base directory: d:\projects\Duke2003\Binaries\Win64\
DevConfig: GConfig::LoadFile has loaded file:  ..\..\UDKGame\Config\UDKEditor.ini
DevConfig: GConfig::LoadFile has loaded file:  ..\..\UDKGame\Config\UDKEditorUserSettings.ini
DevConfig: GConfig::LoadFile associated file:  ..\..\UDKGame\Config\UDKCompat.ini
DevConfig: GConfig::LoadFile has loaded file:  ..\..\UDKGame\Config\UDKLightmass.ini
DevConfig: GConfig::LoadFile has loaded file:  ..\..\UDKGame\Config\UDKEngine.ini
DevConfig: GConfig::LoadFile has loaded file:  ..\..\UDKGame\Config\UDKGame.ini
DevConfig: GConfig::LoadFile has loaded file:  ..\..\UDKGame\Config\UDKInput.ini
DevConfig: GConfig::LoadFile has loaded file:  ..\..\UDKGame\Config\UDKUI.ini
[0000.56] Init: Computer: JUSTIN-MAINPC
[0000.56] Init: User: justi
[0000.56] Init: CPU Page size=4096, Processors=32
[0000.56] Init: High frequency timer resolution =10.000000 MHz
[0000.56] Init: Memory total: Physical=63.1GB Pagefile=84.1GB Virtual=131072.0GB
[0000.56] DevStats: GSecondsPerCycle 1.000000e-007
[0000.61] Init: WinSock: I am justin-mainpc (192.168.1.4:0)
[0000.61] Init: Presizing for 0 objects not considered by GC, pre-allocating 0 bytes.
[0000.61] Init: Object subsystem initialized
[0000.61] DevSave: (System) 'Default__System' loading configuration from ..\..\UDKGame\Config\UDKEngine.ini
[0000.62] DevSave:    Loading value for SeekFreePCPaths from [Core.System]
[0000.62] DevSave:    Loading value for SeekFreePCExtensions from [Core.System]
[0000.62] DevSave:    Loading value for CutdownPaths from [Core.System]
[0000.62] DevSave:    Loading value for LocalizationPaths from [Core.System]
[0000.62] DevSave:    Loading value for TextureFileCacheExtension from [Core.System]
[0000.62] DevSave:    Loading value for Extensions from [Core.System]
[0000.62] DevSave:    Loading value for Suppress from [Core.System]
[0000.62] DevSave:    Loading value for FRScriptPaths from [Core.System]
[0000.62] DevSave:    Loading value for ScriptPaths from [Core.System]
[0000.62] DevSave:    Loading value for Paths from [Core.System]
[0000.62] DevSave:    Loading value for ScreenShotPath from [Core.System]
[0000.62] DevSave:    Loading value for CacheExt from [Core.System]
[0000.62] DevSave:    Loading value for CachePath from [Core.System]
[0000.62] DevSave:    Loading value for SavePath from [Core.System]
[0000.62] DevSave:    Loading value for AsyncIOBandwidthLimit from [Core.System]
[0000.62] DevSave:    Loading value for PackageSizeSoftLimit from [Core.System]
[0000.62] DevSave:    Loading value for MaxOverallCacheSize from [Core.System]
[0000.62] DevSave:    Loading value for MaxStaleCacheSize from [Core.System]
[0000.62] DevSave:    Loading value for StaleCacheDays from [Core.System]
[0019.34] DevDataBase: Failure trying to open connection [Provider=sqloledb;Data Source=production-db;Initial Catalog=EngineTaskPerf;Trusted_Connection=Yes;Connection Timeout=2] [Invalid connection string attribute]
[0019.34] DevDataBase: Connection to "Provider=sqloledb;Data Source=production-db;Initial Catalog=EngineTaskPerf;Trusted_Connection=Yes;Connection Timeout=2" or "10.1.20.20" failed
[0019.34] DevDataBase: Failure closing connection [Operation is not allowed when the object is closed.]
[0019.68] Init: OS stats:
[0019.68] Init: 	Windows 7 
[0019.68] Init: 	RemoteDesktop=0
[0019.68] Init: Memory stats:
[0019.68] Init: 	Physical: 64662MB
[0019.68] Init: 	Virtual: 134217727MB
[0019.68] Init: 	PageFile: 86166MB
[0019.68] Init: CPU stats:
[0019.68] Init: 	MeasuredPerformanceTime: -1.000 (stored result)
[0019.68] Init: GPU stats:
[0019.68] Init: 	VendorID: 000010DE
[0019.68] Init: 	DeviceID: 00002684
[0019.68] Init: 	DriverVersion: 31.0.15.3168
[0019.68] Init: 	DeviceName: NVIDIA GeForce RTX 4090
[0019.68] Init: 	DriverName: nvldumdx.dll
[0019.68] Init: 	PixelShaderVersion: 3
[0019.68] Init: 	VertexShaderVersion: 3
[0019.68] Init: 	VRAMQuantity: 3072
[0019.68] Init: 	DedicatedVRAM: 3072
[0019.68] Init: 	AdapterCount: 2
[0019.68] Init: 	SupportsHardwareTnL: 1
[0019.69] Init: Machine  detected compatibility level: Composite: 4. CPU: 5. GPU: 4.
[0019.69] Init: Previous detected compatibility level: Composite: 4. CPU: 5. GPU: 4.
[0019.72] Log: Shader platform (RHI): PC-D3D-SM3
[0019.80] Error: Error, Manifest doesn't exist: ..\..\UDKGame\Script\Manifest.txt
[0022.70] Log: PhysX GPU Support: DISABLED
[0022.71] Init: Initializing FaceFX...
[0022.71] Init: FaceFX 1.7.4 initialized.
[0022.76] Init: Version: 8364
[0022.77] Init: Epic Internal: 0
[0022.77] Init: Compiled (64-bit): May 22 2023 15:17:14
[0022.77] Init: Command line:  
[0022.77] Init: Base directory: d:\projects\Duke2003\Binaries\Win64\
[0022.77] Init: Character set: Unicode
[0022.77] Log: Executing Class UnrealEd.MakeCommandlet
[0022.77] Init: UEngine initialized
[0022.83] Heading: --------------------Core - Release--------------------
[0022.83] Log: Analyzing...
[0022.83] Log: Loading global macros for Core
[0022.90] Log: Exporting native class declarations for Core
[0022.90] Log: Autogenerating C++ header: 
[0022.90] Log: Autogenerating C++ header: CoreNames.h
[0022.90] Log: Success: Compiled 2967 line(s), 482 statement(s).

[0022.90] Log: Scripts successfully compiled - saving package 'd:\projects\Duke2003\Binaries\Win64\..\..\UDKGame\Script\Core.u'
[0022.94] Log: Save=33.500400
[0022.94] Log: Moving '..\..\UDKGame\Script\Core_save.tmp' to '..\..\UDKGame\Script\Core.u'
[0022.94] Heading: --------------------Engine - Release--------------------
[0022.96] Log: Analyzing...
[0022.96] Log: Loading global macros for Engine
[0023.14] Log: Undefining macro 'INCLUDE_GAME_STATS' at line 12
[0025.93] Log: Exporting native class declarations for Engine
[0025.93] Log: Autogenerating C++ header: 
[0026.74] Log: Autogenerating C++ header: Mesh
[0026.76] Log: Autogenerating C++ header: Light
[0026.77] Log: Autogenerating C++ header: ForceField
[0026.78] Log: Autogenerating C++ header: ProcBuilding
[0026.79] Log: Autogenerating C++ header: Camera
[0026.79] Log: Autogenerating C++ header: Controller
[0026.80] Log: Autogenerating C++ header: Prefab
[0026.81] Log: Autogenerating C++ header: Particle
[0026.99] Log: Autogenerating C++ header: Fluid
[0026.99] Log: Autogenerating C++ header: FogVolume
[0027.00] Log: Autogenerating C++ header: ReplicationInfo
[0027.00] Log: Autogenerating C++ header: GameEngine
[0027.01] Log: Autogenerating C++ header: Sound
[0027.02] Log: Autogenerating C++ header: LensFlare
[0027.02] Log: Autogenerating C++ header: Pawn
[0027.03] Log: Autogenerating C++ header: Anim
[0027.11] Log: Autogenerating C++ header: SpeedTree
[0027.12] Log: Autogenerating C++ header: Spline
[0027.12] Log: Autogenerating C++ header: Foliage
[0027.12] Log: Autogenerating C++ header: AudioDevice
[0027.12] Log: Autogenerating C++ header: Base
[0027.12] Log: Autogenerating C++ header: Interpolation
[0027.16] Log: Autogenerating C++ header: K2
[0027.16] Log: Autogenerating C++ header: Material
[0027.24] Log: Autogenerating C++ header: Scene
[0027.24] Log: Autogenerating C++ header: Sequence
[0027.37] Log: Autogenerating C++ header: SkeletalMesh
[0027.37] Log: Autogenerating C++ header: Texture
[0027.38] Log: Autogenerating C++ header: UserInterface
[0027.39] Log: Autogenerating C++ header: AI
[0027.44] Log: Autogenerating C++ header: Decal
[0027.44] Log: Autogenerating C++ header: Physics
[0027.46] Log: Autogenerating C++ header: Terrain
[0027.47] Log: Autogenerating C++ header: UIPrivate
[0027.52] Log: Autogenerating C++ header: EngineNames.h
[0027.69] Log: Success: Compiled 163605 line(s), 18065 statement(s).

[0027.69] Log: Scripts successfully compiled - saving package 'd:\projects\Duke2003\Binaries\Win64\..\..\UDKGame\Script\Engine.u'
[0028.92] Log: Save=1233.428300
[0028.93] Log: Moving '..\..\UDKGame\Script\Engine_save.tmp' to '..\..\UDKGame\Script\Engine.u'
[0028.93] Heading: --------------------GFxUI - Release--------------------
[0028.93] Log: Analyzing...
[0028.93] Log: Loading global macros for GFxUI
[0028.98] Log: Exporting native class declarations for GFxUI
[0028.98] Log: Autogenerating C++ header: UIPrivate
[0028.98] Log: Autogenerating C++ header: 
[0028.99] Log: Autogenerating C++ header: UISequence
[0028.99] Log: Autogenerating C++ header: GFxUINames.h
[0028.99] Log: Success: Compiled 1822 line(s), 318 statement(s).

[0028.99] Log: Scripts successfully compiled - saving package 'd:\projects\Duke2003\Binaries\Win64\..\..\UDKGame\Script\GFxUI.u'
[0029.03] Log: Save=36.394100
[0029.03] Log: Moving '..\..\UDKGame\Script\GFxUI_save.tmp' to '..\..\UDKGame\Script\GFxUI.u'
[0029.03] Heading: --------------------GameFramework - Release--------------------
[0029.03] Log: Analyzing...
[0029.03] Log: Loading global macros for GameFramework
[0029.57] Log: Exporting native class declarations for GameFramework
[0029.57] Log: Autogenerating C++ header: 
[0029.62] Log: Autogenerating C++ header: Camera
[0029.62] Log: Autogenerating C++ header: Anim
[0029.62] Log: Autogenerating C++ header: SpecialMoves
[0029.63] Log: Autogenerating C++ header: GameStats
[0029.63] Log: Autogenerating C++ header: GameFrameworkNames.h
[0029.73] Log: Success: Compiled 19415 line(s), 2142 statement(s).

[0029.73] Log: Scripts successfully compiled - saving package 'd:\projects\Duke2003\Binaries\Win64\..\..\UDKGame\Script\GameFramework.u'
[0029.88] Log: Save=143.356200
[0029.88] Log: Moving '..\..\UDKGame\Script\GameFramework_save.tmp' to '..\..\UDKGame\Script\GameFramework.u'
[0029.88] Heading: --------------------UnrealEd - Release--------------------
[0029.88] Log: Analyzing...
[0029.88] Log: Loading global macros for UnrealEd
[0030.09] Log: Exporting native class declarations for UnrealEd
[0030.09] Log: Autogenerating C++ header: 
[0030.23] Log: Autogenerating C++ header: Cascade
[0030.23] Log: Autogenerating C++ header: Private
[0030.24] Log: Autogenerating C++ header: GameStats
[0030.24] Log: Autogenerating C++ header: UnrealEdNames.h
[0030.48] Log: Success: Compiled 10093 line(s), 1059 statement(s).

[0030.48] Log: Scripts successfully compiled - saving package 'd:\projects\Duke2003\Binaries\Win64\..\..\UDKGame\Script\UnrealEd.u'
[0030.64] Log: Save=157.914400
[0030.64] Log: Moving '..\..\UDKGame\Script\UnrealEd_save.tmp' to '..\..\UDKGame\Script\UnrealEd.u'
[0030.64] Heading: --------------------GFxUIEditor - Release--------------------
[0030.64] Log: Analyzing...
[0030.64] Log: Loading global macros for GFxUIEditor
[0030.65] Log: Exporting native class declarations for GFxUIEditor
[0030.65] Log: Autogenerating C++ header: 
[0030.65] Log: Autogenerating C++ header: GFxUIEditorNames.h
[0030.65] Log: Success: Compiled 236 line(s), 11 statement(s).

[0030.65] Log: Scripts successfully compiled - saving package 'd:\projects\Duke2003\Binaries\Win64\..\..\UDKGame\Script\GFxUIEditor.u'
[0030.67] Log: Save=17.612900
[0030.67] Log: Moving '..\..\UDKGame\Script\GFxUIEditor_save.tmp' to '..\..\UDKGame\Script\GFxUIEditor.u'
[0030.67] Heading: --------------------IpDrv - Release--------------------
[0030.67] Log: Analyzing...
[0030.67] Log: Loading global macros for IpDrv
[0030.83] Log: Exporting native class declarations for IpDrv
[0030.83] Log: Autogenerating C++ header: 
[0030.85] Log: Autogenerating C++ header: UIPrivate
[0030.85] Log: Autogenerating C++ header: IpDrvNames.h
[0030.85] Log: Success: Compiled 7302 line(s), 736 statement(s).

[0030.85] Log: Scripts successfully compiled - saving package 'd:\projects\Duke2003\Binaries\Win64\..\..\UDKGame\Script\IpDrv.u'
[0030.91] Log: Save=54.989800
[0030.91] Log: Moving '..\..\UDKGame\Script\IpDrv_save.tmp' to '..\..\UDKGame\Script\IpDrv.u'
[0030.91] Heading: --------------------OnlineSubsystemPC - Release--------------------
[0030.91] Log: Analyzing...
[0030.91] Log: Loading global macros for OnlineSubsystemPC
[0030.95] Log: Exporting native class declarations for OnlineSubsystemPC
[0030.95] Log: Autogenerating C++ header: 
[0030.95] Log: Autogenerating C++ header: OnlineSubsystemPCNames.h
[0030.95] Log: Success: Compiled 2012 line(s), 228 statement(s).

[0030.95] Log: Scripts successfully compiled - saving package 'd:\projects\Duke2003\Binaries\Win64\..\..\UDKGame\Script\OnlineSubsystemPC.u'
[0030.98] Log: Save=28.608300
[0030.98] Log: Moving '..\..\UDKGame\Script\OnlineSubsystemPC_save.tmp' to '..\..\UDKGame\Script\OnlineSubsystemPC.u'
[0030.99] Heading: --------------------OnlineSubsystemGameSpy - Release--------------------
[0030.99] Log: Analyzing...
[0030.99] Log: Loading global macros for OnlineSubsystemGameSpy
[0031.06] Log: Exporting native class declarations for OnlineSubsystemGameSpy
[0031.06] Log: Autogenerating C++ header: 
[0031.07] Log: Autogenerating C++ header: OnlineSubsystemGameSpyNames.h
[0031.07] Log: Success: Compiled 3404 line(s), 436 statement(s).

[0031.07] Log: Scripts successfully compiled - saving package 'd:\projects\Duke2003\Binaries\Win64\..\..\UDKGame\Script\OnlineSubsystemGameSpy.u'
[0031.10] Log: Save=35.123600
[0031.10] Log: Moving '..\..\UDKGame\Script\OnlineSubsystemGameSpy_save.tmp' to '..\..\UDKGame\Script\OnlineSubsystemGameSpy.u'
[0031.10] Heading: --------------------OnlineSubsystemLive - Release--------------------
[0031.11] Log: Analyzing...
[0031.11] Log: Loading global macros for OnlineSubsystemLive
[0031.24] Log: Exporting native class declarations for OnlineSubsystemLive
[0031.24] Log: Autogenerating C++ header: 
[0031.25] Log: Autogenerating C++ header: OnlineSubsystemLiveNames.h
[0031.25] Log: Success: Compiled 5986 line(s), 632 statement(s).

[0031.25] Log: Scripts successfully compiled - saving package 'd:\projects\Duke2003\Binaries\Win64\..\..\UDKGame\Script\OnlineSubsystemLive.u'
[0031.30] Log: Save=51.013600
[0031.30] Log: Moving '..\..\UDKGame\Script\OnlineSubsystemLive_save.tmp' to '..\..\UDKGame\Script\OnlineSubsystemLive.u'
[0031.30] Heading: --------------------OnlineSubsystemSteamworks - Release--------------------
[0031.31] Log: Analyzing...
[0031.31] Log: Loading global macros for OnlineSubsystemSteamworks
[0031.40] Log: Exporting native class declarations for OnlineSubsystemSteamworks
[0031.40] Log: Autogenerating C++ header: 
[0031.40] Log: Autogenerating C++ header: OnlineSubsystemSteamworksNames.h
[0031.40] Log: Success: Compiled 4302 line(s), 493 statement(s).

[0031.40] Log: Scripts successfully compiled - saving package 'd:\projects\Duke2003\Binaries\Win64\..\..\UDKGame\Script\OnlineSubsystemSteamworks.u'
[0031.45] Log: Save=41.435900
[0031.45] Log: Moving '..\..\UDKGame\Script\OnlineSubsystemSteamworks_save.tmp' to '..\..\UDKGame\Script\OnlineSubsystemSteamworks.u'
[0031.45] Heading: --------------------UDKBase - Release--------------------
[0031.45] Log: Analyzing...
[0031.45] Log: Loading global macros for UDKBase
[0031.61] Log: Exporting native class declarations for UDKBase
[0031.61] Log: Autogenerating C++ header: 
[0031.66] Log: Autogenerating C++ header: Animation
[0031.67] Log: Autogenerating C++ header: UDKBaseNames.h
[0031.67] Log: Success: Compiled 7773 line(s), 1279 statement(s).

[0031.67] Log: Scripts successfully compiled - saving package 'd:\projects\Duke2003\Binaries\Win64\..\..\UDKGame\Script\UDKBase.u'
[0031.85] Log: Save=175.616300
[0031.85] Log: Moving '..\..\UDKGame\Script\UDKBase_save.tmp' to '..\..\UDKGame\Script\UDKBase.u'
[0031.85] Heading: --------------------UTEditor - Release--------------------
[0031.85] Log: Analyzing...
[0031.85] Log: Loading global macros for UTEditor
[0031.86] Log: Exporting native class declarations for UTEditor
[0031.86] Log: Autogenerating C++ header: 
[0031.86] Log: Autogenerating C++ header: UTEditorNames.h
[0031.86] Log: Success: Compiled 28 line(s), 2 statement(s).

[0031.86] Log: Scripts successfully compiled - saving package 'd:\projects\Duke2003\Binaries\Win64\..\..\UDKGame\Script\UTEditor.u'
[0031.88] Log: Save=19.164900
[0031.88] Log: Moving '..\..\UDKGame\Script\UTEditor_save.tmp' to '..\..\UDKGame\Script\UTEditor.u'
[0031.88] Heading: --------------------UTGame - Release--------------------
[0031.88] Log: Analyzing...
[0031.88] Log: Loading global macros for UTGame
[0036.16] Log: Exporting native class declarations for UTGame
[0036.16] Log: Autogenerating C++ header: 
[0036.16] Log: Autogenerating C++ header: UTGameNames.h
[0036.57] Log: Success: Compiled 129629 line(s), 12652 statement(s).

[0036.57] Log: Scripts successfully compiled - saving package 'd:\projects\Duke2003\Binaries\Win64\..\..\UDKGame\Script\UTGame.u'
[0037.24] Log: Save=671.318000
[0037.24] Log: Moving '..\..\UDKGame\Script\UTGame_save.tmp' to '..\..\UDKGame\Script\UTGame.u'
[0037.24] Heading: --------------------UTGameContent - Release--------------------
[0037.25] Log: Analyzing...
[0037.25] Log: Loading global macros for UTGameContent
[0037.47] Log: Success: Compiled 4380 line(s), 539 statement(s).

[0037.47] Log: Scripts successfully compiled - saving package 'd:\projects\Duke2003\Binaries\Win64\..\..\UDKGame\Script\UTGameContent.u'
[0037.65] Log: Save=177.707800
[0037.65] Log: Moving '..\..\UDKGame\Script\UTGameContent_save.tmp' to '..\..\UDKGame\Script\UTGameContent.u'
[0037.65] Heading: --------------------dnGame - Release--------------------
[0037.65] Log: Analyzing...
[0037.65] Log: Loading global macros for dnGame
[0037.66] Log: Exporting native class declarations for dnGame
[0037.67] Log: Autogenerating C++ header: 
[0037.67] Log: Autogenerating C++ header: dnGameNames.h
[0037.67] Warning: d:\projects\Duke2003\Development\Src\dnGame\Classes\Pistol.uc(39) : Warning, Unknown property in defaults: 	MomentumTransfer=50000.0 (looked in Pistol)
[0037.67] Warning: d:\projects\Duke2003\Development\Src\dnGame\Classes\Pistol.uc(40) : Warning, Unknown property in defaults: 	BeamAmmoUsePerSecond=8.5 (looked in Pistol)
[0037.67] Warning: d:\projects\Duke2003\Development\Src\dnGame\Classes\Pistol.uc(41) : Warning, Unknown property in defaults: 	MinimumDamage=5.0 (looked in Pistol)
[0037.67] Log: Success: Compiled 179 line(s), 11 statement(s).

[0037.67] Log: Scripts successfully compiled - saving package 'd:\projects\Duke2003\Binaries\Win64\..\..\UDKGame\Script\dnGame.u'
[0037.75] Log: Save=80.484400
[0037.75] Log: Moving '..\..\UDKGame\Script\dnGame_save.tmp' to '..\..\UDKGame\Script\dnGame.u'
[0038.37] Log: 
[0038.37] Log: Warning/Error Summary
[0038.37] Log: ---------------------
[0038.37] Log: d:\projects\Duke2003\Development\Src\dnGame\Classes\Pistol.uc(39) : Warning, Unknown property in defaults: 	MomentumTransfer=50000.0 (looked in Pistol)
[0038.37] Log: d:\projects\Duke2003\Development\Src\dnGame\Classes\Pistol.uc(40) : Warning, Unknown property in defaults: 	BeamAmmoUsePerSecond=8.5 (looked in Pistol)
[0038.37] Log: d:\projects\Duke2003\Development\Src\dnGame\Classes\Pistol.uc(41) : Warning, Unknown property in defaults: 	MinimumDamage=5.0 (looked in Pistol)
[0038.37] Log: 
[0038.37] Log: Success - 0 error(s), 3 warning(s)
[0038.37] Log: 
Execution of commandlet took:  15.60 seconds
[0038.37] Exit: Preparing to exit.
[0038.44] Exit: Object subsystem successfully closed.
[0038.45] Log: Shutting down FaceFX...
[0038.45] Log: FaceFX shutdown.
[0038.45] DevDataBase: Spent 18.710052 seconds communicating with "Provider=sqloledb;Data Source=production-db;Initial Catalog=EngineTaskPerf;Trusted_Connection=Yes;Connection Timeout=2" or "10.1.20.20"
[0038.45] Exit: Exiting.
[0038.45] Log: Log file closed, 05/22/23 15:20:07
