Log: Log file open, 05/22/23 18:05:55
Init: WinSock: version 1.1 (2.2), MaxSocks=32767, MaxUdp=65467
Init: Version: 8364
Init: Epic Internal: 0
Init: Compiled (64-bit): May 21 2023 21:56:09
Init: Changelist: 871961
Init: Command line: editor 
Init: Base directory: d:\projects\Duke2003\Binaries\Win64\
DevConfig: GConfig::LoadFile has loaded file:  ..\..\UDKGame\Config\UDKEditor.ini
DevConfig: GConfig::LoadFile has loaded file:  ..\..\UDKGame\Config\UDKEditorUserSettings.ini
DevConfig: GConfig::LoadFile associated file:  ..\..\UDKGame\Config\UDKCompat.ini
DevConfig: GConfig::LoadFile has loaded file:  ..\..\UDKGame\Config\UDKLightmass.ini
DevConfig: GConfig::LoadFile has loaded file:  ..\..\UDKGame\Config\UDKEngine.ini
DevConfig: GConfig::LoadFile has loaded file:  ..\..\UDKGame\Config\UDKGame.ini
DevConfig: GConfig::LoadFile has loaded file:  ..\..\UDKGame\Config\UDKInput.ini
DevConfig: GConfig::LoadFile has loaded file:  ..\..\UDKGame\Config\UDKUI.ini
[0000.56] Init: Computer: JUSTIN-MAINPC
[0000.56] Init: User: justi
[0000.56] Init: CPU Page size=4096, Processors=32
[0000.56] Init: High frequency timer resolution =10.000000 MHz
[0000.56] Init: Memory total: Physical=63.1GB Pagefile=84.1GB Virtual=131072.0GB
[0000.56] DevStats: GSecondsPerCycle 1.000000e-007
[0000.61] Init: WinSock: I am justin-mainpc (192.168.1.4:0)
[0000.61] Init: Presizing for 0 objects not considered by GC, pre-allocating 0 bytes.
[0000.61] Init: Object subsystem initialized
[0000.61] DevSave: (System) 'Default__System' loading configuration from ..\..\UDKGame\Config\UDKEngine.ini
[0000.61] DevSave:    Loading value for SeekFreePCPaths from [Core.System]
[0000.61] DevSave:    Loading value for SeekFreePCExtensions from [Core.System]
[0000.61] DevSave:    Loading value for CutdownPaths from [Core.System]
[0000.61] DevSave:    Loading value for LocalizationPaths from [Core.System]
[0000.61] DevSave:    Loading value for TextureFileCacheExtension from [Core.System]
[0000.61] DevSave:    Loading value for Extensions from [Core.System]
[0000.61] DevSave:    Loading value for Suppress from [Core.System]
[0000.61] DevSave:    Loading value for FRScriptPaths from [Core.System]
[0000.61] DevSave:    Loading value for ScriptPaths from [Core.System]
[0000.61] DevSave:    Loading value for Paths from [Core.System]
[0000.61] DevSave:    Loading value for ScreenShotPath from [Core.System]
[0000.61] DevSave:    Loading value for CacheExt from [Core.System]
[0000.61] DevSave:    Loading value for CachePath from [Core.System]
[0000.61] DevSave:    Loading value for SavePath from [Core.System]
[0000.61] DevSave:    Loading value for AsyncIOBandwidthLimit from [Core.System]
[0000.61] DevSave:    Loading value for PackageSizeSoftLimit from [Core.System]
[0000.61] DevSave:    Loading value for MaxOverallCacheSize from [Core.System]
[0000.61] DevSave:    Loading value for MaxStaleCacheSize from [Core.System]
[0000.61] DevSave:    Loading value for StaleCacheDays from [Core.System]
[0019.28] DevDataBase: Failure trying to open connection [Provider=sqloledb;Data Source=production-db;Initial Catalog=EngineTaskPerf;Trusted_Connection=Yes;Connection Timeout=2] [Invalid connection string attribute]
[0019.28] DevDataBase: Connection to "Provider=sqloledb;Data Source=production-db;Initial Catalog=EngineTaskPerf;Trusted_Connection=Yes;Connection Timeout=2" or "10.1.20.20" failed
[0019.28] DevDataBase: Failure closing connection [Operation is not allowed when the object is closed.]
[0019.37] Log: Shader platform (RHI): PC-D3D-SM3
[0019.54] Log: PhysX GPU Support: DISABLED
[0019.55] Init: Initializing FaceFX...
[0019.55] Init: FaceFX 1.7.4 initialized.
[0021.09] Init: Finished loading startup packages in 1.39 seconds
[0021.10] Log: 76364 objects as part of root set at end of initial load.
[0021.10] Log: 0 out of 0 bytes used by permanent object pool.
[0021.11] Log: Supported Consoles:
[0021.11] Log:   PC
[0021.11] Log: Initializing Engine...
[0021.16] Log: Encountered missing default brush - spawning new one
[0021.16] Init: UEngine initialized
[0021.16] Log: Primary PhysX scene will be in software.
[0021.16] Log: Creating Primary PhysX Scene.
[0021.17] Init: Transaction tracking system initialized
[0022.07] Init: XAudio2 using 'Speakers (High Definition Audio Device)' : 2 channels at 48 kHz using 32 bits per sample (channel mask 0x3)
[0022.11] Log: Working around XDK XAudio2 regression: TRUE
[0022.12] Init: XAudio2Device initialized.
[0022.56] Init: Client initialized
[0022.56] Init: Editor engine initialized
[0022.65] Log: Initializing Engine Completed
[0022.65] Log: >>>>>>>>>>>>>> Initial startup: 22.65s <<<<<<<<<<<<<<<
[0022.73] Cmd: MODE MAPEXT=udk
[0022.84] SourceControl: Source Control disabled in UDKEditorUserSettings.ini.  [SourceControl] has Disabled=True
[0022.85] SourceControl: Source Control disabled in UDKEditorUserSettings.ini.  [SourceControl] has Disabled=True
[0023.65] Log: Found D3D11 adapter 0: NVIDIA GeForce RTX 4090
[0023.65] Log: Adapter has 24156MB of dedicated video memory, 0MB of dedicated system memory, and 32331MB of shared system memory
[0023.68] Log: Found D3D11 adapter 1: Microsoft Basic Render Driver
[0023.68] Log: Adapter has 0MB of dedicated video memory, 0MB of dedicated system memory, and 32331MB of shared system memory
[0026.58] Cmd: MAP LOAD FILE="..\..\UDKGame\Content\Maps\Templates\Template_MidDay.umap"
[0026.84] Log: Encountered missing default brush - spawning new one
[0027.32] Log: New File, Existing Package (Package Untitled_2, Package Template_MidDay)
[0027.41] Log: -- Checking Building LODs
[0027.42] Log: Primary PhysX scene will be in software.
[0027.42] Log: Creating Primary PhysX Scene.
[0027.42] Log: Finished looking for orphan Actors (0.003 secs)
[0027.43] Cmd: MAP CHECKDEP DONTCLEARMESSAGES
[0027.46] Log: TIMER ALL OF INIT : [7.896682]
[0058.61] Cmd: MAP LOAD FILE="D:\projects\Duke2003\UDKGame\Content\Maps\DukeForever\z1l2.udk"
[0058.65] Log: Encountered missing default brush - spawning new one
[0059.90] Log: -- Checking Building LODs
[0059.91] Log: Primary PhysX scene will be in software.
[0059.91] Log: Creating Primary PhysX Scene.
[0059.92] Log: Finished looking for orphan Actors (0.006 secs)
[0059.97] Cmd: MAP CHECKDEP DONTCLEARMESSAGES
[0066.42] Log: 
==== Worlds needing PIE Save:
[0066.42] Log: z1l2
[0066.42] Log: ==== 1 total
[0066.46] Log: Built Phys StaticMesh Cache: 9.404 ms
[0066.46] Log: COOKEDPHYSICS: 0 TriMeshes (0.000000 KB), 2 Convex Hulls (5.746094 KB) - Total 5.746094 KB
[0066.77] Log: COOKEDPHYSICS: BSP 635.47 KB
[0067.96] Log: Save=1495.716300
[0067.96] Log: Moving 'd:\projects\Duke2003\Binaries\Win64\..\..\UDKGame\Autosaves\UEDPIEz1l2_save.tmp' to 'd:\projects\Duke2003\Binaries\Win64\..\..\UDKGame\Autosaves\UEDPIEz1l2.udk'
[0067.98] Cmd: MAP LOAD PLAYWORLD=1 FILE="d:\projects\Duke2003\Binaries\Win64\..\..\UDKGame\Autosaves\UEDPIEz1l2.udk"
[0068.58] Log: Finished looking for orphan Actors (0.006 secs)
[0068.58] Log: Game class is 'dnSinglePlayer'
[0068.61] Log: Primary PhysX scene will be in software.
[0068.61] Log: Creating Primary PhysX Scene.
[0068.62] Log: *** WARNING - PATHS MAY NOT BE VALID ***
[0068.62] Log: Bringing World UEDPIEz1l2.TheWorld up for play (0) at 2023.05.22-18.07.03
[0068.64] Log: Bringing up level for play took: 0.046041
[0069.01] ScriptWarning: Accessed None 'MapInfo'
	GFxMinimap Transient.GFxMinimapHud_0:GFxMinimap_0
	Function UTGame.GFxMinimap:Init:00F2
[0069.01] ScriptWarning: Accessed None 'OnlineSub'
	dnPlayerController UEDPIEz1l2.TheWorld:PersistentLevel.dnPlayerController_0
	Function UTGame.UTPlayerController:ClientSetOnlineStatus:0033
[0069.01] ScriptWarning: Accessed None 'OnlineSub'
	dnPlayerController UEDPIEz1l2.TheWorld:PersistentLevel.dnPlayerController_0
	Function UTGame.UTPlayerController:ClientSetOnlineStatus:02D1
[0069.01] ScriptWarning: Accessed None
	dnPlayerController UEDPIEz1l2.TheWorld:PersistentLevel.dnPlayerController_0
	Function UTGame.UTPlayerController:ClientSetOnlineStatus:02E5
[0069.01] Log: PIE: play in editor start time for UEDPIEz1l2 2.800
[0069.03] ScriptWarning: Accessed None 'MapInfo'
	GFxMinimap Transient.GFxMinimapHud_1:GFxMinimap_1
	Function UTGame.GFxMinimap:Init:00F2
[0069.07] ScriptWarning: Accessed None 'LeftHandIK'
	PlayerPawn UEDPIEz1l2.TheWorld:PersistentLevel.PlayerPawn_0
	Function UTGame.UTPawn:SetHandIKEnabled:0066
[0069.07] ScriptWarning: Accessed None 'RightHandIK'
	PlayerPawn UEDPIEz1l2.TheWorld:PersistentLevel.PlayerPawn_0
	Function UTGame.UTPawn:SetHandIKEnabled:008F
[0069.08] Cmd: SETSOUNDMODE Default
[0069.08] ScriptLog: START MATCH
[0069.10] ScriptWarning: Accessed None 'MapInfo'
	GFxMinimap Transient.GFxMinimapHud_1:GFxMinimap_1
	Function UTGame.GFxMinimap:UpdateData:0015
[0071.96] Cmd: StartFire 
[0071.96] Cmd: OnRelease StopFire
[0072.11] Cmd: StopFire
[0072.56] Cmd: StartFire 
[0072.56] Cmd: OnRelease StopFire
[0072.75] Cmd: StopFire
[0075.60] Cmd: StartFire 
[0075.60] Cmd: OnRelease StopFire
[0075.76] Cmd: StopFire
[0086.03] Cmd: onrelease ShowMenu
[0086.04] ScriptWarning: Accessed None 'ViewportClient'
	dnPlayerController UEDPIEz1l2.TheWorld:PersistentLevel.dnPlayerController_0
	Function UTGame.UTPlayerController:Destroyed:0041
[0091.77] Exit: Preparing to exit.
[0091.89] Exit: Editor shut down
[0091.89] Exit: Transaction tracking system shut down
[0092.07] Exit: Windows client shut down
[0092.07] Exit: XAudio2 Device shut down.
[0092.15] Exit: Object subsystem successfully closed.
[0092.17] Log: Shutting down FaceFX...
[0092.17] Log: FaceFX shutdown.
[0092.19] DevDataBase: Spent 18.660883 seconds communicating with "Provider=sqloledb;Data Source=production-db;Initial Catalog=EngineTaskPerf;Trusted_Connection=Yes;Connection Timeout=2" or "10.1.20.20"
[0092.19] Exit: Exiting.
[0092.20] Log: Log file closed, 05/22/23 18:07:27
