Log: Log file open, 05/22/23 15:01:44
Init: WinSock: version 1.1 (2.2), MaxSocks=32767, MaxUdp=65467
Init: Version: 8364
Init: Epic Internal: 0
Init: Compiled (64-bit): May 21 2023 21:56:09
Init: Changelist: 871961
Init: Command line:  
Init: Base directory: d:\projects\Duke2003\Binaries\Win64\
DevConfig: GConfig::LoadFile has loaded file:  ..\..\UDKGame\Config\UDKEditor.ini
DevConfig: GConfig::LoadFile has loaded file:  ..\..\UDKGame\Config\UDKEditorUserSettings.ini
DevConfig: GConfig::LoadFile associated file:  ..\..\UDKGame\Config\UDKCompat.ini
DevConfig: GConfig::LoadFile has loaded file:  ..\..\UDKGame\Config\UDKLightmass.ini
DevConfig: GConfig::LoadFile has loaded file:  ..\..\UDKGame\Config\UDKEngine.ini
DevConfig: GConfig::LoadFile has loaded file:  ..\..\UDKGame\Config\UDKGame.ini
DevConfig: GConfig::LoadFile has loaded file:  ..\..\UDKGame\Config\UDKInput.ini
DevConfig: GConfig::LoadFile has loaded file:  ..\..\UDKGame\Config\UDKUI.ini
[0000.57] Init: Computer: JUSTIN-MAINPC
[0000.58] Init: User: justi
[0000.58] Init: CPU Page size=4096, Processors=32
[0000.58] Init: High frequency timer resolution =10.000000 MHz
[0000.58] Init: Memory total: Physical=63.1GB Pagefile=84.1GB Virtual=131072.0GB
[0000.58] DevStats: GSecondsPerCycle 1.000000e-007
[0000.63] Init: WinSock: I am justin-mainpc (192.168.1.4:0)
[0000.63] Init: Presizing for 0 objects not considered by GC, pre-allocating 0 bytes.
[0000.63] Init: Object subsystem initialized
[0000.63] DevSave: (System) 'Default__System' loading configuration from ..\..\UDKGame\Config\UDKEngine.ini
[0000.63] DevSave:    Loading value for SeekFreePCPaths from [Core.System]
[0000.63] DevSave:    Loading value for SeekFreePCExtensions from [Core.System]
[0000.63] DevSave:    Loading value for CutdownPaths from [Core.System]
[0000.63] DevSave:    Loading value for LocalizationPaths from [Core.System]
[0000.63] DevSave:    Loading value for TextureFileCacheExtension from [Core.System]
[0000.63] DevSave:    Loading value for Extensions from [Core.System]
[0000.63] DevSave:    Loading value for Suppress from [Core.System]
[0000.63] DevSave:    Loading value for FRScriptPaths from [Core.System]
[0000.63] DevSave:    Loading value for ScriptPaths from [Core.System]
[0000.63] DevSave:    Loading value for Paths from [Core.System]
[0000.63] DevSave:    Loading value for ScreenShotPath from [Core.System]
[0000.63] DevSave:    Loading value for CacheExt from [Core.System]
[0000.63] DevSave:    Loading value for CachePath from [Core.System]
[0000.63] DevSave:    Loading value for SavePath from [Core.System]
[0000.63] DevSave:    Loading value for AsyncIOBandwidthLimit from [Core.System]
[0000.63] DevSave:    Loading value for PackageSizeSoftLimit from [Core.System]
[0000.63] DevSave:    Loading value for MaxOverallCacheSize from [Core.System]
[0000.63] DevSave:    Loading value for MaxStaleCacheSize from [Core.System]
[0000.63] DevSave:    Loading value for StaleCacheDays from [Core.System]
[0019.34] DevDataBase: Failure trying to open connection [Provider=sqloledb;Data Source=production-db;Initial Catalog=EngineTaskPerf;Trusted_Connection=Yes;Connection Timeout=2] [Invalid connection string attribute]
[0019.34] DevDataBase: Connection to "Provider=sqloledb;Data Source=production-db;Initial Catalog=EngineTaskPerf;Trusted_Connection=Yes;Connection Timeout=2" or "10.1.20.20" failed
[0019.34] DevDataBase: Failure closing connection [Operation is not allowed when the object is closed.]
[0019.69] Init: OS stats:
[0019.69] Init: 	Windows 7 
[0019.69] Init: 	RemoteDesktop=0
[0019.69] Init: Memory stats:
[0019.69] Init: 	Physical: 64662MB
[0019.69] Init: 	Virtual: 134217727MB
[0019.69] Init: 	PageFile: 86166MB
[0019.69] Init: CPU stats:
[0019.69] Init: 	MeasuredPerformanceTime: -1.000 (stored result)
[0019.69] Init: GPU stats:
[0019.69] Init: 	VendorID: 000010DE
[0019.69] Init: 	DeviceID: 00002684
[0019.69] Init: 	DriverVersion: 31.0.15.3168
[0019.69] Init: 	DeviceName: NVIDIA GeForce RTX 4090
[0019.69] Init: 	DriverName: nvldumdx.dll
[0019.69] Init: 	PixelShaderVersion: 3
[0019.69] Init: 	VertexShaderVersion: 3
[0019.69] Init: 	VRAMQuantity: 3072
[0019.69] Init: 	DedicatedVRAM: 3072
[0019.69] Init: 	AdapterCount: 2
[0019.69] Init: 	SupportsHardwareTnL: 1
[0019.69] Init: Machine  detected compatibility level: Composite: 4. CPU: 5. GPU: 4.
[0019.69] Init: Previous detected compatibility level: Composite: 4. CPU: 5. GPU: 4.
[0019.73] Log: Shader platform (RHI): PC-D3D-SM3
[0019.81] Error: Error, Manifest doesn't exist: ..\..\UDKGame\Script\Manifest.txt
[0021.11] Log: PhysX GPU Support: DISABLED
[0021.12] Init: Initializing FaceFX...
[0021.12] Init: FaceFX 1.7.4 initialized.
[0021.17] Init: Version: 8364
[0021.17] Init: Epic Internal: 0
[0021.18] Init: Compiled (64-bit): May 21 2023 21:56:09
[0021.18] Init: Command line:  
[0021.18] Init: Base directory: d:\projects\Duke2003\Binaries\Win64\
[0021.18] Init: Character set: Unicode
[0021.18] Log: Executing Class UnrealEd.MakeCommandlet
[0021.18] Init: UEngine initialized
[0021.24] Heading: --------------------Core - Release--------------------
[0021.24] Log: New File, Existing Package (Package Untitled_0, Package Core)
[0021.25] Log: Loading global macros for Core
[0021.28] Heading: --------------------Engine - Release--------------------
[0021.32] Log: New File, Existing Package (Package Untitled_1, Package Engine)
[0021.64] Log: Loading global macros for Engine
[0022.29] Heading: --------------------GFxUI - Release--------------------
[0022.29] Log: New File, Existing Package (Package Untitled_2, Package GFxUI)
[0022.30] Log: Loading global macros for GFxUI
[0022.31] Heading: --------------------GameFramework - Release--------------------
[0022.32] Log: New File, Existing Package (Package Untitled_3, Package GameFramework)
[0022.35] Log: Loading global macros for GameFramework
[0022.43] Heading: --------------------UnrealEd - Release--------------------
[0022.43] Log: New File, Existing Package (Package Untitled_4, Package UnrealEd)
[0022.45] Log: Loading global macros for UnrealEd
[0022.50] Heading: --------------------GFxUIEditor - Release--------------------
[0022.51] Log: New File, Existing Package (Package Untitled_5, Package GFxUIEditor)
[0022.51] Log: Loading global macros for GFxUIEditor
[0022.51] Heading: --------------------IpDrv - Release--------------------
[0022.51] Log: New File, Existing Package (Package Untitled_6, Package IpDrv)
[0022.52] Log: Loading global macros for IpDrv
[0022.56] Heading: --------------------OnlineSubsystemPC - Release--------------------
[0022.56] Log: New File, Existing Package (Package Untitled_7, Package OnlineSubsystemPC)
[0022.56] Log: Loading global macros for OnlineSubsystemPC
[0022.58] Heading: --------------------OnlineSubsystemGameSpy - Release--------------------
[0022.58] Log: New File, Existing Package (Package Untitled_8, Package OnlineSubsystemGameSpy)
[0022.59] Log: Loading global macros for OnlineSubsystemGameSpy
[0022.61] Heading: --------------------OnlineSubsystemLive - Release--------------------
[0022.61] Log: New File, Existing Package (Package Untitled_9, Package OnlineSubsystemLive)
[0022.62] Log: Loading global macros for OnlineSubsystemLive
[0022.65] Heading: --------------------OnlineSubsystemSteamworks - Release--------------------
[0022.65] Log: New File, Existing Package (Package Untitled_10, Package OnlineSubsystemSteamworks)
[0022.66] Log: Loading global macros for OnlineSubsystemSteamworks
[0022.69] Heading: --------------------UDKBase - Release--------------------
[0022.69] Log: New File, Existing Package (Package Untitled_11, Package UDKBase)
[0022.71] Log: Loading global macros for UDKBase
[0022.76] Heading: --------------------UTEditor - Release--------------------
[0022.76] Log: New File, Existing Package (Package Untitled_12, Package UTEditor)
[0022.76] Log: Loading global macros for UTEditor
[0022.76] Heading: --------------------UTGame - Release--------------------
[0022.77] Log: Analyzing...
[0022.77] Log: Loading global macros for UTGame
[0027.30] Log: Exporting native class declarations for UTGame
[0027.30] Log: Autogenerating C++ header: 
[0027.30] Log: Autogenerating C++ header: UTGameNames.h
[0027.75] Log: Success: Compiled 129629 line(s), 12652 statement(s).

[0027.75] Log: Scripts successfully compiled - saving package 'd:\projects\Duke2003\Binaries\Win64\..\..\UDKGame\Script\UTGame.u'
[0028.43] Log: Save=678.091300
[0028.43] Log: Moving '..\..\UDKGame\Script\UTGame_save.tmp' to '..\..\UDKGame\Script\UTGame.u'
[0028.43] Heading: --------------------UTGameContent - Release--------------------
[0028.43] Log: Analyzing...
[0028.43] Log: Loading global macros for UTGameContent
[0028.74] Log: Success: Compiled 4380 line(s), 539 statement(s).

[0028.74] Log: Scripts successfully compiled - saving package 'd:\projects\Duke2003\Binaries\Win64\..\..\UDKGame\Script\UTGameContent.u'
[0028.90] Log: Save=162.659400
[0028.90] Log: Moving '..\..\UDKGame\Script\UTGameContent_save.tmp' to '..\..\UDKGame\Script\UTGameContent.u'
[0028.90] Heading: --------------------dnGame - Release--------------------
[0028.90] Log: Analyzing...
[0028.90] Log: Loading global macros for dnGame
[0028.92] Log: Exporting native class declarations for dnGame
[0028.92] Log: Autogenerating C++ header: 
[0028.92] Log: Autogenerating C++ header: dnGameNames.h
[0028.92] Warning: d:\projects\Duke2003\Development\Src\dnGame\Classes\Pistol.uc(39) : Warning, Unknown property in defaults: 	MomentumTransfer=50000.0 (looked in Pistol)
[0028.92] Warning: d:\projects\Duke2003\Development\Src\dnGame\Classes\Pistol.uc(40) : Warning, Unknown property in defaults: 	BeamAmmoUsePerSecond=8.5 (looked in Pistol)
[0028.92] Warning: d:\projects\Duke2003\Development\Src\dnGame\Classes\Pistol.uc(41) : Warning, Unknown property in defaults: 	MinimumDamage=5.0 (looked in Pistol)
[0028.92] Log: Success: Compiled 179 line(s), 11 statement(s).

[0028.92] Log: Scripts successfully compiled - saving package 'd:\projects\Duke2003\Binaries\Win64\..\..\UDKGame\Script\dnGame.u'
[0029.00] Log: Save=77.998700
[0029.00] Log: Moving '..\..\UDKGame\Script\dnGame_save.tmp' to '..\..\UDKGame\Script\dnGame.u'
[0029.62] Log: 
[0029.62] Log: Warning/Error Summary
[0029.62] Log: ---------------------
[0029.62] Log: d:\projects\Duke2003\Development\Src\dnGame\Classes\Pistol.uc(39) : Warning, Unknown property in defaults: 	MomentumTransfer=50000.0 (looked in Pistol)
[0029.62] Log: d:\projects\Duke2003\Development\Src\dnGame\Classes\Pistol.uc(40) : Warning, Unknown property in defaults: 	BeamAmmoUsePerSecond=8.5 (looked in Pistol)
[0029.62] Log: d:\projects\Duke2003\Development\Src\dnGame\Classes\Pistol.uc(41) : Warning, Unknown property in defaults: 	MinimumDamage=5.0 (looked in Pistol)
[0029.62] Log: 
[0029.62] Log: Success - 0 error(s), 3 warning(s)
[0029.62] Log: 
Execution of commandlet took:  8.45 seconds
[0029.63] Exit: Preparing to exit.
[0029.70] Exit: Object subsystem successfully closed.
[0029.71] Log: Shutting down FaceFX...
[0029.71] Log: FaceFX shutdown.
[0029.71] DevDataBase: Spent 18.702427 seconds communicating with "Provider=sqloledb;Data Source=production-db;Initial Catalog=EngineTaskPerf;Trusted_Connection=Yes;Connection Timeout=2" or "10.1.20.20"
[0029.71] Exit: Exiting.
[0029.71] Log: Log file closed, 05/22/23 15:02:14
