Log: Log file open, 05/21/23 17:13:33
Init: WinSock: version 1.1 (2.2), MaxSocks=32767, MaxUdp=65467
Init: Version: 8364
Init: Epic Internal: 0
Init: Compiled (64-bit): May 21 2023 13:02:35
Init: Changelist: 871961
Init: Command line: editor 
Init: Base directory: d:\projects\Duke2003\Binaries\Win64\
DevConfig: GConfig::LoadFile has loaded file:  ..\..\UDKGame\Config\UDKEditor.ini
DevConfig: GConfig::LoadFile has loaded file:  ..\..\UDKGame\Config\UDKEditorUserSettings.ini
DevConfig: GConfig::LoadFile associated file:  ..\..\UDKGame\Config\UDKCompat.ini
DevConfig: GConfig::LoadFile has loaded file:  ..\..\UDKGame\Config\UDKLightmass.ini
DevConfig: GConfig::LoadFile has loaded file:  ..\..\UDKGame\Config\UDKEngine.ini
DevConfig: GConfig::LoadFile has loaded file:  ..\..\UDKGame\Config\UDKGame.ini
DevConfig: GConfig::LoadFile has loaded file:  ..\..\UDKGame\Config\UDKInput.ini
DevConfig: GConfig::LoadFile has loaded file:  ..\..\UDKGame\Config\UDKUI.ini
[0000.56] Init: Computer: JUSTIN-MAINPC
[0000.56] Init: User: justi
[0000.56] Init: CPU Page size=4096, Processors=32
[0000.56] Init: High frequency timer resolution =10.000000 MHz
[0000.56] Init: Memory total: Physical=63.1GB Pagefile=84.1GB Virtual=131072.0GB
[0000.56] DevStats: GSecondsPerCycle 1.000000e-007
[0000.60] Init: WinSock: I am justin-mainpc (192.168.1.4:0)
[0000.60] Init: Presizing for 0 objects not considered by GC, pre-allocating 0 bytes.
[0000.60] Init: Object subsystem initialized
[0000.60] DevSave: (System) 'Default__System' loading configuration from ..\..\UDKGame\Config\UDKEngine.ini
[0000.60] DevSave:    Loading value for SeekFreePCPaths from [Core.System]
[0000.60] DevSave:    Loading value for SeekFreePCExtensions from [Core.System]
[0000.60] DevSave:    Loading value for CutdownPaths from [Core.System]
[0000.60] DevSave:    Loading value for LocalizationPaths from [Core.System]
[0000.60] DevSave:    Loading value for TextureFileCacheExtension from [Core.System]
[0000.61] DevSave:    Loading value for Extensions from [Core.System]
[0000.61] DevSave:    Loading value for Suppress from [Core.System]
[0000.61] DevSave:    Loading value for FRScriptPaths from [Core.System]
[0000.61] DevSave:    Loading value for ScriptPaths from [Core.System]
[0000.61] DevSave:    Loading value for Paths from [Core.System]
[0000.61] DevSave:    Loading value for ScreenShotPath from [Core.System]
[0000.61] DevSave:    Loading value for CacheExt from [Core.System]
[0000.61] DevSave:    Loading value for CachePath from [Core.System]
[0000.61] DevSave:    Loading value for SavePath from [Core.System]
[0000.61] DevSave:    Loading value for AsyncIOBandwidthLimit from [Core.System]
[0000.61] DevSave:    Loading value for PackageSizeSoftLimit from [Core.System]
[0000.61] DevSave:    Loading value for MaxOverallCacheSize from [Core.System]
[0000.61] DevSave:    Loading value for MaxStaleCacheSize from [Core.System]
[0000.61] DevSave:    Loading value for StaleCacheDays from [Core.System]
[0019.39] DevDataBase: Failure trying to open connection [Provider=sqloledb;Data Source=production-db;Initial Catalog=EngineTaskPerf;Trusted_Connection=Yes;Connection Timeout=2] [Invalid connection string attribute]
[0019.39] DevDataBase: Connection to "Provider=sqloledb;Data Source=production-db;Initial Catalog=EngineTaskPerf;Trusted_Connection=Yes;Connection Timeout=2" or "10.1.20.20" failed
[0019.39] DevDataBase: Failure closing connection [Operation is not allowed when the object is closed.]
[0019.45] Log: Shader platform (RHI): PC-D3D-SM3
[0019.50] Log: PhysX GPU Support: DISABLED
[0019.51] Init: Initializing FaceFX...
[0019.51] Init: FaceFX 1.7.4 initialized.
[0021.61] Init: Finished loading startup packages in 1.95 seconds
[0021.62] Log: 76294 objects as part of root set at end of initial load.
[0021.62] Log: 0 out of 0 bytes used by permanent object pool.
[0021.71] Log: Supported Consoles:
[0021.71] Log:   PC
[0021.71] Log:   Xbox360
[0021.71] Log: Initializing Engine...
[0021.76] Log: Encountered missing default brush - spawning new one
[0021.76] Init: UEngine initialized
[0021.76] Log: Primary PhysX scene will be in software.
[0021.76] Log: Creating Primary PhysX Scene.
[0021.79] Init: Transaction tracking system initialized
[0022.77] Init: XAudio2 using 'Speakers (High Definition Audio Device)' : 2 channels at 48 kHz using 32 bits per sample (channel mask 0x3)
[0022.81] Log: Working around XDK XAudio2 regression: TRUE
[0022.82] Init: XAudio2Device initialized.
[0023.20] Init: Client initialized
[0023.20] Init: Editor engine initialized
[0023.29] Log: Initializing Engine Completed
[0023.29] Log: >>>>>>>>>>>>>> Initial startup: 23.29s <<<<<<<<<<<<<<<
[0023.36] Cmd: MODE MAPEXT=udk
[0023.44] SourceControl: Source Control disabled in UDKEditorUserSettings.ini.  [SourceControl] has Disabled=True
[0023.45] SourceControl: Source Control disabled in UDKEditorUserSettings.ini.  [SourceControl] has Disabled=True
[0024.25] Log: Found D3D11 adapter 0: NVIDIA GeForce RTX 4090
[0024.25] Log: Adapter has 24156MB of dedicated video memory, 0MB of dedicated system memory, and 32331MB of shared system memory
[0024.27] Log: Found D3D11 adapter 1: Microsoft Basic Render Driver
[0024.27] Log: Adapter has 0MB of dedicated video memory, 0MB of dedicated system memory, and 32331MB of shared system memory
[0027.09] Cmd: MAP LOAD FILE="..\..\UDKGame\Content\Maps\Templates\Template_MidDay.umap"
[0027.32] Log: Encountered missing default brush - spawning new one
[0027.76] Log: New File, Existing Package (Package Untitled_2, Package Template_MidDay)
[0027.83] Log: -- Checking Building LODs
[0027.84] Log: Primary PhysX scene will be in software.
[0027.84] Log: Creating Primary PhysX Scene.
[0027.85] Log: Finished looking for orphan Actors (0.003 secs)
[0027.85] Cmd: MAP CHECKDEP DONTCLEARMESSAGES
[0027.89] Log: TIMER ALL OF INIT : [8.365071]
[0034.03] Log: 
==== Worlds needing PIE Save:
[0034.03] Log: Untitled_2
[0034.03] Log: ==== 1 total
[0034.07] Log: Built Phys StaticMesh Cache: 3.577 ms
[0034.07] Log: COOKEDPHYSICS: 1 TriMeshes (0.597656 KB), 1 Convex Hulls (1.082031 KB) - Total 1.679688 KB
[0034.14] Log: Save=71.059100
[0034.14] Log: Moving 'd:\projects\Duke2003\Binaries\Win64\..\..\UDKGame\Autosaves\UEDPIEUntitled_2_save.tmp' to 'd:\projects\Duke2003\Binaries\Win64\..\..\UDKGame\Autosaves\UEDPIEUntitled_2.udk'
[0034.16] Cmd: MAP LOAD PLAYWORLD=1 FILE="d:\projects\Duke2003\Binaries\Win64\..\..\UDKGame\Autosaves\UEDPIEUntitled_2.udk"
[0034.17] Log: Finished looking for orphan Actors (0.003 secs)
[0034.17] Log: Game class is 'UTGame'
[0034.18] Log: Primary PhysX scene will be in software.
[0034.18] Log: Creating Primary PhysX Scene.
[0034.19] Log: *** WARNING - PATHS MAY NOT BE VALID ***
[0034.19] Log: Bringing World UEDPIEUntitled_2.TheWorld up for play (0) at 2023.05.21-17.14.07
[0034.20] Log: Bringing up level for play took: 0.022742
[0034.45] ScriptWarning: Accessed None 'MapInfo'
	GFxMinimap Transient.GFxMinimapHud_0:GFxMinimap_0
	Function UTGame.GFxMinimap:Init:00F2
[0034.46] ScriptWarning: Accessed None 'OnlineSub'
	UTPlayerController UEDPIEUntitled_2.TheWorld:PersistentLevel.UTPlayerController_0
	Function UTGame.UTPlayerController:ClientSetOnlineStatus:0033
[0034.46] ScriptWarning: Accessed None 'OnlineSub'
	UTPlayerController UEDPIEUntitled_2.TheWorld:PersistentLevel.UTPlayerController_0
	Function UTGame.UTPlayerController:ClientSetOnlineStatus:02D1
[0034.46] ScriptWarning: Accessed None
	UTPlayerController UEDPIEUntitled_2.TheWorld:PersistentLevel.UTPlayerController_0
	Function UTGame.UTPlayerController:ClientSetOnlineStatus:02E5
[0034.46] Log: PIE: play in editor start time for UEDPIEUntitled_2 0.602
[0034.46] ScriptWarning: Accessed None 'MapInfo'
	GFxMinimap Transient.GFxMinimapHud_1:GFxMinimap_1
	Function UTGame.GFxMinimap:Init:00F2
[0034.52] ScriptWarning: Accessed None 'LeftHandIK'
	UTPawn UEDPIEUntitled_2.TheWorld:PersistentLevel.UTPawn_0
	Function UTGame.UTPawn:SetHandIKEnabled:0066
[0034.53] ScriptWarning: Accessed None 'RightHandIK'
	UTPawn UEDPIEUntitled_2.TheWorld:PersistentLevel.UTPawn_0
	Function UTGame.UTPawn:SetHandIKEnabled:008F
[0034.53] Cmd: SETSOUNDMODE Default
[0034.53] ScriptLog: START MATCH
[0034.53] ScriptWarning: Accessed None 'MapInfo'
	GFxMinimap Transient.GFxMinimapHud_1:GFxMinimap_1
	Function UTGame.GFxMinimap:UpdateData:0015
[0036.63] Cmd: StartFire 
[0036.63] Cmd: OnRelease StopFire
[0036.75] Cmd: StopFire
[0037.49] Cmd: StartFire 
[0037.49] Cmd: OnRelease StopFire
[0037.60] Cmd: StopFire
[0037.90] Cmd: StartFire 
[0037.90] Cmd: OnRelease StopFire
[0038.02] Cmd: StopFire
[0038.85] Cmd: StartFire 
[0038.85] Cmd: OnRelease StopFire
[0038.95] Cmd: StopFire
[0053.07] Cmd: onrelease ShowMenu
[0053.08] ScriptWarning: Accessed None 'ViewportClient'
	UTPlayerController UEDPIEUntitled_2.TheWorld:PersistentLevel.UTPlayerController_0
	Function UTGame.UTPlayerController:Destroyed:0041
[0053.08] ScriptWarning: Player start not found, failed to restart player
	UTGame UEDPIEUntitled_2.TheWorld:PersistentLevel.UTGame_0
	Function Engine.GameInfo:RestartPlayer:025E
[0078.62] Exit: Preparing to exit.
[0078.72] Exit: Editor shut down
[0078.72] Exit: Transaction tracking system shut down
[0078.90] Exit: Windows client shut down
[0078.90] Exit: XAudio2 Device shut down.
[0078.98] Exit: Object subsystem successfully closed.
[0078.99] Log: Shutting down FaceFX...
[0078.99] Log: FaceFX shutdown.
[0079.02] DevDataBase: Spent 18.767553 seconds communicating with "Provider=sqloledb;Data Source=production-db;Initial Catalog=EngineTaskPerf;Trusted_Connection=Yes;Connection Timeout=2" or "10.1.20.20"
[0079.02] Exit: Exiting.
[0079.03] Log: Log file closed, 05/21/23 17:14:52
