Log: Log file open, 05/21/23 20:23:53
Init: WinSock: version 1.1 (2.2), MaxSocks=32767, MaxUdp=65467
Init: Version: 8364
Init: Epic Internal: 0
Init: Compiled (64-bit): May 21 2023 13:02:35
Init: Changelist: 871961
Init: Command line: make all 
Init: Base directory: D:\projects\Duke2003\Binaries\Win64\
DevConfig: GConfig::LoadFile has loaded file:  ..\..\UDKGame\Config\UDKEditor.ini
DevConfig: GConfig::LoadFile has loaded file:  ..\..\UDKGame\Config\UDKEditorUserSettings.ini
DevConfig: GConfig::LoadFile associated file:  ..\..\UDKGame\Config\UDKCompat.ini
DevConfig: GConfig::LoadFile has loaded file:  ..\..\UDKGame\Config\UDKLightmass.ini
DevConfig: GConfig::LoadFile has loaded file:  ..\..\UDKGame\Config\UDKEngine.ini
DevConfig: GConfig::LoadFile has loaded file:  ..\..\UDKGame\Config\UDKGame.ini
DevConfig: GConfig::LoadFile has loaded file:  ..\..\UDKGame\Config\UDKInput.ini
DevConfig: GConfig::LoadFile has loaded file:  ..\..\UDKGame\Config\UDKUI.ini
[0000.55] Init: Computer: JUSTIN-MAINPC
[0000.55] Init: User: justi
[0000.55] Init: CPU Page size=4096, Processors=32
[0000.55] Init: High frequency timer resolution =10.000000 MHz
[0000.55] Init: Memory total: Physical=63.1GB Pagefile=84.1GB Virtual=131072.0GB
[0000.55] DevStats: GSecondsPerCycle 1.000000e-007
[0000.57] Init: WinSock: I am justin-mainpc (192.168.1.4:0)
[0000.57] Init: Presizing for 0 objects not considered by GC, pre-allocating 0 bytes.
[0000.57] Init: Object subsystem initialized
[0000.57] DevSave: (System) 'Default__System' loading configuration from ..\..\UDKGame\Config\UDKEngine.ini
[0000.57] DevSave:    Loading value for SeekFreePCPaths from [Core.System]
[0000.57] DevSave:    Loading value for SeekFreePCExtensions from [Core.System]
[0000.57] DevSave:    Loading value for CutdownPaths from [Core.System]
[0000.57] DevSave:    Loading value for LocalizationPaths from [Core.System]
[0000.57] DevSave:    Loading value for TextureFileCacheExtension from [Core.System]
[0000.57] DevSave:    Loading value for Extensions from [Core.System]
[0000.57] DevSave:    Loading value for Suppress from [Core.System]
[0000.57] DevSave:    Loading value for FRScriptPaths from [Core.System]
[0000.57] DevSave:    Loading value for ScriptPaths from [Core.System]
[0000.57] DevSave:    Loading value for Paths from [Core.System]
[0000.57] DevSave:    Loading value for ScreenShotPath from [Core.System]
[0000.57] DevSave:    Loading value for CacheExt from [Core.System]
[0000.57] DevSave:    Loading value for CachePath from [Core.System]
[0000.57] DevSave:    Loading value for SavePath from [Core.System]
[0000.57] DevSave:    Loading value for AsyncIOBandwidthLimit from [Core.System]
[0000.57] DevSave:    Loading value for PackageSizeSoftLimit from [Core.System]
[0000.57] DevSave:    Loading value for MaxOverallCacheSize from [Core.System]
[0000.57] DevSave:    Loading value for MaxStaleCacheSize from [Core.System]
[0000.57] DevSave:    Loading value for StaleCacheDays from [Core.System]
[0018.32] DevDataBase: Failure trying to open connection [Provider=sqloledb;Data Source=production-db;Initial Catalog=EngineTaskPerf;Trusted_Connection=Yes;Connection Timeout=2] [Invalid connection string attribute]
[0018.32] DevDataBase: Connection to "Provider=sqloledb;Data Source=production-db;Initial Catalog=EngineTaskPerf;Trusted_Connection=Yes;Connection Timeout=2" or "10.1.20.20" failed
[0018.32] DevDataBase: Failure closing connection [Operation is not allowed when the object is closed.]
[0018.35] Log: Shader platform (RHI): PC-D3D-SM3
[0018.39] Log: PhysX GPU Support: DISABLED
[0018.39] Init: Initializing FaceFX...
[0018.39] Init: FaceFX 1.7.4 initialized.
[0018.44] Init: Version: 8364
[0018.44] Init: Epic Internal: 0
[0018.44] Init: Compiled (64-bit): May 21 2023 19:58:41
[0018.44] Init: Command line:  all 
[0018.44] Init: Base directory: D:\projects\Duke2003\Binaries\Win64\
[0018.44] Init: Character set: Unicode
[0018.44] Log: Executing Class UnrealEd.MakeCommandlet
[0018.44] Init: UEngine initialized
[0018.51] Heading: --------------------Core - Release--------------------
[0018.51] Log: New File, Existing Package (Package Untitled_0, Package Core)
[0018.52] Log: Loading global macros for Core
[0018.56] Heading: --------------------Engine - Release--------------------
[0018.60] Log: New File, Existing Package (Package Untitled_1, Package Engine)
[0018.91] Log: Loading global macros for Engine
[0019.51] Heading: --------------------GFxUI - Release--------------------
[0019.51] Log: New File, Existing Package (Package Untitled_2, Package GFxUI)
[0019.52] Log: Loading global macros for GFxUI
[0019.53] Heading: --------------------GameFramework - Release--------------------
[0019.53] Log: New File, Existing Package (Package Untitled_3, Package GameFramework)
[0019.57] Log: Loading global macros for GameFramework
[0019.64] Heading: --------------------UnrealEd - Release--------------------
[0019.65] Log: New File, Existing Package (Package Untitled_4, Package UnrealEd)
[0019.67] Log: Loading global macros for UnrealEd
[0019.72] Heading: --------------------GFxUIEditor - Release--------------------
[0019.72] Log: New File, Existing Package (Package Untitled_5, Package GFxUIEditor)
[0019.72] Log: Loading global macros for GFxUIEditor
[0019.72] Heading: --------------------IpDrv - Release--------------------
[0019.72] Log: New File, Existing Package (Package Untitled_6, Package IpDrv)
[0019.74] Log: Loading global macros for IpDrv
[0019.76] Heading: --------------------OnlineSubsystemPC - Release--------------------
[0019.76] Log: New File, Existing Package (Package Untitled_7, Package OnlineSubsystemPC)
[0019.77] Log: Loading global macros for OnlineSubsystemPC
[0019.78] Heading: --------------------OnlineSubsystemGameSpy - Release--------------------
[0019.78] Log: New File, Existing Package (Package Untitled_8, Package OnlineSubsystemGameSpy)
[0019.79] Log: Loading global macros for OnlineSubsystemGameSpy
[0019.81] Heading: --------------------OnlineSubsystemLive - Release--------------------
[0019.81] Log: New File, Existing Package (Package Untitled_9, Package OnlineSubsystemLive)
[0019.82] Log: Loading global macros for OnlineSubsystemLive
[0019.85] Heading: --------------------OnlineSubsystemSteamworks - Release--------------------
[0019.85] Log: New File, Existing Package (Package Untitled_10, Package OnlineSubsystemSteamworks)
[0019.86] Log: Loading global macros for OnlineSubsystemSteamworks
[0019.89] Heading: --------------------UDKBase - Release--------------------
[0019.89] Log: New File, Existing Package (Package Untitled_11, Package UDKBase)
[0019.91] Log: Loading global macros for UDKBase
[0019.95] Heading: --------------------UTEditor - Release--------------------
[0019.95] Log: New File, Existing Package (Package Untitled_12, Package UTEditor)
[0019.95] Log: Loading global macros for UTEditor
[0019.96] Heading: --------------------UTGame - Release--------------------
[0019.97] Log: New File, Existing Package (Package Untitled_13, Package UTGame)
[0020.22] Log: Loading global macros for UTGame
[0020.59] Heading: --------------------UTGameContent - Release--------------------
[0020.59] Log: New File, Existing Package (Package Untitled_14, Package UTGameContent)
[0020.62] Log: Loading global macros for UTGameContent
[0020.64] Heading: --------------------dnGame - Release--------------------
[0020.64] Log: Package dnGame changed, recompiling
[0020.64] Log: Analyzing...
[0020.64] Log: Loading global macros for dnGame
[0020.65] Log: Exporting native class declarations for dnGame
[0020.65] Log: Autogenerating C++ header: 
[0020.65] Log: Autogenerating C++ header: dnGameNames.h
[0020.65] Log: Success: Compiled 18 line(s), 3 statement(s).

[0020.65] Log: Scripts successfully compiled - saving package 'D:\projects\Duke2003\Binaries\Win64\..\..\UDKGame\Script\dnGame.u'
[0020.72] Log: Save=68.343700
[0020.72] Log: Moving '..\..\UDKGame\Script\dnGame_save.tmp' to '..\..\UDKGame\Script\dnGame.u'
[0020.72] Heading: --------------------UDKUltimate - Release--------------------
[0020.72] Log: Analyzing...
[0020.72] Log: Loading global macros for UDKUltimate
[0020.77] Log: Success: Compiled 1075 line(s), 179 statement(s).

[0020.77] Log: Scripts successfully compiled - saving package 'D:\projects\Duke2003\Binaries\Win64\..\..\UDKGame\Script\UDKUltimate.u'
[0020.85] Log: Save=86.800700
[0020.85] Log: Moving '..\..\UDKGame\Script\UDKUltimate_save.tmp' to '..\..\UDKGame\Script\UDKUltimate.u'
[0020.92] Log: 
[0020.92] Log: Success - 0 error(s), 0 warning(s)
[0020.92] Log: 
Execution of commandlet took:  2.47 seconds
[0020.92] Exit: Preparing to exit.
[0020.98] Exit: Object subsystem successfully closed.
[0020.98] Log: Shutting down FaceFX...
[0020.98] Log: FaceFX shutdown.
[0020.98] DevDataBase: Spent 17.740213 seconds communicating with "Provider=sqloledb;Data Source=production-db;Initial Catalog=EngineTaskPerf;Trusted_Connection=Yes;Connection Timeout=2" or "10.1.20.20"
[0020.98] Exit: Exiting.
[0020.98] Log: Log file closed, 05/21/23 20:24:13
