Log: Log file open, 05/22/23 15:21:19
Init: WinSock: version 1.1 (2.2), MaxSocks=32767, MaxUdp=65467
Init: Version: 8364
Init: Epic Internal: 0
Init: Compiled (64-bit): May 21 2023 21:56:09
Init: Changelist: 871961
Init: Command line: editor 
Init: Base directory: d:\projects\Duke2003\Binaries\Win64\
DevConfig: GConfig::LoadFile has loaded file:  ..\..\UDKGame\Config\UDKEditor.ini
DevConfig: GConfig::LoadFile has loaded file:  ..\..\UDKGame\Config\UDKEditorUserSettings.ini
DevConfig: GConfig::LoadFile associated file:  ..\..\UDKGame\Config\UDKCompat.ini
DevConfig: GConfig::LoadFile has loaded file:  ..\..\UDKGame\Config\UDKLightmass.ini
DevConfig: GConfig::LoadFile has loaded file:  ..\..\UDKGame\Config\UDKEngine.ini
DevConfig: GConfig::LoadFile has loaded file:  ..\..\UDKGame\Config\UDKGame.ini
DevConfig: GConfig::LoadFile has loaded file:  ..\..\UDKGame\Config\UDKInput.ini
DevConfig: GConfig::LoadFile has loaded file:  ..\..\UDKGame\Config\UDKUI.ini
[0000.56] Init: Computer: JUSTIN-MAINPC
[0000.56] Init: User: justi
[0000.56] Init: CPU Page size=4096, Processors=32
[0000.56] Init: High frequency timer resolution =10.000000 MHz
[0000.57] Init: Memory total: Physical=63.1GB Pagefile=84.1GB Virtual=131072.0GB
[0000.57] DevStats: GSecondsPerCycle 1.000000e-007
[0000.61] Init: WinSock: I am justin-mainpc (192.168.1.4:0)
[0000.61] Init: Presizing for 0 objects not considered by GC, pre-allocating 0 bytes.
[0000.62] Init: Object subsystem initialized
[0000.62] DevSave: (System) 'Default__System' loading configuration from ..\..\UDKGame\Config\UDKEngine.ini
[0000.62] DevSave:    Loading value for SeekFreePCPaths from [Core.System]
[0000.62] DevSave:    Loading value for SeekFreePCExtensions from [Core.System]
[0000.62] DevSave:    Loading value for CutdownPaths from [Core.System]
[0000.62] DevSave:    Loading value for LocalizationPaths from [Core.System]
[0000.62] DevSave:    Loading value for TextureFileCacheExtension from [Core.System]
[0000.62] DevSave:    Loading value for Extensions from [Core.System]
[0000.62] DevSave:    Loading value for Suppress from [Core.System]
[0000.62] DevSave:    Loading value for FRScriptPaths from [Core.System]
[0000.62] DevSave:    Loading value for ScriptPaths from [Core.System]
[0000.62] DevSave:    Loading value for Paths from [Core.System]
[0000.62] DevSave:    Loading value for ScreenShotPath from [Core.System]
[0000.62] DevSave:    Loading value for CacheExt from [Core.System]
[0000.62] DevSave:    Loading value for CachePath from [Core.System]
[0000.62] DevSave:    Loading value for SavePath from [Core.System]
[0000.62] DevSave:    Loading value for AsyncIOBandwidthLimit from [Core.System]
[0000.62] DevSave:    Loading value for PackageSizeSoftLimit from [Core.System]
[0000.62] DevSave:    Loading value for MaxOverallCacheSize from [Core.System]
[0000.62] DevSave:    Loading value for MaxStaleCacheSize from [Core.System]
[0000.62] DevSave:    Loading value for StaleCacheDays from [Core.System]
[0019.33] DevDataBase: Failure trying to open connection [Provider=sqloledb;Data Source=production-db;Initial Catalog=EngineTaskPerf;Trusted_Connection=Yes;Connection Timeout=2] [Invalid connection string attribute]
[0019.33] DevDataBase: Connection to "Provider=sqloledb;Data Source=production-db;Initial Catalog=EngineTaskPerf;Trusted_Connection=Yes;Connection Timeout=2" or "10.1.20.20" failed
[0019.33] DevDataBase: Failure closing connection [Operation is not allowed when the object is closed.]
[0019.40] Log: Shader platform (RHI): PC-D3D-SM3
[0019.56] Log: PhysX GPU Support: DISABLED
[0019.57] Init: Initializing FaceFX...
[0019.57] Init: FaceFX 1.7.4 initialized.
[0021.54] Log: Missing cached shader map for material Duke_Hand_Material, compiling.
[0022.05] Log: Missing cached shader map for material Master_Weapon_Shader, compiling.
[0022.22] Init: Finished loading startup packages in 2.49 seconds
[0022.22] Log: 76367 objects as part of root set at end of initial load.
[0022.23] Log: 0 out of 0 bytes used by permanent object pool.
[0022.24] Log: Supported Consoles:
[0022.24] Log:   PC
[0022.24] Log: Initializing Engine...
[0022.29] Log: Encountered missing default brush - spawning new one
[0022.29] Init: UEngine initialized
[0022.29] Log: Primary PhysX scene will be in software.
[0022.29] Log: Creating Primary PhysX Scene.
[0022.31] Init: Transaction tracking system initialized
[0022.75] Init: XAudio2 using 'Speakers (High Definition Audio Device)' : 2 channels at 48 kHz using 32 bits per sample (channel mask 0x3)
[0022.77] Log: Working around XDK XAudio2 regression: TRUE
[0022.78] Init: XAudio2Device initialized.
[0023.24] Init: Client initialized
[0023.24] Init: Editor engine initialized
[0023.34] Log: Initializing Engine Completed
[0023.34] Log: >>>>>>>>>>>>>> Initial startup: 23.34s <<<<<<<<<<<<<<<
[0023.44] Cmd: MODE MAPEXT=udk
[0023.50] SourceControl: Source Control disabled in UDKEditorUserSettings.ini.  [SourceControl] has Disabled=True
[0023.52] SourceControl: Source Control disabled in UDKEditorUserSettings.ini.  [SourceControl] has Disabled=True
[0024.44] Log: Found D3D11 adapter 0: NVIDIA GeForce RTX 4090
[0024.44] Log: Adapter has 24156MB of dedicated video memory, 0MB of dedicated system memory, and 32331MB of shared system memory
[0024.48] Log: Found D3D11 adapter 1: Microsoft Basic Render Driver
[0024.48] Log: Adapter has 0MB of dedicated video memory, 0MB of dedicated system memory, and 32331MB of shared system memory
[0027.44] Cmd: MAP LOAD FILE="..\..\UDKGame\Content\Maps\Templates\Template_MidDay.umap"
[0027.70] Log: Encountered missing default brush - spawning new one
[0028.21] Log: New File, Existing Package (Package Untitled_2, Package Template_MidDay)
[0028.30] Log: -- Checking Building LODs
[0028.31] Log: Primary PhysX scene will be in software.
[0028.31] Log: Creating Primary PhysX Scene.
[0028.32] Log: Finished looking for orphan Actors (0.002 secs)
[0028.32] Cmd: MAP CHECKDEP DONTCLEARMESSAGES
[0028.37] Log: TIMER ALL OF INIT : [8.783210]
[0038.90] Exit: Preparing to exit.
[0039.01] Exit: Editor shut down
[0039.01] Exit: Transaction tracking system shut down
[0039.18] Exit: Windows client shut down
[0039.19] Exit: XAudio2 Device shut down.
[0039.27] Exit: Object subsystem successfully closed.
[0039.29] Log: Shutting down FaceFX...
[0039.29] Log: FaceFX shutdown.
[0039.32] DevDataBase: Spent 18.698290 seconds communicating with "Provider=sqloledb;Data Source=production-db;Initial Catalog=EngineTaskPerf;Trusted_Connection=Yes;Connection Timeout=2" or "10.1.20.20"
[0039.32] Exit: Exiting.
[0039.32] Log: Log file closed, 05/22/23 15:21:58
