Log: Log file open, 05/22/23 10:56:43
Init: WinSock: version 1.1 (2.2), MaxSocks=32767, MaxUdp=65467
Init: Version: 8364
Init: Epic Internal: 0
Init: Compiled (64-bit): May 21 2023 21:56:09
Init: Changelist: 871961
Init: Command line: editor 
Init: Base directory: d:\projects\Duke2003\Binaries\Win64\
DevConfig: GConfig::LoadFile has loaded file:  ..\..\UDKGame\Config\UDKEditor.ini
DevConfig: GConfig::LoadFile has loaded file:  ..\..\UDKGame\Config\UDKEditorUserSettings.ini
DevConfig: GConfig::LoadFile associated file:  ..\..\UDKGame\Config\UDKCompat.ini
DevConfig: GConfig::LoadFile has loaded file:  ..\..\UDKGame\Config\UDKLightmass.ini
DevConfig: GConfig::LoadFile has loaded file:  ..\..\UDKGame\Config\UDKEngine.ini
DevConfig: GConfig::LoadFile has loaded file:  ..\..\UDKGame\Config\UDKGame.ini
DevConfig: GConfig::LoadFile has loaded file:  ..\..\UDKGame\Config\UDKInput.ini
DevConfig: GConfig::LoadFile has loaded file:  ..\..\UDKGame\Config\UDKUI.ini
[0000.56] Init: Computer: JUSTIN-MAINPC
[0000.57] Init: User: justi
[0000.57] Init: CPU Page size=4096, Processors=32
[0000.57] Init: High frequency timer resolution =10.000000 MHz
[0000.57] Init: Memory total: Physical=63.1GB Pagefile=84.1GB Virtual=131072.0GB
[0000.57] DevStats: GSecondsPerCycle 1.000000e-007
[0000.61] Init: WinSock: I am justin-mainpc (192.168.1.4:0)
[0000.61] Init: Presizing for 0 objects not considered by GC, pre-allocating 0 bytes.
[0000.61] Init: Object subsystem initialized
[0000.61] DevSave: (System) 'Default__System' loading configuration from ..\..\UDKGame\Config\UDKEngine.ini
[0000.61] DevSave:    Loading value for SeekFreePCPaths from [Core.System]
[0000.61] DevSave:    Loading value for SeekFreePCExtensions from [Core.System]
[0000.61] DevSave:    Loading value for CutdownPaths from [Core.System]
[0000.61] DevSave:    Loading value for LocalizationPaths from [Core.System]
[0000.61] DevSave:    Loading value for TextureFileCacheExtension from [Core.System]
[0000.61] DevSave:    Loading value for Extensions from [Core.System]
[0000.61] DevSave:    Loading value for Suppress from [Core.System]
[0000.61] DevSave:    Loading value for FRScriptPaths from [Core.System]
[0000.61] DevSave:    Loading value for ScriptPaths from [Core.System]
[0000.61] DevSave:    Loading value for Paths from [Core.System]
[0000.61] DevSave:    Loading value for ScreenShotPath from [Core.System]
[0000.62] DevSave:    Loading value for CacheExt from [Core.System]
[0000.62] DevSave:    Loading value for CachePath from [Core.System]
[0000.62] DevSave:    Loading value for SavePath from [Core.System]
[0000.62] DevSave:    Loading value for AsyncIOBandwidthLimit from [Core.System]
[0000.62] DevSave:    Loading value for PackageSizeSoftLimit from [Core.System]
[0000.62] DevSave:    Loading value for MaxOverallCacheSize from [Core.System]
[0000.62] DevSave:    Loading value for MaxStaleCacheSize from [Core.System]
[0000.62] DevSave:    Loading value for StaleCacheDays from [Core.System]
[0019.35] DevDataBase: Failure trying to open connection [Provider=sqloledb;Data Source=production-db;Initial Catalog=EngineTaskPerf;Trusted_Connection=Yes;Connection Timeout=2] [Invalid connection string attribute]
[0019.35] DevDataBase: Connection to "Provider=sqloledb;Data Source=production-db;Initial Catalog=EngineTaskPerf;Trusted_Connection=Yes;Connection Timeout=2" or "10.1.20.20" failed
[0019.35] DevDataBase: Failure closing connection [Operation is not allowed when the object is closed.]
[0019.41] Log: Shader platform (RHI): PC-D3D-SM3
[0019.56] Log: PhysX GPU Support: DISABLED
[0019.56] Init: Initializing FaceFX...
[0019.57] Init: FaceFX 1.7.4 initialized.
[0021.55] Init: Finished loading startup packages in 1.84 seconds
[0021.55] Log: 76303 objects as part of root set at end of initial load.
[0021.55] Log: 0 out of 0 bytes used by permanent object pool.
[0021.56] Log: Supported Consoles:
[0021.56] Log:   PC
[0021.56] Log: Initializing Engine...
[0021.60] Log: Missing cached shader map for material Duke_Hand_Material, compiling.
[0022.13] Log: Missing cached shader map for material Master_Weapon_Shader, compiling.
[0022.28] Log: Encountered missing default brush - spawning new one
[0022.28] Init: UEngine initialized
[0022.28] Log: Primary PhysX scene will be in software.
[0022.28] Log: Creating Primary PhysX Scene.
[0022.29] Init: Transaction tracking system initialized
[0022.75] Init: XAudio2 using 'Speakers (High Definition Audio Device)' : 2 channels at 48 kHz using 32 bits per sample (channel mask 0x3)
[0022.77] Log: Working around XDK XAudio2 regression: TRUE
[0022.78] Init: XAudio2Device initialized.
[0023.23] Init: Client initialized
[0023.23] Init: Editor engine initialized
[0023.32] Log: Initializing Engine Completed
[0023.32] Log: >>>>>>>>>>>>>> Initial startup: 23.32s <<<<<<<<<<<<<<<
[0023.40] Cmd: MODE MAPEXT=udk
[0023.45] SourceControl: Source Control disabled in UDKEditorUserSettings.ini.  [SourceControl] has Disabled=True
[0023.46] SourceControl: Source Control disabled in UDKEditorUserSettings.ini.  [SourceControl] has Disabled=True
[0024.29] Log: Found D3D11 adapter 0: NVIDIA GeForce RTX 4090
[0024.29] Log: Adapter has 24156MB of dedicated video memory, 0MB of dedicated system memory, and 32331MB of shared system memory
[0024.33] Log: Found D3D11 adapter 1: Microsoft Basic Render Driver
[0024.33] Log: Adapter has 0MB of dedicated video memory, 0MB of dedicated system memory, and 32331MB of shared system memory
[0027.15] Cmd: MAP LOAD FILE="..\..\UDKGame\Content\Maps\Templates\Template_MidDay.umap"
[0027.36] Log: Encountered missing default brush - spawning new one
[0027.77] Log: New File, Existing Package (Package Untitled_2, Package Template_MidDay)
[0027.84] Log: -- Checking Building LODs
[0027.84] Log: Primary PhysX scene will be in software.
[0027.85] Log: Creating Primary PhysX Scene.
[0027.85] Log: Finished looking for orphan Actors (0.003 secs)
[0027.86] Cmd: MAP CHECKDEP DONTCLEARMESSAGES
[0027.91] Log: TIMER ALL OF INIT : [8.336061]
[0057.70] Log: 
==== Worlds needing PIE Save:
[0057.70] Log: Untitled_2
[0057.70] Log: ==== 1 total
[0057.73] Log: Built Phys StaticMesh Cache: 2.193 ms
[0057.73] Log: COOKEDPHYSICS: 1 TriMeshes (0.597656 KB), 1 Convex Hulls (1.082031 KB) - Total 1.679688 KB
[0057.80] Log: Save=68.510500
[0057.80] Log: Moving 'd:\projects\Duke2003\Binaries\Win64\..\..\UDKGame\Autosaves\UEDPIEUntitled_2_save.tmp' to 'd:\projects\Duke2003\Binaries\Win64\..\..\UDKGame\Autosaves\UEDPIEUntitled_2.udk'
[0057.82] Cmd: MAP LOAD PLAYWORLD=1 FILE="d:\projects\Duke2003\Binaries\Win64\..\..\UDKGame\Autosaves\UEDPIEUntitled_2.udk"
[0057.83] Log: Finished looking for orphan Actors (0.003 secs)
[0057.83] Log: Game class is 'dnSinglePlayer'
[0057.84] Log: Primary PhysX scene will be in software.
[0057.84] Log: Creating Primary PhysX Scene.
[0057.85] Log: *** WARNING - PATHS MAY NOT BE VALID ***
[0057.85] Log: Bringing World UEDPIEUntitled_2.TheWorld up for play (0) at 2023.05.22-10.57.40
[0057.86] Log: Bringing up level for play took: 0.020220
[0058.12] ScriptWarning: Accessed None 'MapInfo'
	GFxMinimap Transient.GFxMinimapHud_0:GFxMinimap_0
	Function UTGame.GFxMinimap:Init:00F2
[0058.12] ScriptWarning: Accessed None 'OnlineSub'
	dnPlayerController UEDPIEUntitled_2.TheWorld:PersistentLevel.dnPlayerController_0
	Function UTGame.UTPlayerController:ClientSetOnlineStatus:0033
[0058.12] ScriptWarning: Accessed None 'OnlineSub'
	dnPlayerController UEDPIEUntitled_2.TheWorld:PersistentLevel.dnPlayerController_0
	Function UTGame.UTPlayerController:ClientSetOnlineStatus:02D1
[0058.12] ScriptWarning: Accessed None
	dnPlayerController UEDPIEUntitled_2.TheWorld:PersistentLevel.dnPlayerController_0
	Function UTGame.UTPlayerController:ClientSetOnlineStatus:02E5
[0058.12] Log: PIE: play in editor start time for UEDPIEUntitled_2 0.596
[0058.12] ScriptWarning: Accessed None 'MapInfo'
	GFxMinimap Transient.GFxMinimapHud_1:GFxMinimap_1
	Function UTGame.GFxMinimap:Init:00F2
[0058.19] ScriptWarning: Accessed None 'LeftHandIK'
	PlayerPawn UEDPIEUntitled_2.TheWorld:PersistentLevel.PlayerPawn_0
	Function UTGame.UTPawn:SetHandIKEnabled:0066
[0058.19] ScriptWarning: Accessed None 'RightHandIK'
	PlayerPawn UEDPIEUntitled_2.TheWorld:PersistentLevel.PlayerPawn_0
	Function UTGame.UTPawn:SetHandIKEnabled:008F
[0058.19] Cmd: SETSOUNDMODE Default
[0058.19] ScriptLog: START MATCH
[0058.20] ScriptWarning: Accessed None 'MapInfo'
	GFxMinimap Transient.GFxMinimapHud_1:GFxMinimap_1
	Function UTGame.GFxMinimap:UpdateData:0015
[0058.95] Cmd: StartFire 
[0058.95] Cmd: OnRelease StopFire
[0059.04] Cmd: StopFire
[0059.77] Cmd: StartFire 
[0059.77] Cmd: OnRelease StopFire
[0059.89] Cmd: StopFire
[0060.15] Cmd: StartFire 
[0060.15] Cmd: OnRelease StopFire
[0060.25] Cmd: StopFire
[0060.50] Cmd: StartFire 
[0060.50] Cmd: OnRelease StopFire
[0060.62] Cmd: StopFire
[0060.73] Cmd: StartFire 
[0060.73] Cmd: OnRelease StopFire
[0060.87] Cmd: StopFire
[0072.50] Cmd: onrelease ShowMenu
[0072.51] ScriptWarning: Accessed None 'ViewportClient'
	dnPlayerController UEDPIEUntitled_2.TheWorld:PersistentLevel.dnPlayerController_0
	Function UTGame.UTPlayerController:Destroyed:0041
[0072.51] ScriptWarning: Player start not found, failed to restart player
	dnSinglePlayer UEDPIEUntitled_2.TheWorld:PersistentLevel.dnSinglePlayer_0
	Function Engine.GameInfo:RestartPlayer:025E
[0074.73] Exit: Preparing to exit.
[0074.83] Exit: Editor shut down
[0074.83] Exit: Transaction tracking system shut down
[0075.00] Exit: Windows client shut down
[0075.01] Exit: XAudio2 Device shut down.
[0075.09] Exit: Object subsystem successfully closed.
[0075.10] Log: Shutting down FaceFX...
[0075.10] Log: FaceFX shutdown.
[0075.13] DevDataBase: Spent 18.717375 seconds communicating with "Provider=sqloledb;Data Source=production-db;Initial Catalog=EngineTaskPerf;Trusted_Connection=Yes;Connection Timeout=2" or "10.1.20.20"
[0075.13] Exit: Exiting.
[0075.14] Log: Log file closed, 05/22/23 10:57:58
