Log: Log file open, 05/22/23 10:40:30
Init: WinSock: version 1.1 (2.2), MaxSocks=32767, MaxUdp=65467
Init: Version: 8364
Init: Epic Internal: 0
Init: Compiled (64-bit): May 21 2023 21:56:09
Init: Changelist: 871961
Init: Command line: editor 
Init: Base directory: d:\projects\Duke2003\Binaries\Win64\
DevConfig: GConfig::LoadFile has loaded file:  ..\..\UDKGame\Config\UDKEditor.ini
DevConfig: GConfig::LoadFile has loaded file:  ..\..\UDKGame\Config\UDKEditorUserSettings.ini
DevConfig: GConfig::LoadFile associated file:  ..\..\UDKGame\Config\UDKCompat.ini
DevConfig: GConfig::LoadFile has loaded file:  ..\..\UDKGame\Config\UDKLightmass.ini
DevConfig: GConfig::LoadFile has loaded file:  ..\..\UDKGame\Config\UDKEngine.ini
DevConfig: GConfig::LoadFile has loaded file:  ..\..\UDKGame\Config\UDKGame.ini
DevConfig: GConfig::LoadFile has loaded file:  ..\..\UDKGame\Config\UDKInput.ini
DevConfig: GConfig::LoadFile has loaded file:  ..\..\UDKGame\Config\UDKUI.ini
[0000.55] Init: Computer: JUSTIN-MAINPC
[0000.55] Init: User: justi
[0000.55] Init: CPU Page size=4096, Processors=32
[0000.55] Init: High frequency timer resolution =10.000000 MHz
[0000.55] Init: Memory total: Physical=63.1GB Pagefile=84.1GB Virtual=131072.0GB
[0000.55] DevStats: GSecondsPerCycle 1.000000e-007
[0000.60] Init: WinSock: I am justin-mainpc (192.168.1.4:0)
[0000.60] Init: Presizing for 0 objects not considered by GC, pre-allocating 0 bytes.
[0000.60] Init: Object subsystem initialized
[0000.60] DevSave: (System) 'Default__System' loading configuration from ..\..\UDKGame\Config\UDKEngine.ini
[0000.60] DevSave:    Loading value for SeekFreePCPaths from [Core.System]
[0000.60] DevSave:    Loading value for SeekFreePCExtensions from [Core.System]
[0000.60] DevSave:    Loading value for CutdownPaths from [Core.System]
[0000.60] DevSave:    Loading value for LocalizationPaths from [Core.System]
[0000.60] DevSave:    Loading value for TextureFileCacheExtension from [Core.System]
[0000.60] DevSave:    Loading value for Extensions from [Core.System]
[0000.60] DevSave:    Loading value for Suppress from [Core.System]
[0000.60] DevSave:    Loading value for FRScriptPaths from [Core.System]
[0000.60] DevSave:    Loading value for ScriptPaths from [Core.System]
[0000.60] DevSave:    Loading value for Paths from [Core.System]
[0000.60] DevSave:    Loading value for ScreenShotPath from [Core.System]
[0000.60] DevSave:    Loading value for CacheExt from [Core.System]
[0000.60] DevSave:    Loading value for CachePath from [Core.System]
[0000.60] DevSave:    Loading value for SavePath from [Core.System]
[0000.60] DevSave:    Loading value for AsyncIOBandwidthLimit from [Core.System]
[0000.60] DevSave:    Loading value for PackageSizeSoftLimit from [Core.System]
[0000.60] DevSave:    Loading value for MaxOverallCacheSize from [Core.System]
[0000.60] DevSave:    Loading value for MaxStaleCacheSize from [Core.System]
[0000.60] DevSave:    Loading value for StaleCacheDays from [Core.System]
[0019.34] DevDataBase: Failure trying to open connection [Provider=sqloledb;Data Source=production-db;Initial Catalog=EngineTaskPerf;Trusted_Connection=Yes;Connection Timeout=2] [Invalid connection string attribute]
[0019.34] DevDataBase: Connection to "Provider=sqloledb;Data Source=production-db;Initial Catalog=EngineTaskPerf;Trusted_Connection=Yes;Connection Timeout=2" or "10.1.20.20" failed
[0019.34] DevDataBase: Failure closing connection [Operation is not allowed when the object is closed.]
[0019.41] Log: Shader platform (RHI): PC-D3D-SM3
[0028.02] Log: PhysX GPU Support: DISABLED
[0028.03] Init: Initializing FaceFX...
[0028.03] Init: FaceFX 1.7.4 initialized.
[0028.07] Init: Version: 8364
[0028.07] Init: Epic Internal: 0
[0028.08] Init: Compiled (64-bit): May 21 2023 21:56:09
[0028.08] Init: Command line:  
[0028.08] Init: Base directory: d:\projects\Duke2003\Binaries\Win64\
[0028.08] Init: Character set: Unicode
[0028.08] Log: Executing Class UnrealEd.MakeCommandlet
[0028.08] Init: UEngine initialized
[0028.14] Heading: --------------------Core - Release--------------------
[0028.14] Log: New File, Existing Package (Package Untitled_0, Package Core)
[0028.15] Log: Loading global macros for Core
[0028.18] Heading: --------------------Engine - Release--------------------
[0028.23] Log: New File, Existing Package (Package Untitled_1, Package Engine)
[0028.53] Log: Loading global macros for Engine
[0029.18] Heading: --------------------GFxUI - Release--------------------
[0029.18] Log: New File, Existing Package (Package Untitled_2, Package GFxUI)
[0029.18] Log: Loading global macros for GFxUI
[0029.20] Heading: --------------------GameFramework - Release--------------------
[0029.20] Log: New File, Existing Package (Package Untitled_3, Package GameFramework)
[0029.24] Log: Loading global macros for GameFramework
[0029.31] Heading: --------------------UnrealEd - Release--------------------
[0029.32] Log: New File, Existing Package (Package Untitled_4, Package UnrealEd)
[0029.34] Log: Loading global macros for UnrealEd
[0029.39] Heading: --------------------GFxUIEditor - Release--------------------
[0029.39] Log: New File, Existing Package (Package Untitled_5, Package GFxUIEditor)
[0029.39] Log: Loading global macros for GFxUIEditor
[0029.40] Heading: --------------------IpDrv - Release--------------------
[0029.40] Log: New File, Existing Package (Package Untitled_6, Package IpDrv)
[0029.41] Log: Loading global macros for IpDrv
[0029.44] Heading: --------------------OnlineSubsystemPC - Release--------------------
[0029.44] Log: New File, Existing Package (Package Untitled_7, Package OnlineSubsystemPC)
[0029.45] Log: Loading global macros for OnlineSubsystemPC
[0029.46] Heading: --------------------OnlineSubsystemGameSpy - Release--------------------
[0029.46] Log: New File, Existing Package (Package Untitled_8, Package OnlineSubsystemGameSpy)
[0029.47] Log: Loading global macros for OnlineSubsystemGameSpy
[0029.49] Heading: --------------------OnlineSubsystemLive - Release--------------------
[0029.49] Log: New File, Existing Package (Package Untitled_9, Package OnlineSubsystemLive)
[0029.51] Log: Loading global macros for OnlineSubsystemLive
[0029.54] Heading: --------------------OnlineSubsystemSteamworks - Release--------------------
[0029.54] Log: New File, Existing Package (Package Untitled_10, Package OnlineSubsystemSteamworks)
[0029.55] Log: Loading global macros for OnlineSubsystemSteamworks
[0029.58] Heading: --------------------UDKBase - Release--------------------
[0029.58] Log: New File, Existing Package (Package Untitled_11, Package UDKBase)
[0029.60] Log: Loading global macros for UDKBase
[0029.65] Heading: --------------------UTEditor - Release--------------------
[0029.65] Log: New File, Existing Package (Package Untitled_12, Package UTEditor)
[0029.65] Log: Loading global macros for UTEditor
[0029.65] Heading: --------------------UTGame - Release--------------------
[0029.66] Log: New File, Existing Package (Package Untitled_13, Package UTGame)
[0029.92] Log: Loading global macros for UTGame
[0030.31] Heading: --------------------UTGameContent - Release--------------------
[0030.31] Log: New File, Existing Package (Package Untitled_14, Package UTGameContent)
[0030.35] Log: Loading global macros for UTGameContent
[0030.37] Heading: --------------------dnGame - Release--------------------
[0030.37] Log: Package dnGame changed, recompiling
[0030.37] Log: Analyzing...
[0030.37] Log: Loading global macros for dnGame
[0030.38] Log: Exporting native class declarations for dnGame
[0030.38] Log: Autogenerating C++ header: 
[0033.21] Log: Exported updated C++ header: ..\..\Development\Src\dnGame\Inc\dnGameClasses.h
[0033.22] Log: Autogenerating C++ header: dnGameNames.h
[0033.22] Log: Success: Compiled 179 line(s), 11 statement(s).

[0033.22] Log: Scripts successfully compiled - saving package 'd:\projects\Duke2003\Binaries\Win64\..\..\UDKGame\Script\dnGame.u'
[0033.31] Log: Save=91.489100
[0033.31] Log: Moving '..\..\UDKGame\Script\dnGame_save.tmp' to '..\..\UDKGame\Script\dnGame.u'
[0033.31] Heading: --------------------UDKUltimate - Release--------------------
[0033.31] Log: Analyzing...
[0033.31] Log: Loading global macros for UDKUltimate
[0033.39] Log: Success: Compiled 1075 line(s), 179 statement(s).

[0033.40] Log: Scripts successfully compiled - saving package 'd:\projects\Duke2003\Binaries\Win64\..\..\UDKGame\Script\UDKUltimate.u'
[0033.49] Log: Save=98.876300
[0033.49] Log: Moving '..\..\UDKGame\Script\UDKUltimate_save.tmp' to '..\..\UDKGame\Script\UDKUltimate.u'
[0034.11] Log: 
[0034.11] Log: Success - 0 error(s), 0 warning(s)
[0034.11] Log: 
Execution of commandlet took:  6.04 seconds
[0034.12] Exit: Preparing to exit.
[0034.20] Exit: Object subsystem successfully closed.
[0034.20] Log: Shutting down FaceFX...
[0034.20] Log: FaceFX shutdown.
[0034.20] DevDataBase: Spent 18.718287 seconds communicating with "Provider=sqloledb;Data Source=production-db;Initial Catalog=EngineTaskPerf;Trusted_Connection=Yes;Connection Timeout=2" or "10.1.20.20"
[0034.20] Exit: Exiting.
[0034.20] Log: Log file closed, 05/22/23 10:41:03
