Log: Log file open, 05/22/23 14:25:57
Init: WinSock: version 1.1 (2.2), MaxSocks=32767, MaxUdp=65467
Init: Version: 8364
Init: Epic Internal: 0
Init: Compiled (64-bit): May 21 2023 21:56:09
Init: Changelist: 871961
Init: Command line: editor 
Init: Base directory: d:\projects\Duke2003\Binaries\Win64\
DevConfig: GConfig::LoadFile has loaded file:  ..\..\UDKGame\Config\UDKEditor.ini
DevConfig: GConfig::LoadFile has loaded file:  ..\..\UDKGame\Config\UDKEditorUserSettings.ini
DevConfig: GConfig::LoadFile associated file:  ..\..\UDKGame\Config\UDKCompat.ini
DevConfig: GConfig::LoadFile has loaded file:  ..\..\UDKGame\Config\UDKLightmass.ini
DevConfig: GConfig::LoadFile has loaded file:  ..\..\UDKGame\Config\UDKEngine.ini
DevConfig: GConfig::LoadFile has loaded file:  ..\..\UDKGame\Config\UDKGame.ini
DevConfig: GConfig::LoadFile has loaded file:  ..\..\UDKGame\Config\UDKInput.ini
DevConfig: GConfig::LoadFile has loaded file:  ..\..\UDKGame\Config\UDKUI.ini
[0000.57] Init: Computer: JUSTIN-MAINPC
[0000.57] Init: User: justi
[0000.57] Init: CPU Page size=4096, Processors=32
[0000.57] Init: High frequency timer resolution =10.000000 MHz
[0000.57] Init: Memory total: Physical=63.1GB Pagefile=84.1GB Virtual=131072.0GB
[0000.57] DevStats: GSecondsPerCycle 1.000000e-007
[0000.62] Init: WinSock: I am justin-mainpc (192.168.1.4:0)
[0000.62] Init: Presizing for 0 objects not considered by GC, pre-allocating 0 bytes.
[0000.62] Init: Object subsystem initialized
[0000.62] DevSave: (System) 'Default__System' loading configuration from ..\..\UDKGame\Config\UDKEngine.ini
[0000.62] DevSave:    Loading value for SeekFreePCPaths from [Core.System]
[0000.62] DevSave:    Loading value for SeekFreePCExtensions from [Core.System]
[0000.63] DevSave:    Loading value for CutdownPaths from [Core.System]
[0000.63] DevSave:    Loading value for LocalizationPaths from [Core.System]
[0000.63] DevSave:    Loading value for TextureFileCacheExtension from [Core.System]
[0000.63] DevSave:    Loading value for Extensions from [Core.System]
[0000.63] DevSave:    Loading value for Suppress from [Core.System]
[0000.63] DevSave:    Loading value for FRScriptPaths from [Core.System]
[0000.63] DevSave:    Loading value for ScriptPaths from [Core.System]
[0000.63] DevSave:    Loading value for Paths from [Core.System]
[0000.63] DevSave:    Loading value for ScreenShotPath from [Core.System]
[0000.63] DevSave:    Loading value for CacheExt from [Core.System]
[0000.63] DevSave:    Loading value for CachePath from [Core.System]
[0000.63] DevSave:    Loading value for SavePath from [Core.System]
[0000.63] DevSave:    Loading value for AsyncIOBandwidthLimit from [Core.System]
[0000.63] DevSave:    Loading value for PackageSizeSoftLimit from [Core.System]
[0000.63] DevSave:    Loading value for MaxOverallCacheSize from [Core.System]
[0000.63] DevSave:    Loading value for MaxStaleCacheSize from [Core.System]
[0000.63] DevSave:    Loading value for StaleCacheDays from [Core.System]
[0019.33] DevDataBase: Failure trying to open connection [Provider=sqloledb;Data Source=production-db;Initial Catalog=EngineTaskPerf;Trusted_Connection=Yes;Connection Timeout=2] [Invalid connection string attribute]
[0019.33] DevDataBase: Connection to "Provider=sqloledb;Data Source=production-db;Initial Catalog=EngineTaskPerf;Trusted_Connection=Yes;Connection Timeout=2" or "10.1.20.20" failed
[0019.33] DevDataBase: Failure closing connection [Operation is not allowed when the object is closed.]
[0019.49] Log: Shader platform (RHI): PC-D3D-SM3
[0019.71] Log: PhysX GPU Support: DISABLED
[0019.73] Init: Initializing FaceFX...
[0019.73] Init: FaceFX 1.7.4 initialized.
[0021.75] Init: Finished loading startup packages in 1.86 seconds
[0021.76] Log: 76303 objects as part of root set at end of initial load.
[0021.76] Log: 0 out of 0 bytes used by permanent object pool.
[0021.77] Log: Supported Consoles:
[0021.77] Log:   PC
[0021.77] Log: Initializing Engine...
[0021.80] Log: Missing cached shader map for material Duke_Hand_Material, compiling.
[0022.33] Log: Missing cached shader map for material Master_Weapon_Shader, compiling.
[0022.47] Log: Encountered missing default brush - spawning new one
[0022.47] Init: UEngine initialized
[0022.47] Log: Primary PhysX scene will be in software.
[0022.47] Log: Creating Primary PhysX Scene.
[0022.48] Init: Transaction tracking system initialized
[0022.94] Init: XAudio2 using 'Speakers (High Definition Audio Device)' : 2 channels at 48 kHz using 32 bits per sample (channel mask 0x3)
[0022.96] Log: Working around XDK XAudio2 regression: TRUE
[0022.98] Init: XAudio2Device initialized.
[0023.47] Init: Client initialized
[0023.47] Init: Editor engine initialized
[0023.55] Log: Initializing Engine Completed
[0023.55] Log: >>>>>>>>>>>>>> Initial startup: 23.55s <<<<<<<<<<<<<<<
[0023.64] Cmd: MODE MAPEXT=udk
[0023.70] SourceControl: Source Control disabled in UDKEditorUserSettings.ini.  [SourceControl] has Disabled=True
[0023.72] SourceControl: Source Control disabled in UDKEditorUserSettings.ini.  [SourceControl] has Disabled=True
[0024.63] Log: Found D3D11 adapter 0: NVIDIA GeForce RTX 4090
[0024.63] Log: Adapter has 24156MB of dedicated video memory, 0MB of dedicated system memory, and 32331MB of shared system memory
[0024.67] Log: Found D3D11 adapter 1: Microsoft Basic Render Driver
[0024.67] Log: Adapter has 0MB of dedicated video memory, 0MB of dedicated system memory, and 32331MB of shared system memory
[0027.73] Cmd: MAP LOAD FILE="..\..\UDKGame\Content\Maps\Templates\Template_MidDay.umap"
[0027.99] Log: Encountered missing default brush - spawning new one
[0028.51] Log: New File, Existing Package (Package Untitled_2, Package Template_MidDay)
[0028.61] Log: -- Checking Building LODs
[0028.62] Log: Primary PhysX scene will be in software.
[0028.62] Log: Creating Primary PhysX Scene.
[0028.63] Log: Finished looking for orphan Actors (0.003 secs)
[0028.63] Cmd: MAP CHECKDEP DONTCLEARMESSAGES
[0028.68] Log: TIMER ALL OF INIT : [8.929482]
[0041.51] Cmd: MAP LOAD FILE="D:\projects\Duke2003\UDKGame\Content\Maps\DukeForever\z1l2.udk"
[0041.55] Log: Encountered missing default brush - spawning new one
[0042.33] Log: Missing cached shader map for material dcasino_logos_dcaslogo1RC_Mat, compiling.
[0042.46] Log: Missing cached shader map for material dcasino_walls_dcaswallbotm6RC_Mat, compiling.
[0042.58] Log: Missing cached shader map for material airforcebase_pavement_tarmack3aRC_Mat, compiling.
[0042.71] Log: Missing cached shader map for material airforcebase_sets_exbldBac1bRC_Mat, compiling.
[0042.84] Log: Missing cached shader map for material dcasino_doors_dcasdoors1RC_Mat, compiling.
[0042.96] Log: Missing cached shader map for material Penthouse_exterior_pentextbuild22R_Mat, compiling.
[0043.09] Log: Missing cached shader map for material Penthouse_library_pentlibwall2RC_Mat, compiling.
[0043.21] Log: Missing cached shader map for material Penthouse_marble_pentmarstair1aR_Mat, compiling.
[0043.34] Log: Missing cached shader map for material Penthouse_Pool_pentpool1aRC_Mat, compiling.
[0043.46] Log: Missing cached shader map for material Penthouse_Pool_pentpool1fRC_Mat, compiling.
[0043.58] Log: Missing cached shader map for material Penthouse_trim_penttrim8RC_Mat, compiling.
[0043.71] Log: Missing cached shader map for material stratosfear_walls_strwall4RC_Mat, compiling.
[0043.83] Log: Missing cached shader map for material Streets_City_Street_gen3lane1RC_Mat, compiling.
[0043.95] Log: Missing cached shader map for material t_generic_Water_genwater2RC_Mat, compiling.
[0044.15] Log: Missing cached shader map for material vegas_casino1_cieling1FBC_Mat, compiling.
[0044.27] Log: Missing cached shader map for material vegas_casino1_dukesym3BC_Mat, compiling.
[0044.40] Log: Missing cached shader map for material vegas_casino1_genericgold1BC_Mat, compiling.
[0044.52] Log: Missing cached shader map for material vegas_casinos_ext_vegwallnight1RC_Mat, compiling.
[0044.65] Log: Missing cached shader map for material vegas_furniture_vegblackj1aRC_Mat, compiling.
[0044.77] Log: Missing cached shader map for material vegas_plants_bush2aRC_Mat, compiling.
[0044.89] Log: Missing cached shader map for material Starbsrt_Mat, compiling.
[0045.46] Log: -- Checking Building LODs
[0045.46] Log: Primary PhysX scene will be in software.
[0045.46] Log: Creating Primary PhysX Scene.
[0045.47] Log: Finished looking for orphan Actors (0.005 secs)
[0045.53] Cmd: MAP CHECKDEP DONTCLEARMESSAGES
[0280.80] Log: Built Phys StaticMesh Cache: 7.012 ms
[0280.80] Log: COOKEDPHYSICS: 0 TriMeshes (0.000000 KB), 2 Convex Hulls (5.746094 KB) - Total 5.746094 KB
[0281.59] Log: COOKEDPHYSICS: BSP 635.47 KB
[0282.82] Log: Save=1821.344000
[0282.82] Log: Moving 'D:\projects\Duke2003\UDKGame\Content\Maps\DukeForever\z1l2_save.tmp' to 'D:\projects\Duke2003\UDKGame\Content\Maps\DukeForever\z1l2.udk'
[0282.88] Log: Saving Map: z1l2
[0285.93] Exit: Preparing to exit.
[0286.06] Exit: Editor shut down
[0286.06] Exit: Transaction tracking system shut down
[0286.24] Exit: Windows client shut down
[0286.24] Exit: XAudio2 Device shut down.
[0286.34] Exit: Object subsystem successfully closed.
[0286.36] Log: Shutting down FaceFX...
[0286.36] Log: FaceFX shutdown.
[0286.39] DevDataBase: Spent 18.685348 seconds communicating with "Provider=sqloledb;Data Source=production-db;Initial Catalog=EngineTaskPerf;Trusted_Connection=Yes;Connection Timeout=2" or "10.1.20.20"
[0286.39] Exit: Exiting.
[0286.39] Log: Log file closed, 05/22/23 14:30:43
