Log: Log file open, 05/22/23 09:14:15
Init: WinSock: version 1.1 (2.2), MaxSocks=32767, MaxUdp=65467
Init: Version: 8364
Init: Epic Internal: 0
Init: Compiled (64-bit): May 21 2023 21:56:09
Init: Changelist: 871961
Init: Command line: editor 
Init: Base directory: d:\projects\Duke2003\Binaries\Win64\
DevConfig: GConfig::LoadFile has loaded file:  ..\..\UDKGame\Config\UDKEditor.ini
DevConfig: GConfig::LoadFile has loaded file:  ..\..\UDKGame\Config\UDKEditorUserSettings.ini
DevConfig: GConfig::LoadFile associated file:  ..\..\UDKGame\Config\UDKCompat.ini
DevConfig: GConfig::LoadFile has loaded file:  ..\..\UDKGame\Config\UDKLightmass.ini
DevConfig: GConfig::LoadFile has loaded file:  ..\..\UDKGame\Config\UDKEngine.ini
DevConfig: GConfig::LoadFile has loaded file:  ..\..\UDKGame\Config\UDKGame.ini
DevConfig: GConfig::LoadFile has loaded file:  ..\..\UDKGame\Config\UDKInput.ini
DevConfig: GConfig::LoadFile has loaded file:  ..\..\UDKGame\Config\UDKUI.ini
[0000.80] Init: Computer: JUSTIN-MAINPC
[0000.81] Init: User: justi
[0000.81] Init: CPU Page size=4096, Processors=32
[0000.81] Init: High frequency timer resolution =10.000000 MHz
[0000.81] Init: Memory total: Physical=63.1GB Pagefile=84.1GB Virtual=131072.0GB
[0000.81] DevStats: GSecondsPerCycle 1.000000e-007
[0000.86] Init: WinSock: I am justin-mainpc (192.168.1.4:0)
[0000.86] Init: Presizing for 0 objects not considered by GC, pre-allocating 0 bytes.
[0000.86] Init: Object subsystem initialized
[0000.86] DevSave: (System) 'Default__System' loading configuration from ..\..\UDKGame\Config\UDKEngine.ini
[0000.86] DevSave:    Loading value for SeekFreePCPaths from [Core.System]
[0000.86] DevSave:    Loading value for SeekFreePCExtensions from [Core.System]
[0000.86] DevSave:    Loading value for CutdownPaths from [Core.System]
[0000.86] DevSave:    Loading value for LocalizationPaths from [Core.System]
[0000.86] DevSave:    Loading value for TextureFileCacheExtension from [Core.System]
[0000.86] DevSave:    Loading value for Extensions from [Core.System]
[0000.86] DevSave:    Loading value for Suppress from [Core.System]
[0000.86] DevSave:    Loading value for FRScriptPaths from [Core.System]
[0000.86] DevSave:    Loading value for ScriptPaths from [Core.System]
[0000.86] DevSave:    Loading value for Paths from [Core.System]
[0000.86] DevSave:    Loading value for ScreenShotPath from [Core.System]
[0000.86] DevSave:    Loading value for CacheExt from [Core.System]
[0000.86] DevSave:    Loading value for CachePath from [Core.System]
[0000.86] DevSave:    Loading value for SavePath from [Core.System]
[0000.86] DevSave:    Loading value for AsyncIOBandwidthLimit from [Core.System]
[0000.86] DevSave:    Loading value for PackageSizeSoftLimit from [Core.System]
[0000.86] DevSave:    Loading value for MaxOverallCacheSize from [Core.System]
[0000.86] DevSave:    Loading value for MaxStaleCacheSize from [Core.System]
[0000.86] DevSave:    Loading value for StaleCacheDays from [Core.System]
[0019.63] DevDataBase: Failure trying to open connection [Provider=sqloledb;Data Source=production-db;Initial Catalog=EngineTaskPerf;Trusted_Connection=Yes;Connection Timeout=2] [Invalid connection string attribute]
[0019.63] DevDataBase: Connection to "Provider=sqloledb;Data Source=production-db;Initial Catalog=EngineTaskPerf;Trusted_Connection=Yes;Connection Timeout=2" or "10.1.20.20" failed
[0019.64] DevDataBase: Failure closing connection [Operation is not allowed when the object is closed.]
[0019.71] Log: Shader platform (RHI): PC-D3D-SM3
[0027.39] Log: PhysX GPU Support: DISABLED
[0027.42] Init: Initializing FaceFX...
[0027.42] Init: FaceFX 1.7.4 initialized.
[0029.89] Init: Finished loading startup packages in 2.22 seconds
[0029.89] Log: 76301 objects as part of root set at end of initial load.
[0029.89] Log: 0 out of 0 bytes used by permanent object pool.
[0029.92] Log: Supported Consoles:
[0029.92] Log:   PC
[0029.92] Log: Initializing Engine...
[0029.96] Log: Missing cached shader map for material Duke_Hand_Material, compiling.
[0030.48] Log: Missing cached shader map for material Master_Weapon_Shader, compiling.
[0030.63] Log: Encountered missing default brush - spawning new one
[0030.63] Init: UEngine initialized
[0030.63] Log: Primary PhysX scene will be in software.
[0030.63] Log: Creating Primary PhysX Scene.
[0030.65] Init: Transaction tracking system initialized
[0031.35] Init: XAudio2 using 'Speakers (High Definition Audio Device)' : 2 channels at 48 kHz using 32 bits per sample (channel mask 0x3)
[0031.36] Log: Working around XDK XAudio2 regression: TRUE
[0031.37] Init: XAudio2Device initialized.
[0031.88] Init: Client initialized
[0031.88] Init: Editor engine initialized
[0031.98] Log: Initializing Engine Completed
[0031.98] Log: >>>>>>>>>>>>>> Initial startup: 31.98s <<<<<<<<<<<<<<<
[0032.11] Cmd: MODE MAPEXT=udk
[0032.22] SourceControl: Source Control disabled in UDKEditorUserSettings.ini.  [SourceControl] has Disabled=True
[0032.23] SourceControl: Source Control disabled in UDKEditorUserSettings.ini.  [SourceControl] has Disabled=True
[0033.10] Log: Found D3D11 adapter 0: NVIDIA GeForce RTX 4090
[0033.10] Log: Adapter has 24156MB of dedicated video memory, 0MB of dedicated system memory, and 32331MB of shared system memory
[0033.12] Log: Found D3D11 adapter 1: Microsoft Basic Render Driver
[0033.12] Log: Adapter has 0MB of dedicated video memory, 0MB of dedicated system memory, and 32331MB of shared system memory
[0036.06] Cmd: MAP LOAD FILE="..\..\UDKGame\Content\Maps\Templates\Template_MidDay.umap"
[0036.28] Log: Encountered missing default brush - spawning new one
[0036.68] Log: New File, Existing Package (Package Untitled_2, Package Template_MidDay)
[0036.75] Log: -- Checking Building LODs
[0036.76] Log: Primary PhysX scene will be in software.
[0036.76] Log: Creating Primary PhysX Scene.
[0036.77] Log: Finished looking for orphan Actors (0.003 secs)
[0036.77] Cmd: MAP CHECKDEP DONTCLEARMESSAGES
[0036.82] Log: TIMER ALL OF INIT : [9.371108]
[0818.35] Log: 
==== Worlds needing PIE Save:
[0818.35] Log: Untitled_2
[0818.35] Log: ==== 1 total
[0818.39] Log: Built Phys StaticMesh Cache: 2.104 ms
[0818.39] Log: COOKEDPHYSICS: 1 TriMeshes (0.597656 KB), 1 Convex Hulls (1.082031 KB) - Total 1.679688 KB
[0818.48] Log: Save=85.974100
[0818.48] Log: Moving 'd:\projects\Duke2003\Binaries\Win64\..\..\UDKGame\Autosaves\UEDPIEUntitled_2_save.tmp' to 'd:\projects\Duke2003\Binaries\Win64\..\..\UDKGame\Autosaves\UEDPIEUntitled_2.udk'
[0818.50] Cmd: MAP LOAD PLAYWORLD=1 FILE="d:\projects\Duke2003\Binaries\Win64\..\..\UDKGame\Autosaves\UEDPIEUntitled_2.udk"
[0818.50] Log: Finished looking for orphan Actors (0.003 secs)
[0818.50] Log: Game class is 'dnSinglePlayer'
[0818.52] Log: Primary PhysX scene will be in software.
[0818.52] Log: Creating Primary PhysX Scene.
[0818.53] Log: *** WARNING - PATHS MAY NOT BE VALID ***
[0818.53] Log: Bringing World UEDPIEUntitled_2.TheWorld up for play (0) at 2023.05.22-09.27.53
[0818.55] Log: Bringing up level for play took: 0.025660
[0818.79] ScriptWarning: Accessed None 'MapInfo'
	GFxMinimap Transient.GFxMinimapHud_0:GFxMinimap_0
	Function UTGame.GFxMinimap:Init:00F2
[0818.79] ScriptWarning: Accessed None 'OnlineSub'
	dnPlayerController UEDPIEUntitled_2.TheWorld:PersistentLevel.dnPlayerController_0
	Function UTGame.UTPlayerController:ClientSetOnlineStatus:0033
[0818.79] ScriptWarning: Accessed None 'OnlineSub'
	dnPlayerController UEDPIEUntitled_2.TheWorld:PersistentLevel.dnPlayerController_0
	Function UTGame.UTPlayerController:ClientSetOnlineStatus:02D1
[0818.80] ScriptWarning: Accessed None
	dnPlayerController UEDPIEUntitled_2.TheWorld:PersistentLevel.dnPlayerController_0
	Function UTGame.UTPlayerController:ClientSetOnlineStatus:02E5
[0818.80] Log: PIE: play in editor start time for UEDPIEUntitled_2 0.642
[0818.80] ScriptWarning: Accessed None 'MapInfo'
	GFxMinimap Transient.GFxMinimapHud_1:GFxMinimap_1
	Function UTGame.GFxMinimap:Init:00F2
[0818.83] ScriptWarning: Accessed None 'LeftHandIK'
	PlayerPawn UEDPIEUntitled_2.TheWorld:PersistentLevel.PlayerPawn_0
	Function UTGame.UTPawn:SetHandIKEnabled:0066
[0818.83] ScriptWarning: Accessed None 'RightHandIK'
	PlayerPawn UEDPIEUntitled_2.TheWorld:PersistentLevel.PlayerPawn_0
	Function UTGame.UTPawn:SetHandIKEnabled:008F
[0818.84] Cmd: SETSOUNDMODE Default
[0818.84] ScriptLog: START MATCH
[0818.84] ScriptWarning: Accessed None 'MapInfo'
	GFxMinimap Transient.GFxMinimapHud_1:GFxMinimap_1
	Function UTGame.GFxMinimap:UpdateData:0015
[0821.99] Cmd: onrelease ShowMenu
[0822.00] ScriptWarning: Accessed None 'ViewportClient'
	dnPlayerController UEDPIEUntitled_2.TheWorld:PersistentLevel.dnPlayerController_0
	Function UTGame.UTPlayerController:Destroyed:0041
[0822.00] ScriptWarning: Player start not found, failed to restart player
	dnSinglePlayer UEDPIEUntitled_2.TheWorld:PersistentLevel.dnSinglePlayer_0
	Function Engine.GameInfo:RestartPlayer:025E
[0901.00] Cmd: nxvis PHYSX_CLEAR_ALL
[0901.00] Log: Clearing all PhysX Debug Flags.
[0901.00] Cmd: apexvis APEX_CLEAR_ALL
[0901.00] DevPhysics: ApexSDK              : VISUALIZE_LOD_BENEFITS
[0901.00] DevPhysics: ApexSDK              : LOD_DISTANCE_SCALE
[0901.00] DevPhysics: Clothing             : VISUALIZE_CLOTHING_SKINNED_POSITIONS
[0901.00] DevPhysics: Clothing             : VISUALIZE_CLOTHING_SPHERE_COLLISION
[0901.00] DevPhysics: Clothing             : VISUALIZE_CLOTHING_MAX_DISTANCE_OUT
[0901.00] DevPhysics: Clothing             : VISUALIZE_CLOTHING_MAX_DISTANCE_IN
[0901.00] DevPhysics: Clothing             : VISUALIZE_CLOTHING_ALL_SKIN_MAP
[0901.00] DevPhysics: Clothing             : VISUALIZE_CLOTHING_BAD_SKIN_MAP
[0901.00] DevPhysics: Clothing             : VISUALIZE_CLOTHING_SKIN_MAP
[0901.00] DevPhysics: Clothing             : VISUALIZE_CLOTHING_RENDER_NORMALS
[0901.00] DevPhysics: Clothing             : VISUALIZE_CLOTHING_RENDER_TANGENTS
[0901.00] DevPhysics: Clothing             : VISUALIZE_CLOTHING_PHYSICS_MESH_WIRE
[0901.00] DevPhysics: Clothing             : VISUALIZE_CLOTHING_PHYSICS_MESH_SOLID
[0901.00] DevPhysics: Clothing             : VISUALIZE_CLOTHING_SKELETON
[0901.00] DevPhysics: Clothing             : VISUALIZE_CLOTHING_BONE_FRAMES
[0901.00] DevPhysics: Clothing             : VISUALIZE_CLOTHING_BONE_NAMES
[0901.00] DevPhysics: Clothing             : VISUALIZE_CLOTHING_VELOCITIES
[0901.01] DevPhysics: Clothing             : VISUALIZE_CLOTHING_GRAPHICAL_VERTEX_BONES
[0901.01] DevPhysics: Clothing             : VISUALIZE_CLOTHING_PHYSICAL_VERTEX_BONES
[0901.01] DevPhysics: Clothing             : VISUALIZE_CLOTHING_ACOLLISION_UMBRELLAS
[0901.01] DevPhysics: Destructible         : VISUALIZE_DESTRUCTIBLE_BOUNDS
[0901.01] DevPhysics: Destructible         : VISUALIZE_DESTRUCTIBLE_SUPPORT
[0901.01] DevPhysics: Destructible         : VISUALIZE_DESTRUCTIBLE_ACTOR_POSE
[0901.01] DevPhysics: Destructible         : THRESHOLD_DISTANCE_DESTRUCTIBLE_ACTOR_POSE
[0901.01] DevPhysics: Destructible         : VISUALIZE_DESTRUCTIBLE_ACTOR_NAME
[0901.01] DevPhysics: Destructible         : THRESHOLD_DISTANCE_DESTRUCTIBLE_ACTOR_NAME
[0901.01] DevPhysics: Destructible         : VISUALIZE_DESTRUCTIBLE_FRAGMENT_POSE
[0901.01] DevPhysics: Destructible         : THRESHOLD_DISTANCE_DESTRUCTIBLE_FRAGMENT_POSE
[0901.01] DevPhysics: Apex Debug (Scene 0): apexvis APEX_CLEAR_ALL FALSE
[0901.10] Log: Primary PhysX scene will be in software.
[0901.10] Log: Creating Primary PhysX Scene.
[0901.23] Log: MorphTargetSet (VH_Manta_MorphTargets) is added to the mesh (SK_WP_Linkgun_1P) that's not compatible. BaseSkelMesh has to be (SK_VH_Manta)
[0901.23] Log: MorphTargetSet (VH_Manta_MorphTargets) is added to the mesh (SK_WP_Linkgun_1P) that's not compatible. BaseSkelMesh has to be (SK_VH_Manta)
[0901.23] Log: MorphTargetSet (VH_Manta_MorphTargets) is added to the mesh (SK_WP_Linkgun_1P) that's not compatible. BaseSkelMesh has to be (SK_VH_Manta)
[2339.29] Log: 
==== Worlds needing PIE Save:
[2339.29] Log: Untitled_2
[2339.29] Log: ==== 1 total
[2339.32] Log: Built Phys StaticMesh Cache: 2.503 ms
[2339.32] Log: COOKEDPHYSICS: 1 TriMeshes (0.597656 KB), 1 Convex Hulls (1.082031 KB) - Total 1.679688 KB
[2339.40] Log: Save=78.137600
[2339.40] Log: Moving 'd:\projects\Duke2003\Binaries\Win64\..\..\UDKGame\Autosaves\UEDPIEUntitled_2_save.tmp' to 'd:\projects\Duke2003\Binaries\Win64\..\..\UDKGame\Autosaves\UEDPIEUntitled_2.udk'
[2339.42] Cmd: MAP LOAD PLAYWORLD=1 FILE="d:\projects\Duke2003\Binaries\Win64\..\..\UDKGame\Autosaves\UEDPIEUntitled_2.udk"
[2339.42] Log: Finished looking for orphan Actors (0.003 secs)
[2339.42] Log: Game class is 'dnSinglePlayer'
[2339.44] Log: Primary PhysX scene will be in software.
[2339.44] Log: Creating Primary PhysX Scene.
[2339.44] Log: *** WARNING - PATHS MAY NOT BE VALID ***
[2339.44] Log: Bringing World UEDPIEUntitled_2.TheWorld up for play (0) at 2023.05.22-09.53.14
[2339.45] Log: Bringing up level for play took: 0.016274
[2339.49] ScriptWarning: Accessed None 'MapInfo'
	GFxMinimap Transient.GFxMinimapHud_2:GFxMinimap_2
	Function UTGame.GFxMinimap:Init:00F2
[2339.49] ScriptWarning: Accessed None 'OnlineSub'
	dnPlayerController UEDPIEUntitled_2.TheWorld:PersistentLevel.dnPlayerController_1
	Function UTGame.UTPlayerController:ClientSetOnlineStatus:0033
[2339.49] ScriptWarning: Accessed None 'OnlineSub'
	dnPlayerController UEDPIEUntitled_2.TheWorld:PersistentLevel.dnPlayerController_1
	Function UTGame.UTPlayerController:ClientSetOnlineStatus:02D1
[2339.49] ScriptWarning: Accessed None
	dnPlayerController UEDPIEUntitled_2.TheWorld:PersistentLevel.dnPlayerController_1
	Function UTGame.UTPlayerController:ClientSetOnlineStatus:02E5
[2339.49] Log: PIE: play in editor start time for UEDPIEUntitled_2 0.395
[2339.49] ScriptWarning: Accessed None 'MapInfo'
	GFxMinimap Transient.GFxMinimapHud_3:GFxMinimap_3
	Function UTGame.GFxMinimap:Init:00F2
[2339.52] ScriptWarning: Accessed None 'LeftHandIK'
	PlayerPawn UEDPIEUntitled_2.TheWorld:PersistentLevel.PlayerPawn_1
	Function UTGame.UTPawn:SetHandIKEnabled:0066
[2339.52] ScriptWarning: Accessed None 'RightHandIK'
	PlayerPawn UEDPIEUntitled_2.TheWorld:PersistentLevel.PlayerPawn_1
	Function UTGame.UTPawn:SetHandIKEnabled:008F
[2339.52] Cmd: SETSOUNDMODE Default
[2339.52] ScriptLog: START MATCH
[2339.53] ScriptWarning: Accessed None 'MapInfo'
	GFxMinimap Transient.GFxMinimapHud_3:GFxMinimap_3
	Function UTGame.GFxMinimap:UpdateData:0015
[2353.22] Log: Assembled 437 auto-complete commands, manual: 89, exec: 274, kismet: 0
[2353.51] Cmd: onrelease ShowMenu
[2353.52] ScriptWarning: Accessed None 'ViewportClient'
	dnPlayerController UEDPIEUntitled_2.TheWorld:PersistentLevel.dnPlayerController_1
	Function UTGame.UTPlayerController:Destroyed:0041
[2353.53] ScriptWarning: Player start not found, failed to restart player
	dnSinglePlayer UEDPIEUntitled_2.TheWorld:PersistentLevel.dnSinglePlayer_1
	Function Engine.GameInfo:RestartPlayer:025E
[2369.38] Log: 
==== Worlds needing PIE Save:
[2369.38] Log: Untitled_2
[2369.38] Log: ==== 1 total
[2369.45] Log: Built Phys StaticMesh Cache: 2.356 ms
[2369.45] Log: COOKEDPHYSICS: 1 TriMeshes (0.597656 KB), 1 Convex Hulls (1.082031 KB) - Total 1.679688 KB
[2369.52] Log: Save=71.166000
[2369.52] Log: Moving 'd:\projects\Duke2003\Binaries\Win64\..\..\UDKGame\Autosaves\UEDPIEUntitled_2_save.tmp' to 'd:\projects\Duke2003\Binaries\Win64\..\..\UDKGame\Autosaves\UEDPIEUntitled_2.udk'
[2369.54] Cmd: MAP LOAD PLAYWORLD=1 FILE="d:\projects\Duke2003\Binaries\Win64\..\..\UDKGame\Autosaves\UEDPIEUntitled_2.udk"
[2369.55] Log: Finished looking for orphan Actors (0.003 secs)
[2369.55] Log: Game class is 'dnSinglePlayer'
[2369.56] Log: Primary PhysX scene will be in software.
[2369.56] Log: Creating Primary PhysX Scene.
[2369.57] Log: *** WARNING - PATHS MAY NOT BE VALID ***
[2369.57] Log: Bringing World UEDPIEUntitled_2.TheWorld up for play (0) at 2023.05.22-09.53.44
[2369.57] Log: Bringing up level for play took: 0.015156
[2369.61] ScriptWarning: Accessed None 'MapInfo'
	GFxMinimap Transient.GFxMinimapHud_4:GFxMinimap_4
	Function UTGame.GFxMinimap:Init:00F2
[2369.61] ScriptWarning: Accessed None 'OnlineSub'
	dnPlayerControl