Log: Log file open, 05/21/23 19:34:37
Init: WinSock: version 1.1 (2.2), MaxSocks=32767, MaxUdp=65467
Init: Version: 8364
Init: Epic Internal: 0
Init: Compiled (64-bit): May 21 2023 13:02:35
Init: Changelist: 871961
Init: Command line: make all 
Init: Base directory: D:\projects\Duke2003\Binaries\Win64\
DevConfig: GConfig::LoadFile has loaded file:  ..\..\UDKGame\Config\UDKEditor.ini
DevConfig: GConfig::LoadFile has loaded file:  ..\..\UDKGame\Config\UDKEditorUserSettings.ini
DevConfig: GConfig::LoadFile associated file:  ..\..\UDKGame\Config\UDKCompat.ini
DevConfig: GConfig::LoadFile has loaded file:  ..\..\UDKGame\Config\UDKLightmass.ini
DevConfig: GConfig::LoadFile has loaded file:  ..\..\UDKGame\Config\UDKEngine.ini
DevConfig: GConfig::LoadFile has loaded file:  ..\..\UDKGame\Config\UDKGame.ini
DevConfig: GConfig::LoadFile has loaded file:  ..\..\UDKGame\Config\UDKInput.ini
DevConfig: GConfig::LoadFile has loaded file:  ..\..\UDKGame\Config\UDKUI.ini
[0000.55] Init: Computer: JUSTIN-MAINPC
[0000.55] Init: User: justi
[0000.55] Init: CPU Page size=4096, Processors=32
[0000.55] Init: High frequency timer resolution =10.000000 MHz
[0000.55] Init: Memory total: Physical=63.1GB Pagefile=84.1GB Virtual=131072.0GB
[0000.55] DevStats: GSecondsPerCycle 1.000000e-007
[0000.57] Init: WinSock: I am justin-mainpc (192.168.1.4:0)
[0000.57] Init: Presizing for 0 objects not considered by GC, pre-allocating 0 bytes.
[0000.58] Init: Object subsystem initialized
[0000.58] DevSave: (System) 'Default__System' loading configuration from ..\..\UDKGame\Config\UDKEngine.ini
[0000.58] DevSave:    Loading value for SeekFreePCPaths from [Core.System]
[0000.58] DevSave:    Loading value for SeekFreePCExtensions from [Core.System]
[0000.58] DevSave:    Loading value for CutdownPaths from [Core.System]
[0000.58] DevSave:    Loading value for LocalizationPaths from [Core.System]
[0000.58] DevSave:    Loading value for TextureFileCacheExtension from [Core.System]
[0000.58] DevSave:    Loading value for Extensions from [Core.System]
[0000.58] DevSave:    Loading value for Suppress from [Core.System]
[0000.58] DevSave:    Loading value for FRScriptPaths from [Core.System]
[0000.58] DevSave:    Loading value for ScriptPaths from [Core.System]
[0000.58] DevSave:    Loading value for Paths from [Core.System]
[0000.58] DevSave:    Loading value for ScreenShotPath from [Core.System]
[0000.58] DevSave:    Loading value for CacheExt from [Core.System]
[0000.58] DevSave:    Loading value for CachePath from [Core.System]
[0000.58] DevSave:    Loading value for SavePath from [Core.System]
[0000.58] DevSave:    Loading value for AsyncIOBandwidthLimit from [Core.System]
[0000.58] DevSave:    Loading value for PackageSizeSoftLimit from [Core.System]
[0000.58] DevSave:    Loading value for MaxOverallCacheSize from [Core.System]
[0000.58] DevSave:    Loading value for MaxStaleCacheSize from [Core.System]
[0000.58] DevSave:    Loading value for StaleCacheDays from [Core.System]
[0018.28] DevDataBase: Failure trying to open connection [Provider=sqloledb;Data Source=production-db;Initial Catalog=EngineTaskPerf;Trusted_Connection=Yes;Connection Timeout=2] [Invalid connection string attribute]
[0018.28] DevDataBase: Connection to "Provider=sqloledb;Data Source=production-db;Initial Catalog=EngineTaskPerf;Trusted_Connection=Yes;Connection Timeout=2" or "10.1.20.20" failed
[0018.28] DevDataBase: Failure closing connection [Operation is not allowed when the object is closed.]
[0018.31] Log: Shader platform (RHI): PC-D3D-SM3
[0018.35] Log: PhysX GPU Support: DISABLED
[0018.35] Init: Initializing FaceFX...
[0018.35] Init: FaceFX 1.7.4 initialized.
[0018.40] Init: Version: 8364
[0018.40] Init: Epic Internal: 0
[0018.40] Init: Compiled (64-bit): May 21 2023 19:26:27
[0018.40] Init: Command line:  all 
[0018.40] Init: Base directory: D:\projects\Duke2003\Binaries\Win64\
[0018.40] Init: Character set: Unicode
[0018.40] Log: Executing Class UnrealEd.MakeCommandlet
[0018.40] Init: UEngine initialized
[0018.47] Heading: --------------------Core - Release--------------------
[0018.47] Log: New File, Existing Package (Package Untitled_0, Package Core)
[0018.48] Log: Loading global macros for Core
[0018.51] Heading: --------------------Engine - Release--------------------
[0018.55] Log: New File, Existing Package (Package Untitled_1, Package Engine)
[0018.85] Log: Loading global macros for Engine
[0019.49] Heading: --------------------GFxUI - Release--------------------
[0019.49] Log: New File, Existing Package (Package Untitled_2, Package GFxUI)
[0019.49] Log: Loading global macros for GFxUI
[0019.51] Heading: --------------------GameFramework - Release--------------------
[0019.51] Log: New File, Existing Package (Package Untitled_3, Package GameFramework)
[0019.55] Log: Loading global macros for GameFramework
[0019.62] Heading: --------------------UnrealEd - Release--------------------
[0019.62] Log: New File, Existing Package (Package Untitled_4, Package UnrealEd)
[0019.64] Log: Loading global macros for UnrealEd
[0019.70] Heading: --------------------GFxUIEditor - Release--------------------
[0019.70] Log: New File, Existing Package (Package Untitled_5, Package GFxUIEditor)
[0019.70] Log: Loading global macros for GFxUIEditor
[0019.70] Heading: --------------------IpDrv - Release--------------------
[0019.70] Log: New File, Existing Package (Package Untitled_6, Package IpDrv)
[0019.71] Log: Loading global macros for IpDrv
[0019.74] Heading: --------------------OnlineSubsystemPC - Release--------------------
[0019.74] Log: New File, Existing Package (Package Untitled_7, Package OnlineSubsystemPC)
[0019.75] Log: Loading global macros for OnlineSubsystemPC
[0019.76] Heading: --------------------OnlineSubsystemGameSpy - Release--------------------
[0019.76] Log: New File, Existing Package (Package Untitled_8, Package OnlineSubsystemGameSpy)
[0019.77] Log: Loading global macros for OnlineSubsystemGameSpy
[0019.79] Heading: --------------------OnlineSubsystemLive - Release--------------------
[0019.79] Log: New File, Existing Package (Package Untitled_9, Package OnlineSubsystemLive)
[0019.80] Log: Loading global macros for OnlineSubsystemLive
[0019.83] Heading: --------------------OnlineSubsystemSteamworks - Release--------------------
[0019.83] Log: New File, Existing Package (Package Untitled_10, Package OnlineSubsystemSteamworks)
[0019.84] Log: Loading global macros for OnlineSubsystemSteamworks
[0019.86] Heading: --------------------UDKBase - Release--------------------
[0019.86] Log: New File, Existing Package (Package Untitled_11, Package UDKBase)
[0019.88] Log: Loading global macros for UDKBase
[0019.92] Heading: --------------------UTEditor - Release--------------------
[0019.92] Log: New File, Existing Package (Package Untitled_12, Package UTEditor)
[0019.93] Log: Loading global macros for UTEditor
[0019.93] Heading: --------------------UTGame - Release--------------------
[0019.94] Log: New File, Existing Package (Package Untitled_13, Package UTGame)
[0020.19] Log: Loading global macros for UTGame
[0020.55] Heading: --------------------UTGameContent - Release--------------------
[0020.56] Log: New File, Existing Package (Package Untitled_14, Package UTGameContent)
[0020.59] Log: Loading global macros for UTGameContent
[0020.60] Heading: --------------------dnGame - Release--------------------
[0020.61] Log: Analyzing...
[0020.61] Log: Loading global macros for dnGame
[0020.61] Log: Exporting native class declarations for dnGame
[0020.61] Log: Autogenerating C++ header: 
[0024.02] Log: Exported updated C++ header: ..\..\Development\Src\dnGame\Inc\dnGameClasses.h
[0024.02] Log: Autogenerating C++ header: dnGameNames.h
[0024.02] Log: Exported updated C++ header: ..\..\Development\Src\dnGame\Inc\dnGameNames.h
[0024.02] Log: Success: Compiled 4 line(s), 1 statement(s).

[0024.02] Log: Scripts successfully compiled - saving package 'D:\projects\Duke2003\Binaries\Win64\..\..\UDKGame\Script\dnGame.u'
[0024.07] Log: Save=47.976700
[0024.07] Log: Moving '..\..\UDKGame\Script\dnGame_save.tmp' to '..\..\UDKGame\Script\dnGame.u'
[0024.07] Heading: --------------------UDKUltimate - Release--------------------
[0024.07] Log: Analyzing...
[0024.07] Log: Loading global macros for UDKUltimate
[0024.12] Log: Success: Compiled 1075 line(s), 179 statement(s).

[0024.12] Log: Scripts successfully compiled - saving package 'D:\projects\Duke2003\Binaries\Win64\..\..\UDKGame\Script\UDKUltimate.u'
[0024.21] Log: Save=93.798400
[0024.21] Log: Moving '..\..\UDKGame\Script\UDKUltimate_save.tmp' to '..\..\UDKGame\Script\UDKUltimate.u'
[0024.27] Log: 
[0024.27] Log: Success - 0 error(s), 0 warning(s)
[0024.27] Log: 
Execution of commandlet took:  5.87 seconds
[0024.27] Exit: Preparing to exit.
[0024.34] Exit: Object subsystem successfully closed.
[0024.34] Log: Shutting down FaceFX...
[0024.34] Log: FaceFX shutdown.
[0024.34] DevDataBase: Spent 17.698500 seconds communicating with "Provider=sqloledb;Data Source=production-db;Initial Catalog=EngineTaskPerf;Trusted_Connection=Yes;Connection Timeout=2" or "10.1.20.20"
[0024.34] Exit: Exiting.
[0024.34] Log: Log file closed, 05/21/23 19:35:01
