Log: Log file open, 05/22/23 00:09:01
Init: WinSock: version 1.1 (2.2), MaxSocks=32767, MaxUdp=65467
Init: Version: 8364
Init: Epic Internal: 0
Init: Compiled (64-bit): May 21 2023 21:59:00
Init: Changelist: 871961
Init: Command line: make all 
Init: Base directory: D:\projects\Duke2003\Binaries\Win64\
DevConfig: GConfig::LoadFile associated file:  ..\..\UDKGame\Config\UDKCompat.ini
[0000.52] Init: Computer: JUSTIN-MAINPC
[0000.52] Init: User: justi
[0000.52] Init: CPU Page size=4096, Processors=32
[0000.52] Init: High frequency timer resolution =10.000000 MHz
[0000.52] Init: Memory total: Physical=63.1GB Pagefile=84.1GB Virtual=131072.0GB
[0000.54] Init: WinSock: I am justin-mainpc (192.168.1.4:0)
[0000.54] Init: Presizing for 0 objects not considered by GC, pre-allocating 0 bytes.
[0000.55] Init: Object subsystem initialized
[0018.20] DevDataBase: Failure trying to open connection [Provider=sqloledb;Data Source=production-db;Initial Catalog=EngineTaskPerf;Trusted_Connection=Yes;Connection Timeout=2] [Invalid connection string attribute]
[0018.20] DevDataBase: Connection to "Provider=sqloledb;Data Source=production-db;Initial Catalog=EngineTaskPerf;Trusted_Connection=Yes;Connection Timeout=2" or "10.1.20.20" failed
[0018.20] DevDataBase: Failure closing connection [Operation is not allowed when the object is closed.]
[0018.23] Log: Shader platform (RHI): PC-D3D-SM3
[0018.26] Log: PhysX GPU Support: DISABLED
[0018.26] Init: Initializing FaceFX...
[0018.26] Init: FaceFX 1.7.4 initialized.
[0018.30] Init: Version: 8364
[0018.30] Init: Epic Internal: 0
[0018.30] Init: Compiled (64-bit): May 21 2023 21:58:59
[0018.30] Init: Command line:  all 
[0018.30] Init: Base directory: D:\projects\Duke2003\Binaries\Win64\
[0018.30] Init: Character set: Unicode
[0018.30] Log: Executing Class UnrealEd.MakeCommandlet
[0018.30] Init: UEngine initialized
[0018.35] Heading: --------------------Core - Release--------------------
[0018.35] Log: New File, Existing Package (Package Untitled_0, Package Core)
[0018.35] Log: Loading global macros for Core
[0018.36] Heading: --------------------Engine - Release--------------------
[0018.39] Log: New File, Existing Package (Package Untitled_1, Package Engine)
[0018.51] Log: Loading global macros for Engine
[0018.70] Heading: --------------------GFxUI - Release--------------------
[0018.70] Log: New File, Existing Package (Package Untitled_2, Package GFxUI)
[0018.71] Log: Loading global macros for GFxUI
[0018.71] Heading: --------------------GameFramework - Release--------------------
[0018.71] Log: New File, Existing Package (Package Untitled_3, Package GameFramework)
[0018.73] Log: Loading global macros for GameFramework
[0018.76] Heading: --------------------UnrealEd - Release--------------------
[0018.76] Log: New File, Existing Package (Package Untitled_4, Package UnrealEd)
[0018.77] Log: Loading global macros for UnrealEd
[0018.79] Heading: --------------------GFxUIEditor - Release--------------------
[0018.79] Log: New File, Existing Package (Package Untitled_5, Package GFxUIEditor)
[0018.79] Log: Loading global macros for GFxUIEditor
[0018.79] Heading: --------------------IpDrv - Release--------------------
[0018.79] Log: New File, Existing Package (Package Untitled_6, Package IpDrv)
[0018.80] Log: Loading global macros for IpDrv
[0018.81] Heading: --------------------OnlineSubsystemPC - Release--------------------
[0018.81] Log: New File, Existing Package (Package Untitled_7, Package OnlineSubsystemPC)
[0018.81] Log: Loading global macros for OnlineSubsystemPC
[0018.81] Heading: --------------------OnlineSubsystemGameSpy - Release--------------------
[0018.81] Log: New File, Existing Package (Package Untitled_8, Package OnlineSubsystemGameSpy)
[0018.82] Log: Loading global macros for OnlineSubsystemGameSpy
[0018.82] Heading: --------------------OnlineSubsystemLive - Release--------------------
[0018.82] Log: New File, Existing Package (Package Untitled_9, Package OnlineSubsystemLive)
[0018.83] Log: Loading global macros for OnlineSubsystemLive
[0018.84] Heading: --------------------OnlineSubsystemSteamworks - Release--------------------
[0018.84] Log: New File, Existing Package (Package Untitled_10, Package OnlineSubsystemSteamworks)
[0018.85] Log: Loading global macros for OnlineSubsystemSteamworks
[0018.86] Heading: --------------------UDKBase - Release--------------------
[0018.86] Log: New File, Existing Package (Package Untitled_11, Package UDKBase)
[0018.87] Log: Loading global macros for UDKBase
[0018.89] Heading: --------------------UTEditor - Release--------------------
[0018.89] Log: New File, Existing Package (Package Untitled_12, Package UTEditor)
[0018.89] Log: Loading global macros for UTEditor
[0018.89] Heading: --------------------UTGame - Release--------------------
[0018.90] Log: Package UTGame changed, recompiling
[0018.90] Log: Analyzing...
[0018.90] Log: Loading global macros for UTGame
[0019.02] Error: D:\projects\Duke2003\Development\Src\UTGame\Classes\UTGame.uc(125) : Error, Missing 'function'
[0019.02] Error: D:\projects\Duke2003\Development\Src\UTGame\Classes\GFxUDKFrontEnd_MapSelect.uc(228) : Error, Unrecognized type 'GameMapCycle' within 'UTGame'
[0019.17] Log: Compile aborted due to errors.
[0019.19] Log: 
[0019.19] Log: Warning/Error Summary
[0019.19] Log: ---------------------
[0019.19] Log: D:\projects\Duke2003\Development\Src\UTGame\Classes\UTGame.uc(125) : Error, Missing 'function'
[0019.19] Log: D:\projects\Duke2003\Development\Src\UTGame\Classes\GFxUDKFrontEnd_MapSelect.uc(228) : Error, Unrecognized type 'GameMapCycle' within 'UTGame'
[0019.19] Log: 
[0019.19] Log: Failure - 2 error(s), 0 warning(s)
[0019.19] Log: 
Execution of commandlet took:  0.89 seconds
[0019.19] Exit: Preparing to exit.
[0019.23] Exit: Object subsystem successfully closed.
[0019.23] Log: Shutting down FaceFX...
[0019.23] Log: FaceFX shutdown.
[0019.24] DevDataBase: Spent 17.648350 seconds communicating with "Provider=sqloledb;Data Source=production-db;Initial Catalog=EngineTaskPerf;Trusted_Connection=Yes;Connection Timeout=2" or "10.1.20.20"
[0019.24] Exit: Exiting.
[0019.24] Log: Log file closed, 05/22/23 00:09:20
