Log: Log file open, 05/21/23 19:32:05
Init: WinSock: version 1.1 (2.2), MaxSocks=32767, MaxUdp=65467
Init: Version: 8364
Init: Epic Internal: 0
Init: Compiled (64-bit): May 21 2023 13:02:35
Init: Changelist: 871961
Init: Command line: make all 
Init: Base directory: D:\projects\Duke2003\Binaries\Win64\
DevConfig: GConfig::LoadFile has loaded file:  ..\..\UDKGame\Config\UDKEditor.ini
DevConfig: GConfig::LoadFile has loaded file:  ..\..\UDKGame\Config\UDKEditorUserSettings.ini
DevConfig: GConfig::LoadFile associated file:  ..\..\UDKGame\Config\UDKCompat.ini
DevConfig: GConfig::LoadFile has loaded file:  ..\..\UDKGame\Config\UDKLightmass.ini
DevConfig: GConfig::LoadFile has loaded file:  ..\..\UDKGame\Config\UDKEngine.ini
DevConfig: GConfig::LoadFile has loaded file:  ..\..\UDKGame\Config\UDKGame.ini
DevConfig: GConfig::LoadFile has loaded file:  ..\..\UDKGame\Config\UDKInput.ini
DevConfig: GConfig::LoadFile has loaded file:  ..\..\UDKGame\Config\UDKUI.ini
[0000.54] Init: Computer: JUSTIN-MAINPC
[0000.54] Init: User: justi
[0000.54] Init: CPU Page size=4096, Processors=32
[0000.54] Init: High frequency timer resolution =10.000000 MHz
[0000.54] Init: Memory total: Physical=63.1GB Pagefile=84.1GB Virtual=131072.0GB
[0000.54] DevStats: GSecondsPerCycle 1.000000e-007
[0000.56] Init: WinSock: I am justin-mainpc (192.168.1.4:0)
[0000.56] Init: Presizing for 0 objects not considered by GC, pre-allocating 0 bytes.
[0000.56] Init: Object subsystem initialized
[0000.56] DevSave: (System) 'Default__System' loading configuration from ..\..\UDKGame\Config\UDKEngine.ini
[0000.56] DevSave:    Loading value for SeekFreePCPaths from [Core.System]
[0000.56] DevSave:    Loading value for SeekFreePCExtensions from [Core.System]
[0000.56] DevSave:    Loading value for CutdownPaths from [Core.System]
[0000.56] DevSave:    Loading value for LocalizationPaths from [Core.System]
[0000.56] DevSave:    Loading value for TextureFileCacheExtension from [Core.System]
[0000.56] DevSave:    Loading value for Extensions from [Core.System]
[0000.56] DevSave:    Loading value for Suppress from [Core.System]
[0000.56] DevSave:    Loading value for FRScriptPaths from [Core.System]
[0000.56] DevSave:    Loading value for ScriptPaths from [Core.System]
[0000.56] DevSave:    Loading value for Paths from [Core.System]
[0000.56] DevSave:    Loading value for ScreenShotPath from [Core.System]
[0000.56] DevSave:    Loading value for CacheExt from [Core.System]
[0000.56] DevSave:    Loading value for CachePath from [Core.System]
[0000.56] DevSave:    Loading value for SavePath from [Core.System]
[0000.56] DevSave:    Loading value for AsyncIOBandwidthLimit from [Core.System]
[0000.56] DevSave:    Loading value for PackageSizeSoftLimit from [Core.System]
[0000.56] DevSave:    Loading value for MaxOverallCacheSize from [Core.System]
[0000.56] DevSave:    Loading value for MaxStaleCacheSize from [Core.System]
[0000.56] DevSave:    Loading value for StaleCacheDays from [Core.System]
[0018.32] DevDataBase: Failure trying to open connection [Provider=sqloledb;Data Source=production-db;Initial Catalog=EngineTaskPerf;Trusted_Connection=Yes;Connection Timeout=2] [Invalid connection string attribute]
[0018.32] DevDataBase: Connection to "Provider=sqloledb;Data Source=production-db;Initial Catalog=EngineTaskPerf;Trusted_Connection=Yes;Connection Timeout=2" or "10.1.20.20" failed
[0018.32] DevDataBase: Failure closing connection [Operation is not allowed when the object is closed.]
[0018.34] Log: Shader platform (RHI): PC-D3D-SM3
[0018.38] Log: PhysX GPU Support: DISABLED
[0018.39] Init: Initializing FaceFX...
[0018.39] Init: FaceFX 1.7.4 initialized.
[0018.44] Init: Version: 8364
[0018.44] Init: Epic Internal: 0
[0018.44] Init: Compiled (64-bit): May 21 2023 19:26:27
[0018.44] Init: Command line:  all 
[0018.44] Init: Base directory: D:\projects\Duke2003\Binaries\Win64\
[0018.44] Init: Character set: Unicode
[0018.44] Log: Executing Class UnrealEd.MakeCommandlet
[0018.44] Init: UEngine initialized
[0018.50] Log: No scripts need recompiling.
[0018.50] Log: 
[0018.50] Log: Success - 0 error(s), 0 warning(s)
[0018.50] Log: 
Execution of commandlet took:  0.07 seconds
[0018.50] Exit: Preparing to exit.
[0018.51] Exit: Object subsystem successfully closed.
[0018.51] Log: Shutting down FaceFX...
[0018.51] Log: FaceFX shutdown.
[0018.51] DevDataBase: Spent 17.742407 seconds communicating with "Provider=sqloledb;Data Source=production-db;Initial Catalog=EngineTaskPerf;Trusted_Connection=Yes;Connection Timeout=2" or "10.1.20.20"
[0018.51] Exit: Exiting.
[0018.51] Log: Log file closed, 05/21/23 19:32:23
