Log: Log file open, 05/22/23 10:56:06
Init: WinSock: version 1.1 (2.2), MaxSocks=32767, MaxUdp=65467
Init: Version: 8364
Init: Epic Internal: 0
Init: Compiled (64-bit): May 21 2023 21:56:09
Init: Changelist: 871961
Init: Command line: editor 
Init: Base directory: d:\projects\Duke2003\Binaries\Win64\
DevConfig: GConfig::LoadFile has loaded file:  ..\..\UDKGame\Config\UDKEditor.ini
DevConfig: GConfig::LoadFile has loaded file:  ..\..\UDKGame\Config\UDKEditorUserSettings.ini
DevConfig: GConfig::LoadFile associated file:  ..\..\UDKGame\Config\UDKCompat.ini
DevConfig: GConfig::LoadFile has loaded file:  ..\..\UDKGame\Config\UDKLightmass.ini
DevConfig: GConfig::LoadFile has loaded file:  ..\..\UDKGame\Config\UDKEngine.ini
DevConfig: GConfig::LoadFile has loaded file:  ..\..\UDKGame\Config\UDKGame.ini
DevConfig: GConfig::LoadFile has loaded file:  ..\..\UDKGame\Config\UDKInput.ini
DevConfig: GConfig::LoadFile has loaded file:  ..\..\UDKGame\Config\UDKUI.ini
[0000.57] Init: Computer: JUSTIN-MAINPC
[0000.57] Init: User: justi
[0000.57] Init: CPU Page size=4096, Processors=32
[0000.57] Init: High frequency timer resolution =10.000000 MHz
[0000.57] Init: Memory total: Physical=63.1GB Pagefile=84.1GB Virtual=131072.0GB
[0000.58] DevStats: GSecondsPerCycle 1.000000e-007
[0000.62] Init: WinSock: I am justin-mainpc (192.168.1.4:0)
[0000.62] Init: Presizing for 0 objects not considered by GC, pre-allocating 0 bytes.
[0000.62] Init: Object subsystem initialized
[0000.62] DevSave: (System) 'Default__System' loading configuration from ..\..\UDKGame\Config\UDKEngine.ini
[0000.62] DevSave:    Loading value for SeekFreePCPaths from [Core.System]
[0000.62] DevSave:    Loading value for SeekFreePCExtensions from [Core.System]
[0000.62] DevSave:    Loading value for CutdownPaths from [Core.System]
[0000.62] DevSave:    Loading value for LocalizationPaths from [Core.System]
[0000.62] DevSave:    Loading value for TextureFileCacheExtension from [Core.System]
[0000.62] DevSave:    Loading value for Extensions from [Core.System]
[0000.62] DevSave:    Loading value for Suppress from [Core.System]
[0000.62] DevSave:    Loading value for FRScriptPaths from [Core.System]
[0000.62] DevSave:    Loading value for ScriptPaths from [Core.System]
[0000.62] DevSave:    Loading value for Paths from [Core.System]
[0000.62] DevSave:    Loading value for ScreenShotPath from [Core.System]
[0000.62] DevSave:    Loading value for CacheExt from [Core.System]
[0000.62] DevSave:    Loading value for CachePath from [Core.System]
[0000.62] DevSave:    Loading value for SavePath from [Core.System]
[0000.62] DevSave:    Loading value for AsyncIOBandwidthLimit from [Core.System]
[0000.62] DevSave:    Loading value for PackageSizeSoftLimit from [Core.System]
[0000.62] DevSave:    Loading value for MaxOverallCacheSize from [Core.System]
[0000.63] DevSave:    Loading value for MaxStaleCacheSize from [Core.System]
[0000.63] DevSave:    Loading value for StaleCacheDays from [Core.System]
[0019.36] DevDataBase: Failure trying to open connection [Provider=sqloledb;Data Source=production-db;Initial Catalog=EngineTaskPerf;Trusted_Connection=Yes;Connection Timeout=2] [Invalid connection string attribute]
[0019.36] DevDataBase: Connection to "Provider=sqloledb;Data Source=production-db;Initial Catalog=EngineTaskPerf;Trusted_Connection=Yes;Connection Timeout=2" or "10.1.20.20" failed
[0019.36] DevDataBase: Failure closing connection [Operation is not allowed when the object is closed.]
[0019.42] Log: Shader platform (RHI): PC-D3D-SM3
[0022.64] Log: PhysX GPU Support: DISABLED
[0022.65] Init: Initializing FaceFX...
[0022.65] Init: FaceFX 1.7.4 initialized.
[0022.69] Init: Version: 8364
[0022.69] Init: Epic Internal: 0
[0022.69] Init: Compiled (64-bit): May 21 2023 21:56:09
[0022.69] Init: Command line:  
[0022.69] Init: Base directory: d:\projects\Duke2003\Binaries\Win64\
[0022.69] Init: Character set: Unicode
[0022.69] Log: Executing Class UnrealEd.MakeCommandlet
[0022.69] Init: UEngine initialized
[0022.75] Heading: --------------------Core - Release--------------------
[0022.75] Log: New File, Existing Package (Package Untitled_0, Package Core)
[0022.77] Log: Loading global macros for Core
[0022.79] Heading: --------------------Engine - Release--------------------
[0022.84] Log: New File, Existing Package (Package Untitled_1, Package Engine)
[0023.14] Log: Loading global macros for Engine
[0023.76] Heading: --------------------GFxUI - Release--------------------
[0023.76] Log: New File, Existing Package (Package Untitled_2, Package GFxUI)
[0023.77] Log: Loading global macros for GFxUI
[0023.78] Heading: --------------------GameFramework - Release--------------------
[0023.79] Log: New File, Existing Package (Package Untitled_3, Package GameFramework)
[0023.82] Log: Loading global macros for GameFramework
[0023.90] Heading: --------------------UnrealEd - Release--------------------
[0023.90] Log: New File, Existing Package (Package Untitled_4, Package UnrealEd)
[0023.92] Log: Loading global macros for UnrealEd
[0023.98] Heading: --------------------GFxUIEditor - Release--------------------
[0023.98] Log: New File, Existing Package (Package Untitled_5, Package GFxUIEditor)
[0023.98] Log: Loading global macros for GFxUIEditor
[0023.98] Heading: --------------------IpDrv - Release--------------------
[0023.98] Log: New File, Existing Package (Package Untitled_6, Package IpDrv)
[0023.99] Log: Loading global macros for IpDrv
[0024.02] Heading: --------------------OnlineSubsystemPC - Release--------------------
[0024.02] Log: New File, Existing Package (Package Untitled_7, Package OnlineSubsystemPC)
[0024.03] Log: Loading global macros for OnlineSubsystemPC
[0024.04] Heading: --------------------OnlineSubsystemGameSpy - Release--------------------
[0024.05] Log: New File, Existing Package (Package Untitled_8, Package OnlineSubsystemGameSpy)
[0024.05] Log: Loading global macros for OnlineSubsystemGameSpy
[0024.07] Heading: --------------------OnlineSubsystemLive - Release--------------------
[0024.08] Log: New File, Existing Package (Package Untitled_9, Package OnlineSubsystemLive)
[0024.09] Log: Loading global macros for OnlineSubsystemLive
[0024.12] Heading: --------------------OnlineSubsystemSteamworks - Release--------------------
[0024.12] Log: New File, Existing Package (Package Untitled_10, Package OnlineSubsystemSteamworks)
[0024.13] Log: Loading global macros for OnlineSubsystemSteamworks
[0024.15] Heading: --------------------UDKBase - Release--------------------
[0024.16] Log: New File, Existing Package (Package Untitled_11, Package UDKBase)
[0024.18] Log: Loading global macros for UDKBase
[0024.22] Heading: --------------------UTEditor - Release--------------------
[0024.22] Log: New File, Existing Package (Package Untitled_12, Package UTEditor)
[0024.22] Log: Loading global macros for UTEditor
[0024.23] Heading: --------------------UTGame - Release--------------------
[0024.24] Log: New File, Existing Package (Package Untitled_13, Package UTGame)
[0024.50] Log: Loading global macros for UTGame
[0025.04] Heading: --------------------UTGameContent - Release--------------------
[0025.05] Log: New File, Existing Package (Package Untitled_14, Package UTGameContent)
[0025.08] Log: Loading global macros for UTGameContent
[0025.11] Heading: --------------------dnGame - Release--------------------
[0025.11] Log: Package dnGame changed, recompiling
[0025.11] Log: Analyzing...
[0025.11] Log: Loading global macros for dnGame
[0025.13] Log: Exporting native class declarations for dnGame
[0025.13] Log: Autogenerating C++ header: 
[0025.13] Log: Autogenerating C++ header: dnGameNames.h
[0025.13] Log: Success: Compiled 179 line(s), 11 statement(s).

[0025.13] Log: Scripts successfully compiled - saving package 'd:\projects\Duke2003\Binaries\Win64\..\..\UDKGame\Script\dnGame.u'
[0025.21] Log: Save=84.027100
[0025.22] Log: Moving '..\..\UDKGame\Script\dnGame_save.tmp' to '..\..\UDKGame\Script\dnGame.u'
[0025.22] Heading: --------------------UDKUltimate - Release--------------------
[0025.22] Log: Analyzing...
[0025.22] Log: Loading global macros for UDKUltimate
[0025.30] Log: Success: Compiled 1075 line(s), 179 statement(s).

[0025.30] Log: Scripts successfully compiled - saving package 'd:\projects\Duke2003\Binaries\Win64\..\..\UDKGame\Script\UDKUltimate.u'
[0025.40] Log: Save=100.287200
[0025.40] Log: Moving '..\..\UDKGame\Script\UDKUltimate_save.tmp' to '..\..\UDKGame\Script\UDKUltimate.u'
[0026.00] Log: 
[0026.00] Log: Success - 0 error(s), 0 warning(s)
[0026.00] Log: 
Execution of commandlet took:  3.30 seconds
[0026.00] Exit: Preparing to exit.
[0026.08] Exit: Object subsystem successfully closed.
[0026.08] Log: Shutting down FaceFX...
[0026.08] Log: FaceFX shutdown.
[0026.08] DevDataBase: Spent 18.718424 seconds communicating with "Provider=sqloledb;Data Source=production-db;Initial Catalog=EngineTaskPerf;Trusted_Connection=Yes;Connection Timeout=2" or "10.1.20.20"
[0026.08] Exit: Exiting.
[0026.08] Log: Log file closed, 05/22/23 10:56:31
