Log: Log file open, 05/21/23 20:07:23
Init: WinSock: version 1.1 (2.2), MaxSocks=32767, MaxUdp=65467
Init: Version: 8364
Init: Epic Internal: 0
Init: Compiled (64-bit): May 21 2023 13:02:35
Init: Changelist: 871961
Init: Command line: make all 
Init: Base directory: D:\projects\Duke2003\Binaries\Win64\
DevConfig: GConfig::LoadFile has loaded file:  ..\..\UDKGame\Config\UDKEditor.ini
DevConfig: GConfig::LoadFile has loaded file:  ..\..\UDKGame\Config\UDKEditorUserSettings.ini
DevConfig: GConfig::LoadFile associated file:  ..\..\UDKGame\Config\UDKCompat.ini
DevConfig: GConfig::LoadFile has loaded file:  ..\..\UDKGame\Config\UDKLightmass.ini
DevConfig: GConfig::LoadFile has loaded file:  ..\..\UDKGame\Config\UDKEngine.ini
DevConfig: GConfig::LoadFile has loaded file:  ..\..\UDKGame\Config\UDKGame.ini
DevConfig: GConfig::LoadFile has loaded file:  ..\..\UDKGame\Config\UDKInput.ini
DevConfig: GConfig::LoadFile has loaded file:  ..\..\UDKGame\Config\UDKUI.ini
[0000.54] Init: Computer: JUSTIN-MAINPC
[0000.54] Init: User: justi
[0000.54] Init: CPU Page size=4096, Processors=32
[0000.54] Init: High frequency timer resolution =10.000000 MHz
[0000.54] Init: Memory total: Physical=63.1GB Pagefile=84.1GB Virtual=131072.0GB
[0000.54] DevStats: GSecondsPerCycle 1.000000e-007
[0000.57] Init: WinSock: I am justin-mainpc (192.168.1.4:0)
[0000.57] Init: Presizing for 0 objects not considered by GC, pre-allocating 0 bytes.
[0000.57] Init: Object subsystem initialized
[0000.57] DevSave: (System) 'Default__System' loading configuration from ..\..\UDKGame\Config\UDKEngine.ini
[0000.57] DevSave:    Loading value for SeekFreePCPaths from [Core.System]
[0000.57] DevSave:    Loading value for SeekFreePCExtensions from [Core.System]
[0000.57] DevSave:    Loading value for CutdownPaths from [Core.System]
[0000.57] DevSave:    Loading value for LocalizationPaths from [Core.System]
[0000.57] DevSave:    Loading value for TextureFileCacheExtension from [Core.System]
[0000.57] DevSave:    Loading value for Extensions from [Core.System]
[0000.57] DevSave:    Loading value for Suppress from [Core.System]
[0000.57] DevSave:    Loading value for FRScriptPaths from [Core.System]
[0000.57] DevSave:    Loading value for ScriptPaths from [Core.System]
[0000.57] DevSave:    Loading value for Paths from [Core.System]
[0000.57] DevSave:    Loading value for ScreenShotPath from [Core.System]
[0000.57] DevSave:    Loading value for CacheExt from [Core.System]
[0000.57] DevSave:    Loading value for CachePath from [Core.System]
[0000.57] DevSave:    Loading value for SavePath from [Core.System]
[0000.57] DevSave:    Loading value for AsyncIOBandwidthLimit from [Core.System]
[0000.57] DevSave:    Loading value for PackageSizeSoftLimit from [Core.System]
[0000.57] DevSave:    Loading value for MaxOverallCacheSize from [Core.System]
[0000.57] DevSave:    Loading value for MaxStaleCacheSize from [Core.System]
[0000.57] DevSave:    Loading value for StaleCacheDays from [Core.System]
[0019.32] DevDataBase: Failure trying to open connection [Provider=sqloledb;Data Source=production-db;Initial Catalog=EngineTaskPerf;Trusted_Connection=Yes;Connection Timeout=2] [Invalid connection string attribute]
[0019.32] DevDataBase: Connection to "Provider=sqloledb;Data Source=production-db;Initial Catalog=EngineTaskPerf;Trusted_Connection=Yes;Connection Timeout=2" or "10.1.20.20" failed
[0019.32] DevDataBase: Failure closing connection [Operation is not allowed when the object is closed.]
[0019.35] Log: Shader platform (RHI): PC-D3D-SM3
[0019.39] Log: PhysX GPU Support: DISABLED
[0019.39] Init: Initializing FaceFX...
[0019.39] Init: FaceFX 1.7.4 initialized.
[0019.44] Init: Version: 8364
[0019.44] Init: Epic Internal: 0
[0019.44] Init: Compiled (64-bit): May 21 2023 19:58:41
[0019.44] Init: Command line:  all 
[0019.44] Init: Base directory: D:\projects\Duke2003\Binaries\Win64\
[0019.44] Init: Character set: Unicode
[0019.45] Log: Executing Class UnrealEd.MakeCommandlet
[0019.45] Init: UEngine initialized
[0019.51] Heading: --------------------Core - Release--------------------
[0019.51] Log: New File, Existing Package (Package Untitled_0, Package Core)
[0019.52] Log: Loading global macros for Core
[0019.55] Heading: --------------------Engine - Release--------------------
[0019.59] Log: New File, Existing Package (Package Untitled_1, Package Engine)
[0019.89] Log: Loading global macros for Engine
[0020.48] Heading: --------------------GFxUI - Release--------------------
[0020.48] Log: New File, Existing Package (Package Untitled_2, Package GFxUI)
[0020.49] Log: Loading global macros for GFxUI
[0020.50] Heading: --------------------GameFramework - Release--------------------
[0020.50] Log: New File, Existing Package (Package Untitled_3, Package GameFramework)
[0020.54] Log: Loading global macros for GameFramework
[0020.61] Heading: --------------------UnrealEd - Release--------------------
[0020.61] Log: New File, Existing Package (Package Untitled_4, Package UnrealEd)
[0020.63] Log: Loading global macros for UnrealEd
[0020.68] Heading: --------------------GFxUIEditor - Release--------------------
[0020.68] Log: New File, Existing Package (Package Untitled_5, Package GFxUIEditor)
[0020.68] Log: Loading global macros for GFxUIEditor
[0020.69] Heading: --------------------IpDrv - Release--------------------
[0020.69] Log: New File, Existing Package (Package Untitled_6, Package IpDrv)
[0020.70] Log: Loading global macros for IpDrv
[0020.73] Heading: --------------------OnlineSubsystemPC - Release--------------------
[0020.73] Log: New File, Existing Package (Package Untitled_7, Package OnlineSubsystemPC)
[0020.73] Log: Loading global macros for OnlineSubsystemPC
[0020.74] Heading: --------------------OnlineSubsystemGameSpy - Release--------------------
[0020.74] Log: New File, Existing Package (Package Untitled_8, Package OnlineSubsystemGameSpy)
[0020.75] Log: Loading global macros for OnlineSubsystemGameSpy
[0020.77] Heading: --------------------OnlineSubsystemLive - Release--------------------
[0020.77] Log: New File, Existing Package (Package Untitled_9, Package OnlineSubsystemLive)
[0020.78] Log: Loading global macros for OnlineSubsystemLive
[0020.81] Heading: --------------------OnlineSubsystemSteamworks - Release--------------------
[0020.81] Log: New File, Existing Package (Package Untitled_10, Package OnlineSubsystemSteamworks)
[0020.82] Log: Loading global macros for OnlineSubsystemSteamworks
[0020.84] Heading: --------------------UDKBase - Release--------------------
[0020.84] Log: New File, Existing Package (Package Untitled_11, Package UDKBase)
[0020.87] Log: Loading global macros for UDKBase
[0020.91] Heading: --------------------UTEditor - Release--------------------
[0020.91] Log: New File, Existing Package (Package Untitled_12, Package UTEditor)
[0020.91] Log: Loading global macros for UTEditor
[0020.91] Heading: --------------------UTGame - Release--------------------
[0020.92] Log: New File, Existing Package (Package Untitled_13, Package UTGame)
[0021.18] Log: Loading global macros for UTGame
[0021.53] Heading: --------------------UTGameContent - Release--------------------
[0021.53] Log: New File, Existing Package (Package Untitled_14, Package UTGameContent)
[0021.56] Log: Loading global macros for UTGameContent
[0021.58] Heading: --------------------dnGame - Release--------------------
[0021.58] Log: Analyzing...
[0021.58] Log: Loading global macros for dnGame
[0021.59] Error: D:\projects\Duke2003\Development\Src\dnGame\Classes\PlayerPawn.uc(6) : Error, Native classes cannot expand non-native classes
[0021.59] Log: Compile aborted due to errors.
[0021.62] Log: 
[0021.62] Log: Warning/Error Summary
[0021.62] Log: ---------------------
[0021.62] Log: D:\projects\Duke2003\Development\Src\dnGame\Classes\PlayerPawn.uc(6) : Error, Native classes cannot expand non-native classes
[0021.62] Log: 
[0021.62] Log: Failure - 1 error(s), 0 warning(s)
[0021.62] Log: 
Execution of commandlet took:  2.17 seconds
[0021.62] Exit: Preparing to exit.
[0021.68] Exit: Object subsystem successfully closed.
[0021.69] Log: Shutting down FaceFX...
[0021.69] Log: FaceFX shutdown.
[0021.69] DevDataBase: Spent 18.747320 seconds communicating with "Provider=sqloledb;Data Source=production-db;Initial Catalog=EngineTaskPerf;Trusted_Connection=Yes;Connection Timeout=2" or "10.1.20.20"
[0021.69] Exit: Exiting.
[0021.69] Log: Log file closed, 05/21/23 20:07:45
