Log: Log file open, 05/21/23 23:42:23
Init: WinSock: version 1.1 (2.2), MaxSocks=32767, MaxUdp=65467
Init: Version: 8364
Init: Epic Internal: 0
Init: Compiled (64-bit): May 21 2023 21:59:00
Init: Changelist: 871961
Init: Command line: editor 
Init: Base directory: d:\projects\Duke2003\Binaries\Win64\
DevConfig: GConfig::LoadFile associated file:  ..\..\UDKGame\Config\UDKCompat.ini
[0000.54] Init: Computer: JUSTIN-MAINPC
[0000.55] Init: User: justi
[0000.55] Init: CPU Page size=4096, Processors=32
[0000.55] Init: High frequency timer resolution =10.000000 MHz
[0000.55] Init: Memory total: Physical=63.1GB Pagefile=84.1GB Virtual=131072.0GB
[0000.59] Init: WinSock: I am justin-mainpc (192.168.1.4:0)
[0000.59] Init: Presizing for 0 objects not considered by GC, pre-allocating 0 bytes.
[0000.59] Init: Object subsystem initialized
[0019.36] DevDataBase: Failure trying to open connection [Provider=sqloledb;Data Source=production-db;Initial Catalog=EngineTaskPerf;Trusted_Connection=Yes;Connection Timeout=2] [Invalid connection string attribute]
[0019.36] DevDataBase: Connection to "Provider=sqloledb;Data Source=production-db;Initial Catalog=EngineTaskPerf;Trusted_Connection=Yes;Connection Timeout=2" or "10.1.20.20" failed
[0019.36] DevDataBase: Failure closing connection [Operation is not allowed when the object is closed.]
[0019.43] Log: Shader platform (RHI): PC-D3D-SM3
[0022.98] Log: PhysX GPU Support: DISABLED
[0022.99] Init: Initializing FaceFX...
[0022.99] Init: FaceFX 1.7.4 initialized.
[0023.07] Init: Version: 8364
[0023.07] Init: Epic Internal: 0
[0023.08] Init: Compiled (64-bit): May 21 2023 21:58:59
[0023.08] Init: Command line:  
[0023.08] Init: Base directory: d:\projects\Duke2003\Binaries\Win64\
[0023.08] Init: Character set: Unicode
[0023.08] Log: Executing Class UnrealEd.MakeCommandlet
[0023.08] Init: UEngine initialized
[0023.12] Heading: --------------------Core - Release--------------------
[0023.12] Log: New File, Existing Package (Package Untitled_0, Package Core)
[0023.13] Log: Loading global macros for Core
[0023.14] Heading: --------------------Engine - Release--------------------
[0023.17] Log: New File, Existing Package (Package Untitled_1, Package Engine)
[0023.32] Log: Loading global macros for Engine
[0023.55] Heading: --------------------GFxUI - Release--------------------
[0023.55] Log: New File, Existing Package (Package Untitled_2, Package GFxUI)
[0023.56] Log: Loading global macros for GFxUI
[0023.56] Heading: --------------------GameFramework - Release--------------------
[0023.57] Log: New File, Existing Package (Package Untitled_3, Package GameFramework)
[0023.58] Log: Loading global macros for GameFramework
[0023.61] Heading: --------------------UnrealEd - Release--------------------
[0023.61] Log: New File, Existing Package (Package Untitled_4, Package UnrealEd)
[0023.62] Log: Loading global macros for UnrealEd
[0023.64] Heading: --------------------GFxUIEditor - Release--------------------
[0023.64] Log: New File, Existing Package (Package Untitled_5, Package GFxUIEditor)
[0023.64] Log: Loading global macros for GFxUIEditor
[0023.64] Heading: --------------------IpDrv - Release--------------------
[0023.64] Log: New File, Existing Package (Package Untitled_6, Package IpDrv)
[0023.65] Log: Loading global macros for IpDrv
[0023.66] Heading: --------------------OnlineSubsystemPC - Release--------------------
[0023.66] Log: New File, Existing Package (Package Untitled_7, Package OnlineSubsystemPC)
[0023.66] Log: Loading global macros for OnlineSubsystemPC
[0023.67] Heading: --------------------OnlineSubsystemGameSpy - Release--------------------
[0023.67] Log: New File, Existing Package (Package Untitled_8, Package OnlineSubsystemGameSpy)
[0023.67] Log: Loading global macros for OnlineSubsystemGameSpy
[0023.68] Heading: --------------------OnlineSubsystemLive - Release--------------------
[0023.68] Log: New File, Existing Package (Package Untitled_9, Package OnlineSubsystemLive)
[0023.69] Log: Loading global macros for OnlineSubsystemLive
[0023.70] Heading: --------------------OnlineSubsystemSteamworks - Release--------------------
[0023.70] Log: New File, Existing Package (Package Untitled_10, Package OnlineSubsystemSteamworks)
[0023.71] Log: Loading global macros for OnlineSubsystemSteamworks
[0023.72] Heading: --------------------UDKBase - Release--------------------
[0023.72] Log: New File, Existing Package (Package Untitled_11, Package UDKBase)
[0023.73] Log: Loading global macros for UDKBase
[0023.75] Heading: --------------------UTEditor - Release--------------------
[0023.75] Log: New File, Existing Package (Package Untitled_12, Package UTEditor)
[0023.75] Log: Loading global macros for UTEditor
[0023.75] Heading: --------------------UTGame - Release--------------------
[0023.76] Log: New File, Existing Package (Package Untitled_13, Package UTGame)
[0023.88] Log: Loading global macros for UTGame
[0024.02] Heading: --------------------UTGameContent - Release--------------------
[0024.02] Log: New File, Existing Package (Package Untitled_14, Package UTGameContent)
[0024.04] Log: Loading global macros for UTGameContent
[0024.05] Heading: --------------------dnGame - Release--------------------
[0024.05] Log: Package dnGame changed, recompiling
[0024.05] Log: Analyzing...
[0024.05] Log: Loading global macros for dnGame
[0024.05] Log: Exporting native class declarations for dnGame
[0024.05] Log: Autogenerating C++ header: 
[0024.05] Log: Autogenerating C++ header: dnGameNames.h
[0024.06] Log: Success: Compiled 22 line(s), 4 statement(s).

[0024.06] Log: Scripts successfully compiled - saving package 'd:\projects\Duke2003\Binaries\Win64\..\..\UDKGame\Script\dnGame.u'
[0024.08] Log: Save=21.586100
[0024.08] Log: Moving '..\..\UDKGame\Script\dnGame_save.tmp' to '..\..\UDKGame\Script\dnGame.u'
[0024.08] Heading: --------------------UDKUltimate - Release--------------------
[0024.08] Log: Analyzing...
[0024.08] Log: Loading global macros for UDKUltimate
[0024.11] Log: Success: Compiled 1075 line(s), 179 statement(s).

[0024.11] Log: Scripts successfully compiled - saving package 'd:\projects\Duke2003\Binaries\Win64\..\..\UDKGame\Script\UDKUltimate.u'
[0024.14] Log: Save=29.805900
[0024.14] Log: Moving '..\..\UDKGame\Script\UDKUltimate_save.tmp' to '..\..\UDKGame\Script\UDKUltimate.u'
[0024.72] Log: 
[0024.72] Log: Success - 0 error(s), 0 warning(s)
[0024.72] Log: 
Execution of commandlet took:  1.64 seconds
[0024.73] Exit: Preparing to exit.
[0024.78] Exit: Object subsystem successfully closed.
[0024.79] Log: Shutting down FaceFX...
[0024.79] Log: FaceFX shutdown.
[0024.79] DevDataBase: Spent 18.755509 seconds communicating with "Provider=sqloledb;Data Source=production-db;Initial Catalog=EngineTaskPerf;Trusted_Connection=Yes;Connection Timeout=2" or "10.1.20.20"
[0024.79] Exit: Exiting.
[0024.79] Log: Log file closed, 05/21/23 23:42:48
