Log: Log file open, 05/22/23 15:08:34
Init: WinSock: version 1.1 (2.2), MaxSocks=32767, MaxUdp=65467
Init: Version: 8364
Init: Epic Internal: 0
Init: Compiled (64-bit): May 21 2023 21:56:09
Init: Changelist: 871961
Init: Command line: editor 
Init: Base directory: d:\projects\Duke2003\Binaries\Win64\
DevConfig: GConfig::LoadFile has loaded file:  ..\..\UDKGame\Config\UDKEditor.ini
DevConfig: GConfig::LoadFile has loaded file:  ..\..\UDKGame\Config\UDKEditorUserSettings.ini
DevConfig: GConfig::LoadFile associated file:  ..\..\UDKGame\Config\UDKCompat.ini
DevConfig: GConfig::LoadFile has loaded file:  ..\..\UDKGame\Config\UDKLightmass.ini
DevConfig: GConfig::LoadFile has loaded file:  ..\..\UDKGame\Config\UDKEngine.ini
DevConfig: GConfig::LoadFile has loaded file:  ..\..\UDKGame\Config\UDKGame.ini
DevConfig: GConfig::LoadFile has loaded file:  ..\..\UDKGame\Config\UDKInput.ini
DevConfig: GConfig::LoadFile has loaded file:  ..\..\UDKGame\Config\UDKUI.ini
[0000.56] Init: Computer: JUSTIN-MAINPC
[0000.56] Init: User: justi
[0000.56] Init: CPU Page size=4096, Processors=32
[0000.56] Init: High frequency timer resolution =10.000000 MHz
[0000.56] Init: Memory total: Physical=63.1GB Pagefile=84.1GB Virtual=131072.0GB
[0000.56] DevStats: GSecondsPerCycle 1.000000e-007
[0000.62] Init: WinSock: I am justin-mainpc (192.168.1.4:0)
[0000.62] Init: Presizing for 0 objects not considered by GC, pre-allocating 0 bytes.
[0000.62] Init: Object subsystem initialized
[0000.62] DevSave: (System) 'Default__System' loading configuration from ..\..\UDKGame\Config\UDKEngine.ini
[0000.62] DevSave:    Loading value for SeekFreePCPaths from [Core.System]
[0000.62] DevSave:    Loading value for SeekFreePCExtensions from [Core.System]
[0000.62] DevSave:    Loading value for CutdownPaths from [Core.System]
[0000.62] DevSave:    Loading value for LocalizationPaths from [Core.System]
[0000.62] DevSave:    Loading value for TextureFileCacheExtension from [Core.System]
[0000.62] DevSave:    Loading value for Extensions from [Core.System]
[0000.62] DevSave:    Loading value for Suppress from [Core.System]
[0000.62] DevSave:    Loading value for FRScriptPaths from [Core.System]
[0000.62] DevSave:    Loading value for ScriptPaths from [Core.System]
[0000.62] DevSave:    Loading value for Paths from [Core.System]
[0000.62] DevSave:    Loading value for ScreenShotPath from [Core.System]
[0000.62] DevSave:    Loading value for CacheExt from [Core.System]
[0000.62] DevSave:    Loading value for CachePath from [Core.System]
[0000.62] DevSave:    Loading value for SavePath from [Core.System]
[0000.62] DevSave:    Loading value for AsyncIOBandwidthLimit from [Core.System]
[0000.62] DevSave:    Loading value for PackageSizeSoftLimit from [Core.System]
[0000.62] DevSave:    Loading value for MaxOverallCacheSize from [Core.System]
[0000.62] DevSave:    Loading value for MaxStaleCacheSize from [Core.System]
[0000.62] DevSave:    Loading value for StaleCacheDays from [Core.System]
[0019.34] DevDataBase: Failure trying to open connection [Provider=sqloledb;Data Source=production-db;Initial Catalog=EngineTaskPerf;Trusted_Connection=Yes;Connection Timeout=2] [Invalid connection string attribute]
[0019.34] DevDataBase: Connection to "Provider=sqloledb;Data Source=production-db;Initial Catalog=EngineTaskPerf;Trusted_Connection=Yes;Connection Timeout=2" or "10.1.20.20" failed
[0019.34] DevDataBase: Failure closing connection [Operation is not allowed when the object is closed.]
[0019.43] Log: Shader platform (RHI): PC-D3D-SM3
[0019.58] Log: PhysX GPU Support: DISABLED
[0019.59] Init: Initializing FaceFX...
[0019.59] Init: FaceFX 1.7.4 initialized.
[0021.59] Init: Finished loading startup packages in 1.84 seconds
[0021.60] Log: 76303 objects as part of root set at end of initial load.
[0021.61] Log: 0 out of 0 bytes used by permanent object pool.
[0021.61] Log: Supported Consoles:
[0021.61] Log:   PC
[0021.62] Log: Initializing Engine...
[0021.65] Log: Missing cached shader map for material Duke_Hand_Material, compiling.
[0022.18] Log: Missing cached shader map for material Master_Weapon_Shader, compiling.
[0022.33] Log: Encountered missing default brush - spawning new one
[0022.33] Init: UEngine initialized
[0022.33] Log: Primary PhysX scene will be in software.
[0022.33] Log: Creating Primary PhysX Scene.
[0022.34] Init: Transaction tracking system initialized
[0022.80] Init: XAudio2 using 'Speakers (High Definition Audio Device)' : 2 channels at 48 kHz using 32 bits per sample (channel mask 0x3)
[0022.82] Log: Working around XDK XAudio2 regression: TRUE
[0022.83] Init: XAudio2Device initialized.
[0023.29] Init: Client initialized
[0023.30] Init: Editor engine initialized
[0023.38] Log: Initializing Engine Completed
[0023.38] Log: >>>>>>>>>>>>>> Initial startup: 23.38s <<<<<<<<<<<<<<<
[0023.50] Cmd: MODE MAPEXT=udk
[0023.56] SourceControl: Source Control disabled in UDKEditorUserSettings.ini.  [SourceControl] has Disabled=True
[0023.57] SourceControl: Source Control disabled in UDKEditorUserSettings.ini.  [SourceControl] has Disabled=True
[0024.47] Log: Found D3D11 adapter 0: NVIDIA GeForce RTX 4090
[0024.47] Log: Adapter has 24156MB of dedicated video memory, 0MB of dedicated system memory, and 32331MB of shared system memory
[0024.51] Log: Found D3D11 adapter 1: Microsoft Basic Render Driver
[0024.51] Log: Adapter has 0MB of dedicated video memory, 0MB of dedicated system memory, and 32331MB of shared system memory
[0027.48] Cmd: MAP LOAD FILE="..\..\UDKGame\Content\Maps\Templates\Template_MidDay.umap"
[0027.78] Log: Encountered missing default brush - spawning new one
[0028.33] Log: New File, Existing Package (Package Untitled_2, Package Template_MidDay)
[0028.43] Log: -- Checking Building LODs
[0028.43] Log: Primary PhysX scene will be in software.
[0028.44] Log: Creating Primary PhysX Scene.
[0028.44] Log: Finished looking for orphan Actors (0.003 secs)
[0028.45] Cmd: MAP CHECKDEP DONTCLEARMESSAGES
[0028.50] Log: TIMER ALL OF INIT : [8.890868]
[0041.03] Cmd: MAP LOAD FILE="D:\projects\Duke2003\UDKGame\Content\Maps\DukeForever\z1l2.udk"
[0041.07] Log: Encountered missing default brush - spawning new one
[0041.88] Log: Missing cached shader map for material dcasino_logos_dcaslogo1RC_Mat, compiling.
[0042.01] Log: Missing cached shader map for material dcasino_walls_dcaswallbotm6RC_Mat, compiling.
[0042.13] Log: Missing cached shader map for material airforcebase_pavement_tarmack3aRC_Mat, compiling.
[0042.26] Log: Missing cached shader map for material airforcebase_sets_exbldBac1bRC_Mat, compiling.
[0042.38] Log: Missing cached shader map for material dcasino_doors_dcasdoors1RC_Mat, compiling.
[0042.50] Log: Missing cached shader map for material Penthouse_exterior_pentextbuild22R_Mat, compiling.
[0042.63] Log: Missing cached shader map for material Penthouse_library_pentlibwall2RC_Mat, compiling.
[0042.76] Log: Missing cached shader map for material Penthouse_marble_pentmarstair1aR_Mat, compiling.
[0042.90] Log: Missing cached shader map for material Penthouse_Pool_pentpool1aRC_Mat, compiling.
[0043.04] Log: Missing cached shader map for material Penthouse_Pool_pentpool1fRC_Mat, compiling.
[0043.16] Log: Missing cached shader map for material Penthouse_trim_penttrim8RC_Mat, compiling.
[0043.28] Log: Missing cached shader map for material stratosfear_walls_strwall4RC_Mat, compiling.
[0043.41] Log: Missing cached shader map for material Streets_City_Street_gen3lane1RC_Mat, compiling.
[0043.53] Log: Missing cached shader map for material t_generic_Water_genwater2RC_Mat, compiling.
[0043.72] Log: Missing cached shader map for material vegas_casino1_cieling1FBC_Mat, compiling.
[0043.84] Log: Missing cached shader map for material vegas_casino1_dukesym3BC_Mat, compiling.
[0043.97] Log: Missing cached shader map for material vegas_casino1_genericgold1BC_Mat, compiling.
[0044.09] Log: Missing cached shader map for material vegas_casinos_ext_vegwallnight1RC_Mat, compiling.
[0044.21] Log: Missing cached shader map for material vegas_furniture_vegblackj1aRC_Mat, compiling.
[0044.33] Log: Missing cached shader map for material vegas_plants_bush2aRC_Mat, compiling.
[0044.46] Log: Missing cached shader map for material Starbsrt_Mat, compiling.
[0045.25] Log: -- Checking Building LODs
[0045.25] Log: Primary PhysX scene will be in software.
[0045.25] Log: Creating Primary PhysX Scene.
[0045.26] Log: Finished looking for orphan Actors (0.005 secs)
[0045.31] Cmd: MAP CHECKDEP DONTCLEARMESSAGES
[0063.18] Log: 
==== Worlds needing PIE Save:
[0063.18] Log: ==== 0 total
[0063.18] Cmd: MAP LOAD PLAYWORLD=1 FILE="d:\projects\Duke2003\Binaries\Win64\..\..\UDKGame\Autosaves\UEDPIEz1l2.udk"
[0063.75] Log: Finished looking for orphan Actors (0.005 secs)
[0063.75] Log: Game class is 'dnSinglePlayer'
[0063.78] Log: Primary PhysX scene will be in software.
[0063.78] Log: Creating Primary PhysX Scene.
[0063.79] Log: *** WARNING - PATHS MAY NOT BE VALID ***
[0063.79] Log: Bringing World UEDPIEz1l2.TheWorld up for play (0) at 2023.05.22-15.09.38
[0063.81] Log: Bringing up level for play took: 0.050277
[0064.11] ScriptWarning: Accessed None 'MapInfo'
	GFxMinimap Transient.GFxMinimapHud_0:GFxMinimap_0
	Function UTGame.GFxMinimap:Init:00F2
[0064.11] ScriptWarning: Accessed None 'OnlineSub'
	dnPlayerController UEDPIEz1l2.TheWorld:PersistentLevel.dnPlayerController_0
	Function UTGame.UTPlayerController:ClientSetOnlineStatus:0033
[0064.11] ScriptWarning: Accessed None 'OnlineSub'
	dnPlayerController UEDPIEz1l2.TheWorld:PersistentLevel.dnPlayerController_0
	Function UTGame.UTPlayerController:ClientSetOnlineStatus:02D1
[0064.11] ScriptWarning: Accessed None
	dnPlayerController UEDPIEz1l2.TheWorld:PersistentLevel.dnPlayerController_0
	Function UTGame.UTPlayerController:ClientSetOnlineStatus:02E5
[0064.11] Log: PIE: play in editor start time for UEDPIEz1l2 1.138
[0064.13] ScriptWarning: Accessed None 'MapInfo'
	GFxMinimap Transient.GFxMinimapHud_1:GFxMinimap_1
	Function UTGame.GFxMinimap:Init:00F2
[0064.17] ScriptWarning: Accessed None 'LeftHandIK'
	PlayerPawn UEDPIEz1l2.TheWorld:PersistentLevel.PlayerPawn_0
	Function UTGame.UTPawn:SetHandIKEnabled:0066
[0064.17] ScriptWarning: Accessed None 'RightHandIK'
	PlayerPawn UEDPIEz1l2.TheWorld:PersistentLevel.PlayerPawn_0
	Function UTGame.UTPawn:SetHandIKEnabled:008F
[0064.17] Cmd: SETSOUNDMODE Default
[0064.17] ScriptLog: START MATCH
[0064.19] ScriptWarning: Accessed None 'MapInfo'
	GFxMinimap Transient.GFxMinimapHud_1:GFxMinimap_1
	Function UTGame.GFxMinimap:UpdateData:0015
[0067.77] Cmd: onrelease ShowMenu
[0067.79] ScriptWarning: Accessed None 'ViewportClient'
	dnPlayerController UEDPIEz1l2.TheWorld:PersistentLevel.dnPlayerController_0
	Function UTGame.UTPlayerController:Destroyed:0041
[0072.88] Log: LIGHTMASS: Quality level is 0
[0072.92] Log: Deterministic lighting is ENABLED
[0072.92] Log: 	Lighting will be slower to complete...
[0088.06] Log: Running Lightmass w/ Deterministic Lighting ENABLED
[0088.06] Log: Running Lightmass w/ ImmediateImport mode ENABLED
[0088.06] Log: Running Lightmass w/ ImmediateProcess mode ENABLED
[0088.06] Log: Running Lightmass w/ Sorting mode ENABLED
[0088.06] Log: Running Lightmass w/ Mapping paddings ENABLED
[0088.06] Log: Running Lightmass w/ Mapping debug paddings DISABLED
[0088.08] Log: Swarm launching: ..\Win64\UnrealLightmass.exe 4C8368EF40537515846045983056FD00
[0088.08] Log: LIGHTMASS: Writing scene settings: Quality level 0 (0 in INI)
[0088.38] Log: Swarm will be allowed to distribute this job
[0127.71] Log: Job is a success!
[0131.98] Log: Lightmass on JUSTIN-MAINPC: 43.0 sec total, 139 ms importing, 12 ms setup, 29.0 sec photons, 13.8 sec processing, 0 ms extra exporting [3985/3985 mappings]. Threads: 2:03 min total, 26.5 sec processing.
[0131.98] PerfEvent: LIGHTING BUILD INFO TIME LoadListCtrl: 0.002424
[0133.50] Log: Illumination: 1:00 min (855 ms encoding lightmaps)
[0133.50] Log: Lightmap texture memory:  5.3 MB (0.0 MB on Xbox 360, 0.0 MB streaming, 5.3 MB non-streaming), 8 textures
[0133.50] Log: Shadowmap texture memory: 0.0 MB (0.0 MB on Xbox 360, 0.0 MB streaming, 0.0 MB non-streaming), 0 textures
[0133.55] Log: Start RegenerateProcBuildingTextures (0 buildings)
[0133.55] Log: Finish RegenerateProcBuildingTextures (Took 0.000003 secs)
[0133.55] Cmd: MAP CHECK DONTCLEARMESSAGES DONTDISPLAYDIALOG
[0133.78] Log: Build time 1:00 min
[0142.34] Log: 
==== Worlds needing PIE Save:
[0142.34] Log: z1l2
[0142.34] Log: ==== 1 total
[0142.38] Log: Built Phys StaticMesh Cache: 7.738 ms
[0142.38] Log: COOKEDPHYSICS: 0 TriMeshes (0.000000 KB), 2 Convex Hulls (5.746094 KB) - Total 5.746094 KB
[0142.65] Log: COOKEDPHYSICS: BSP 635.47 KB
[0143.86] Log: Save=1473.018700
[0143.86] Log: Moving 'd:\projects\Duke2003\Binaries\Win64\..\..\UDKGame\Autosaves\UEDPIEz1l2_save.tmp' to 'd:\projects\Duke2003\Binaries\Win64\..\..\UDKGame\Autosaves\UEDPIEz1l2.udk'
[0143.88] Cmd: MAP LOAD PLAYWORLD=1 FILE="d:\projects\Duke2003\Binaries\Win64\..\..\UDKGame\Autosaves\UEDPIEz1l2.udk"
[0144.45] Log: Finished looking for orphan Actors (0.006 secs)
[0144.45] Log: Game class is 'dnSinglePlayer'
[0144.48] Log: Primary PhysX scene will be in software.
[0144.48] Log: Creating Primary PhysX Scene.
[0144.48] Log: *** WARNING - PATHS MAY NOT BE VALID ***
[0144.48] Log: Bringing World UEDPIEz1l2.TheWorld up for play (0) at 2023.05.22-15.10.58
[0144.51] Log: Bringing up level for play took: 0.049887
[0144.55] ScriptWarning: Accessed None 'MapInfo'
	GFxMinimap Transient.GFxMinimapHud_2:GFxMinimap_2
	Function UTGame.GFxMinimap:Init:00F2
[0144.55] ScriptWarning: Accessed None 'OnlineSub'
	dnPlayerController UEDPIEz1l2.TheWorld:PersistentLevel.dnPlayerController_1
	Function UTGame.UTPlayerController:ClientSetOnlineStatus:0033
[0144.55] ScriptWarning: Accessed None 'OnlineSub'
	dnPlayerController UEDPIEz1l2.TheWorld:PersistentLevel.dnPlayerController_1
	Function UTGame.UTPlayerController:ClientSetOnlineStatus:02D1
[0144.55] ScriptWarning: Accessed None
	dnPlayerController UEDPIEz1l2.TheWorld:PersistentLevel.dnPlayerController_1
	Function UTGame.UTPlayerController:ClientSetOnlineStatus:02E5
[0144.55] Log: PIE: play in editor start time for UEDPIEz1l2 2.422
[0144.57] ScriptWarning: Accessed None 'MapInfo'
	GFxMinimap Transient.GFxMinimapHud_3:GFxMinimap_3
	Function UTGame.GFxMinimap:Init:00F2
[0144.61] ScriptWarning: Accessed None 'LeftHandIK'
	PlayerPawn UEDPIEz1l2.TheWorld:PersistentLevel.PlayerPawn_2
	Function UTGame.UTPawn:SetHandIKEnabled:0066
[0144.61] ScriptWarning: Accessed None 'RightHandIK'
	PlayerPawn UEDPIEz1l2.TheWorld:PersistentLevel.PlayerPawn_2
	Function UTGame.UTPawn:SetHandIKEnabled:008F
[0144.61] Cmd: SETSOUNDMODE Default
[0144.61] ScriptLog: START MATCH
[0144.61] ScriptWarning: Accessed None 'MapInfo'
	GFxMinimap Transient.GFxMinimapHud_3:GFxMinimap_3
	Function UTGame.GFxMinimap:UpdateData:0015
[0167.97] Cmd: onrelease ShowMenu
[0167.98] ScriptWarning: Accessed None 'ViewportClient'
	dnPlayerController UEDPIEz1l2.TheWorld:PersistentLevel.dnPlayerController_1
	Function UTGame.UTPlayerController:Destroyed:0041
[0212.26] Cmd: MAP LOAD FILE="D:\projects\Duke2003\UDKGame\Content\Maps\UDKFrontEndMap.udk"
[0212.33] Log: Encountered missing default brush - spawning new one
[0213.90] Log: -- Checking Building LODs
[0213.91] Log: Primary PhysX scene will be in software.
[0213.91] Log: Creating Primary PhysX Scene.
[0213.91] Log: Finished looking for orphan Actors (0.003 secs)
[0213.96] Cmd: MAP CHECKDEP DONTCLEARMESSAGES
[0216.78] Log: 
==== Worlds needing PIE Save:
[0216.78] Log: UDKFrontEndMap
[0216.78] Log: ==== 1 total
[0216.82] Log: Built Phys StaticMesh Cache: 2.165 ms
[0216.82] Log: COOKEDPHYSICS: 0 TriMeshes (0.000000 KB), 0 Convex Hulls (0.000000 KB) - Total 0.000000 KB
[0216.84] Log: COOKEDPHYSICS: BSP 0.65 KB
[0216.90] Log: Save=82.237500
[0216.90] Log: Moving 'd:\projects\Duke2003\Binaries\Win64\..\..\UDKGame\Autosaves\UEDPIEUDKFrontEndMap_save.tmp' to 'd:\projects\Duke2003\Binaries\Win64\..\..\UDKGame\Autosaves\UEDPIEUDKFrontEndMap.udk'
[0216.92] Cmd: MAP LOAD PLAYWORLD=1 FILE="d:\projects\Duke2003\Binaries\Win64\..\..\UDKGame\Autosaves\UEDPIEUDKFrontEndMap.udk"
[0216.93] Log: Finished looking for orphan Actors (0.003 secs)
[0216.93] DevSpawn: SpawnActor failed because of collision at the spawn location [X=239.561 Y=-61.725 Z=-45.074] for [Teleporter]
[0221.40] Log: 
==== Worlds needing PIE Save:
[0221.40] Log: ==== 0 total
[0221.40] Cmd: MAP LOAD PLAYWORLD=1 FILE="d:\projects\Duke2003\Binaries\Win64\..\..\UDKGame\Autosaves\UEDPIEUDKFrontEndMap.udk"
[0221.41] Log: Finished looking for orphan Actors (0.003 secs)
[0221.41] Log: Spawned Clear paths rebuilt
[0221.41] Log: Game class is 'UTEntryGame'
[0221.42] Log: Primary PhysX scene will be in software.
[0221.42] Log: Creating Primary PhysX Scene.
[0221.42] Log: Bringing World UEDPIEUDKFrontEndMap.TheWorld up for play (0) at 2023.05.22-15.12.15
[0221.42] Log: Bringing up level for play took: 0.007223
[0221.44] ScriptWarning: Accessed None 'OnlineSub'
	UTEntryPlayerController UEDPIEUDKFrontEndMap.TheWorld:PersistentLevel.UTEntryPlayerController_0
	Function UTGame.UTPlayerController:ClientSetOnlineStatus:0033
[0221.44] ScriptWarning: Accessed None 'OnlineSub'
	UTEntryPlayerController UEDPIEUDKFrontEndMap.TheWorld:PersistentLevel.UTEntryPlayerController_0
	Function UTGame.UTPlayerController:ClientSetOnlineStatus:02D1
[0221.44] ScriptWarning: Accessed None
	UTEntryPlayerController UEDPIEUDKFrontEndMap.TheWorld:PersistentLevel.UTEntryPlayerController_0
	Function UTGame.UTPlayerController:ClientSetOnlineStatus:02E5
[0221.44] Log: PIE: play in editor start time for UEDPIEUDKFrontEndMap 0.228
[0221.45] Cmd: pause
[0231.98] Log: Assembled 383 auto-complete commands, manual: 89, exec: 274, kismet: 0
[0235.44] ScriptWarning: Accessed None 'ViewportClient'
	UTEntryPlayerController UEDPIEUDKFrontEndMap.TheWorld:PersistentLevel.UTEntryPlayerController_0
	Function UTGame.UTPlayerController:Destroyed:0041
[0235.44] Log: Command not recognized
[0270.46] Exit: Preparing to exit.
[0270.56] Exit: Editor shut down
[0270.56] Exit: Transaction tracking system shut down
[0270.74] Exit: Windows client shut down
[0270.74] Exit: XAudio2 Device shut down.
[0270.83] Exit: Object subsystem successfully closed.
[0270.84] Log: Shutting down FaceFX...
[0270.84] Log: FaceFX shutdown.
[0270.87] DevDataBase: Spent 18.715050 seconds communicating with "Provider=sqloledb;Data Source=production-db;Initial Catalog=EngineTaskPerf;Trusted_Connection=Yes;Connection Timeout=2" or "10.1.20.20"
[0270.87] Exit: Exiting.
[0270.88] Log: Log file closed, 05/22/23 15:13:05
