Log: Log file open, 05/21/23 23:53:43
Init: WinSock: version 1.1 (2.2), MaxSocks=32767, MaxUdp=65467
Init: Version: 8364
Init: Epic Internal: 0
Init: Compiled (64-bit): May 21 2023 21:59:00
Init: Changelist: 871961
Init: Command line: editor 
Init: Base directory: d:\projects\Duke2003\Binaries\Win64\
DevConfig: GConfig::LoadFile associated file:  ..\..\UDKGame\Config\UDKCompat.ini
[0000.54] Init: Computer: JUSTIN-MAINPC
[0000.54] Init: User: justi
[0000.54] Init: CPU Page size=4096, Processors=32
[0000.54] Init: High frequency timer resolution =10.000000 MHz
[0000.54] Init: Memory total: Physical=63.1GB Pagefile=84.1GB Virtual=131072.0GB
[0000.59] Init: WinSock: I am justin-mainpc (192.168.1.4:0)
[0000.59] Init: Presizing for 0 objects not considered by GC, pre-allocating 0 bytes.
[0000.59] Init: Object subsystem initialized
[0019.29] DevDataBase: Failure trying to open connection [Provider=sqloledb;Data Source=production-db;Initial Catalog=EngineTaskPerf;Trusted_Connection=Yes;Connection Timeout=2] [Invalid connection string attribute]
[0019.29] DevDataBase: Connection to "Provider=sqloledb;Data Source=production-db;Initial Catalog=EngineTaskPerf;Trusted_Connection=Yes;Connection Timeout=2" or "10.1.20.20" failed
[0019.30] DevDataBase: Failure closing connection [Operation is not allowed when the object is closed.]
[0019.36] Log: Shader platform (RHI): PC-D3D-SM3
[0019.48] Log: PhysX GPU Support: DISABLED
[0019.49] Init: Initializing FaceFX...
[0019.49] Init: FaceFX 1.7.4 initialized.
[0022.02] Init: Finished loading startup packages in 0.94 seconds
[0022.03] Log: 76299 objects as part of root set at end of initial load.
[0022.03] Log: 0 out of 0 bytes used by permanent object pool.
[0022.04] Log: Supported Consoles:
[0022.04] Log:   PC
[0022.04] Log: Initializing Engine...
[0022.06] Log: Missing cached shader map for material Duke_Hand_Material, compiling.
[0022.57] Log: Missing cached shader map for material Master_Weapon_Shader, compiling.
[0022.71] Log: Encountered missing default brush - spawning new one
[0022.71] Init: UEngine initialized
[0022.71] Log: Primary PhysX scene will be in software.
[0022.71] Log: Creating Primary PhysX Scene.
[0022.72] Init: Transaction tracking system initialized
[0023.01] Init: XAudio2 using 'Speakers (High Definition Audio Device)' : 2 channels at 48 kHz using 32 bits per sample (channel mask 0x3)
[0023.02] Log: Working around XDK XAudio2 regression: TRUE
[0023.02] Init: XAudio2Device initialized.
[0023.55] Init: Client initialized
[0023.55] Init: Editor engine initialized
[0023.59] Log: Initializing Engine Completed
[0023.59] Log: >>>>>>>>>>>>>> Initial startup: 23.59s <<<<<<<<<<<<<<<
[0023.74] Cmd: MODE MAPEXT=udk
[0023.84] SourceControl: Source Control disabled in UDKEditorUserSettings.ini.  [SourceControl] has Disabled=True
[0023.86] SourceControl: Source Control disabled in UDKEditorUserSettings.ini.  [SourceControl] has Disabled=True
[0024.74] Log: Found D3D11 adapter 0: NVIDIA GeForce RTX 4090
[0024.74] Log: Adapter has 24156MB of dedicated video memory, 0MB of dedicated system memory, and 32331MB of shared system memory
[0024.78] Log: Found D3D11 adapter 1: Microsoft Basic Render Driver
[0024.78] Log: Adapter has 0MB of dedicated video memory, 0MB of dedicated system memory, and 32331MB of shared system memory
[0028.38] Cmd: MAP LOAD FILE="..\..\UDKGame\Content\Maps\Templates\Template_MidDay.umap"
[0028.71] Log: Encountered missing default brush - spawning new one
[0029.18] Log: New File, Existing Package (Package Untitled_2, Package Template_MidDay)
[0029.27] Log: -- Checking Building LODs
[0029.27] Log: Primary PhysX scene will be in software.
[0029.28] Log: Creating Primary PhysX Scene.
[0029.28] Log: Finished looking for orphan Actors (0.002 secs)
[0029.29] Cmd: MAP CHECKDEP DONTCLEARMESSAGES
[0029.32] Log: TIMER ALL OF INIT : [9.819293]
[0048.54] Cmd: MAP LOAD FILE="D:\projects\Duke2003\UDKGame\Content\Maps\DukeForever\z1l2.udk"
[0048.61] Log: Encountered missing default brush - spawning new one
[0050.14] Log: Missing cached shader map for material Penthouse_exterior_pentextbuild22R_Mat, compiling.
[0051.89] Log: -- Checking Building LODs
[0051.90] Log: Primary PhysX scene will be in software.
[0051.90] Log: Creating Primary PhysX Scene.
[0051.91] Log: Finished looking for orphan Actors (0.003 secs)
[0051.99] Cmd: MAP CHECKDEP DONTCLEARMESSAGES
[0053.71] Log: 
==== Worlds needing PIE Save:
[0053.71] Log: z1l2
[0053.71] Log: ==== 1 total
[0053.77] Log: Built Phys StaticMesh Cache: 8.883 ms
[0053.77] Log: COOKEDPHYSICS: 0 TriMeshes (0.000000 KB), 2 Convex Hulls (5.746094 KB) - Total 5.746094 KB
[0053.98] Log: COOKEDPHYSICS: BSP 630.64 KB
[0055.72] Log: Save=1955.256700
[0055.72] Log: Moving 'd:\projects\Duke2003\Binaries\Win64\..\..\UDKGame\Autosaves\UEDPIEz1l2_save.tmp' to 'd:\projects\Duke2003\Binaries\Win64\..\..\UDKGame\Autosaves\UEDPIEz1l2.udk'
[0057.55] Cmd: MAP LOAD PLAYWORLD=1 FILE="d:\projects\Duke2003\Binaries\Win64\..\..\UDKGame\Autosaves\UEDPIEz1l2.udk"
[0058.83] Log: Finished looking for orphan Actors (0.003 secs)
[0058.83] Log: Game class is 'UTGame'
[0059.06] Log: Primary PhysX scene will be in software.
[0059.06] Log: Creating Primary PhysX Scene.
[0059.06] Log: Bringing World UEDPIEz1l2.TheWorld up for play (0) at 2023.05.21-23.54.42
[0059.08] Log: Bringing up level for play took: 0.233180
[0059.13] ScriptWarning: Accessed None 'MapInfo'
	GFxMinimap Transient.GFxMinimapHud_0:GFxMinimap_0
	Function UTGame.GFxMinimap:Init:00F2
[0059.13] ScriptWarning: Accessed None 'OnlineSub'
	UTPlayerController UEDPIEz1l2.TheWorld:PersistentLevel.UTPlayerController_0
	Function UTGame.UTPlayerController:ClientSetOnlineStatus:0033
[0059.13] ScriptWarning: Accessed None 'OnlineSub'
	UTPlayerController UEDPIEz1l2.TheWorld:PersistentLevel.UTPlayerController_0
	Function UTGame.UTPlayerController:ClientSetOnlineStatus:02D1
[0059.13] ScriptWarning: Accessed None
	UTPlayerController UEDPIEz1l2.TheWorld:PersistentLevel.UTPlayerController_0
	Function UTGame.UTPlayerController:ClientSetOnlineStatus:02E5
[0059.13] Log: PIE: play in editor start time for UEDPIEz1l2 5.506
[0059.13] ScriptWarning: Accessed None 'MapInfo'
	GFxMinimap Transient.GFxMinimapHud_1:GFxMinimap_1
	Function UTGame.GFxMinimap:Init:00F2
[0059.24] ScriptWarning: Accessed None 'LeftHandIK'
	UTPawn UEDPIEz1l2.TheWorld:PersistentLevel.UTPawn_0
	Function UTGame.UTPawn:SetHandIKEnabled:0066
[0059.24] ScriptWarning: Accessed None 'RightHandIK'
	UTPawn UEDPIEz1l2.TheWorld:PersistentLevel.UTPawn_0
	Function UTGame.UTPawn:SetHandIKEnabled:008F
[0059.24] Cmd: SETSOUNDMODE Default
[0059.24] ScriptLog: START MATCH
[0059.29] ScriptWarning: Accessed None 'MapInfo'
	GFxMinimap Transient.GFxMinimapHud_1:GFxMinimap_1
	Function UTGame.GFxMinimap:UpdateData:0015
[0061.42] Cmd: StartFire 
[0061.42] Cmd: OnRelease StopFire
[0061.53] Cmd: StopFire
[0077.52] Cmd: onrelease ShowMenu
[0077.53] ScriptWarning: Accessed None 'ViewportClient'
	UTPlayerController UEDPIEz1l2.TheWorld:PersistentLevel.UTPlayerController_0
	Function UTGame.UTPlayerController:Destroyed:0041
[0081.16] Exit: Preparing to exit.
[0081.24] Exit: Editor shut down
[0081.24] Exit: Transaction tracking system shut down
[0081.41] Exit: Windows client shut down
[0081.42] Exit: XAudio2 Device shut down.
[0081.67] Exit: Object subsystem successfully closed.
[0081.69] Log: Shutting down FaceFX...
[0081.69] Log: FaceFX shutdown.
[0081.71] DevDataBase: Spent 18.693864 seconds communicating with "Provider=sqloledb;Data Source=production-db;Initial Catalog=EngineTaskPerf;Trusted_Connection=Yes;Connection Timeout=2" or "10.1.20.20"
[0081.71] Exit: Exiting.
[0081.71] Log: Log file closed, 05/21/23 23:55:04
