Log: Log file open, 05/22/23 18:25:27
Init: WinSock: version 1.1 (2.2), MaxSocks=32767, MaxUdp=65467
Init: Version: 8364
Init: Epic Internal: 0
Init: Compiled (64-bit): May 21 2023 21:56:09
Init: Changelist: 871961
Init: Command line: editor 
Init: Base directory: d:\projects\Duke2003\Binaries\Win64\
DevConfig: GConfig::LoadFile has loaded file:  ..\..\UDKGame\Config\UDKEditor.ini
DevConfig: GConfig::LoadFile has loaded file:  ..\..\UDKGame\Config\UDKEditorUserSettings.ini
DevConfig: GConfig::LoadFile associated file:  ..\..\UDKGame\Config\UDKCompat.ini
DevConfig: GConfig::LoadFile has loaded file:  ..\..\UDKGame\Config\UDKLightmass.ini
DevConfig: GConfig::LoadFile has loaded file:  ..\..\UDKGame\Config\UDKEngine.ini
DevConfig: GConfig::LoadFile has loaded file:  ..\..\UDKGame\Config\UDKGame.ini
DevConfig: GConfig::LoadFile has loaded file:  ..\..\UDKGame\Config\UDKInput.ini
DevConfig: GConfig::LoadFile has loaded file:  ..\..\UDKGame\Config\UDKUI.ini
[0000.56] Init: Computer: JUSTIN-MAINPC
[0000.56] Init: User: justi
[0000.56] Init: CPU Page size=4096, Processors=32
[0000.56] Init: High frequency timer resolution =10.000000 MHz
[0000.56] Init: Memory total: Physical=63.1GB Pagefile=84.1GB Virtual=131072.0GB
[0000.56] DevStats: GSecondsPerCycle 1.000000e-007
[0000.62] Init: WinSock: I am justin-mainpc (192.168.1.4:0)
[0000.62] Init: Presizing for 0 objects not considered by GC, pre-allocating 0 bytes.
[0000.62] Init: Object subsystem initialized
[0000.62] DevSave: (System) 'Default__System' loading configuration from ..\..\UDKGame\Config\UDKEngine.ini
[0000.62] DevSave:    Loading value for SeekFreePCPaths from [Core.System]
[0000.62] DevSave:    Loading value for SeekFreePCExtensions from [Core.System]
[0000.62] DevSave:    Loading value for CutdownPaths from [Core.System]
[0000.62] DevSave:    Loading value for LocalizationPaths from [Core.System]
[0000.62] DevSave:    Loading value for TextureFileCacheExtension from [Core.System]
[0000.62] DevSave:    Loading value for Extensions from [Core.System]
[0000.62] DevSave:    Loading value for Suppress from [Core.System]
[0000.62] DevSave:    Loading value for FRScriptPaths from [Core.System]
[0000.62] DevSave:    Loading value for ScriptPaths from [Core.System]
[0000.62] DevSave:    Loading value for Paths from [Core.System]
[0000.62] DevSave:    Loading value for ScreenShotPath from [Core.System]
[0000.62] DevSave:    Loading value for CacheExt from [Core.System]
[0000.62] DevSave:    Loading value for CachePath from [Core.System]
[0000.62] DevSave:    Loading value for SavePath from [Core.System]
[0000.62] DevSave:    Loading value for AsyncIOBandwidthLimit from [Core.System]
[0000.62] DevSave:    Loading value for PackageSizeSoftLimit from [Core.System]
[0000.62] DevSave:    Loading value for MaxOverallCacheSize from [Core.System]
[0000.62] DevSave:    Loading value for MaxStaleCacheSize from [Core.System]
[0000.62] DevSave:    Loading value for StaleCacheDays from [Core.System]
[0019.29] DevDataBase: Failure trying to open connection [Provider=sqloledb;Data Source=production-db;Initial Catalog=EngineTaskPerf;Trusted_Connection=Yes;Connection Timeout=2] [Invalid connection string attribute]
[0019.29] DevDataBase: Connection to "Provider=sqloledb;Data Source=production-db;Initial Catalog=EngineTaskPerf;Trusted_Connection=Yes;Connection Timeout=2" or "10.1.20.20" failed
[0019.29] DevDataBase: Failure closing connection [Operation is not allowed when the object is closed.]
[0019.36] Log: Shader platform (RHI): PC-D3D-SM3
[0019.52] Log: PhysX GPU Support: DISABLED
[0019.53] Init: Initializing FaceFX...
[0019.53] Init: FaceFX 1.7.4 initialized.
[0020.34] Log: Failed to load 'WP_GOW': Can't find file for package 'WP_GOW' while loading ..\..\UDKGame\Script\UTGame.u
[0020.34] Log: Failed to load 'WP_GOW': Can't find file for package 'WP_GOW' while loading ..\..\UDKGame\Script\UTGame.u
[0020.34] Log: Failed to load 'WP_GOW': Can't find file for package 'WP_GOW' while loading ..\..\UDKGame\Script\UTGame.u
[0020.34] Log: Failed to load 'WP_GOW': Can't find file for package 'WP_GOW' while loading ..\..\UDKGame\Script\UTGame.u
[0020.37] Log: Failed to load 'UT3_Gibs': Can't find file for package 'UT3_Gibs' while loading ..\..\UDKGame\Content\Characters\CH_Gibs.upk
[0020.37] Log: Failed to load 'UT3_Gibs': Can't find file for package 'UT3_Gibs' while loading ..\..\UDKGame\Content\Characters\CH_Gibs.upk
[0020.37] Log: Failed to load 'UT3_Gibs': Can't find file for package 'UT3_Gibs' while loading ..\..\UDKGame\Content\Characters\CH_Gibs.upk
[0020.38] Log: Failed to load 'A_Character_Locust': Can't find file for package 'A_Character_Locust' while loading ..\..\UDKGame\Script\UTGame.u
[0020.39] Log: Failed to load 'A_VoicePack_GEARSofWAR_Baird': Can't find file for package 'A_VoicePack_GEARSofWAR_Baird' while loading ..\..\UDKGame\Script\UTGame.u
[0020.39] Log: Failed to load 'A_VoicePack_GEARSofWAR_Dom': Can't find file for package 'A_VoicePack_GEARSofWAR_Dom' while loading ..\..\UDKGame\Script\UTGame.u
[0020.39] Log: Failed to load 'A_VoicePack_GEARSofWAR_Gus': Can't find file for package 'A_VoicePack_GEARSofWAR_Gus' while loading ..\..\UDKGame\Script\UTGame.u
[0020.39] Log: Failed to load 'A_VoicePack_GEARSofWAR_Hoffman': Can't find file for package 'A_VoicePack_GEARSofWAR_Hoffman' while loading ..\..\UDKGame\Script\UTGame.u
[0020.39] Log: Failed to load 'A_VoicePack_GEARSofWAR_Marcus': Can't find file for package 'A_VoicePack_GEARSofWAR_Marcus' while loading ..\..\UDKGame\Script\UTGame.u
[0020.40] Log: Failed to load 'UT3_Gibs': Can't find file for package 'UT3_Gibs' while loading ..\..\UDKGame\Script\UTGame.u
[0020.40] Log: Failed to load 'UT3_Model_Baird': Can't find file for package 'UT3_Model_Baird' while loading ..\..\UDKGame\Script\UTGame.u
[0020.40] Log: Failed to load 'UT3_Model_Dom': Can't find file for package 'UT3_Model_Dom' while loading ..\..\UDKGame\Script\UTGame.u
[0020.40] Log: Failed to load 'UT3_Model_Gus': Can't find file for package 'UT3_Model_Gus' while loading ..\..\UDKGame\Script\UTGame.u
[0020.40] Log: Failed to load 'UT3_Model_Hofman': Can't find file for package 'UT3_Model_Hofman' while loading ..\..\UDKGame\Script\UTGame.u
[0020.40] Log: Failed to load 'UT3_Model_Locust': Can't find file for package 'UT3_Model_Locust' while loading ..\..\UDKGame\Script\UTGame.u
[0020.40] Log: Failed to load 'UT3_Model_Locust_Grunt': Can't find file for package 'UT3_Model_Locust_Grunt' while loading ..\..\UDKGame\Script\UTGame.u
[0020.40] Log: Failed to load 'UT3_Model_Locust_Raam': Can't find file for package 'UT3_Model_Locust_Raam' while loading ..\..\UDKGame\Script\UTGame.u
[0020.40] Log: Failed to load 'UT3_Model_Locust_Theron': Can't find file for package 'UT3_Model_Locust_Theron' while loading ..\..\UDKGame\Script\UTGame.u
[0020.40] Log: Failed to load 'UT3_Model_MarcusFenix': Can't find file for package 'UT3_Model_MarcusFenix' while loading ..\..\UDKGame\Script\UTGame.u
[0020.40] Log: Failed to load 'UT3_Model_MarcusFenix': Can't find file for package 'UT3_Model_MarcusFenix' while loading ..\..\UDKGame\Script\UTGame.u
[0020.40] Log: Failed to load 'WP_GOW': Can't find file for package 'WP_GOW' while loading ..\..\UDKGame\Script\UTGame.u
[0020.40] Log: Failed to load 'WP_GOW': Can't find file for package 'WP_GOW' while loading ..\..\UDKGame\Script\UTGame.u
[0020.40] Log: Failed to load 'WP_GOW': Can't find file for package 'WP_GOW' while loading ..\..\UDKGame\Script\UTGame.u
[0020.40] Log: Failed to load 'WP_GOW': Can't find file for package 'WP_GOW' while loading ..\..\UDKGame\Script\UTGame.u
[0020.40] Log: Failed to load 'UT3_Gibs': Can't find file for package 'UT3_Gibs' while loading ..\..\UDKGame\Script\UTGame.u
[0020.40] Log: Failed to load 'UT3_Gibs': Can't find file for package 'UT3_Gibs' while loading ..\..\UDKGame\Script\UTGame.u
[0020.40] Log: Failed to load 'UT3_Gibs': Can't find file for package 'UT3_Gibs' while loading ..\..\UDKGame\Script\UTGame.u
[0020.40] Log: Failed to load 'UT3_Gibs': Can't find file for package 'UT3_Gibs' while loading ..\..\UDKGame\Script\UTGame.u
[0020.41] Log: Failed to load 'UT3_Gibs': Can't find file for package 'UT3_Gibs' while loading ..\..\UDKGame\Script\UTGame.u
[0020.41] Log: Failed to load 'UT3_Gibs': Can't find file for package 'UT3_Gibs' while loading ..\..\UDKGame\Script\UTGame.u
[0020.41] Log: Failed to load 'UT3_Gibs': Can't find file for package 'UT3_Gibs' while loading ..\..\UDKGame\Script\UTGame.u
[0020.41] Log: Failed to load 'UT3_Gibs': Can't find file for package 'UT3_Gibs' while loading ..\..\UDKGame\Script\UTGame.u
[0020.41] Log: Failed to load 'UT3_Gibs': Can't find file for package 'UT3_Gibs' while loading ..\..\UDKGame\Script\UTGame.u
[0020.41] Log: Failed to load 'UT3_Gibs': Can't find file for package 'UT3_Gibs' while loading ..\..\UDKGame\Script\UTGame.u
[0020.41] Log: Failed to load 'UT3_Gibs': Can't find file for package 'UT3_Gibs' while loading ..\..\UDKGame\Script\UTGame.u
[0020.41] Log: Failed to load 'UT3_Gibs': Can't find file for package 'UT3_Gibs' while loading ..\..\UDKGame\Script\UTGame.u
[0020.41] Log: Failed to load 'UT3_Gibs': Can't find file for package 'UT3_Gibs' while loading ..\..\UDKGame\Script\UTGame.u
[0020.41] Log: Failed to load 'UT3_Gibs': Can't find file for package 'UT3_Gibs' while loading ..\..\UDKGame\Script\UTGame.u
[0020.41] Log: Failed to load 'UT3_Gibs': Can't find file for package 'UT3_Gibs' while loading ..\..\UDKGame\Script\UTGame.u
[0020.41] Log: Failed to load 'UT3_Gibs': Can't find file for package 'UT3_Gibs' while loading ..\..\UDKGame\Script\UTGame.u
[0020.41] Log: Failed to load 'UT3_Gibs': Can't find file for package 'UT3_Gibs' while loading ..\..\UDKGame\Script\UTGame.u
[0020.41] Log: Failed to load 'UT3_Gibs': Can't find file for package 'UT3_Gibs' while loading ..\..\UDKGame\Script\UTGame.u
[0020.41] Log: Failed to load 'UT3_Gibs': Can't find file for package 'UT3_Gibs' while loading ..\..\UDKGame\Script\UTGame.u
[0020.41] Log: Failed to load 'UT3_Gibs': Can't find file for package 'UT3_Gibs' while loading ..\..\UDKGame\Script\UTGame.u
[0020.41] Log: Failed to load 'UT3_Gibs': Can't find file for package 'UT3_Gibs' while loading ..\..\UDKGame\Script\UTGame.u
[0020.41] Log: Failed to load 'UT3_Gibs': Can't find file for package 'UT3_Gibs' while loading ..\..\UDKGame\Script\UTGame.u
[0020.41] Log: Failed to load 'UT3_Gibs': Can't find file for package 'UT3_Gibs' while loading ..\..\UDKGame\Script\UTGame.u
[0020.41] Log: Failed to load 'UT3_Gibs': Can't find file for package 'UT3_Gibs' while loading ..\..\UDKGame\Script\UTGame.u
[0020.41] Log: Failed to load 'UT3_Gibs': Can't find file for package 'UT3_Gibs' while loading ..\..\UDKGame\Script\UTGame.u
[0020.41] Log: Failed to load 'UT3_Gibs': Can't find file for package 'UT3_Gibs' while loading ..\..\UDKGame\Script\UTGame.u
[0020.41] Log: Failed to load 'UT3_Model_Baird': Can't find file for package 'UT3_Model_Baird' while loading ..\..\UDKGame\Script\UTGame.u
[0020.41] Log: Failed to load 'UT3_Model_Dom': Can't find file for package 'UT3_Model_Dom' while loading ..\..\UDKGame\Script\UTGame.u
[0020.42] Log: Failed to load 'UT3_Model_Gus': Can't find file for package 'UT3_Model_Gus' while loading ..\..\UDKGame\Script\UTGame.u
[0020.42] Log: Failed to load 'UT3_Model_Hofman': Can't find file for package 'UT3_Model_Hofman' while loading ..\..\UDKGame\Script\UTGame.u
[0020.42] Log: Failed to load 'UT3_Model_Locust': Can't find file for package 'UT3_Model_Locust' while loading ..\..\UDKGame\Script\UTGame.u
[0020.42] Log: Failed to load 'UT3_Model_Locust_Grunt': Can't find file for package 'UT3_Model_Locust_Grunt' while loading ..\..\UDKGame\Script\UTGame.u
[0020.42] Log: Failed to load 'UT3_Model_Locust_Raam': Can't find file for package 'UT3_Model_Locust_Raam' while loading ..\..\UDKGame\Script\UTGame.u
[0020.42] Log: Failed to load 'UT3_Model_Locust_Theron': Can't find file for package 'UT3_Model_Locust_Theron' while loading ..\..\UDKGame\Script\UTGame.u
[0020.42] Log: Failed to load 'UT3_Model_MarcusFenix': Can't find file for package 'UT3_Model_MarcusFenix' while loading ..\..\UDKGame\Script\UTGame.u
[0020.42] Log: Failed to load 'UT3_Model_MarcusFenix': Can't find file for package 'UT3_Model_MarcusFenix' while loading ..\..\UDKGame\Script\UTGame.u
[0020.42] Log: Failed to load 'WP_GOW': Can't find file for package 'WP_GOW' while loading ..\..\UDKGame\Script\UTGame.u
[0020.42] Log: Failed to load 'WP_GOW': Can't find file for package 'WP_GOW' while loading ..\..\UDKGame\Script\UTGame.u
[0020.42] Log: Failed to load 'WP_GOW': Can't find file for package 'WP_GOW' while loading ..\..\UDKGame\Script\UTGame.u
[0020.42] Log: Failed to load 'WP_GOW': Can't find file for package 'WP_GOW' while loading ..\..\UDKGame\Script\UTGame.u
[0020.42] Log: Failed to load 'WP_GOW': Can't find file for package 'WP_GOW' while loading ..\..\UDKGame\Script\UTGame.u
[0020.42] Log: Failed to load 'WP_GOW': Can't find file for package 'WP_GOW' while loading ..\..\UDKGame\Script\UTGame.u
[0020.42] Log: Failed to load 'A_Character_Locust': Can't find file for package 'A_Character_Locust' while loading ..\..\UDKGame\Script\UTGame.u
[0020.42] Log: Failed to load 'A_Character_Locust': Can't find file for package 'A_Character_Locust' while loading ..\..\UDKGame\Script\UTGame.u
[0020.42] Log: Failed to load 'A_Character_Locust': Can't find file for package 'A_Character_Locust' while loading ..\..\UDKGame\Script\UTGame.u
[0020.42] Log: Failed to load 'A_Character_Locust': Can't find file for package 'A_Character_Locust' while loading ..\..\UDKGame\Script\UTGame.u
[0020.42] Log: Failed to load 'A_Character_Locust': Can't find file for package 'A_Character_Locust' while loading ..\..\UDKGame\Script\UTGame.u
[0020.42] Log: Failed to load 'A_Character_Locust': Can't find file for package 'A_Character_Locust' while loading ..\..\UDKGame\Script\UTGame.u
[0020.42] Log: Failed to load 'A_Character_Locust': Can't find file for package 'A_Character_Locust' while loading ..\..\UDKGame\Script\UTGame.u
[0020.42] Log: Failed to load 'A_VoicePack_GEARSofWAR_Baird': Can't find file for package 'A_VoicePack_GEARSofWAR_Baird' while loading ..\..\UDKGame\Script\UTGame.u
[0020.42] Log: Failed to load 'A_VoicePack_GEARSofWAR_Baird': Can't find file for package 'A_VoicePack_GEARSofWAR_Baird' while loading ..\..\UDKGame\Script\UTGame.u
[0020.42] Log: Failed to load 'A_VoicePack_GEARSofWAR_Baird': Can't find file for package 'A_VoicePack_GEARSofWAR_Baird' while loading ..\..\UDKGame\Script\UTGame.u
[0020.43] Log: Failed to load 'A_VoicePack_GEARSofWAR_Baird': Can't find file for package 'A_VoicePack_GEARSofWAR_Baird' while loading ..\..\UDKGame\Script\UTGame.u
[0020.43] Log: Failed to load 'A_VoicePack_GEARSofWAR_Baird': Can't find file for package 'A_VoicePack_GEARSofWAR_Baird' while loading ..\..\UDKGame\Script\UTGame.u
[0020.43] Log: Failed to load 'A_VoicePack_GEARSofWAR_Baird': Can't find file for package 'A_VoicePack_GEARSofWAR_Baird' while loading ..\..\UDKGame\Script\UTGame.u
[0020.43] Log: Failed to load 'A_VoicePack_GEARSofWAR_Baird': Can't find file for package 'A_VoicePack_GEARSofWAR_Baird' while loading ..\..\UDKGame\Script\UTGame.u
[0020.43] Log: Failed to load 'A_VoicePack_GEARSofWAR_Baird': Can't find file for package 'A_VoicePack_GEARSofWAR_Baird' while loading ..\..\UDKGame\Script\UTGame.u
[0020.43] Log: Failed to load 'A_VoicePack_GEARSofWAR_Baird': Can't find file for package 'A_VoicePack_GEARSofWAR_Baird' while loading ..\..\UDKGame\Script\UTGame.u
[0020.43] Log: Failed to load 'A_VoicePack_GEARSofWAR_Dom': Can't find file for package 'A_VoicePack_GEARSofWAR_Dom' while loading ..\..\UDKGame\Script\UTGame.u
[0020.43] Log: Failed to load 'A_VoicePack_GEARSofWAR_Dom': Can't find file for package 'A_VoicePack_GEARSofWAR_Dom' while loading ..\..\UDKGame\Script\UTGame.u
[0020.43] Log: Failed to load 'A_VoicePack_GEARSofWAR_Dom': Can't find file for package 'A_VoicePack_GEARSofWAR_Dom' while loading ..\..\UDKGame\Script\UTGame.u
[0020.43] Log: Failed to load 'A_VoicePack_GEARSofWAR_Dom': Can't find file for package 'A_VoicePack_GEARSofWAR_Dom' while loading ..\..\UDKGame\Script\UTGame.u
[0020.43] Log: Failed to load 'A_VoicePack_GEARSofWAR_Dom': Can't find file for package 'A_VoicePack_GEARSofWAR_Dom' while loading ..\..\UDKGame\Script\UTGame.u
[0020.43] Log: Failed to load 'A_VoicePack_GEARSofWAR_Dom': Can't find file for package 'A_VoicePack_GEARSofWAR_Dom' while loading ..\..\UDKGame\Script\UTGame.u
[0020.43] Log: Failed to load 'A_VoicePack_GEARSofWAR_Gus': Can't find file for package 'A_VoicePack_GEARSofWAR_Gus' while loading ..\..\UDKGame\Script\UTGame.u
[0020.43] Log: Failed to load 'A_VoicePack_GEARSofWAR_Gus': Can't find file for package 'A_VoicePack_GEARSofWAR_Gus' while loading ..\..\UDKGame\Script\UTGame.u
[0020.43] Log: Failed to load 'A_VoicePack_GEARSofWAR_Gus': Can't find file for package 'A_VoicePack_GEARSofWAR_Gus' while loading ..\..\UDKGame\Script\UTGame.u
[0020.43] Log: Failed to load 'A_VoicePack_GEARSofWAR_Gus': Can't find file for package 'A_VoicePack_GEARSofWAR_Gus' while loading ..\..\UDKGame\Script\UTGame.u
[0020.43] Log: Failed to load 'A_VoicePack_GEARSofWAR_Gus': Can't find file for package 'A_VoicePack_GEARSofWAR_Gus' while loading ..\..\UDKGame\Script\UTGame.u
[0020.43] Log: Failed to load 'A_VoicePack_GEARSofWAR_Gus': Can't find file for package 'A_VoicePack_GEARSofWAR_Gus' while loading ..\..\UDKGame\Script\UTGame.u
[0020.43] Log: Failed to load 'A_VoicePack_GEARSofWAR_Gus': Can't find file for package 'A_VoicePack_GEARSofWAR_Gus' while loading ..\..\UDKGame\Script\UTGame.u
[0020.43] Log: Failed to load 'A_VoicePack_GEARSofWAR_Gus': Can't find file for package 'A_VoicePack_GEARSofWAR_Gus' while loading ..\..\UDKGame\Script\UTGame.u
[0020.43] Log: Failed to load 'A_VoicePack_GEARSofWAR_Hoffman': Can't find file for package 'A_VoicePack_GEARSofWAR_Hoffman' while loading ..\..\UDKGame\Script\UTGame.u
[0020.43] Log: Failed to load 'A_VoicePack_GEARSofWAR_Hoffman': Can't find file for package 'A_VoicePack_GEARSofWAR_Hoffman' while loading ..\..\UDKGame\Script\UTGame.u
[0020.43] Log: Failed to load 'A_VoicePack_GEARSofWAR_Hoffman': Can't find file for package 'A_VoicePack_GEARSofWAR_Hoffman' while loading ..\..\UDKGame\Script\UTGame.u
[0020.43] Log: Failed to load 'A_VoicePack_GEARSofWAR_Hoffman': Can't find file for package 'A_VoicePack_GEARSofWAR_Hoffman' while loading ..\..\UDKGame\Script\UTGame.u
[0020.44] Log: Failed to load 'A_VoicePack_GEARSofWAR_Hoffman': Can't find file for package 'A_VoicePack_GEARSofWAR_Hoffman' while loading ..\..\UDKGame\Script\UTGame.u
[0020.44] Log: Failed to load 'A_VoicePack_GEARSofWAR_Hoffman': Can't find file for package 'A_VoicePack_GEARSofWAR_Hoffman' while loading ..\..\UDKGame\Script\UTGame.u
[0020.44] Log: Failed to load 'A_VoicePack_GEARSofWAR_Hoffman': Can't find file for package 'A_VoicePack_GEARSofWAR_Hoffman' while loading ..\..\UDKGame\Script\UTGame.u
[0020.44] Log: Failed to load 'A_VoicePack_GEARSofWAR_Hoffman': Can't find file for package 'A_VoicePack_GEARSofWAR_Hoffman' while loading ..\..\UDKGame\Script\UTGame.u
[0020.44] Log: Failed to load 'A_VoicePack_GEARSofWAR_Hoffman': Can't find file for package 'A_VoicePack_GEARSofWAR_Hoffman' while loading ..\..\UDKGame\Script\UTGame.u
[0020.44] Log: Failed to load 'A_VoicePack_GEARSofWAR_Marcus': Can't find file for package 'A_VoicePack_GEARSofWAR_Marcus' while loading ..\..\UDKGame\Script\UTGame.u
[0020.44] Log: Failed to load 'A_VoicePack_GEARSofWAR_Marcus': Can't find file for package 'A_VoicePack_GEARSofWAR_Marcus' while loading ..\..\UDKGame\Script\UTGame.u
[0020.44] Log: Failed to load 'A_VoicePack_GEARSofWAR_Marcus': Can't find file for package 'A_VoicePack_GEARSofWAR_Marcus' while loading ..\..\UDKGame\Script\UTGame.u
[0020.44] Log: Failed to load 'A_VoicePack_GEARSofWAR_Marcus': Can't find file for package 'A_VoicePack_GEARSofWAR_Marcus' while loading ..\..\UDKGame\Script\UTGame.u
[0020.44] Log: Failed to load 'A_VoicePack_GEARSofWAR_Marcus': Can't find file for package 'A_VoicePack_GEARSofWAR_Marcus' while loading ..\..\UDKGame\Script\UTGame.u
[0020.44] Log: Failed to load 'A_VoicePack_GEARSofWAR_Marcus': Can't find file for package 'A_VoicePack_GEARSofWAR_Marcus' while loading ..\..\UDKGame\Script\UTGame.u
[0020.44] Log: Failed to load 'A_VoicePack_GEARSofWAR_Marcus': Can't find file for package 'A_VoicePack_GEARSofWAR_Marcus' while loading ..\..\UDKGame\Script\UTGame.u
[0020.44] Log: Failed to load 'A_VoicePack_GEARSofWAR_Marcus': Can't find file for package 'A_VoicePack_GEARSofWAR_Marcus' while loading ..\..\UDKGame\Script\UTGame.u
[0020.44] Log: Failed to load 'A_VoicePack_GEARSofWAR_Marcus': Can't find file for package 'A_VoicePack_GEARSofWAR_Marcus' while loading ..\..\UDKGame\Script\UTGame.u
[0020.44] Log: Failed to load 'WP_GOW': Can't find file for package 'WP_GOW' while loading ..\..\UDKGame\Script\UTGame.u
[0020.44] Log: Failed to load 'WP_GOW': Can't find file for package 'WP_GOW' while loading ..\..\UDKGame\Script\UTGame.u
[0020.44] Log: Failed to load 'A_Character_Locust': Can't find file for package 'A_Character_Locust' while loading ..\..\UDKGame\Script\UTGame.u
[0020.44] Log: Failed to load 'A_Character_Locust': Can't find file for package 'A_Character_Locust' while loading ..\..\UDKGame\Script\UTGame.u
[0020.44] Log: Failed to load 'A_Character_Locust': Can't find file for package 'A_Character_Locust' while loading ..\..\UDKGame\Script\UTGame.u
[0020.44] Log: Failed to load 'A_Character_Locust': Can't find file for package 'A_Character_Locust' while loading ..\..\UDKGame\Script\UTGame.u
[0020.44] Log: Failed to load 'A_Character_Locust': Can't find file for package 'A_Character_Locust' while loading ..\..\UDKGame\Script\UTGame.u
[0020.44] Log: Failed to load 'A_Character_Locust': Can't find file for package 'A_Character_Locust' while loading ..\..\UDKGame\Script\UTGame.u
[0020.45] Log: Failed to load 'A_Character_Locust': Can't find file for package 'A_Character_Locust' while loading ..\..\UDKGame\Script\UTGame.u
[0020.45] Log: Failed to load 'A_Character_Locust': Can't find file for package 'A_Character_Locust' while loading ..\..\UDKGame\Script\UTGame.u
[0020.45] Log: Failed to load 'A_Character_Locust': Can't find file for package 'A_Character_Locust' while loading ..\..\UDKGame\Script\UTGame.u
[0020.45] Log: Failed to load 'A_Character_Locust': Can't find file for package 'A_Character_Locust' while loading ..\..\UDKGame\Script\UTGame.u
[0020.45] Log: Failed to load 'A_Character_Locust': Can't find file for package 'A_Character_Locust' while loading ..\..\UDKGame\Script\UTGame.u
[0020.45] Log: Failed to load 'A_Character_Locust': Can't find file for package 'A_Character_Locust' while loading ..\..\UDKGame\Script\UTGame.u
[0020.45] Log: Failed to load 'A_VoicePack_GEARSofWAR_Baird': Can't find file for package 'A_VoicePack_GEARSofWAR_Baird' while loading ..\..\UDKGame\Script\UTGame.u
[0020.45] Log: Failed to load 'A_VoicePack_GEARSofWAR_Baird': Can't find file for package 'A_VoicePack_GEARSofWAR_Baird' while loading ..\..\UDKGame\Script\UTGame.u
[0020.45] Log: Failed to load 'A_VoicePack_GEARSofWAR_Baird': Can't find file for package 'A_VoicePack_GEARSofWAR_Baird' while loading ..\..\UDKGame\Script\UTGame.u
[0020.45] Log: Failed to load 'A_VoicePack_GEARSofWAR_Baird': Can't find file for package 'A_VoicePack_GEARSofWAR_Baird' while loading ..\..\UDKGame\Script\UTGame.u
[0020.45] Log: Failed to load 'A_VoicePack_GEARSofWAR_Baird': Can't find file for package 'A_VoicePack_GEARSofWAR_Baird' while loading ..\..\UDKGame\Script\UTGame.u
[0020.45] Log: Failed to load 'A_VoicePack_GEARSofWAR_Baird': Can't find file for package 'A_VoicePack_GEARSofWAR_Baird' while loading ..\..\UDKGame\Script\UTGame.u
[0020.45] Log: Failed to load 'A_VoicePack_GEARSofWAR_Baird': Can't find file for package 'A_VoicePack_GEARSofWAR_Baird' while loading ..\..\UDKGame\Script\UTGame.u
[0020.45] Log: Failed to load 'A_VoicePack_GEARSofWAR_Baird': Can't find file for package 'A_VoicePack_GEARSofWAR_Baird' while loading ..\..\UDKGame\Script\UTGame.u
[0020.45] Log: Failed to load 'A_VoicePack_GEARSofWAR_Baird': Can't find file for package 'A_VoicePack_GEARSofWAR_Baird' while loading ..\..\UDKGame\Script\UTGame.u
[0020.45] Log: Failed to load 'A_VoicePack_GEARSofWAR_Baird': Can't find file for package 'A_VoicePack_GEARSofWAR_Baird' while loading ..\..\UDKGame\Script\UTGame.u
[0020.45] Log: Failed to load 'A_VoicePack_GEARSofWAR_Baird': Can't find file for package 'A_VoicePack_GEARSofWAR_Baird' while loading ..\..\UDKGame\Script\UTGame.u
[0020.45] Log: Failed to load 'A_VoicePack_GEARSofWAR_Baird': Can't find file for package 'A_VoicePack_GEARSofWAR_Baird' while loading ..\..\UDKGame\Script\UTGame.u
[0020.45] Log: Failed to load 'A_VoicePack_GEARSofWAR_Dom': Can't find file for package 'A_VoicePack_GEARSofWAR_Dom' while loading ..\..\UDKGame\Script\UTGame.u
[0020.45] Log: Failed to load 'A_VoicePack_GEARSofWAR_Dom': Can't find file for package 'A_VoicePack_GEARSofWAR_Dom' while loading ..\..\UDKGame\Script\UTGame.u
[0020.45] Log: Failed to load 'A_VoicePack_GEARSofWAR_Dom': Can't find file for package 'A_VoicePack_GEARSofWAR_Dom' while loading ..\..\UDKGame\Script\UTGame.u
[0020.45] Log: Failed to load 'A_VoicePack_GEARSofWAR_Dom': Can't find file for package 'A_VoicePack_GEARSofWAR_Dom' while loading ..\..\UDKGame\Script\UTGame.u
[0020.45] Log: Failed to load 'A_VoicePack_GEARSofWAR_Dom': Can't find file for package 'A_VoicePack_GEARSofWAR_Dom' while loading ..\..\UDKGame\Script\UTGame.u
[0020.46] Log: Failed to load 'A_VoicePack_GEARSofWAR_Dom': Can't find file for package 'A_VoicePack_GEARSofWAR_Dom' while loading ..\..\UDKGame\Script\UTGame.u
[0020.46] Log: Failed to load 'A_VoicePack_GEARSofWAR_Dom': Can't find file for package 'A_VoicePack_GEARSofWAR_Dom' while loading ..\..\UDKGame\Script\UTGame.u
[0020.46] Log: Failed to load 'A_VoicePack_GEARSofWAR_Dom': Can't find file for package 'A_VoicePack_GEARSofWAR_Dom' while loading ..\..\UDKGame\Script\UTGame.u
[0020.46] Log: Failed to load 'A_VoicePack_GEARSofWAR_Dom': Can't find file for package 'A_VoicePack_GEARSofWAR_Dom' while loading ..\..\UDKGame\Script\UTGame.u
[0020.46] Log: Failed to load 'A_VoicePack_GEARSofWAR_Dom': Can't find file for package 'A_VoicePack_GEARSofWAR_Dom' while loading ..\..\UDKGame\Script\UTGame.u
[0020.46] Log: Failed to load 'A_VoicePack_GEARSofWAR_Dom': Can't find file for package 'A_VoicePack_GEARSofWAR_Dom' while loading ..\..\UDKGame\Script\UTGame.u
[0020.46] Log: Failed to load 'A_VoicePack_GEARSofWAR_Dom': Can't find file for package 'A_VoicePack_GEARSofWAR_Dom' while loading ..\..\UDKGame\Script\UTGame.u
[0020.46] Log: Failed to load 'A_VoicePack_GEARSofWAR_Gus': Can't find file for package 'A_VoicePack_GEARSofWAR_Gus' while loading ..\..\UDKGame\Script\UTGame.u
[0020.46] Log: Failed to load 'A_VoicePack_GEARSofWAR_Gus': Can't find file for package 'A_VoicePack_GEARSofWAR_Gus' while loading ..\..\UDKGame\Script\UTGame.u
[0020.46] Log: Failed to load 'A_VoicePack_GEARSofWAR_Gus': Can't find file for package 'A_VoicePack_GEARSofWAR_Gus' while loading ..\..\UDKGame\Script\UTGame.u
[0020.46] Log: Failed to load 'A_VoicePack_GEARSofWAR_Gus': Can't find file for package 'A_VoicePack_GEARSofWAR_Gus' while loading ..\..\UDKGame\Script\UTGame.u
[0020.46] Log: Failed to load 'A_VoicePack_GEARSofWAR_Gus': Can't find file for package 'A_VoicePack_GEARSofWAR_Gus' while loading ..\..\UDKGame\Script\UTGame.u
[0020.46] Log: Failed to load 'A_VoicePack_GEARSofWAR_Gus': Can't find file for package 'A_VoicePack_GEARSofWAR_Gus' while loading ..\..\UDKGame\Script\UTGame.u
[0020.46] Log: Failed to load 'A_VoicePack_GEARSofWAR_Gus': Can't find file for package 'A_VoicePack_GEARSofWAR_Gus' while loading ..\..\UDKGame\Script\UTGame.u
[0020.46] Log: Failed to load 'A_VoicePack_GEARSofWAR_Gus': Can't find file for package 'A_VoicePack_GEARSofWAR_Gus' while loading ..\..\UDKGame\Script\UTGame.u
[0020.46] Log: Failed to load 'A_VoicePack_GEARSofWAR_Gus': Can't find file for package 'A_VoicePack_GEARSofWAR_Gus' while loading ..\..\UDKGame\Script\UTGame.u
[0020.46] Log: Failed to load 'A_VoicePack_GEARSofWAR_Gus': Can't find file for package 'A_VoicePack_GEARSofWAR_Gus' while loading ..\..\UDKGame\Script\UTGame.u
[0020.46] Log: Failed to load 'A_VoicePack_GEARSofWAR_Gus': Can't find file for package 'A_VoicePack_GEARSofWAR_Gus' while loading ..\..\UDKGame\Script\UTGame.u
[0020.46] Log: Failed to load 'A_VoicePack_GEARSofWAR_Gus': Can't find file for package 'A_VoicePack_GEARSofWAR_Gus' while loading ..\..\UDKGame\Script\UTGame.u
[0020.46] Log: Failed to load 'A_VoicePack_GEARSofWAR_Hoffman': Can't find file for package 'A_VoicePack_GEARSofWAR_Hoffman' while loading ..\..\UDKGame\Script\UTGame.u
[0020.46] Log: Failed to load 'A_VoicePack_GEARSofWAR_Hoffman': Can't find file for package 'A_VoicePack_GEARSofWAR_Hoffman' while loading ..\..\UDKGame\Script\UTGame.u
[0020.46] Log: Failed to load 'A_VoicePack_GEARSofWAR_Hoffman': Can't find file for package 'A_VoicePack_GEARSofWAR_Hoffman' while loading ..\..\UDKGame\Script\UTGame.u
[0020.46] Log: Failed to load 'A_VoicePack_GEARSofWAR_Hoffman': Can't find file for package 'A_VoicePack_GEARSofWAR_Hoffman' while loading ..\..\UDKGame\Script\UTGame.u
[0020.47] Log: Failed to load 'A_VoicePack_GEARSofWAR_Hoffman': Can't find file for package 'A_VoicePack_GEARSofWAR_Hoffman' while loading ..\..\UDKGame\Script\UTGame.u
[0020.47] Log: Failed to load 'A_VoicePack_GEARSofWAR_Hoffman': Can't find file for package 'A_VoicePack_GEARSofWAR_Hoffman' while loading ..\..\UDKGame\Script\UTGame.u
[0020.47] Log: Failed to load 'A_VoicePack_GEARSofWAR_Hoffman': Can't find file for package 'A_VoicePack_GEARSofWAR_Hoffman' while loading ..\..\UDKGame\Script\UTGame.u
[0020.47] Log: Failed to load 'A_VoicePack_GEARSofWAR_Hoffman': Can't find file for package 'A_VoicePack_GEARSofWAR_Hoffman' while loading ..\..\UDKGame\Script\UTGame.u
[0020.47] Log: Failed to load 'A_VoicePack_GEARSofWAR_Hoffman': Can't find file for package 'A_VoicePack_GEARSofWAR_Hoffman' while loading ..\..\UDKGame\Script\UTGame.u
[0020.47] Log: Failed to load 'A_VoicePack_GEARSofWAR_Hoffman': Can't find file for package 'A_VoicePack_GEARSofWAR_Hoffman' while loading ..\..\UDKGame\Script\UTGame.u
[0020.47] Log: Failed to load 'A_VoicePack_GEARSofWAR_Hoffman': Can't find file for package 'A_VoicePack_GEARSofWAR_Hoffman' while loading ..\..\UDKGame\Script\UTGame.u
[0020.47] Log: Failed to load 'A_VoicePack_GEARSofWAR_Hoffman': Can't find file for package 'A_VoicePack_GEARSofWAR_Hoffman' while loading ..\..\UDKGame\Script\UTGame.u
[0020.47] Log: Failed to load 'A_VoicePack_GEARSofWAR_Marcus': Can't find file for package 'A_VoicePack_GEARSofWAR_Marcus' while loading ..\..\UDKGame\Script\UTGame.u
[0020.47] Log: Failed to load 'A_VoicePack_GEARSofWAR_Marcus': Can't find file for package 'A_VoicePack_GEARSofWAR_Marcus' while loading ..\..\UDKGame\Script\UTGame.u
[0020.47] Log: Failed to load 'A_VoicePack_GEARSofWAR_Marcus': Can't find file for package 'A_VoicePack_GEARSofWAR_Marcus' while loading ..\..\UDKGame\Script\UTGame.u
[0020.47] Log: Failed to load 'A_VoicePack_GEARSofWAR_Marcus': Can't find file for package 'A_VoicePack_GEARSofWAR_Marcus' while loading ..\..\UDKGame\Script\UTGame.u
[0020.47] Log: Failed to load 'A_VoicePack_GEARSofWAR_Marcus': Can't find file for package 'A_VoicePack_GEARSofWAR_Marcus' while loading ..\..\UDKGame\Script\UTGame.u
[0020.47] Log: Failed to load 'A_VoicePack_GEARSofWAR_Marcus': Can't find file for package 'A_VoicePack_GEARSofWAR_Marcus' while loading ..\..\UDKGame\Script\UTGame.u
[0020.47] Log: Failed to load 'A_VoicePack_GEARSofWAR_Marcus': Can't find file for package 'A_VoicePack_GEARSofWAR_Marcus' while loading ..\..\UDKGame\Script\UTGame.u
[0020.47] Log: Failed to load 'A_VoicePack_GEARSofWAR_Marcus': Can't find file for package 'A_VoicePack_GEARSofWAR_Marcus' while loading ..\..\UDKGame\Script\UTGame.u
[0020.47] Log: Failed to load 'A_VoicePack_GEARSofWAR_Marcus': Can't find file for package 'A_VoicePack_GEARSofWAR_Marcus' while loading ..\..\UDKGame\Script\UTGame.u
[0020.47] Log: Failed to load 'A_VoicePack_GEARSofWAR_Marcus': Can't find file for package 'A_VoicePack_GEARSofWAR_Marcus' while loading ..\..\UDKGame\Script\UTGame.u
[0020.47] Log: Failed to load 'A_VoicePack_GEARSofWAR_Marcus': Can't find file for package 'A_VoicePack_GEARSofWAR_Marcus' while loading ..\..\UDKGame\Script\UTGame.u
[0020.47] Log: Failed to load 'A_VoicePack_GEARSofWAR_Marcus': Can't find file for package 'A_VoicePack_GEARSofWAR_Marcus' while loading ..\..\UDKGame\Script\UTGame.u
[0020.47] Log: Failed to load 'WP_GOW': Can't find file for package 'WP_GOW' while loading ..\..\UDKGame\Script\UTGame.u
[0020.55] Log: Failed to load 'UT3_Model_Baird': Can't find file for package 'UT3_Model_Baird' while loading NULL
[0020.56] Log: Failed to load 'UT3_Model_Dom': Can't find file for package 'UT3_Model_Dom' while loading NULL
[0020.56] Log: Failed to load 'UT3_Model_Gus': Can't find file for package 'UT3_Model_Gus' while loading NULL
[0020.56] Log: Failed to load 'UT3_Model_Hofman': Can't find file for package 'UT3_Model_Hofman' while loading NULL
[0020.56] Log: Failed to load 'UT3_Model_Locust': Can't find file for package 'UT3_Model_Locust' while loading NULL
[0020.56] Log: Failed to load 'UT3_Model_Locust_Grunt': Can't find file for package 'UT3_Model_Locust_Grunt' while loading NULL
[0020.56] Log: Failed to load 'UT3_Model_Locust_Raam': Can't find file for package 'UT3_Model_Locust_Raam' while loading NULL
[0020.56] Log: Failed to load 'UT3_Model_Locust_Theron': Can't find file for package 'UT3_Model_Locust_Theron' while loading NULL
[0020.56] Log: Failed to load 'UT3_Model_MarcusFenix': Can't find file for package 'UT3_Model_MarcusFenix' while loading NULL
[0020.56] Log: Failed to load 'UT3_Model_MarcusFenix': Can't find file for package 'UT3_Model_MarcusFenix' while loading NULL
[0020.57] Log: Failed to load 'UT3_Gibs': Can't find file for package 'UT3_Gibs' while loading NULL
[0020.57] Log: Failed to load 'UT3_Gibs': Can't find file for package 'UT3_Gibs' while loading NULL
[0020.57] Log: Failed to load 'UT3_Gibs': Can't find file for package 'UT3_Gibs' while loading NULL
[0020.57] Log: Failed to load 'UT3_Gibs': Can't find file for package 'UT3_Gibs' while loading NULL
[0020.57] Log: Failed to load 'UT3_Gibs': Can't find file for package 'UT3_Gibs' while loading NULL
[0020.57] Log: Failed to load 'UT3_Gibs': Can't find file for package 'UT3_Gibs' while loading NULL
[0020.57] Log: Failed to load 'UT3_Gibs': Can't find file for package 'UT3_Gibs' while loading NULL
[0020.57] Log: Failed to load 'UT3_Gibs': Can't find file for package 'UT3_Gibs' while loading NULL
[0020.57] Log: Failed to load 'UT3_Gibs': Can't find file for package 'UT3_Gibs' while loading NULL
[0020.57] Log: Failed to load 'UT3_Gibs': Can't find file for package 'UT3_Gibs' while loading NULL
[0020.57] Log: Failed to load 'UT3_Gibs': Can't find file for package 'UT3_Gibs' while loading NULL
[0020.57] Log: Failed to load 'UT3_Gibs': Can't find file for package 'UT3_Gibs' while loading NULL
[0020.57] Log: Failed to load 'UT3_Gibs': Can't find file for package 'UT3_Gibs' while loading NULL
[0020.57] Log: Failed to load 'UT3_Gibs': Can't find file for package 'UT3_Gibs' while loading NULL
[0020.57] Log: Failed to load 'UT3_Gibs': Can't find file for package 'UT3_Gibs' while loading NULL
[0020.57] Log: Failed to load 'UT3_Gibs': Can't find file for package 'UT3_Gibs' while loading NULL
[0020.57] Log: Failed to load 'UT3_Gibs': Can't find file for package 'UT3_Gibs' while loading NULL
[0020.57] Log: Failed to load 'UT3_Gibs': Can't find file for package 'UT3_Gibs' while loading NULL
[0020.57] Log: Failed to load 'UT3_Gibs': Can't find file for package 'UT3_Gibs' while loading NULL
[0020.57] Log: Failed to load 'UT3_Gibs': Can't find file for package 'UT3_Gibs' while loading NULL
[0020.57] Log: Failed to load 'UT3_Gibs': Can't find file for package 'UT3_Gibs' while loading NULL
[0020.57] Log: Failed to load 'UT3_Gibs': Can't find file for package 'UT3_Gibs' while loading NULL
[0020.58] Log: Failed to load 'UT3_Gibs': Can't find file for package 'UT3_Gibs' while loading NULL
[0020.58] Log: Failed to load 'UT3_Gibs': Can't find file for package 'UT3_Gibs' while loading NULL
[0020.58] Log: Failed to load 'UT3_Gibs': Can't find file for package 'UT3_Gibs' while loading NULL
[0020.58] Log: Failed to load 'UT3_Gibs': Can't find file for package 'UT3_Gibs' while loading NULL
[0020.58] Log: Failed to load 'UT3_Gibs': Can't find file for package 'UT3_Gibs' while loading NULL
[0020.58] Log: Failed to load 'UT3_Gibs': Can't find file for package 'UT3_Gibs' while loading NULL
[0020.58] Log: Failed to load 'UT3_Gibs': Can't find file for package 'UT3_Gibs' while loading NULL
[0020.58] Log: Failed to load 'UT3_Gibs': Can't find file for package 'UT3_Gibs' while loading NULL
[0020.58] Log: Failed to load 'UT3_Gibs': Can't find file for package 'UT3_Gibs' while loading NULL
[0020.58] Log: Failed to load 'UT3_Gibs': Can't find file for package 'UT3_Gibs' while loading NULL
[0020.58] Log: Failed to load 'A_VoicePack_GEARSofWAR_Baird': Can't find file for package 'A_VoicePack_GEARSofWAR_Baird' while loading NULL
[0020.59] Log: Failed to load 'A_VoicePack_GEARSofWAR_Baird': Can't find file for package 'A_VoicePack_GEARSofWAR_Baird' while loading NULL
[0020.59] Log: Failed to load 'A_VoicePack_GEARSofWAR_Baird': Can't find file for package 'A_VoicePack_GEARSofWAR_Baird' while loading NULL
[0020.59] Log: Failed to load 'A_VoicePack_GEARSofWAR_Baird': Can't find file for package 'A_VoicePack_GEARSofWAR_Baird' while loading NULL
[0020.59] Log: Failed to load 'A_VoicePack_GEARSofWAR_Baird': Can't find file for package 'A_VoicePack_GEARSofWAR_Baird' while loading NULL
[0020.59] Log: Failed to load 'A_VoicePack_GEARSofWAR_Baird': Can't find file for package 'A_VoicePack_GEARSofWAR_Baird' while loading NULL
[0020.59] Log: Failed to load 'A_VoicePack_GEARSofWAR_Baird': Can't find file for package 'A_VoicePack_GEARSofWAR_Baird' while loading NULL
[0020.59] Log: Failed to load 'A_VoicePack_GEARSofWAR_Baird': Can't find file for package 'A_VoicePack_GEARSofWAR_Baird' while loading NULL
[0020.59] Log: Failed to load 'A_VoicePack_GEARSofWAR_Baird': Can't find file for package 'A_VoicePack_GEARSofWAR_Baird' while loading NULL
[0020.59] Log: Failed to load 'A_VoicePack_GEARSofWAR_Dom': Can't find file for package 'A_VoicePack_GEARSofWAR_Dom' while loading NULL
[0020.59] Log: Failed to load 'A_VoicePack_GEARSofWAR_Dom': Can't find file for package 'A_VoicePack_GEARSofWAR_Dom' while loading NULL
[0020.59] Log: Failed to load 'A_VoicePack_GEARSofWAR_Dom': Can't find file for package 'A_VoicePack_GEARSofWAR_Dom' while loading NULL
[0020.59] Log: Failed to load 'A_VoicePack_GEARSofWAR_Dom': Can't find file for package 'A_VoicePack_GEARSofWAR_Dom' while loading NULL
[0020.59] Log: Failed to load 'A_VoicePack_GEARSofWAR_Dom': Can't find file for package 'A_VoicePack_GEARSofWAR_Dom' while loading NULL
[0020.59] Log: Failed to load 'A_VoicePack_GEARSofWAR_Dom': Can't find file for package 'A_VoicePack_GEARSofWAR_Dom' while loading NULL
[0020.59] Log: Failed to load 'A_VoicePack_GEARSofWAR_Baird': Can't find file for package 'A_VoicePack_GEARSofWAR_Baird' while loading NULL
[0020.59] Log: Failed to load 'A_VoicePack_GEARSofWAR_Baird': Can't find file for package 'A_VoicePack_GEARSofWAR_Baird' while loading NULL
[0020.59] Log: Failed to load 'A_VoicePack_GEARSofWAR_Baird': Can't find file for package 'A_VoicePack_GEARSofWAR_Baird' while loading NULL
[0020.59] Log: Failed to load 'A_VoicePack_GEARSofWAR_Gus': Can't find file for package 'A_VoicePack_GEARSofWAR_Gus' while loading NULL
[0020.59] Log: Failed to load 'A_VoicePack_GEARSofWAR_Gus': Can't find file for package 'A_VoicePack_GEARSofWAR_Gus' while loading NULL
[0020.59] Log: Failed to load 'A_VoicePack_GEARSofWAR_Gus': Can't find file for package 'A_VoicePack_GEARSofWAR_Gus' while loading NULL
[0020.59] Log: Failed to load 'A_VoicePack_GEARSofWAR_Gus': Can't find file for package 'A_VoicePack_GEARSofWAR_Gus' while loading NULL
[0020.59] Log: Failed to load 'A_VoicePack_GEARSofWAR_Gus': Can't find file for package 'A_VoicePack_GEARSofWAR_Gus' while loading NULL
[0020.59] Log: Failed to load 'A_VoicePack_GEARSofWAR_Gus': Can't find file for package 'A_VoicePack_GEARSofWAR_Gus' while loading NULL
[0020.59] Log: Failed to load 'A_VoicePack_GEARSofWAR_Gus': Can't find file for package 'A_VoicePack_GEARSofWAR_Gus' while loading NULL
[0020.60] Log: Failed to load 'A_VoicePack_GEARSofWAR_Gus': Can't find file for package 'A_VoicePack_GEARSofWAR_Gus' while loading NULL
[0020.60] Log: Failed to load 'A_VoicePack_GEARSofWAR_Gus': Can't find file for package 'A_VoicePack_GEARSofWAR_Gus' while loading NULL
[0020.60] Log: Failed to load 'A_VoicePack_GEARSofWAR_Hoffman': Can't find file for package 'A_VoicePack_GEARSofWAR_Hoffman' while loading NULL
[0020.60] Log: Failed to load 'A_VoicePack_GEARSofWAR_Hoffman': Can't find file for package 'A_VoicePack_GEARSofWAR_Hoffman' while loading NULL
[0020.60] Log: Failed to load 'A_VoicePack_GEARSofWAR_Hoffman': Can't find file for package 'A_VoicePack_GEARSofWAR_Hoffman' while loading NULL
[0020.60] Log: Failed to load 'A_VoicePack_GEARSofWAR_Hoffman': Can't find file for package 'A_VoicePack_GEARSofWAR_Hoffman' while loading NULL
[0020.60] Log: Failed to load 'A_VoicePack_GEARSofWAR_Hoffman': Can't find file for package 'A_VoicePack_GEARSofWAR_Hoffman' while loading NULL
[0020.60] Log: Failed to load 'A_VoicePack_GEARSofWAR_Hoffman': Can't find file for package 'A_VoicePack_GEARSofWAR_Hoffman' while loading NULL
[0020.60] Log: Failed to load 'A_VoicePack_GEARSofWAR_Hoffman': Can't find file for package 'A_VoicePack_GEARSofWAR_Hoffman' while loading NULL
[0020.60] Log: Failed to load 'A_VoicePack_GEARSofWAR_Hoffman': Can't find file for package 'A_VoicePack_GEARSofWAR_Hoffman' while loading NULL
[0020.60] Log: Failed to load 'A_VoicePack_GEARSofWAR_Hoffman': Can't find file for package 'A_VoicePack_GEARSofWAR_Hoffman' while loading NULL
[0020.60] Log: Failed to load 'A_Character_Locust': Can't find file for package 'A_Character_Locust' while loading NULL
[0020.60] Log: Failed to load 'A_Character_Locust': Can't find file for package 'A_Character_Locust' while loading NULL
[0020.60] Log: Failed to load 'A_Character_Locust': Can't find file for package 'A_Character_Locust' while loading NULL
[0020.60] Log: Failed to load 'A_Character_Locust': Can't find file for package 'A_Character_Locust' while loading NULL
[0020.60] Log: Failed to load 'A_Character_Locust': Can't find file for package 'A_Character_Locust' while loading NULL
[0020.60] Log: Failed to load 'A_Character_Locust': Can't find file for package 'A_Character_Locust' while loading NULL
[0020.60] Log: Failed to load 'A_Character_Locust': Can't find file for package 'A_Character_Locust' while loading NULL
[0020.60] Log: Failed to load 'A_Character_Locust': Can't find file for package 'A_Character_Locust' while loading NULL
[0020.60] Log: Failed to load 'A_Character_Locust': Can't find file for package 'A_Character_Locust' while loading NULL
[0020.60] Log: Failed to load 'A_VoicePack_GEARSofWAR_Marcus': Can't find file for package 'A_VoicePack_GEARSofWAR_Marcus' while loading NULL
[0020.60] Log: Failed to load 'A_VoicePack_GEARSofWAR_Marcus': Can't find file for package 'A_VoicePack_GEARSofWAR_Marcus' while loading NULL
[0020.61] Log: Failed to load 'A_VoicePack_GEARSofWAR_Marcus': Can't find file for package 'A_VoicePack_GEARSofWAR_Marcus' while loading NULL
[0020.61] Log: Failed to load 'A_VoicePack_GEARSofWAR_Marcus': Can't find file for package 'A_VoicePack_GEARSofWAR_Marcus' while loading NULL
[0020.61] Log: Failed to load 'A_VoicePack_GEARSofWAR_Marcus': Can't find file for package 'A_VoicePack_GEARSofWAR_Marcus' while loading NULL
[0020.61] Log: Failed to load 'A_VoicePack_GEARSofWAR_Marcus': Can't find file for package 'A_VoicePack_GEARSofWAR_Marcus' while loading NULL
[0020.61] Log: Failed to load 'A_VoicePack_GEARSofWAR_Marcus': Can't find file for package 'A_VoicePack_GEARSofWAR_Marcus' while loading NULL
[0020.61] Log: Failed to load 'A_VoicePack_GEARSofWAR_Marcus': Can't find file for package 'A_VoicePack_GEARSofWAR_Marcus' while loading NULL
[0020.61] Log: Failed to load 'A_VoicePack_GEARSofWAR_Marcus': Can't find file for package 'A_VoicePack_GEARSofWAR_Marcus' while loading NULL
[0020.63] Log: Failed to load 'A_VoicePack_GEARSofWAR_Baird': Can't find file for package 'A_VoicePack_GEARSofWAR_Baird' while loading NULL
[0020.63] Log: Failed to load 'A_VoicePack_GEARSofWAR_Baird': Can't find file for package 'A_VoicePack_GEARSofWAR_Baird' while loading NULL
[0020.63] Log: Failed to load 'A_VoicePack_GEARSofWAR_Baird': Can't find file for package 'A_VoicePack_GEARSofWAR_Baird' while loading NULL
[0020.63] Log: Failed to load 'A_VoicePack_GEARSofWAR_Baird': Can't find file for package 'A_VoicePack_GEARSofWAR_Baird' while loading NULL
[0020.63] Log: Failed to load 'A_VoicePack_GEARSofWAR_Baird': Can't find file for package 'A_VoicePack_GEARSofWAR_Baird' while loading NULL
[0020.63] Log: Failed to load 'A_VoicePack_GEARSofWAR_Baird': Can't find file for package 'A_VoicePack_GEARSofWAR_Baird' while loading NULL
[0020.63] Log: Failed to load 'A_VoicePack_GEARSofWAR_Baird': Can't find file for package 'A_VoicePack_GEARSofWAR_Baird' while loading NULL
[0020.63] Log: Failed to load 'A_VoicePack_GEARSofWAR_Baird': Can't find file for package 'A_VoicePack_GEARSofWAR_Baird' while loading NULL
[0020.63] Log: Failed to load 'A_VoicePack_GEARSofWAR_Baird': Can't find file for package 'A_VoicePack_GEARSofWAR_Baird' while loading NULL
[0020.63] Log: Failed to load 'A_VoicePack_GEARSofWAR_Baird': Can't find file for package 'A_VoicePack_GEARSofWAR_Baird' while loading NULL
[0020.63] Log: Failed to load 'A_VoicePack_GEARSofWAR_Baird': Can't find file for package 'A_VoicePack_GEARSofWAR_Baird' while loading NULL
[0020.63] Log: Failed to load 'A_VoicePack_GEARSofWAR_Baird': Can't find file for package 'A_VoicePack_GEARSofWAR_Baird' while loading NULL
[0020.63] Log: Failed to load 'A_VoicePack_GEARSofWAR_Dom': Can't find file for package 'A_VoicePack_GEARSofWAR_Dom' while loading NULL
[0020.63] Log: Failed to load 'A_VoicePack_GEARSofWAR_Dom': Can't find file for package 'A_VoicePack_GEARSofWAR_Dom' while loading NULL
[0020.63] Log: Failed to load 'A_VoicePack_GEARSofWAR_Dom': Can't find file for package 'A_VoicePack_GEARSofWAR_Dom' while loading NULL
[0020.63] Log: Failed to load 'A_VoicePack_GEARSofWAR_Dom': Can't find file for package 'A_VoicePack_GEARSofWAR_Dom' while loading NULL
[0020.64] Log: Failed to load 'A_VoicePack_GEARSofWAR_Dom': Can't find file for package 'A_VoicePack_GEARSofWAR_Dom' while loading NULL
[0020.64] Log: Failed to load 'A_VoicePack_GEARSofWAR_Dom': Can't find file for package 'A_VoicePack_GEARSofWAR_Dom' while loading NULL
[0020.64] Log: Failed to load 'A_VoicePack_GEARSofWAR_Dom': Can't find file for package 'A_VoicePack_GEARSofWAR_Dom' while loading NULL
[0020.64] Log: Failed to load 'A_VoicePack_GEARSofWAR_Dom': Can't find file for package 'A_VoicePack_GEARSofWAR_Dom' while loading NULL
[0020.64] Log: Failed to load 'A_VoicePack_GEARSofWAR_Dom': Can't find file for package 'A_VoicePack_GEARSofWAR_Dom' while loading NULL
[0020.64] Log: Failed to load 'A_VoicePack_GEARSofWAR_Dom': Can't find file for package 'A_VoicePack_GEARSofWAR_Dom' while loading NULL
[0020.64] Log: Failed to load 'A_VoicePack_GEARSofWAR_Dom': Can't find file for package 'A_VoicePack_GEARSofWAR_Dom' while loading NULL
[0020.64] Log: Failed to load 'A_VoicePack_GEARSofWAR_Dom': Can't find file for package 'A_VoicePack_GEARSofWAR_Dom' while loading NULL
[0020.64] Log: Failed to load 'A_VoicePack_GEARSofWAR_Gus': Can't find file for package 'A_VoicePack_GEARSofWAR_Gus' while loading NULL
[0020.64] Log: Failed to load 'A_VoicePack_GEARSofWAR_Gus': Can't find file for package 'A_VoicePack_GEARSofWAR_Gus' while loading NULL
[0020.64] Log: Failed to load 'A_VoicePack_GEARSofWAR_Gus': Can't find file for package 'A_VoicePack_GEARSofWAR_Gus' while loading NULL
[0020.64] Log: Failed to load 'A_VoicePack_GEARSofWAR_Gus': Can't find file for package 'A_VoicePack_GEARSofWAR_Gus' while loading NULL
[0020.64] Log: Failed to load 'A_VoicePack_GEARSofWAR_Gus': Can't find file for package 'A_VoicePack_GEARSofWAR_Gus' while loading NULL
[0020.64] Log: Failed to load 'A_VoicePack_GEARSofWAR_Gus': Can't find file for package 'A_VoicePack_GEARSofWAR_Gus' while loading NULL
[0020.64] Log: Failed to load 'A_VoicePack_GEARSofWAR_Gus': Can't find file for package 'A_VoicePack_GEARSofWAR_Gus' while loading NULL
[0020.64] Log: Failed to load 'A_VoicePack_GEARSofWAR_Gus': Can't find file for package 'A_VoicePack_GEARSofWAR_Gus' while loading NULL
[0020.64] Log: Failed to load 'A_VoicePack_GEARSofWAR_Gus': Can't find file for package 'A_VoicePack_GEARSofWAR_Gus' while loading NULL
[0020.64] Log: Failed to load 'A_VoicePack_GEARSofWAR_Gus': Can't find file for package 'A_VoicePack_GEARSofWAR_Gus' while loading NULL
[0020.64] Log: Failed to load 'A_VoicePack_GEARSofWAR_Gus': Can't find file for package 'A_VoicePack_GEARSofWAR_Gus' while loading NULL
[0020.65] Log: Failed to load 'A_VoicePack_GEARSofWAR_Gus': Can't find file for package 'A_VoicePack_GEARSofWAR_Gus' while loading NULL
[0020.65] Log: Failed to load 'A_VoicePack_GEARSofWAR_Hoffman': Can't find file for package 'A_VoicePack_GEARSofWAR_Hoffman' while loading NULL
[0020.65] Log: Failed to load 'A_VoicePack_GEARSofWAR_Hoffman': Can't find file for package 'A_VoicePack_GEARSofWAR_Hoffman' while loading NULL
[0020.65] Log: Failed to load 'A_VoicePack_GEARSofWAR_Hoffman': Can't find file for package 'A_VoicePack_GEARSofWAR_Hoffman' while loading NULL
[0020.65] Log: Failed to load 'A_VoicePack_GEARSofWAR_Hoffman': Can't find file for package 'A_VoicePack_GEARSofWAR_Hoffman' while loading NULL
[0020.65] Log: Failed to load 'A_VoicePack_GEARSofWAR_Hoffman': Can't find file for package 'A_VoicePack_GEARSofWAR_Hoffman' while loading NULL
[0020.65] Log: Failed to load 'A_VoicePack_GEARSofWAR_Hoffman': Can't find file for package 'A_VoicePack_GEARSofWAR_Hoffman' while loading NULL
[0020.65] Log: Failed to load 'A_VoicePack_GEARSofWAR_Hoffman': Can't find file for package 'A_VoicePack_GEARSofWAR_Hoffman' while loading NULL
[0020.65] Log: Failed to load 'A_VoicePack_GEARSofWAR_Hoffman': Can't find file for package 'A_VoicePack_GEARSofWAR_Hoffman' while loading NULL
[0020.65] Log: Failed to load 'A_VoicePack_GEARSofWAR_Hoffman': Can't find file for package 'A_VoicePack_GEARSofWAR_Hoffman' while loading NULL
[0020.65] Log: Failed to load 'A_VoicePack_GEARSofWAR_Hoffman': Can't find file for package 'A_VoicePack_GEARSofWAR_Hoffman' while loading NULL
[0020.65] Log: Failed to load 'A_VoicePack_GEARSofWAR_Hoffman': Can't find file for package 'A_VoicePack_GEARSofWAR_Hoffman' while loading NULL
[0020.65] Log: Failed to load 'A_VoicePack_GEARSofWAR_Hoffman': Can't find file for package 'A_VoicePack_GEARSofWAR_Hoffman' while loading NULL
[0020.65] Log: Failed to load 'A_Character_Locust': Can't find file for package 'A_Character_Locust' while loading NULL
[0020.65] Log: Failed to load 'A_Character_Locust': Can't find file for package 'A_Character_Locust' while loading NULL
[0020.65] Log: Failed to load 'A_Character_Locust': Can't find file for package 'A_Character_Locust' while loading NULL
[0020.65] Log: Failed to load 'A_Character_Locust': Can't find file for package 'A_Character_Locust' while loading NULL
[0020.65] Log: Failed to load 'A_Character_Locust': Can't find file for package 'A_Character_Locust' while loading NULL
[0020.65] Log: Failed to load 'A_Character_Locust': Can't find file for package 'A_Character_Locust' while loading NULL
[0020.66] Log: Failed to load 'A_Character_Locust': Can't find file for package 'A_Character_Locust' while loading NULL
[0020.66] Log: Failed to load 'A_Character_Locust': Can't find file for package 'A_Character_Locust' while loading NULL
[0020.66] Log: Failed to load 'A_Character_Locust': Can't find file for package 'A_Character_Locust' while loading NULL
[0020.66] Log: Failed to load 'A_Character_Locust': Can't find file for package 'A_Character_Locust' while loading NULL
[0020.66] Log: Failed to load 'A_Character_Locust': Can't find file for package 'A_Character_Locust' while loading NULL
[0020.66] Log: Failed to load 'A_Character_Locust': Can't find file for package 'A_Character_Locust' while loading NULL
[0020.66] Log: Failed to load 'A_VoicePack_GEARSofWAR_Marcus': Can't find file for package 'A_VoicePack_GEARSofWAR_Marcus' while loading NULL
[0020.66] Log: Failed to load 'A_VoicePack_GEARSofWAR_Marcus': Can't find file for package 'A_VoicePack_GEARSofWAR_Marcus' while loading NULL
[0020.66] Log: Failed to load 'A_VoicePack_GEARSofWAR_Marcus': Can't find file for package 'A_VoicePack_GEARSofWAR_Marcus' while loading NULL
[0020.66] Log: Failed to load 'A_VoicePack_GEARSofWAR_Marcus': Can't find file for package 'A_VoicePack_GEARSofWAR_Marcus' while loading NULL
[0020.66] Log: Failed to load 'A_VoicePack_GEARSofWAR_Marcus': Can't find file for package 'A_VoicePack_GEARSofWAR_Marcus' while loading NULL
[0020.66] Log: Failed to load 'A_VoicePack_GEARSofWAR_Marcus': Can't find file for package 'A_VoicePack_GEARSofWAR_Marcus' while loading NULL
[0020.66] Log: Failed to load 'A_VoicePack_GEARSofWAR_Marcus': Can't find file for package 'A_VoicePack_GEARSofWAR_Marcus' while loading NULL
[0020.66] Log: Failed to load 'A_VoicePack_GEARSofWAR_Marcus': Can't find file for package 'A_VoicePack_GEARSofWAR_Marcus' while loading NULL
[0020.66] Log: Failed to load 'A_VoicePack_GEARSofWAR_Marcus': Can't find file for package 'A_VoicePack_GEARSofWAR_Marcus' while loading NULL
[0020.66] Log: Failed to load 'A_VoicePack_GEARSofWAR_Marcus': Can't find file for package 'A_VoicePack_GEARSofWAR_Marcus' while loading NULL
[0020.66] Log: Failed to load 'A_VoicePack_GEARSofWAR_Marcus': Can't find file for package 'A_VoicePack_GEARSofWAR_Marcus' while loading NULL
[0020.66] Log: Failed to load 'A_VoicePack_GEARSofWAR_Marcus': Can't find file for package 'A_VoicePack_GEARSofWAR_Marcus' while loading NULL
[0020.67] Log: Failed to load 'A_VoicePack_GEARSofWAR_Marcus': Can't find file for package 'A_VoicePack_GEARSofWAR_Marcus' while loading NULL
[0020.67] Log: Failed to load 'A_VoicePack_GEARSofWAR_Marcus': Can't find file for package 'A_VoicePack_GEARSofWAR_Marcus' while loading NULL
[0020.67] Log: Failed to load 'A_VoicePack_GEARSofWAR_Marcus': Can't find file for package 'A_VoicePack_GEARSofWAR_Marcus' while loading NULL
[0020.67] Log: Failed to load 'A_VoicePack_GEARSofWAR_Marcus': Can't find file for package 'A_VoicePack_GEARSofWAR_Marcus' while loading NULL
[0020.67] Log: Failed to load 'A_VoicePack_GEARSofWAR_Marcus': Can't find file for package 'A_VoicePack_GEARSofWAR_Marcus' while loading NULL
[0020.67] Log: Failed to load 'A_VoicePack_GEARSofWAR_Marcus': Can't find file for package 'A_VoicePack_GEARSofWAR_Marcus' while loading NULL
[0020.67] Log: Failed to load 'A_VoicePack_GEARSofWAR_Marcus': Can't find file for package 'A_VoicePack_GEARSofWAR_Marcus' while loading NULL
[0020.67] Log: Failed to load 'A_VoicePack_GEARSofWAR_Marcus': Can't find file for package 'A_VoicePack_GEARSofWAR_Marcus' while loading NULL
[0020.67] Log: Failed to load 'A_VoicePack_GEARSofWAR_Marcus': Can't find file for package 'A_VoicePack_GEARSofWAR_Marcus' while loading NULL
[0020.67] Log: Failed to load 'A_VoicePack_GEARSofWAR_Marcus': Can't find file for package 'A_VoicePack_GEARSofWAR_Marcus' while loading NULL
[0020.67] Log: Failed to load 'A_VoicePack_GEARSofWAR_Marcus': Can't find file for package 'A_VoicePack_GEARSofWAR_Marcus' while loading NULL
[0020.67] Log: Failed to load 'A_VoicePack_GEARSofWAR_Marcus': Can't find file for package 'A_VoicePack_GEARSofWAR_Marcus' while loading NULL
[0020.67] Log: Failed to load 'WP_GOW': Can't find file for package 'WP_GOW' while loading NULL
[0020.67] Log: Failed to load 'WP_GOW': Can't find file for package 'WP_GOW' while loading NULL
[0020.67] Log: Failed to load 'WP_GOW': Can't find file for package 'WP_GOW' while loading NULL
[0020.67] Log: Failed to load 'WP_GOW': Can't find file for package 'WP_GOW' while loading NULL
[0020.68] Warning: Failed to load 'WP_GOW.Mesh.WP_GOWPistol_P3'! Referenced by 'UTGame.Default__UTAttachment_GOWPistol:SkeletalMeshComponent0' ('Engine.SkeletalMeshComponent:SkeletalMesh').
[0020.68] Log: Failed to load 'WP_GOW': Can't find file for package 'WP_GOW' while loading NULL
[0020.68] Warning: Failed to load 'WP_GOW.Mesh.WP_GOWRifleAssalto_P3'! Referenced by 'UTGame.Default__UTAttachment_GOWRiffle:SkeletalMeshComponent0' ('Engine.SkeletalMeshC