Log: Log file open, 05/22/23 11:22:29
Init: WinSock: version 1.1 (2.2), MaxSocks=32767, MaxUdp=65467
Init: Version: 8364
Init: Epic Internal: 0
Init: Compiled (64-bit): May 21 2023 21:56:09
Init: Changelist: 871961
Init: Command line: editor 
Init: Base directory: d:\projects\Duke2003\Binaries\Win64\
DevConfig: GConfig::LoadFile has loaded file:  ..\..\UDKGame\Config\UDKEditor.ini
DevConfig: GConfig::LoadFile has loaded file:  ..\..\UDKGame\Config\UDKEditorUserSettings.ini
DevConfig: GConfig::LoadFile associated file:  ..\..\UDKGame\Config\UDKCompat.ini
DevConfig: GConfig::LoadFile has loaded file:  ..\..\UDKGame\Config\UDKLightmass.ini
DevConfig: GConfig::LoadFile has loaded file:  ..\..\UDKGame\Config\UDKEngine.ini
DevConfig: GConfig::LoadFile has loaded file:  ..\..\UDKGame\Config\UDKGame.ini
DevConfig: GConfig::LoadFile has loaded file:  ..\..\UDKGame\Config\UDKInput.ini
DevConfig: GConfig::LoadFile has loaded file:  ..\..\UDKGame\Config\UDKUI.ini
[0000.56] Init: Computer: JUSTIN-MAINPC
[0000.56] Init: User: justi
[0000.56] Init: CPU Page size=4096, Processors=32
[0000.56] Init: High frequency timer resolution =10.000000 MHz
[0000.56] Init: Memory total: Physical=63.1GB Pagefile=84.1GB Virtual=131072.0GB
[0000.56] DevStats: GSecondsPerCycle 1.000000e-007
[0000.61] Init: WinSock: I am justin-mainpc (192.168.1.4:0)
[0000.61] Init: Presizing for 0 objects not considered by GC, pre-allocating 0 bytes.
[0000.61] Init: Object subsystem initialized
[0000.61] DevSave: (System) 'Default__System' loading configuration from ..\..\UDKGame\Config\UDKEngine.ini
[0000.61] DevSave:    Loading value for SeekFreePCPaths from [Core.System]
[0000.61] DevSave:    Loading value for SeekFreePCExtensions from [Core.System]
[0000.61] DevSave:    Loading value for CutdownPaths from [Core.System]
[0000.61] DevSave:    Loading value for LocalizationPaths from [Core.System]
[0000.61] DevSave:    Loading value for TextureFileCacheExtension from [Core.System]
[0000.61] DevSave:    Loading value for Extensions from [Core.System]
[0000.61] DevSave:    Loading value for Suppress from [Core.System]
[0000.61] DevSave:    Loading value for FRScriptPaths from [Core.System]
[0000.61] DevSave:    Loading value for ScriptPaths from [Core.System]
[0000.61] DevSave:    Loading value for Paths from [Core.System]
[0000.61] DevSave:    Loading value for ScreenShotPath from [Core.System]
[0000.61] DevSave:    Loading value for CacheExt from [Core.System]
[0000.61] DevSave:    Loading value for CachePath from [Core.System]
[0000.61] DevSave:    Loading value for SavePath from [Core.System]
[0000.61] DevSave:    Loading value for AsyncIOBandwidthLimit from [Core.System]
[0000.61] DevSave:    Loading value for PackageSizeSoftLimit from [Core.System]
[0000.61] DevSave:    Loading value for MaxOverallCacheSize from [Core.System]
[0000.61] DevSave:    Loading value for MaxStaleCacheSize from [Core.System]
[0000.61] DevSave:    Loading value for StaleCacheDays from [Core.System]
[0019.41] DevDataBase: Failure trying to open connection [Provider=sqloledb;Data Source=production-db;Initial Catalog=EngineTaskPerf;Trusted_Connection=Yes;Connection Timeout=2] [Invalid connection string attribute]
[0019.41] DevDataBase: Connection to "Provider=sqloledb;Data Source=production-db;Initial Catalog=EngineTaskPerf;Trusted_Connection=Yes;Connection Timeout=2" or "10.1.20.20" failed
[0019.42] DevDataBase: Failure closing connection [Operation is not allowed when the object is closed.]
[0019.48] Log: Shader platform (RHI): PC-D3D-SM3
[0019.64] Log: PhysX GPU Support: DISABLED
[0019.65] Init: Initializing FaceFX...
[0019.65] Init: FaceFX 1.7.4 initialized.
[0021.65] Init: Finished loading startup packages in 1.85 seconds
[0021.66] Log: 76303 objects as part of root set at end of initial load.
[0021.66] Log: 0 out of 0 bytes used by permanent object pool.
[0021.67] Log: Supported Consoles:
[0021.67] Log:   PC
[0021.67] Log: Initializing Engine...
[0021.70] Log: Missing cached shader map for material Duke_Hand_Material, compiling.
[0022.23] Log: Missing cached shader map for material Master_Weapon_Shader, compiling.
[0022.38] Log: Encountered missing default brush - spawning new one
[0022.38] Init: UEngine initialized
[0022.38] Log: Primary PhysX scene will be in software.
[0022.38] Log: Creating Primary PhysX Scene.
[0022.40] Init: Transaction tracking system initialized
[0022.85] Init: XAudio2 using 'Speakers (High Definition Audio Device)' : 2 channels at 48 kHz using 32 bits per sample (channel mask 0x3)
[0022.86] Log: Working around XDK XAudio2 regression: TRUE
[0022.87] Init: XAudio2Device initialized.
[0023.33] Init: Client initialized
[0023.33] Init: Editor engine initialized
[0023.41] Log: Initializing Engine Completed
[0023.41] Log: >>>>>>>>>>>>>> Initial startup: 23.41s <<<<<<<<<<<<<<<
[0023.49] Cmd: MODE MAPEXT=udk
[0023.55] SourceControl: Source Control disabled in UDKEditorUserSettings.ini.  [SourceControl] has Disabled=True
[0023.56] SourceControl: Source Control disabled in UDKEditorUserSettings.ini.  [SourceControl] has Disabled=True
[0024.37] Log: Found D3D11 adapter 0: NVIDIA GeForce RTX 4090
[0024.37] Log: Adapter has 24156MB of dedicated video memory, 0MB of dedicated system memory, and 32331MB of shared system memory
[0024.40] Log: Found D3D11 adapter 1: Microsoft Basic Render Driver
[0024.40] Log: Adapter has 0MB of dedicated video memory, 0MB of dedicated system memory, and 32331MB of shared system memory
[0027.11] Cmd: MAP LOAD FILE="..\..\UDKGame\Content\Maps\Templates\Template_MidDay.umap"
[0027.31] Log: Encountered missing default brush - spawning new one
[0027.72] Log: New File, Existing Package (Package Untitled_2, Package Template_MidDay)
[0027.80] Log: -- Checking Building LODs
[0027.80] Log: Primary PhysX scene will be in software.
[0027.80] Log: Creating Primary PhysX Scene.
[0027.81] Log: Finished looking for orphan Actors (0.003 secs)
[0027.81] Cmd: MAP CHECKDEP DONTCLEARMESSAGES
[0027.86] Log: TIMER ALL OF INIT : [8.204426]
[0050.87] Log: 
==== Worlds needing PIE Save:
[0050.87] Log: Untitled_2
[0050.87] Log: ==== 1 total
[0050.90] Log: Built Phys StaticMesh Cache: 2.159 ms
[0050.90] Log: COOKEDPHYSICS: 1 TriMeshes (0.597656 KB), 1 Convex Hulls (1.082031 KB) - Total 1.679688 KB
[0050.97] Log: Save=75.952200
[0050.98] Log: Moving 'd:\projects\Duke2003\Binaries\Win64\..\..\UDKGame\Autosaves\UEDPIEUntitled_2_save.tmp' to 'd:\projects\Duke2003\Binaries\Win64\..\..\UDKGame\Autosaves\UEDPIEUntitled_2.udk'
[0050.99] Cmd: MAP LOAD PLAYWORLD=1 FILE="d:\projects\Duke2003\Binaries\Win64\..\..\UDKGame\Autosaves\UEDPIEUntitled_2.udk"
[0051.00] Log: Finished looking for orphan Actors (0.003 secs)
[0051.00] Log: Game class is 'dnSinglePlayer'
[0051.01] Log: Primary PhysX scene will be in software.
[0051.02] Log: Creating Primary PhysX Scene.
[0051.02] Log: *** WARNING - PATHS MAY NOT BE VALID ***
[0051.02] Log: Bringing World UEDPIEUntitled_2.TheWorld up for play (0) at 2023.05.22-11.23.19
[0051.04] Log: Bringing up level for play took: 0.025569
[0051.27] ScriptWarning: Accessed None 'MapInfo'
	GFxMinimap Transient.GFxMinimapHud_0:GFxMinimap_0
	Function UTGame.GFxMinimap:Init:00F2
[0051.27] ScriptWarning: Accessed None 'OnlineSub'
	dnPlayerController UEDPIEUntitled_2.TheWorld:PersistentLevel.dnPlayerController_0
	Function UTGame.UTPlayerController:ClientSetOnlineStatus:0033
[0051.27] ScriptWarning: Accessed None 'OnlineSub'
	dnPlayerController UEDPIEUntitled_2.TheWorld:PersistentLevel.dnPlayerController_0
	Function UTGame.UTPlayerController:ClientSetOnlineStatus:02D1
[0051.27] ScriptWarning: Accessed None
	dnPlayerController UEDPIEUntitled_2.TheWorld:PersistentLevel.dnPlayerController_0
	Function UTGame.UTPlayerController:ClientSetOnlineStatus:02E5
[0051.27] Log: PIE: play in editor start time for UEDPIEUntitled_2 0.585
[0051.28] ScriptWarning: Accessed None 'MapInfo'
	GFxMinimap Transient.GFxMinimapHud_1:GFxMinimap_1
	Function UTGame.GFxMinimap:Init:00F2
[0051.33] ScriptWarning: Accessed None 'LeftHandIK'
	PlayerPawn UEDPIEUntitled_2.TheWorld:PersistentLevel.PlayerPawn_0
	Function UTGame.UTPawn:SetHandIKEnabled:0066
[0051.33] ScriptWarning: Accessed None 'RightHandIK'
	PlayerPawn UEDPIEUntitled_2.TheWorld:PersistentLevel.PlayerPawn_0
	Function UTGame.UTPawn:SetHandIKEnabled:008F
[0051.33] Cmd: SETSOUNDMODE Default
[0051.33] ScriptLog: START MATCH
[0051.34] ScriptWarning: Accessed None 'MapInfo'
	GFxMinimap Transient.GFxMinimapHud_1:GFxMinimap_1
	Function UTGame.GFxMinimap:UpdateData:0015
[0052.64] Cmd: StartFire 
[0052.64] Cmd: OnRelease StopFire
[0052.80] Cmd: StopFire
[0053.13] Cmd: StartFire 
[0053.13] Cmd: OnRelease StopFire
[0053.26] Cmd: StopFire
[0053.59] Cmd: StartFire 
[0053.59] Cmd: OnRelease StopFire
[0053.72] Cmd: StopFire
[0053.85] Cmd: StartFire 
[0053.85] Cmd: OnRelease StopFire
[0054.01] Cmd: StopFire
[0056.34] Cmd: onrelease ShowMenu
[0056.35] ScriptWarning: Accessed None 'ViewportClient'
	dnPlayerController UEDPIEUntitled_2.TheWorld:PersistentLevel.dnPlayerController_0
	Function UTGame.UTPlayerController:Destroyed:0041
[0056.35] ScriptWarning: Player start not found, failed to restart player
	dnSinglePlayer UEDPIEUntitled_2.TheWorld:PersistentLevel.dnSinglePlayer_0
	Function Engine.GameInfo:RestartPlayer:025E
[0530.23] Log: 
==== Worlds needing PIE Save:
[0530.23] Log: Untitled_2
[0530.23] Log: ==== 1 total
[0530.26] Log: Built Phys StaticMesh Cache: 1.975 ms
[0530.26] Log: COOKEDPHYSICS: 1 TriMeshes (0.597656 KB), 1 Convex Hulls (1.082031 KB) - Total 1.679688 KB
[0530.33] Log: Save=72.188300
[0530.33] Log: Moving 'd:\projects\Duke2003\Binaries\Win64\..\..\UDKGame\Autosaves\UEDPIEUntitled_2_save.tmp' to 'd:\projects\Duke2003\Binaries\Win64\..\..\UDKGame\Autosaves\UEDPIEUntitled_2.udk'
[0530.35] Cmd: MAP LOAD PLAYWORLD=1 FILE="d:\projects\Duke2003\Binaries\Win64\..\..\UDKGame\Autosaves\UEDPIEUntitled_2.udk"
[0530.36] Log: Finished looking for orphan Actors (0.003 secs)
[0530.36] Log: Game class is 'dnSinglePlayer'
[0530.37] Log: Primary PhysX scene will be in software.
[0530.37] Log: Creating Primary PhysX Scene.
[0530.37] Log: *** WARNING - PATHS MAY NOT BE VALID ***
[0530.37] Log: Bringing World UEDPIEUntitled_2.TheWorld up for play (0) at 2023.05.22-11.31.18
[0530.39] Log: Bringing up level for play took: 0.021038
[0530.60] ScriptWarning: Accessed None 'MapInfo'
	GFxMinimap Transient.GFxMinimapHud_2:GFxMinimap_2
	Function UTGame.GFxMinimap:Init:00F2
[0530.60] ScriptWarning: Accessed None 'OnlineSub'
	dnPlayerController UEDPIEUntitled_2.TheWorld:PersistentLevel.dnPlayerController_1
	Function UTGame.UTPlayerController:ClientSetOnlineStatus:0033
[0530.60] ScriptWarning: Accessed None 'OnlineSub'
	dnPlayerController UEDPIEUntitled_2.TheWorld:PersistentLevel.dnPlayerController_1
	Function UTGame.UTPlayerController:ClientSetOnlineStatus:02D1
[0530.60] ScriptWarning: Accessed None
	dnPlayerController UEDPIEUntitled_2.TheWorld:PersistentLevel.dnPlayerController_1
	Function UTGame.UTPlayerController:ClientSetOnlineStatus:02E5
[0530.60] Log: PIE: play in editor start time for UEDPIEUntitled_2 0.557
[0530.61] ScriptWarning: Accessed None 'MapInfo'
	GFxMinimap Transient.GFxMinimapHud_3:GFxMinimap_3
	Function UTGame.GFxMinimap:Init:00F2
[0530.63] ScriptWarning: Accessed None 'LeftHandIK'
	PlayerPawn UEDPIEUntitled_2.TheWorld:PersistentLevel.PlayerPawn_1
	Function UTGame.UTPawn:SetHandIKEnabled:0066
[0530.64] ScriptWarning: Accessed None 'RightHandIK'
	PlayerPawn UEDPIEUntitled_2.TheWorld:PersistentLevel.PlayerPawn_1
	Function UTGame.UTPawn:SetHandIKEnabled:008F
[0530.64] Cmd: SETSOUNDMODE Default
[0530.64] ScriptLog: START MATCH
[0530.65] ScriptWarning: Accessed None 'MapInfo'
	GFxMinimap Transient.GFxMinimapHud_3:GFxMinimap_3
	Function UTGame.GFxMinimap:UpdateData:0015
[0660.48] Log: Assembled 437 auto-complete commands, manual: 89, exec: 274, kismet: 0
[0663.69] Cmd: ToggleDebugCamera
[0663.69] ScriptWarning: Accessed None 'PlayerCamera'
	UTCheatManager UEDPIEUntitled_2.TheWorld:PersistentLevel.dnPlayerController_1.UTCheatManager_1
	Function Engine.CheatManager:EnableDebugCamera:01AA
[0663.69] ScriptWarning: Accessed None 'PlayerCamera'
	UTCheatManager UEDPIEUntitled_2.TheWorld:PersistentLevel.dnPlayerController_1.UTCheatManager_1
	Function Engine.CheatManager:EnableDebugCamera:01FD
[0663.69] ScriptWarning: Accessed None 'PlayerCamera'
	DebugCameraController UEDPIEUntitled_2.TheWorld:PersistentLevel.DebugCameraController_0
	Function Engine.DebugCameraController:OnActivate:00A3
[0663.69] ScriptWarning: Accessed None 'PlayerCamera'
	DebugCameraController UEDPIEUntitled_2.TheWorld:PersistentLevel.DebugCameraController_0
	Function Engine.DebugCameraController:OnActivate:011D
[0663.69] ScriptWarning: Accessed None 'PlayerCamera'
	DebugCameraController UEDPIEUntitled_2.TheWorld:PersistentLevel.DebugCameraController_0
	Function Engine.DebugCameraController:OnActivate:01B6
[0663.69] ScriptWarning: Accessed None 'PlayerCamera'
	DebugCameraController UEDPIEUntitled_2.TheWorld:PersistentLevel.DebugCameraController_0
	Function Engine.DebugCameraController:OnActivate:022E
[0663.69] ScriptWarning: Accessed None 'PlayerCamera'
	DebugCameraController UEDPIEUntitled_2.TheWorld:PersistentLevel.DebugCameraController_0
	Function Engine.DebugCameraController:OnActivate:0262
[0678.51] ScriptWarning: Accessed None 'LeftHandIK'
	PlayerPawn UEDPIEUntitled_2.TheWorld:PersistentLevel.PlayerPawn_1
	Function UTGame.UTPawn:SetHandIKEnabled:00BB
[0678.51] ScriptWarning: Accessed None 'RightHandIK'
	PlayerPawn UEDPIEUntitled_2.TheWorld:PersistentLevel.PlayerPawn_1
	Function UTGame.UTPawn:SetHandIKEnabled:00E4
[0678.51] ScriptWarning: Player start not found, failed to restart player
	dnSinglePlayer UEDPIEUntitled_2.TheWorld:PersistentLevel.dnSinglePlayer_1
	Function Engine.GameInfo:RestartPlayer:025E
[0678.51] ScriptWarning: Accessed None 'PlayerReplicationInfo'
	dnSinglePlayer UEDPIEUntitled_2.TheWorld:PersistentLevel.dnSinglePlayer_1
	Function UTGame.UTGame:ChangeName:00E6
[0678.52] ScriptWarning: Player start not found, failed to restart player
	dnSinglePlayer UEDPIEUntitled_2.TheWorld:PersistentLevel.dnSinglePlayer_1
	Function Engine.GameInfo:RestartPlayer:025E
[0967.56] Log: 
==== Worlds needing PIE Save:
[0967.56] Log: Untitled_2
[0967.56] Log: ==== 1 total
[0967.59] Log: Built Phys StaticMesh Cache: 1.903 ms
[0967.59] Log: COOKEDPHYSICS: 1 TriMeshes (0.597656 KB), 1 Convex Hulls (1.082031 KB) - Total 1.679688 KB
[0967.65] Log: Save=65.532600
[0967.66] Log: Moving 'd:\projects\Duke2003\Binaries\Win64\..\..\UDKGame\Autosaves\UEDPIEUntitled_2_save.tmp' to 'd:\projects\Duke2003\Binaries\Win64\..\..\UDKGame\Autosaves\UEDPIEUntitled_2.udk'
[0967.67] Cmd: MAP LOAD PLAYWORLD=1 FILE="d:\projects\Duke2003\Binaries\Win64\..\..\UDKGame\Autosaves\UEDPIEUntitled_2.udk"
[0967.68] Log: Finished looking for orphan Actors (0.003 secs)
[0967.68] Log: Game class is 'dnSinglePlayer'
[0967.69] Log: Primary PhysX scene will be in software.
[0967.69] Log: Creating Primary PhysX Scene.
[0967.70] Log: *** WARNING - PATHS MAY NOT BE VALID ***
[0967.70] Log: Bringing World UEDPIEUntitled_2.TheWorld up for play (0) at 2023.05.22-11.38.36
[0967.71] Log: Bringing up level for play took: 0.018542
[0967.74] ScriptWarning: Accessed None 'MapInfo'
	GFxMinimap Transient.GFxMinimapHud_4:GFxMinimap_4
	Function UTGame.GFxMinimap:Init:00F2
[0967.75] ScriptWarning: Accessed None 'OnlineSub'
	dnPlayerController UEDPIEUntitled_2.TheWorld:PersistentLevel.dnPlayerController_2
	Function UTGame.UTPlayerController:ClientSetOnlineStatus:0033
[0967.75] ScriptWarning: Accessed None 'OnlineSub'
	dnPlayerController UEDPIEUntitled_2.TheWorld:PersistentLevel.dnPlayerController_2
	Function UTGame.UTPlayerController:ClientSetOnlineStatus:02D1
[0967.75] ScriptWarning: Accessed None
	dnPlayerController UEDPIEUntitled_2.TheWorld:PersistentLevel.dnPlayerController_2
	Function UTGame.UTPlayerController:ClientSetOnlineStatus:02E5
[0967.75] Log: PIE: play in editor start time for UEDPIEUntitled_2 0.364
[0967.75] ScriptWarning: Accessed None 'MapInfo'
	GFxMinimap Transient.GFxMinimapHud_5:GFxMinimap_5
	Function UTGame.GFxMinimap:Init:00