Log: Log file open, 05/21/23 13:20:09
Init: WinSock: version 1.1 (2.2), MaxSocks=32767, MaxUdp=65467
Init: Version: 8364
Init: Epic Internal: 0
Init: Compiled (64-bit): May 21 2023 13:02:35
Init: Changelist: 871961
Init: Command line: editor 
Init: Base directory: d:\projects\Duke2003\Binaries\Win64\
DevConfig: GConfig::LoadFile has loaded file:  ..\..\UDKGame\Config\UDKEditor.ini
DevConfig: GConfig::LoadFile has loaded file:  ..\..\UDKGame\Config\UDKEditorUserSettings.ini
DevConfig: GConfig::LoadFile associated file:  ..\..\UDKGame\Config\UDKCompat.ini
DevConfig: GConfig::LoadFile has loaded file:  ..\..\UDKGame\Config\UDKLightmass.ini
DevConfig: GConfig::LoadFile has loaded file:  ..\..\UDKGame\Config\UDKEngine.ini
DevConfig: GConfig::LoadFile has loaded file:  ..\..\UDKGame\Config\UDKGame.ini
DevConfig: GConfig::LoadFile has loaded file:  ..\..\UDKGame\Config\UDKInput.ini
DevConfig: GConfig::LoadFile has loaded file:  ..\..\UDKGame\Config\UDKUI.ini
[0000.56] Init: Computer: JUSTIN-MAINPC
[0000.57] Init: User: justi
[0000.57] Init: CPU Page size=4096, Processors=32
[0000.57] Init: High frequency timer resolution =10.000000 MHz
[0000.57] Init: Memory total: Physical=63.1GB Pagefile=84.1GB Virtual=131072.0GB
[0000.57] DevStats: GSecondsPerCycle 1.000000e-007
[0000.61] Init: WinSock: I am justin-mainpc (192.168.1.4:0)
[0000.61] Init: Presizing for 0 objects not considered by GC, pre-allocating 0 bytes.
[0000.61] Init: Object subsystem initialized
[0000.61] DevSave: (System) 'Default__System' loading configuration from ..\..\UDKGame\Config\UDKEngine.ini
[0000.61] DevSave:    Loading value for SeekFreePCPaths from [Core.System]
[0000.61] DevSave:    Loading value for SeekFreePCExtensions from [Core.System]
[0000.61] DevSave:    Loading value for CutdownPaths from [Core.System]
[0000.61] DevSave:    Loading value for LocalizationPaths from [Core.System]
[0000.61] DevSave:    Loading value for TextureFileCacheExtension from [Core.System]
[0000.61] DevSave:    Loading value for Extensions from [Core.System]
[0000.61] DevSave:    Loading value for Suppress from [Core.System]
[0000.61] DevSave:    Loading value for FRScriptPaths from [Core.System]
[0000.61] DevSave:    Loading value for ScriptPaths from [Core.System]
[0000.61] DevSave:    Loading value for Paths from [Core.System]
[0000.61] DevSave:    Loading value for ScreenShotPath from [Core.System]
[0000.61] DevSave:    Loading value for CacheExt from [Core.System]
[0000.61] DevSave:    Loading value for CachePath from [Core.System]
[0000.61] DevSave:    Loading value for SavePath from [Core.System]
[0000.61] DevSave:    Loading value for AsyncIOBandwidthLimit from [Core.System]
[0000.61] DevSave:    Loading value for PackageSizeSoftLimit from [Core.System]
[0000.61] DevSave:    Loading value for MaxOverallCacheSize from [Core.System]
[0000.61] DevSave:    Loading value for MaxStaleCacheSize from [Core.System]
[0000.61] DevSave:    Loading value for StaleCacheDays from [Core.System]
[0019.34] DevDataBase: Failure trying to open connection [Provider=sqloledb;Data Source=production-db;Initial Catalog=EngineTaskPerf;Trusted_Connection=Yes;Connection Timeout=2] [Invalid connection string attribute]
[0019.34] DevDataBase: Connection to "Provider=sqloledb;Data Source=production-db;Initial Catalog=EngineTaskPerf;Trusted_Connection=Yes;Connection Timeout=2" or "10.1.20.20" failed
[0019.34] DevDataBase: Failure closing connection [Operation is not allowed when the object is closed.]
[0019.42] Log: Shader platform (RHI): PC-D3D-SM3
[0019.56] Log: PhysX GPU Support: DISABLED
[0019.57] Init: Initializing FaceFX...
[0019.57] Init: FaceFX 1.7.4 initialized.
[0021.51] Init: Finished loading startup packages in 1.79 seconds
[0021.52] Log: 76294 objects as part of root set at end of initial load.
[0021.52] Log: 0 out of 0 bytes used by permanent object pool.
[0021.61] Log: Supported Consoles:
[0021.61] Log:   PC
[0021.61] Log:   Xbox360
[0021.61] Log: Initializing Engine...
[0021.65] Log: Encountered missing default brush - spawning new one
[0021.66] Init: UEngine initialized
[0021.66] Log: Primary PhysX scene will be in software.
[0021.66] Log: Creating Primary PhysX Scene.
[0021.67] Init: Transaction tracking system initialized
[0022.66] Init: XAudio2 using 'Speakers (High Definition Audio Device)' : 2 channels at 48 kHz using 32 bits per sample (channel mask 0x3)
[0022.70] Log: Working around XDK XAudio2 regression: TRUE
[0022.72] Init: XAudio2Device initialized.
[0023.09] Init: Client initialized
[0023.09] Init: Editor engine initialized
[0023.17] Log: Initializing Engine Completed
[0023.17] Log: >>>>>>>>>>>>>> Initial startup: 23.17s <<<<<<<<<<<<<<<
[0023.23] Cmd: MODE MAPEXT=udk
[0024.22] SourceControl: Source Control disabled in UDKEditorUserSettings.ini.  [SourceControl] has Disabled=True
[0027.78] SourceControl: Source Control disabled in UDKEditorUserSettings.ini.  [SourceControl] has Disabled=True
[0028.57] Log: Found D3D11 adapter 0: NVIDIA GeForce RTX 4090
[0028.57] Log: Adapter has 24156MB of dedicated video memory, 0MB of dedicated system memory, and 32331MB of shared system memory
[0028.60] Log: Found D3D11 adapter 1: Microsoft Basic Render Driver
[0028.60] Log: Adapter has 0MB of dedicated video memory, 0MB of dedicated system memory, and 32331MB of shared system memory
[0031.76] Cmd: MAP LOAD FILE="..\..\UDKGame\Content\Maps\Templates\Template_MidDay.umap"
[0031.98] Log: Encountered missing default brush - spawning new one
[0032.40] Log: New File, Existing Package (Package Untitled_2, Package Template_MidDay)
[0032.47] Log: -- Checking Building LODs
[0032.48] Log: Primary PhysX scene will be in software.
[0032.48] Log: Creating Primary PhysX Scene.
[0032.49] Log: Finished looking for orphan Actors (0.003 secs)
[0032.49] Cmd: MAP CHECKDEP DONTCLEARMESSAGES
[0032.53] Log: TIMER ALL OF INIT : [12.945836]
[0116.02] Cmd: MAP LOAD FILE="D:\projects\Duke2003\UDKGame\Content\Maps\UDKMaps\DM-Deck.udk"
[0116.06] Log: Encountered missing default brush - spawning new one
[0118.52] Log: -- Checking Building LODs
[0118.53] Log: Primary PhysX scene will be in software.
[0118.53] Log: Creating Primary PhysX Scene.
[0118.55] Log: Finished looking for orphan Actors (0.012 secs)
[0118.60] Cmd: MAP CHECKDEP DONTCLEARMESSAGES
[0144.44] Log: 
==== Worlds needing PIE Save:
[0144.44] Log: DM-Deck
[0144.44] Log: ==== 1 total
[0144.74] Log: Built Phys StaticMesh Cache: 258.881 ms
[0144.74] Log: COOKEDPHYSICS: 17 TriMeshes (10.160156 KB), 1116 Convex Hulls (1851.565430 KB) - Total 1861.725586 KB
[0145.11] Log: COOKEDPHYSICS: BSP 161.86 KB
[0146.51] Log: Save=1774.360500
[0146.51] Log: Moving 'd:\projects\Duke2003\Binaries\Win64\..\..\UDKGame\Autosaves\UEDPIEDM-Deck_save.tmp' to 'd:\projects\Duke2003\Binaries\Win64\..\..\UDKGame\Autosaves\UEDPIEDM-Deck.udk'
[0146.54] Cmd: MAP LOAD PLAYWORLD=1 FILE="d:\projects\Duke2003\Binaries\Win64\..\..\UDKGame\Autosaves\UEDPIEDM-Deck.udk"
[0146.80] Log: Finished looking for orphan Actors (0.011 secs)
[0146.80] Log: Spawned Clear paths rebuilt
[0146.81] Log: Game class is 'UTDeathmatch'
[0146.93] Log: Primary PhysX scene will be in software.
[0146.93] Log: Creating Primary PhysX Scene.
[0147.04] Log: Bringing World UEDPIEDM-Deck.TheWorld up for play (0) at 2023.05.21-13.22.35
[0147.07] Log: Bringing up level for play took: 0.223505
[0147.13] ScriptWarning: Accessed None 'OnlineSub'
	UTPlayerController UEDPIEDM-Deck.TheWorld:PersistentLevel.UTPlayerController_0
	Function UTGame.UTPlayerController:ClientSetOnlineStatus:0033
[0147.13] ScriptWarning: Accessed None 'OnlineSub'
	UTPlayerController UEDPIEDM-Deck.TheWorld:PersistentLevel.UTPlayerController_0
	Function UTGame.UTPlayerController:ClientSetOnlineStatus:02D1
[0147.13] ScriptWarning: Accessed None
	UTPlayerController UEDPIEDM-Deck.TheWorld:PersistentLevel.UTPlayerController_0
	Function UTGame.UTPlayerController:ClientSetOnlineStatus:02E5
[0147.13] Log: PIE: play in editor start time for UEDPIEDM-Deck 2.904
[0147.33] ScriptWarning: Accessed None 'LeftHandIK'
	UTPawn UEDPIEDM-Deck.TheWorld:PersistentLevel.UTPawn_0
	Function UTGame.UTPawn:SetHandIKEnabled:0066
[0147.33] ScriptWarning: Accessed None 'RightHandIK'
	UTPawn UEDPIEDM-Deck.TheWorld:PersistentLevel.UTPawn_0
	Function UTGame.UTPawn:SetHandIKEnabled:008F
[0147.33] Cmd: SETSOUNDMODE Default
[0147.33] ScriptLog: START MATCH
[0147.57] ScriptLog: NO VALID MINIMAP INFO IN MAPINFO!!!
[0155.91] Cmd: onrelease ShowMenu
[0155.93] ScriptWarning: Accessed None 'ViewportClient'
	UTPlayerController UEDPIEDM-Deck.TheWorld:PersistentLevel.UTPlayerController_0
	Function UTGame.UTPlayerController:Destroyed:0041
[0161.74] Log: 
==== Worlds needing PIE Save:
[0161.74] Log: ==== 0 total
[0161.74] Cmd: MAP LOAD PLAYWORLD=1 FILE="d:\projects\Duke2003\Binaries\Win64\..\..\UDKGame\Autosaves\UEDPIEDM-Deck.udk"
[0161.98] Log: Finished looking for orphan Actors (0.012 secs)
[0161.98] Log: Spawned Clear paths rebuilt
[0161.98] Log: Game class is 'UTDeathmatch'
[0162.08] Log: Primary PhysX scene will be in software.
[0162.08] Log: Creating Primary PhysX Scene.
[0162.10] Log: Bringing World UEDPIEDM-Deck.TheWorld up for play (0) at 2023.05.21-13.22.50
[0162.13] Log: Bringing up level for play took: 0.119164
[0162.85] ScriptWarning: Accessed None 'OnlineSub'
	UTPlayerController UEDPIEDM-Deck.TheWorld:PersistentLevel.UTPlayerController_1
	Function UTGame.UTPlayerController:ClientSetOnlineStatus:0033
[0162.85] ScriptWarning: Accessed None 'OnlineSub'
	UTPlayerController UEDPIEDM-Deck.TheWorld:PersistentLevel.UTPlayerController_1
	Function UTGame.UTPlayerController:ClientSetOnlineStatus:02D1
[0162.86] ScriptWarning: Accessed None
	UTPlayerController UEDPIEDM-Deck.TheWorld:PersistentLevel.UTPlayerController_1
	Function UTGame.UTPlayerController:ClientSetOnlineStatus:02E5
[0162.86] Log: PIE: play in editor start time for UEDPIEDM-Deck 1.340
[0163.09] ScriptWarning: Accessed None 'LeftHandIK'
	UTPawn UEDPIEDM-Deck.TheWorld:PersistentLevel.UTPawn_2
	Function UTGame.UTPawn:SetHandIKEnabled:0066
[0163.09] ScriptWarning: Accessed None 'RightHandIK'
	UTPawn UEDPIEDM-Deck.TheWorld:PersistentLevel.UTPawn_2
	Function UTGame.UTPawn:SetHandIKEnabled:008F
[0163.09] Cmd: SETSOUNDMODE Default
[0163.09] ScriptLog: START MATCH
[0163.12] ScriptLog: NO VALID MINIMAP INFO IN MAPINFO!!!
[0195.00] Cmd: onrelease ShowMenu
[0195.01] ScriptWarning: Accessed None 'ViewportClient'
	UTPlayerController UEDPIEDM-Deck.TheWorld:PersistentLevel.UTPlayerController_1
	Function UTGame.UTPlayerController:Destroyed:0041
[11872.23] Exit: Preparing to exit.
[11872.40] Exit: Editor shut down
[11872.40] Exit: Transaction tracking system shut down
[11872.57] Exit: Windows client shut down
[11872.57] Exit: XAudio2 Device shut down.
[11872.71] Exit: Object subsystem successfully closed.
[11872.73] Log: Shutting down FaceFX...
[11872.73] Log: FaceFX shutdown.
[11872.76] DevDataBase: Spent 18.710503 seconds communicating with "Provider=sqloledb;Data Source=production-db;Initial Catalog=EngineTaskPerf;Trusted_Connection=Yes;Connection Timeout=2" or "10.1.20.20"
[11872.76] Exit: Exiting.
[11872.77] Log: Log file closed, 05/21/23 16:38:01
