Log: Log file open, 05/22/23 12:06:39
Init: WinSock: version 1.1 (2.2), MaxSocks=32767, MaxUdp=65467
Init: Version: 8364
Init: Epic Internal: 0
Init: Compiled (64-bit): May 21 2023 21:56:09
Init: Changelist: 871961
Init: Command line: editor 
Init: Base directory: d:\projects\Duke2003\Binaries\Win64\
DevConfig: GConfig::LoadFile has loaded file:  ..\..\UDKGame\Config\UDKEditor.ini
DevConfig: GConfig::LoadFile has loaded file:  ..\..\UDKGame\Config\UDKEditorUserSettings.ini
DevConfig: GConfig::LoadFile associated file:  ..\..\UDKGame\Config\UDKCompat.ini
DevConfig: GConfig::LoadFile has loaded file:  ..\..\UDKGame\Config\UDKLightmass.ini
DevConfig: GConfig::LoadFile has loaded file:  ..\..\UDKGame\Config\UDKEngine.ini
DevConfig: GConfig::LoadFile has loaded file:  ..\..\UDKGame\Config\UDKGame.ini
DevConfig: GConfig::LoadFile has loaded file:  ..\..\UDKGame\Config\UDKInput.ini
DevConfig: GConfig::LoadFile has loaded file:  ..\..\UDKGame\Config\UDKUI.ini
[0000.55] Init: Computer: JUSTIN-MAINPC
[0000.55] Init: User: justi
[0000.55] Init: CPU Page size=4096, Processors=32
[0000.55] Init: High frequency timer resolution =10.000000 MHz
[0000.55] Init: Memory total: Physical=63.1GB Pagefile=84.1GB Virtual=131072.0GB
[0000.55] DevStats: GSecondsPerCycle 1.000000e-007
[0000.60] Init: WinSock: I am justin-mainpc (192.168.1.4:0)
[0000.60] Init: Presizing for 0 objects not considered by GC, pre-allocating 0 bytes.
[0000.60] Init: Object subsystem initialized
[0000.60] DevSave: (System) 'Default__System' loading configuration from ..\..\UDKGame\Config\UDKEngine.ini
[0000.60] DevSave:    Loading value for SeekFreePCPaths from [Core.System]
[0000.60] DevSave:    Loading value for SeekFreePCExtensions from [Core.System]
[0000.60] DevSave:    Loading value for CutdownPaths from [Core.System]
[0000.60] DevSave:    Loading value for LocalizationPaths from [Core.System]
[0000.60] DevSave:    Loading value for TextureFileCacheExtension from [Core.System]
[0000.60] DevSave:    Loading value for Extensions from [Core.System]
[0000.60] DevSave:    Loading value for Suppress from [Core.System]
[0000.60] DevSave:    Loading value for FRScriptPaths from [Core.System]
[0000.60] DevSave:    Loading value for ScriptPaths from [Core.System]
[0000.60] DevSave:    Loading value for Paths from [Core.System]
[0000.60] DevSave:    Loading value for ScreenShotPath from [Core.System]
[0000.60] DevSave:    Loading value for CacheExt from [Core.System]
[0000.60] DevSave:    Loading value for CachePath from [Core.System]
[0000.60] DevSave:    Loading value for SavePath from [Core.System]
[0000.61] DevSave:    Loading value for AsyncIOBandwidthLimit from [Core.System]
[0000.61] DevSave:    Loading value for PackageSizeSoftLimit from [Core.System]
[0000.61] DevSave:    Loading value for MaxOverallCacheSize from [Core.System]
[0000.61] DevSave:    Loading value for MaxStaleCacheSize from [Core.System]
[0000.61] DevSave:    Loading value for StaleCacheDays from [Core.System]
[0019.32] DevDataBase: Failure trying to open connection [Provider=sqloledb;Data Source=production-db;Initial Catalog=EngineTaskPerf;Trusted_Connection=Yes;Connection Timeout=2] [Invalid connection string attribute]
[0019.32] DevDataBase: Connection to "Provider=sqloledb;Data Source=production-db;Initial Catalog=EngineTaskPerf;Trusted_Connection=Yes;Connection Timeout=2" or "10.1.20.20" failed
[0019.32] DevDataBase: Failure closing connection [Operation is not allowed when the object is closed.]
[0019.39] Log: Shader platform (RHI): PC-D3D-SM3
[0023.27] Log: PhysX GPU Support: DISABLED
[0023.28] Init: Initializing FaceFX...
[0023.28] Init: FaceFX 1.7.4 initialized.
[0023.33] Init: Version: 8364
[0023.33] Init: Epic Internal: 0
[0023.33] Init: Compiled (64-bit): May 21 2023 21:56:09
[0023.33] Init: Command line:  
[0023.33] Init: Base directory: d:\projects\Duke2003\Binaries\Win64\
[0023.33] Init: Character set: Unicode
[0023.33] Log: Executing Class UnrealEd.MakeCommandlet
[0023.33] Init: UEngine initialized
[0023.39] Heading: --------------------Core - Release--------------------
[0023.39] Log: New File, Existing Package (Package Untitled_0, Package Core)
[0023.41] Log: Loading global macros for Core
[0023.43] Heading: --------------------Engine - Release--------------------
[0023.48] Log: New File, Existing Package (Package Untitled_1, Package Engine)
[0023.80] Log: Loading global macros for Engine
[0024.44] Heading: --------------------GFxUI - Release--------------------
[0024.45] Log: New File, Existing Package (Package Untitled_2, Package GFxUI)
[0024.45] Log: Loading global macros for GFxUI
[0024.48] Heading: --------------------GameFramework - Release--------------------
[0024.48] Log: New File, Existing Package (Package Untitled_3, Package GameFramework)
[0024.52] Log: Loading global macros for GameFramework
[0024.62] Heading: --------------------UnrealEd - Release--------------------
[0024.62] Log: New File, Existing Package (Package Untitled_4, Package UnrealEd)
[0024.65] Log: Loading global macros for UnrealEd
[0024.71] Heading: --------------------GFxUIEditor - Release--------------------
[0024.71] Log: New File, Existing Package (Package Untitled_5, Package GFxUIEditor)
[0024.72] Log: Loading global macros for GFxUIEditor
[0024.72] Heading: --------------------IpDrv - Release--------------------
[0024.72] Log: New File, Existing Package (Package Untitled_6, Package IpDrv)
[0024.74] Log: Loading global macros for IpDrv
[0024.79] Heading: --------------------OnlineSubsystemPC - Release--------------------
[0024.79] Log: New File, Existing Package (Package Untitled_7, Package OnlineSubsystemPC)
[0024.79] Log: Loading global macros for OnlineSubsystemPC
[0024.82] Heading: --------------------OnlineSubsystemGameSpy - Release--------------------
[0024.82] Log: New File, Existing Package (Package Untitled_8, Package OnlineSubsystemGameSpy)
[0024.83] Log: Loading global macros for OnlineSubsystemGameSpy
[0024.86] Heading: --------------------OnlineSubsystemLive - Release--------------------
[0024.86] Log: New File, Existing Package (Package Untitled_9, Package OnlineSubsystemLive)
[0024.88] Log: Loading global macros for OnlineSubsystemLive
[0024.92] Heading: --------------------OnlineSubsystemSteamworks - Release--------------------
[0024.92] Log: New File, Existing Package (Package Untitled_10, Package OnlineSubsystemSteamworks)
[0024.94] Log: Loading global macros for OnlineSubsystemSteamworks
[0024.97] Heading: --------------------UDKBase - Release--------------------
[0024.97] Log: New File, Existing Package (Package Untitled_11, Package UDKBase)
[0025.00] Log: Loading global macros for UDKBase
[0025.05] Heading: --------------------UTEditor - Release--------------------
[0025.05] Log: New File, Existing Package (Package Untitled_12, Package UTEditor)
[0025.05] Log: Loading global macros for UTEditor
[0025.06] Heading: --------------------UTGame - Release--------------------
[0025.07] Log: New File, Existing Package (Package Untitled_13, Package UTGame)
[0025.36] Log: Loading global macros for UTGame
[0025.98] Heading: --------------------UTGameContent - Release--------------------
[0025.99] Log: New File, Existing Package (Package Untitled_14, Package UTGameContent)
[0026.02] Log: Loading global macros for UTGameContent
[0026.05] Heading: --------------------dnGame - Release--------------------
[0026.05] Log: Package dnGame changed, recompiling
[0026.05] Log: Analyzing...
[0026.05] Log: Loading global macros for dnGame
[0026.07] Log: Exporting native class declarations for dnGame
[0026.07] Log: Autogenerating C++ header: 
[0026.07] Log: Autogenerating C++ header: dnGameNames.h
[0026.07] Log: Success: Compiled 179 line(s), 11 statement(s).

[0026.07] Log: Scripts successfully compiled - saving package 'd:\projects\Duke2003\Binaries\Win64\..\..\UDKGame\Script\dnGame.u'
[0026.15] Log: Save=80.400700
[0026.15] Log: Moving '..\..\UDKGame\Script\dnGame_save.tmp' to '..\..\UDKGame\Script\dnGame.u'
[0026.15] Heading: --------------------UDKUltimate - Release--------------------
[0026.15] Log: Analyzing...
[0026.15] Log: Loading global macros for UDKUltimate
[0026.24] Log: Success: Compiled 1075 line(s), 179 statement(s).

[0026.24] Log: Scripts successfully compiled - saving package 'd:\projects\Duke2003\Binaries\Win64\..\..\UDKGame\Script\UDKUltimate.u'
[0026.33] Log: Save=93.442100
[0026.33] Log: Moving '..\..\UDKGame\Script\UDKUltimate_save.tmp' to '..\..\UDKGame\Script\UDKUltimate.u'
[0026.93] Log: 
[0026.93] Log: Success - 0 error(s), 0 warning(s)
[0026.93] Log: 
Execution of commandlet took:  3.60 seconds
[0026.94] Exit: Preparing to exit.
[0027.01] Exit: Object subsystem successfully closed.
[0027.02] Log: Shutting down FaceFX...
[0027.02] Log: FaceFX shutdown.
[0027.02] DevDataBase: Spent 18.702764 seconds communicating with "Provider=sqloledb;Data Source=production-db;Initial Catalog=EngineTaskPerf;Trusted_Connection=Yes;Connection Timeout=2" or "10.1.20.20"
[0027.02] Exit: Exiting.
[0027.02] Log: Log file closed, 05/22/23 12:07:05
