Log: Log file open, 05/21/23 23:14:19
Init: WinSock: version 1.1 (2.2), MaxSocks=32767, MaxUdp=65467
Init: Version: 8364
Init: Epic Internal: 0
Init: Compiled (64-bit): May 21 2023 21:59:00
Init: Changelist: 871961
Init: Command line: editor 
Init: Base directory: d:\projects\Duke2003\Binaries\Win64\
DevConfig: GConfig::LoadFile associated file:  ..\..\UDKGame\Config\UDKCompat.ini
[0000.54] Init: Computer: JUSTIN-MAINPC
[0000.54] Init: User: justi
[0000.54] Init: CPU Page size=4096, Processors=32
[0000.54] Init: High frequency timer resolution =10.000000 MHz
[0000.54] Init: Memory total: Physical=63.1GB Pagefile=84.1GB Virtual=131072.0GB
[0000.59] Init: WinSock: I am justin-mainpc (192.168.1.4:0)
[0000.59] Init: Presizing for 0 objects not considered by GC, pre-allocating 0 bytes.
[0000.59] Init: Object subsystem initialized
[0019.32] DevDataBase: Failure trying to open connection [Provider=sqloledb;Data Source=production-db;Initial Catalog=EngineTaskPerf;Trusted_Connection=Yes;Connection Timeout=2] [Invalid connection string attribute]
[0019.32] DevDataBase: Connection to "Provider=sqloledb;Data Source=production-db;Initial Catalog=EngineTaskPerf;Trusted_Connection=Yes;Connection Timeout=2" or "10.1.20.20" failed
[0019.32] DevDataBase: Failure closing connection [Operation is not allowed when the object is closed.]
[0019.39] Log: Shader platform (RHI): PC-D3D-SM3
[0019.47] Log: PhysX GPU Support: DISABLED
[0019.48] Init: Initializing FaceFX...
[0019.48] Init: FaceFX 1.7.4 initialized.
[0022.11] Init: Finished loading startup packages in 0.80 seconds
[0022.11] Log: 76297 objects as part of root set at end of initial load.
[0022.11] Log: 0 out of 0 bytes used by permanent object pool.
[0022.12] Log: Supported Consoles:
[0022.12] Log:   PC
[0022.12] Log: Initializing Engine...
[0022.14] Log: Encountered missing default brush - spawning new one
[0022.14] Init: UEngine initialized
[0022.14] Log: Primary PhysX scene will be in software.
[0022.14] Log: Creating Primary PhysX Scene.
[0022.15] Init: Transaction tracking system initialized
[0023.04] Init: XAudio2 using 'Speakers (High Definition Audio Device)' : 2 channels at 48 kHz using 32 bits per sample (channel mask 0x3)
[0023.06] Log: Working around XDK XAudio2 regression: TRUE
[0023.07] Init: XAudio2Device initialized.
[0023.46] Init: Client initialized
[0023.46] Init: Editor engine initialized
[0023.50] Log: Initializing Engine Completed
[0023.50] Log: >>>>>>>>>>>>>> Initial startup: 23.50s <<<<<<<<<<<<<<<
[0023.57] Cmd: MODE MAPEXT=udk
[0023.66] SourceControl: Source Control disabled in UDKEditorUserSettings.ini.  [SourceControl] has Disabled=True
[0023.68] SourceControl: Source Control disabled in UDKEditorUserSettings.ini.  [SourceControl] has Disabled=True
[0024.41] Log: Found D3D11 adapter 0: NVIDIA GeForce RTX 4090
[0024.41] Log: Adapter has 24156MB of dedicated video memory, 0MB of dedicated system memory, and 32331MB of shared system memory
[0024.45] Log: Found D3D11 adapter 1: Microsoft Basic Render Driver
[0024.45] Log: Adapter has 0MB of dedicated video memory, 0MB of dedicated system memory, and 32331MB of shared system memory
[0027.86] Cmd: MAP LOAD FILE="..\..\UDKGame\Content\Maps\Templates\Template_MidDay.umap"
[0028.15] Log: Encountered missing default brush - spawning new one
[0028.67] Log: New File, Existing Package (Package Untitled_2, Package Template_MidDay)
[0028.76] Log: -- Checking Building LODs
[0028.76] Log: Primary PhysX scene will be in software.
[0028.76] Log: Creating Primary PhysX Scene.
[0028.77] Log: Finished looking for orphan Actors (0.002 secs)
[0028.77] Cmd: MAP CHECKDEP DONTCLEARMESSAGES
[0028.80] Log: TIMER ALL OF INIT : [9.297460]
[0039.19] Log: Missing cached shader map for material Duke_Hand_Material, compiling.
[0039.67] Log: Missing cached shader map for material Master_Weapon_Shader, compiling.
[0056.49] Log: MGameAssetJournalClient::QueryBranchName: A branch name was not specified in the configuration file.  A globally unique name for this branch must be configured in order for the journaling system to function correctly.  This should usually be configured by the administrator of the development branch that you're working with.
[0056.49] Log: MGameAssetJournalClient::QueryBranchName: A branch name was not specified in the configuration file.  A globally unique name for this branch must be configured in order for the journaling system to function correctly.  This should usually be configured by the administrator of the development branch that you're working with.
[0056.95] Cmd: nxvis PHYSX_CLEAR_ALL
[0056.95] Log: Clearing all PhysX Debug Flags.
[0056.96] Cmd: apexvis APEX_CLEAR_ALL
[0056.96] DevPhysics: ApexSDK              : VISUALIZE_LOD_BENEFITS
[0056.96] DevPhysics: ApexSDK              : LOD_DISTANCE_SCALE
[0056.96] DevPhysics: Clothing             : VISUALIZE_CLOTHING_SKINNED_POSITIONS
[0056.96] DevPhysics: Clothing             : VISUALIZE_CLOTHING_SPHERE_COLLISION
[0056.96] DevPhysics: Clothing             : VISUALIZE_CLOTHING_MAX_DISTANCE_OUT
[0056.96] DevPhysics: Clothing             : VISUALIZE_CLOTHING_MAX_DISTANCE_IN
[0056.96] DevPhysics: Clothing             : VISUALIZE_CLOTHING_ALL_SKIN_MAP
[0056.96] DevPhysics: Clothing             : VISUALIZE_CLOTHING_BAD_SKIN_MAP
[0056.96] DevPhysics: Clothing             : VISUALIZE_CLOTHING_SKIN_MAP
[0056.96] DevPhysics: Clothing             : VISUALIZE_CLOTHING_RENDER_NORMALS
[0056.96] DevPhysics: Clothing             : VISUALIZE_CLOTHING_RENDER_TANGENTS
[0056.96] DevPhysics: Clothing             : VISUALIZE_CLOTHING_PHYSICS_MESH_WIRE
[0056.96] DevPhysics: Clothing             : VISUALIZE_CLOTHING_PHYSICS_MESH_SOLID
[0056.96] DevPhysics: Clothing             : VISUALIZE_CLOTHING_SKELETON
[0056.96] DevPhysics: Clothing             : VISUALIZE_CLOTHING_BONE_FRAMES
[0056.96] DevPhysics: Clothing             : VISUALIZE_CLOTHING_BONE_NAMES
[0056.96] DevPhysics: Clothing             : VISUALIZE_CLOTHING_VELOCITIES
[0056.96] DevPhysics: Clothing             : VISUALIZE_CLOTHING_GRAPHICAL_VERTEX_BONES
[0056.96] DevPhysics: Clothing             : VISUALIZE_CLOTHING_PHYSICAL_VERTEX_BONES
[0056.96] DevPhysics: Clothing             : VISUALIZE_CLOTHING_ACOLLISION_UMBRELLAS
[0056.96] DevPhysics: Destructible         : VISUALIZE_DESTRUCTIBLE_BOUNDS
[0056.96] DevPhysics: Destructible         : VISUALIZE_DESTRUCTIBLE_SUPPORT
[0056.96] DevPhysics: Destructible         : VISUALIZE_DESTRUCTIBLE_ACTOR_POSE
[0056.96] DevPhysics: Destructible         : THRESHOLD_DISTANCE_DESTRUCTIBLE_ACTOR_POSE
[0056.97] DevPhysics: Destructible         : VISUALIZE_DESTRUCTIBLE_ACTOR_NAME
[0056.97] DevPhysics: Destructible         : THRESHOLD_DISTANCE_DESTRUCTIBLE_ACTOR_NAME
[0056.97] DevPhysics: Destructible         : VISUALIZE_DESTRUCTIBLE_FRAGMENT_POSE
[0056.97] DevPhysics: Destructible         : THRESHOLD_DISTANCE_DESTRUCTIBLE_FRAGMENT_POSE
[0056.97] DevPhysics: Apex Debug (Scene 0): apexvis APEX_CLEAR_ALL FALSE
[0057.03] Log: Primary PhysX scene will be in software.
[0057.03] Log: Creating Primary PhysX Scene.
[0057.29] Log: MorphTargetSet (VH_Manta_MorphTargets) is added to the mesh (WP_PistolMesh) that's not compatible. BaseSkelMesh has to be (SK_VH_Manta)
[0057.29] Log: MorphTargetSet (VH_Manta_MorphTargets) is added to the mesh (WP_PistolMesh) that's not compatible. BaseSkelMesh has to be (SK_VH_Manta)
[0057.29] Log: MorphTargetSet (VH_Manta_MorphTargets) is added to the mesh (WP_PistolMesh) that's not compatible. BaseSkelMesh has to be (SK_VH_Manta)
[0068.10] Log: Loading FBX Scene from D:\projects\Duke2003\Work\Pistol\PistolFire.fbx
[0068.40] Log: FBX Scene Loaded Succesfully
[0068.41] Log: 
[0068.41] Log: Parsing AnimStack Unreal Matinee Take
[0068.43] Log: FAnimationUtils::CompressAnimSequence PistolFire (AnimSet wp_pistol.WP_PistolMesh_Anims) SkelMesh not valid, won't be able to use RemoveLinearKeys.
[0068.43] Log: FAnimationUtils::CompressAnimSequence PistolFire (AnimSet wp_pistol.WP_PistolMesh_Anims) SkelMesh not valid, reverting default compression scheme to Bitwise compression!
[0068.43] Log: FilterAnimRotationOnlyKeys, trying to get SkelMesh from PreviewSkelMeshName. PistolFire (AnimSet wp_pistol.WP_PistolMesh_Anims)
[0068.43] Warning: Failed to load 'SkeletalMesh None.None': Failed to find object 'SkeletalMesh None.None'
[0068.43] Log: 	 Couldn't get a SkelMesh, assume track 0 is root bone. (CATRigHub001)
[0068.43] Log: AnimSet wp_pistol.WP_PistolMesh_Anims PistolFire couldn't be compressed! Default Mesh is NULL! PreviewSkelMeshName: None
[0068.52] Log: Loading FBX Scene from D:\projects\Duke2003\Work\Pistol\PistolIdle.fbx
[0069.24] Log: FBX Scene Loaded Succesfully
[0069.24] Log: 
[0069.24] Log: Parsing AnimStack Unreal Matinee Take
[0070.49] Log: FAnimationUtils::CompressAnimSequence PistolIdle (AnimSet wp_pistol.WP_PistolMesh_Anims) SkelMesh not valid, won't be able to use RemoveLinearKeys.
[0070.49] Log: FAnimationUtils::CompressAnimSequence PistolIdle (AnimSet wp_pistol.WP_PistolMesh_Anims) SkelMesh not valid, reverting default compression scheme to Bitwise compression!
[0070.49] Log: FilterAnimRotationOnlyKeys, trying to get SkelMesh from PreviewSkelMeshName. PistolIdle (AnimSet wp_pistol.WP_PistolMesh_Anims)
[0070.49] Warning: Failed to load 'SkeletalMesh None.None': Failed to find object 'SkeletalMesh None.None'
[0070.49] Log: 	 Couldn't get a SkelMesh, assume track 0 is root bone. (CATRigHub001)
[0070.49] Log: AnimSet wp_pistol.WP_PistolMesh_Anims PistolIdle couldn't be compressed! Default Mesh is NULL! PreviewSkelMeshName: None
[0084.81] Log: saving as ..\..\UDKGame\Content\Weapons2\wp_pistol.upk
[0084.81] Log: OBJ SavePackage: Generating thumbnails for [0] asset(s) in package [wp_pistol] ([10] browsable assets)...
[0084.82] Log: OBJ SavePackage: Finished generating thumbnails for package [wp_pistol]
[0084.82] Cmd: OBJ SAVEPACKAGE PACKAGE="wp_pistol" FILE="..\..\UDKGame\Content\Weapons2\wp_pistol.upk"
[0085.79] Log: Save=940.043000
[0085.79] Log: Moving '..\..\UDKGame\Content\Weapons2\wp_pistol_save.tmp' to '..\..\UDKGame\Content\Weapons2\wp_pistol.upk'
[0789.44] Exit: Preparing to exit.
[0789.51] Exit: Editor shut down
[0789.51] Exit: Transaction tracking system shut down
[0789.71] Exit: Windows client shut down
[0789.71] Exit: XAudio2 Device shut down.
[0789.77] Exit: Object subsystem successfully closed.
[0789.78] Log: Shutting down FaceFX...
[0789.78] Log: FaceFX shutdown.
[0789.81] DevDataBase: Spent 18.722071 seconds communicating with "Provider=sqloledb;Data Source=production-db;Initial Catalog=EngineTaskPerf;Trusted_Connection=Yes;Connection Timeout=2" or "10.1.20.20"
[0789.81] Exit: Exiting.
[0789.81] Log: Log file closed, 05/21/23 23:27:28
