Log: Log file open, 05/22/23 00:22:03
Init: WinSock: version 1.1 (2.2), MaxSocks=32767, MaxUdp=65467
Init: Version: 8364
Init: Epic Internal: 0
Init: Compiled (64-bit): May 21 2023 21:56:09
Init: Changelist: 871961
Init: Command line: editor 
Init: Base directory: d:\projects\Duke2003\Binaries\Win64\
DevConfig: GConfig::LoadFile has loaded file:  ..\..\UDKGame\Config\UDKEditor.ini
DevConfig: GConfig::LoadFile has loaded file:  ..\..\UDKGame\Config\UDKEditorUserSettings.ini
DevConfig: GConfig::LoadFile associated file:  ..\..\UDKGame\Config\UDKCompat.ini
DevConfig: GConfig::LoadFile has loaded file:  ..\..\UDKGame\Config\UDKLightmass.ini
DevConfig: GConfig::LoadFile has loaded file:  ..\..\UDKGame\Config\UDKEngine.ini
DevConfig: GConfig::LoadFile has loaded file:  ..\..\UDKGame\Config\UDKGame.ini
DevConfig: GConfig::LoadFile has loaded file:  ..\..\UDKGame\Config\UDKInput.ini
DevConfig: GConfig::LoadFile has loaded file:  ..\..\UDKGame\Config\UDKUI.ini
[0000.56] Init: Computer: JUSTIN-MAINPC
[0000.56] Init: User: justi
[0000.56] Init: CPU Page size=4096, Processors=32
[0000.56] Init: High frequency timer resolution =10.000000 MHz
[0000.56] Init: Memory total: Physical=63.1GB Pagefile=84.1GB Virtual=131072.0GB
[0000.56] DevStats: GSecondsPerCycle 1.000000e-007
[0000.61] Init: WinSock: I am justin-mainpc (192.168.1.4:0)
[0000.61] Init: Presizing for 0 objects not considered by GC, pre-allocating 0 bytes.
[0000.61] Init: Object subsystem initialized
[0000.61] DevSave: (System) 'Default__System' loading configuration from ..\..\UDKGame\Config\UDKEngine.ini
[0000.61] DevSave:    Loading value for SeekFreePCPaths from [Core.System]
[0000.61] DevSave:    Loading value for SeekFreePCExtensions from [Core.System]
[0000.61] DevSave:    Loading value for CutdownPaths from [Core.System]
[0000.61] DevSave:    Loading value for LocalizationPaths from [Core.System]
[0000.61] DevSave:    Loading value for TextureFileCacheExtension from [Core.System]
[0000.61] DevSave:    Loading value for Extensions from [Core.System]
[0000.61] DevSave:    Loading value for Suppress from [Core.System]
[0000.61] DevSave:    Loading value for FRScriptPaths from [Core.System]
[0000.61] DevSave:    Loading value for ScriptPaths from [Core.System]
[0000.61] DevSave:    Loading value for Paths from [Core.System]
[0000.61] DevSave:    Loading value for ScreenShotPath from [Core.System]
[0000.61] DevSave:    Loading value for CacheExt from [Core.System]
[0000.61] DevSave:    Loading value for CachePath from [Core.System]
[0000.61] DevSave:    Loading value for SavePath from [Core.System]
[0000.61] DevSave:    Loading value for AsyncIOBandwidthLimit from [Core.System]
[0000.61] DevSave:    Loading value for PackageSizeSoftLimit from [Core.System]
[0000.61] DevSave:    Loading value for MaxOverallCacheSize from [Core.System]
[0000.61] DevSave:    Loading value for MaxStaleCacheSize from [Core.System]
[0000.61] DevSave:    Loading value for StaleCacheDays from [Core.System]
[0019.38] DevDataBase: Failure trying to open connection [Provider=sqloledb;Data Source=production-db;Initial Catalog=EngineTaskPerf;Trusted_Connection=Yes;Connection Timeout=2] [Invalid connection string attribute]
[0019.38] DevDataBase: Connection to "Provider=sqloledb;Data Source=production-db;Initial Catalog=EngineTaskPerf;Trusted_Connection=Yes;Connection Timeout=2" or "10.1.20.20" failed
[0019.38] DevDataBase: Failure closing connection [Operation is not allowed when the object is closed.]
[0019.44] Log: Shader platform (RHI): PC-D3D-SM3
[0019.60] Log: PhysX GPU Support: DISABLED
[0019.60] Init: Initializing FaceFX...
[0019.60] Init: FaceFX 1.7.4 initialized.
[0021.57] Init: Finished loading startup packages in 1.83 seconds
[0021.58] Log: 76301 objects as part of root set at end of initial load.
[0021.58] Log: 0 out of 0 bytes used by permanent object pool.
[0021.59] Log: Supported Consoles:
[0021.59] Log:   PC
[0021.59] Log: Initializing Engine...
[0021.62] Log: Missing cached shader map for material Duke_Hand_Material, compiling.
[0022.13] Log: Missing cached shader map for material Master_Weapon_Shader, compiling.
[0022.28] Log: Encountered missing default brush - spawning new one
[0022.28] Init: UEngine initialized
[0022.28] Log: Primary PhysX scene will be in software.
[0022.28] Log: Creating Primary PhysX Scene.
[0022.29] Init: Transaction tracking system initialized
[0022.74] Init: XAudio2 using 'Speakers (High Definition Audio Device)' : 2 channels at 48 kHz using 32 bits per sample (channel mask 0x3)
[0022.75] Log: Working around XDK XAudio2 regression: TRUE
[0022.76] Init: XAudio2Device initialized.
[0023.20] Init: Client initialized
[0023.20] Init: Editor engine initialized
[0023.28] Log: Initializing Engine Completed
[0023.28] Log: >>>>>>>>>>>>>> Initial startup: 23.28s <<<<<<<<<<<<<<<
[0023.36] Cmd: MODE MAPEXT=udk
[0023.42] SourceControl: Source Control disabled in UDKEditorUserSettings.ini.  [SourceControl] has Disabled=True
[0023.43] SourceControl: Source Control disabled in UDKEditorUserSettings.ini.  [SourceControl] has Disabled=True
[0024.23] Log: Found D3D11 adapter 0: NVIDIA GeForce RTX 4090
[0024.23] Log: Adapter has 24156MB of dedicated video memory, 0MB of dedicated system memory, and 32331MB of shared system memory
[0024.25] Log: Found D3D11 adapter 1: Microsoft Basic Render Driver
[0024.25] Log: Adapter has 0MB of dedicated video memory, 0MB of dedicated system memory, and 32331MB of shared system memory
[0026.81] Cmd: MAP LOAD FILE="..\..\UDKGame\Content\Maps\Templates\Template_MidDay.umap"
[0027.00] Log: Encountered missing default brush - spawning new one
[0027.38] Log: New File, Existing Package (Package Untitled_2, Package Template_MidDay)
[0027.44] Log: -- Checking Building LODs
[0027.45] Log: Primary PhysX scene will be in software.
[0027.45] Log: Creating Primary PhysX Scene.
[0027.45] Log: Finished looking for orphan Actors (0.003 secs)
[0027.46] Cmd: MAP CHECKDEP DONTCLEARMESSAGES
[0027.50] Log: TIMER ALL OF INIT : [7.887736]
[0053.14] Log: 
==== Worlds needing PIE Save:
[0053.14] Log: Untitled_2
[0053.14] Log: ==== 1 total
[0053.17] Log: Built Phys StaticMesh Cache: 1.968 ms
[0053.17] Log: COOKEDPHYSICS: 1 TriMeshes (0.597656 KB), 1 Convex Hulls (1.082031 KB) - Total 1.679688 KB
[0053.24] Log: Save=70.859000
[0053.24] Log: Moving 'd:\projects\Duke2003\Binaries\Win64\..\..\UDKGame\Autosaves\UEDPIEUntitled_2_save.tmp' to 'd:\projects\Duke2003\Binaries\Win64\..\..\UDKGame\Autosaves\UEDPIEUntitled_2.udk'
[0053.26] Cmd: MAP LOAD PLAYWORLD=1 FILE="d:\projects\Duke2003\Binaries\Win64\..\..\UDKGame\Autosaves\UEDPIEUntitled_2.udk"
[0053.26] Log: Finished looking for orphan Actors (0.003 secs)
[0053.27] Log: Game class is 'dnSinglePlayer'
[0053.28] Log: Primary PhysX scene will be in software.
[0053.28] Log: Creating Primary PhysX Scene.
[0053.28] Log: *** WARNING - PATHS MAY NOT BE VALID ***
[0053.28] Log: Bringing World UEDPIEUntitled_2.TheWorld up for play (0) at 2023.05.22-00.22.56
[0053.30] Log: Bringing up level for play took: 0.019275
[0053.53] ScriptWarning: Accessed None 'MapInfo'
	GFxMinimap Transient.GFxMinimapHud_0:GFxMinimap_0
	Function UTGame.GFxMinimap:Init:00F2
[0053.53] ScriptWarning: Accessed None 'OnlineSub'
	dnPlayerController UEDPIEUntitled_2.TheWorld:PersistentLevel.dnPlayerController_0
	Function UTGame.UTPlayerController:ClientSetOnlineStatus:0033
[0053.53] ScriptWarning: Accessed None 'OnlineSub'
	dnPlayerController UEDPIEUntitled_2.TheWorld:PersistentLevel.dnPlayerController_0
	Function UTGame.UTPlayerController:ClientSetOnlineStatus:02D1
[0053.53] ScriptWarning: Accessed None
	dnPlayerController UEDPIEUntitled_2.TheWorld:PersistentLevel.dnPlayerController_0
	Function UTGame.UTPlayerController:ClientSetOnlineStatus:02E5
[0053.53] Log: PIE: play in editor start time for UEDPIEUntitled_2 0.566
[0053.53] ScriptWarning: Accessed None 'MapInfo'
	GFxMinimap Transient.GFxMinimapHud_1:GFxMinimap_1
	Function UTGame.GFxMinimap:Init:00F2
[0053.59] ScriptWarning: Accessed None 'LeftHandIK'
	PlayerPawn UEDPIEUntitled_2.TheWorld:PersistentLevel.Play