Log: Log file open, 05/21/23 22:04:06
Init: WinSock: version 1.1 (2.2), MaxSocks=32767, MaxUdp=65467
Init: Version: 8364
Init: Epic Internal: 0
Init: Compiled (64-bit): May 21 2023 21:59:00
Init: Changelist: 871961
Init: Command line: editor 
Init: Base directory: d:\projects\Duke2003\Binaries\Win64\
DevConfig: GConfig::LoadFile associated file:  ..\..\UDKGame\Config\UDKCompat.ini
[0000.53] Init: Computer: JUSTIN-MAINPC
[0000.54] Init: User: justi
[0000.54] Init: CPU Page size=4096, Processors=32
[0000.54] Init: High frequency timer resolution =10.000000 MHz
[0000.54] Init: Memory total: Physical=63.1GB Pagefile=84.1GB Virtual=131072.0GB
[0000.58] Init: WinSock: I am justin-mainpc (192.168.1.4:0)
[0000.58] Init: Presizing for 0 objects not considered by GC, pre-allocating 0 bytes.
[0000.58] Init: Object subsystem initialized
[0019.33] DevDataBase: Failure trying to open connection [Provider=sqloledb;Data Source=production-db;Initial Catalog=EngineTaskPerf;Trusted_Connection=Yes;Connection Timeout=2] [Invalid connection string attribute]
[0019.33] DevDataBase: Connection to "Provider=sqloledb;Data Source=production-db;Initial Catalog=EngineTaskPerf;Trusted_Connection=Yes;Connection Timeout=2" or "10.1.20.20" failed
[0019.33] DevDataBase: Failure closing connection [Operation is not allowed when the object is closed.]
[0019.39] Log: Shader platform (RHI): PC-D3D-SM3
[0019.52] Log: PhysX GPU Support: DISABLED
[0019.52] Init: Initializing FaceFX...
[0019.52] Init: FaceFX 1.7.4 initialized.
[0022.27] Init: Finished loading startup packages in 0.79 seconds
[0022.27] Log: 76297 objects as part of root set at end of initial load.
[0022.27] Log: 0 out of 0 bytes used by permanent object pool.
[0022.28] Log: Supported Consoles:
[0022.28] Log:   PC
[0022.28] Log: Initializing Engine...
[0022.30] Log: Encountered missing default brush - spawning new one
[0022.31] Init: UEngine initialized
[0022.31] Log: Primary PhysX scene will be in software.
[0022.31] Log: Creating Primary PhysX Scene.
[0022.31] Init: Transaction tracking system initialized
[0023.24] Init: XAudio2 using 'Speakers (High Definition Audio Device)' : 2 channels at 48 kHz using 32 bits per sample (channel mask 0x3)
[0023.25] Log: Working around XDK XAudio2 regression: TRUE
[0023.27] Init: XAudio2Device initialized.
[0023.66] Init: Client initialized
[0023.66] Init: Editor engine initialized
[0023.69] Log: Initializing Engine Completed
[0023.69] Log: >>>>>>>>>>>>>> Initial startup: 23.69s <<<<<<<<<<<<<<<
[0023.76] Cmd: MODE MAPEXT=udk
[0023.86] SourceControl: Source Control disabled in UDKEditorUserSettings.ini.  [SourceControl] has Disabled=True
[0023.87] SourceControl: Source Control disabled in UDKEditorUserSettings.ini.  [SourceControl] has Disabled=True
[0024.58] Log: Found D3D11 adapter 0: NVIDIA GeForce RTX 4090
[0024.58] Log: Adapter has 24156MB of dedicated video memory, 0MB of dedicated system memory, and 32331MB of shared system memory
[0024.61] Log: Found D3D11 adapter 1: Microsoft Basic Render Driver
[0024.61] Log: Adapter has 0MB of dedicated video memory, 0MB of dedicated system memory, and 32331MB of shared system memory
[0027.65] Cmd: MAP LOAD FILE="..\..\UDKGame\Content\Maps\Templates\Template_MidDay.umap"
[0027.92] Log: Encountered missing default brush - spawning new one
[0028.34] Log: New File, Existing Package (Package Untitled_2, Package Template_MidDay)
[0028.42] Log: -- Checking Building LODs
[0028.42] Log: Primary PhysX scene will be in software.
[0028.42] Log: Creating Primary PhysX Scene.
[0028.43] Log: Finished looking for orphan Actors (0.002 secs)
[0028.44] Cmd: MAP CHECKDEP DONTCLEARMESSAGES
[0028.46] Log: TIMER ALL OF INIT : [8.921073]
[0036.04] Log: 
==== Worlds needing PIE Save:
[0036.04] Log: Untitled_2
[0036.04] Log: ==== 1 total
[0036.07] Log: Built Phys StaticMesh Cache: 1.927 ms
[0036.07] Log: COOKEDPHYSICS: 1 TriMeshes (0.597656 KB), 1 Convex Hulls (1.082031 KB) - Total 1.679688 KB
[0036.10] Log: Save=27.708500
[0036.10] Log: Moving 'd:\projects\Duke2003\Binaries\Win64\..\..\UDKGame\Autosaves\UEDPIEUntitled_2_save.tmp' to 'd:\projects\Duke2003\Binaries\Win64\..\..\UDKGame\Autosaves\UEDPIEUntitled_2.udk'
[0036.12] Cmd: MAP LOAD PLAYWORLD=1 FILE="d:\projects\Duke2003\Binaries\Win64\..\..\UDKGame\Autosaves\UEDPIEUntitled_2.udk"
[0036.12] Log: Finished looking for orphan Actors (0.002 secs)
[0036.12] Log: Game class is 'UTGame'
[0036.13] Log: Primary PhysX scene will be in software.
[0036.13] Log: Creating Primary PhysX Scene.
[0036.14] Log: *** WARNING - PATHS MAY NOT BE VALID ***
[0036.14] Log: Bringing World UEDPIEUntitled_2.TheWorld up for play (0) at 2023.05.21-22.04.41
[0036.15] Log: Bringing up level for play took: 0.016692
[0036.20] ScriptWarning: Accessed None 'MapInfo'
	GFxMinimap Transient.GFxMinimapHud_0:GFxMinimap_0
	Function UTGame.GFxMinimap:Init:00F2
[0036.20] ScriptWarning: Accessed None 'OnlineSub'
	UTPlayerController UEDPIEUntitled_2.TheWorld:PersistentLevel.UTPlayerController_0
	Function UTGame.UTPlayerController:ClientSetOnlineStatus:0033
[0036.20] ScriptWarning: Accessed None 'OnlineSub'
	UTPlayerController UEDPIEUntitled_2.TheWorld:PersistentLevel.UTPlayerController_0
	Function UTGame.UTPlayerController:ClientSetOnlineStatus:02D1
[0036.20] ScriptWarning: Accessed None
	UTPlayerController UEDPIEUntitled_2.TheWorld:PersistentLevel.UTPlayerController_0
	Function UTGame.UTPlayerController:ClientSetOnlineStatus:02E5
[0036.20] Log: PIE: play in editor start time for UEDPIEUntitled_2 0.221
[0036.20] ScriptWarning: Accessed None 'MapInfo'
	GFxMinimap Transient.GFxMinimapHud_1:GFxMinimap_1
	Function UTGame.GFxMinimap:Init:00F2
[0036.25] ScriptWarning: Accessed None 'LeftHandIK'
	UTPawn UEDPIEUntitled_2.TheWorld:PersistentLevel.UTPawn_0
	Function UTGame.UTPawn:SetHandIKEnabled:0066
[0036.25] ScriptWarning: Accessed None 'RightHandIK'
	UTPawn UEDPIEUntitled_2.TheWorld:PersistentLevel.UTPawn_0
	Function UTGame.UTPawn:SetHandIKEnabled:008F
[0036.25] Cmd: SETSOUNDMODE Default
[0036.25] ScriptLog: START MATCH
[0036.25] ScriptWarning: Accessed None 'MapInfo'
	GFxMinimap Transient.GFxMinimapHud_1:GFxMinimap_1
	Function UTGame.GFxMinimap:UpdateData:0015
[0037.45] Cmd: StartFire 
[0037.45] Cmd: OnRelease StopFire
[0037.55] Cmd: StopFire
[0039.46] Cmd: onrelease ShowMenu
[0039.47] ScriptWarning: Accessed None 'ViewportClient'
	UTPlayerController UEDPIEUntitled_2.TheWorld:PersistentLevel.UTPlayerController_0
	Function UTGame.UTPlayerController:Destroyed:0041
[0039.47] ScriptWarning: Player start not found, failed to restart player
	UTGame UEDPIEUntitled_2.TheWorld:PersistentLevel.UTGame_0
	Function Engine.GameInfo:RestartPlayer:025E
[0104.51] Cmd: MAP LOAD FILE="D:\projects\Duke2003\UDKGame\Content\Maps\DukeForever\z1l2.udk"
[0104.57] Log: Encountered missing default brush - spawning new one
[0107.87] Log: -- Checking Building LODs
[0107.87] Log: Primary PhysX scene will be in software.
[0107.88] Log: Creating Primary PhysX Scene.
[0107.88] Log: Finished looking for orphan Actors (0.003 secs)
[0107.94] Cmd: MAP CHECKDEP DONTCLEARMESSAGES
[0199.66] Cmd: DELETE
[0199.66] Cmd: ACTOR DELETE
[0200.54] Log: Deleted 909 Actors (0.880 secs)
[0220.72] Cmd: EDCALLBACK SURFPROPS
[0292.93] Log: Built Phys StaticMesh Cache: 5.559 ms
[0292.93] Log: COOKEDPHYSICS: 0 TriMeshes (0.000000 KB), 2 Convex Hulls (5.746094 KB) - Total 5.746094 KB
[0294.92] Log: COOKEDPHYSICS: BSP 630.64 KB
[0296.53] Log: Save=3523.619100
[0296.53] Log: Moving 'D:\projects\Duke2003\UDKGame\Content\Maps\DukeForever\z1l2_save.tmp' to 'D:\projects\Duke2003\UDKGame\Content\Maps\DukeForever\z1l2.udk'
[0299.05] Log: Saving Map: z1l2
[0373.40] Log: 
==== Worlds needing PIE Save:
[0373.40] Log: z1l2
[0373.40] Log: ==== 1 total
[0373.44] Log: Built Phys StaticMesh Cache: 7.103 ms
[0373.44] Log: COOKEDPHYSICS: 0 TriMeshes (0.000000 KB), 2 Convex Hulls (5.746094 KB) - Total 5.746094 KB
[0373.65] Log: COOKEDPHYSICS: BSP 630.64 KB
[0375.11] Log: Save=1672.208000
[0375.11] Log: Moving 'd:\projects\Duke2003\Binaries\Win64\..\..\UDKGame\Autosaves\UEDPIEz1l2_save.tmp' to 'd:\projects\Duke2003\Binaries\Win64\..\..\UDKGame\Autosaves\UEDPIEz1l2.udk'
[0377.04] Cmd: MAP LOAD PLAYWORLD=1 FILE="d:\projects\Duke2003\Binaries\Win64\..\..\UDKGame\Autosaves\UEDPIEz1l2.udk"
[0378.22] Log: Finished looking for orphan Actors (0.003 secs)
[0378.22] Log: Spawned Clear paths rebuilt
[0378.22] Log: Game class is 'UTGame'
[0378.51] Log: Primary PhysX scene will be in software.
[0378.51] Log: Creating Primary PhysX Scene.
[0378.52] Log: Bringing World UEDPIEz1l2.TheWorld up for play (0) at 2023.05.21-22.10.24
[0378.53] Log: Bringing up level for play took: 0.299188
[0378.86] ScriptWarning: Accessed None 'MapInfo'
	GFxMinimap Transient.GFxMinimapHud_2:GFxMinimap_2
	Function UTGame.GFxMinimap:Init:00F2
[0378.86] ScriptWarning: Accessed None 'OnlineSub'
	UTPlayerController UEDPIEz1l2.TheWorld:PersistentLevel.UTPlayerController_1
	Function UTGame.UTPlayerController:ClientSetOnlineStatus:0033
[0378.86] ScriptWarning: Accessed None 'OnlineSub'
	UTPlayerController UEDPIEz1l2.TheWorld:PersistentLevel.UTPlayerController_1
	Function UTGame.UTPlayerController:ClientSetOnlineStatus:02D1
[0378.86] ScriptWarning: Accessed None
	UTPlayerController UEDPIEz1l2.TheWorld:PersistentLevel.UTPlayerController_1
	Function UTGame.UTPlayerController:ClientSetOnlineStatus:02E5
[0378.86] Log: PIE: play in editor start time for UEDPIEz1l2 5.545
[0378.86] ScriptWarning: Accessed None 'MapInfo'
	GFxMinimap Transient.GFxMinimapHud_3:GFxMinimap_3
	Function UTGame.GFxMinimap:Init:00F2
[0378.90] ScriptWarning: Accessed None 'LeftHandIK'
	UTPawn UEDPIEz1l2.TheWorld:PersistentLevel.UTPawn_1
	Function UTGame.UTPawn:SetHandIKEnabled:0066
[0378.90] ScriptWarning: Accessed None 'RightHandIK'
	UTPawn UEDPIEz1l2.TheWorld:PersistentLevel.UTPawn_1
	Function UTGame.UTPawn:SetHandIKEnabled:008F
[0378.90] Cmd: SETSOUNDMODE Default
[0378.90] ScriptLog: START MATCH
[0378.92] ScriptWarning: Accessed None 'MapInfo'
	GFxMinimap Transient.GFxMinimapHud_3:GFxMinimap_3
	Function UTGame.GFxMinimap:UpdateData:0015
[1282.05] Cmd: onrelease ShowMenu
[1282.06] ScriptWarning: Accessed None 'ViewportClient'
	UTPlayerController UEDPIEz1l2.TheWorld:PersistentLevel.UTPlayerController_1
	Function UTGame.UTPlayerController:Destroyed:0041
[1346.49] Log: 
==== Worlds needing PIE Save:
[1346.49] Log: ==== 0 total
[1346.49] Cmd: MAP LOAD PLAYWORLD=1 FILE="d:\projects\Duke2003\Binaries\Win64\..\..\UDKGame\Autosaves\UEDPIEz1l2.udk"
[1347.57] Log: Finished looking for orphan Actors (0.004 secs)
[1347.57] Log: Game class is 'UTGame'
[1348.23] Log: Primary PhysX scene will be in software.
[1348.23] Log: Creating Primary PhysX Scene.
[1348.23] Log: Bringing World UEDPIEz1l2.TheWorld up for play (0) at 2023.05.21-22.26.33
[1348.25] Log: Bringing up level for play took: 0.634470
[1348.29] ScriptWarning: Accessed None 'MapInfo'
	GFxMinimap Transient.GFxMinimapHud_4:GFxMinimap_4
	Function UTGame.GFxMinimap:Init:00F2
[1348.29] ScriptWarning: Accessed None 'OnlineSub'
	UTPlayerController UEDPIEz1l2.TheWorld:PersistentLevel.UTPlayerController_2
	Function UTGame.UTPlayerController:ClientSetOnlineStatus:0033
[1348.29] ScriptWarning: Accessed None 'OnlineSub'
	UTPlayerController UEDPIEz1l2.TheWorld:PersistentLevel.UTPlayerController_2
	Function UTGame.UTPlayerController:ClientSetOnlineStatus:02D1
[1348.29] ScriptWarning: Accessed None
	UTPlayerController UEDPIEz1l2.TheWorld:PersistentLevel.UTPlayerController_2
	Function UTGame.UTPlayerController:ClientSetOnlineStatus:02E5
[1348.29] Log: PIE: play in editor start time for UEDPIEz1l2 1.888
[1348.30] ScriptWarning: Accessed None 'MapInfo'
	GFxMinimap Transient.GFxMinimapHud_5:GFxMinimap_5
	Function UTGame.GFxMinimap:Init:00F2
[1348.41] ScriptWarning: Accessed None 'LeftHandIK'
	UTPawn UEDPIEz1l2.TheWorld:PersistentLevel.UTPawn_3
	Function UTGame.UTPawn:SetHandIKEnabled:0066
[1348.41] ScriptWarning: Accessed None 'RightHandIK'
	UTPawn UEDPIEz1l2.TheWorld:PersistentLevel.UTPawn_3
	Function UTGame.UTPawn:SetHandIKEnabled:008F
[1348.42] Cmd: SETSOUNDMODE Default
[1348.42] Scrip