Log: Log file open, 05/21/23 23:30:14
Init: WinSock: version 1.1 (2.2), MaxSocks=32767, MaxUdp=65467
Init: Version: 8364
Init: Epic Internal: 0
Init: Compiled (64-bit): May 21 2023 21:59:00
Init: Changelist: 871961
Init: Command line: make all 
Init: Base directory: D:\projects\Duke2003\Binaries\Win64\
DevConfig: GConfig::LoadFile associated file:  ..\..\UDKGame\Config\UDKCompat.ini
[0000.53] Init: Computer: JUSTIN-MAINPC
[0000.53] Init: User: justi
[0000.53] Init: CPU Page size=4096, Processors=32
[0000.53] Init: High frequency timer resolution =10.000000 MHz
[0000.53] Init: Memory total: Physical=63.1GB Pagefile=84.1GB Virtual=131072.0GB
[0000.55] Init: WinSock: I am justin-mainpc (192.168.1.4:0)
[0000.55] Init: Presizing for 0 objects not considered by GC, pre-allocating 0 bytes.
[0000.55] Init: Object subsystem initialized
[0018.26] DevDataBase: Failure trying to open connection [Provider=sqloledb;Data Source=production-db;Initial Catalog=EngineTaskPerf;Trusted_Connection=Yes;Connection Timeout=2] [Invalid connection string attribute]
[0018.26] DevDataBase: Connection to "Provider=sqloledb;Data Source=production-db;Initial Catalog=EngineTaskPerf;Trusted_Connection=Yes;Connection Timeout=2" or "10.1.20.20" failed
[0018.27] DevDataBase: Failure closing connection [Operation is not allowed when the object is closed.]
[0018.29] Log: Shader platform (RHI): PC-D3D-SM3
[0018.32] Log: PhysX GPU Support: DISABLED
[0018.32] Init: Initializing FaceFX...
[0018.32] Init: FaceFX 1.7.4 initialized.
[0018.39] Init: Version: 8364
[0018.39] Init: Epic Internal: 0
[0018.39] Init: Compiled (64-bit): May 21 2023 21:58:59
[0018.39] Init: Command line:  all 
[0018.39] Init: Base directory: D:\projects\Duke2003\Binaries\Win64\
[0018.39] Init: Character set: Unicode
[0018.39] Log: Executing Class UnrealEd.MakeCommandlet
[0018.39] Init: UEngine initialized
[0018.44] Heading: --------------------Core - Release--------------------
[0018.44] Log: New File, Existing Package (Package Untitled_0, Package Core)
[0018.45] Log: Loading global macros for Core
[0018.46] Heading: --------------------Engine - Release--------------------
[0018.48] Log: New File, Existing Package (Package Untitled_1, Package Engine)
[0018.62] Log: Loading global macros for Engine
[0018.87] Heading: --------------------GFxUI - Release--------------------
[0018.87] Log: New File, Existing Package (Package Untitled_2, Package GFxUI)
[0018.87] Log: Loading global macros for GFxUI
[0018.87] Heading: --------------------GameFramework - Release--------------------
[0018.88] Log: New File, Existing Package (Package Untitled_3, Package GameFramework)
[0018.89] Log: Loading global macros for GameFramework
[0018.92] Heading: --------------------UnrealEd - Release--------------------
[0018.92] Log: New File, Existing Package (Package Untitled_4, Package UnrealEd)
[0018.93] Log: Loading global macros for UnrealEd
[0018.95] Heading: --------------------GFxUIEditor - Release--------------------
[0018.95] Log: New File, Existing Package (Package Untitled_5, Package GFxUIEditor)
[0018.95] Log: Loading global macros for GFxUIEditor
[0018.95] Heading: --------------------IpDrv - Release--------------------
[0018.95] Log: New File, Existing Package (Package Untitled_6, Package IpDrv)
[0018.96] Log: Loading global macros for IpDrv
[0018.97] Heading: --------------------OnlineSubsystemPC - Release--------------------
[0018.97] Log: New File, Existing Package (Package Untitled_7, Package OnlineSubsystemPC)
[0018.97] Log: Loading global macros for OnlineSubsystemPC
[0018.98] Heading: --------------------OnlineSubsystemGameSpy - Release--------------------
[0018.98] Log: New File, Existing Package (Package Untitled_8, Package OnlineSubsystemGameSpy)
[0018.98] Log: Loading global macros for OnlineSubsystemGameSpy
[0018.99] Heading: --------------------OnlineSubsystemLive - Release--------------------
[0018.99] Log: New File, Existing Package (Package Untitled_9, Package OnlineSubsystemLive)
[0019.00] Log: Loading global macros for OnlineSubsystemLive
[0019.01] Heading: --------------------OnlineSubsystemSteamworks - Release--------------------
[0019.01] Log: New File, Existing Package (Package Untitled_10, Package OnlineSubsystemSteamworks)
[0019.01] Log: Loading global macros for OnlineSubsystemSteamworks
[0019.02] Heading: --------------------UDKBase - Release--------------------
[0019.02] Log: New File, Existing Package (Package Untitled_11, Package UDKBase)
[0019.04] Log: Loading global macros for UDKBase
[0019.05] Heading: --------------------UTEditor - Release--------------------
[0019.05] Log: New File, Existing Package (Package Untitled_12, Package UTEditor)
[0019.05] Log: Loading global macros for UTEditor
[0019.05] Heading: --------------------UTGame - Release--------------------
[0019.06] Log: Package UTGame changed, recompiling
[0019.07] Log: Analyzing...
[0019.07] Log: Loading global macros for UTGame
[0019.99] Log: Exporting native class declarations for UTGame
[0019.99] Log: Autogenerating C++ header: 
[0021.94] Log: Exported updated C++ header: ..\..\Development\Src\UTGame\Inc\UTGameClasses.h
[0021.94] Log: Autogenerating C++ header: UTGameNames.h
[0025.03] Log: Exported updated C++ header: ..\..\Development\Src\UTGame\Inc\UTGameNames.h
[0025.13] Log: Success: Compiled 129628 line(s), 12652 statement(s).

[0025.13] Log: Scripts successfully compiled - saving package 'D:\projects\Duke2003\Binaries\Win64\..\..\UDKGame\Script\UTGame.u'
[0025.30] Log: Save=176.250000
[0025.30] Log: Moving '..\..\UDKGame\Script\UTGame_save.tmp' to '..\..\UDKGame\Script\UTGame.u'
[0025.31] Heading: --------------------UTGameContent - Release--------------------
[0025.31] Log: Analyzing...
[0025.31] Log: Loading global macros for UTGameContent
[0025.37] Log: Success: Compiled 4380 line(s), 539 statement(s).

[0025.37] Log: Scripts successfully compiled - saving package 'D:\projects\Duke2003\Binaries\Win64\..\..\UDKGame\Script\UTGameContent.u'
[0025.41] Log: Save=45.713600
[0025.41] Log: Moving '..\..\UDKGame\Script\UTGameContent_save.tmp' to '..\..\UDKGame\Script\UTGameContent.u'
[0025.41] Heading: --------------------dnGame - Release--------------------
[0025.41] Log: Analyzing...
[0025.41] Log: Loading global macros for dnGame
[0025.42] Log: Exporting native class declarations for dnGame
[0025.42] Log: Autogenerating C++ header: 
[0028.02] Log: Exported updated C++ header: ..\..\Development\Src\dnGame\Inc\dnGameClasses.h
[0028.02] Log: Autogenerating C++ header: dnGameNames.h
[0028.02] Log: Success: Compiled 22 line(s), 4 statement(s).

[0028.02] Log: Scripts successfully compiled - saving package 'D:\projects\Duke2003\Binaries\Win64\..\..\UDKGame\Script\dnGame.u'
[0028.05] Log: Save=31.071900
[0028.05] Log: Moving '..\..\UDKGame\Script\dnGame_save.tmp' to '..\..\UDKGame\Script\dnGame.u'
[0028.05] Heading: --------------------UDKUltimate - Release--------------------
[0028.06] Log: Analyzing...
[0028.06] Log: Loading global macros for UDKUltimate
[0028.07] Log: Success: Compiled 1075 line(s), 179 statement(s).

[0028.07] Log: Scripts successfully compiled - saving package 'D:\projects\Duke2003\Binaries\Win64\..\..\UDKGame\Script\UDKUltimate.u'
[0028.10] Log: Save=23.815100
[0028.10] Log: Moving '..\..\UDKGame\Script\UDKUltimate_save.tmp' to '..\..\UDKGame\Script\UDKUltimate.u'
[0028.14] Log: 
[0028.14] Log: Success - 0 error(s), 0 warning(s)
[0028.14] Log: 
Execution of commandlet took:  9.74 seconds
[0028.14] Exit: Preparing to exit.
[0028.19] Exit: Object subsystem successfully closed.
[0028.19] Log: Shutting down FaceFX...
[0028.19] Log: FaceFX shutdown.
[0028.19] DevDataBase: Spent 17.703003 seconds communicating with "Provider=sqloledb;Data Source=production-db;Initial Catalog=EngineTaskPerf;Trusted_Connection=Yes;Connection Timeout=2" or "10.1.20.20"
[0028.19] Exit: Exiting.
[0028.19] Log: Log file closed, 05/21/23 23:30:41
