Log: Log file open, 05/22/23 12:09:14
Init: WinSock: version 1.1 (2.2), MaxSocks=32767, MaxUdp=65467
Init: Version: 8364
Init: Epic Internal: 0
Init: Compiled (64-bit): May 21 2023 21:56:09
Init: Changelist: 871961
Init: Command line: editor 
Init: Base directory: d:\projects\Duke2003\Binaries\Win64\
DevConfig: GConfig::LoadFile has loaded file:  ..\..\UDKGame\Config\UDKEditor.ini
DevConfig: GConfig::LoadFile has loaded file:  ..\..\UDKGame\Config\UDKEditorUserSettings.ini
DevConfig: GConfig::LoadFile associated file:  ..\..\UDKGame\Config\UDKCompat.ini
DevConfig: GConfig::LoadFile has loaded file:  ..\..\UDKGame\Config\UDKLightmass.ini
DevConfig: GConfig::LoadFile has loaded file:  ..\..\UDKGame\Config\UDKEngine.ini
DevConfig: GConfig::LoadFile has loaded file:  ..\..\UDKGame\Config\UDKGame.ini
DevConfig: GConfig::LoadFile has loaded file:  ..\..\UDKGame\Config\UDKInput.ini
DevConfig: GConfig::LoadFile has loaded file:  ..\..\UDKGame\Config\UDKUI.ini
[0000.56] Init: Computer: JUSTIN-MAINPC
[0000.56] Init: User: justi
[0000.56] Init: CPU Page size=4096, Processors=32
[0000.56] Init: High frequency timer resolution =10.000000 MHz
[0000.56] Init: Memory total: Physical=63.1GB Pagefile=84.1GB Virtual=131072.0GB
[0000.56] DevStats: GSecondsPerCycle 1.000000e-007
[0000.61] Init: WinSock: I am justin-mainpc (192.168.1.4:0)
[0000.61] Init: Presizing for 0 objects not considered by GC, pre-allocating 0 bytes.
[0000.61] Init: Object subsystem initialized
[0000.61] DevSave: (System) 'Default__System' loading configuration from ..\..\UDKGame\Config\UDKEngine.ini
[0000.61] DevSave:    Loading value for SeekFreePCPaths from [Core.System]
[0000.61] DevSave:    Loading value for SeekFreePCExtensions from [Core.System]
[0000.61] DevSave:    Loading value for CutdownPaths from [Core.System]
[0000.61] DevSave:    Loading value for LocalizationPaths from [Core.System]
[0000.61] DevSave:    Loading value for TextureFileCacheExtension from [Core.System]
[0000.61] DevSave:    Loading value for Extensions from [Core.System]
[0000.61] DevSave:    Loading value for Suppress from [Core.System]
[0000.61] DevSave:    Loading value for FRScriptPaths from [Core.System]
[0000.61] DevSave:    Loading value for ScriptPaths from [Core.System]
[0000.61] DevSave:    Loading value for Paths from [Core.System]
[0000.61] DevSave:    Loading value for ScreenShotPath from [Core.System]
[0000.61] DevSave:    Loading value for CacheExt from [Core.System]
[0000.61] DevSave:    Loading value for CachePath from [Core.System]
[0000.61] DevSave:    Loading value for SavePath from [Core.System]
[0000.61] DevSave:    Loading value for AsyncIOBandwidthLimit from [Core.System]
[0000.61] DevSave:    Loading value for PackageSizeSoftLimit from [Core.System]
[0000.61] DevSave:    Loading value for MaxOverallCacheSize from [Core.System]
[0000.61] DevSave:    Loading value for MaxStaleCacheSize from [Core.System]
[0000.61] DevSave:    Loading value for StaleCacheDays from [Core.System]
[0019.31] DevDataBase: Failure trying to open connection [Provider=sqloledb;Data Source=production-db;Initial Catalog=EngineTaskPerf;Trusted_Connection=Yes;Connection Timeout=2] [Invalid connection string attribute]
[0019.31] DevDataBase: Connection to "Provider=sqloledb;Data Source=production-db;Initial Catalog=EngineTaskPerf;Trusted_Connection=Yes;Connection Timeout=2" or "10.1.20.20" failed
[0019.31] DevDataBase: Failure closing connection [Operation is not allowed when the object is closed.]
[0019.38] Log: Shader platform (RHI): PC-D3D-SM3
[0019.53] Log: PhysX GPU Support: DISABLED
[0019.54] Init: Initializing FaceFX...
[0019.54] Init: FaceFX 1.7.4 initialized.
[0021.53] Init: Finished loading startup packages in 1.83 seconds
[0021.53] Log: 76303 objects as part of root set at end of initial load.
[0021.53] Log: 0 out of 0 bytes used by permanent object pool.
[0021.54] Log: Supported Consoles:
[0021.54] Log:   PC
[0021.54] Log: Initializing Engine...
[0021.59] Log: Encountered missing default brush - spawning new one
[0021.59] Init: UEngine initialized
[0021.59] Log: Primary PhysX scene will be in software.
[0021.59] Log: Creating Primary PhysX Scene.
[0021.60] Init: Transaction tracking system initialized
[0022.69] Init: XAudio2 using 'Speakers (High Definition Audio Device)' : 2 channels at 48 kHz using 32 bits per sample (channel mask 0x3)
[0022.73] Log: Working around XDK XAudio2 regression: TRUE
[0022.75] Init: XAudio2Device initialized.
[0023.14] Init: Client initialized
[0023.14] Init: Editor engine initialized
[0023.22] Log: Initializing Engine Completed
[0023.22] Log: >>>>>>>>>>>>>> Initial startup: 23.22s <<<<<<<<<<<<<<<
[0023.30] Cmd: MODE MAPEXT=udk
[0023.36] SourceControl: Source Control disabled in UDKEditorUserSettings.ini.  [SourceControl] has Disabled=True
[0023.37] SourceControl: Source Control disabled in UDKEditorUserSettings.ini.  [SourceControl] has Disabled=True
[0024.23] Log: Found D3D11 adapter 0: NVIDIA GeForce RTX 4090
[0024.23] Log: Adapter has 24156MB of dedicated video memory, 0MB of dedicated system memory, and 32331MB of shared system memory
[0024.27] Log: Found D3D11 adapter 1: Microsoft Basic Render Driver
[0024.27] Log: Adapter has 0MB of dedicated video memory, 0MB of dedicated system memory, and 32331MB of shared system memory
[0026.98] Cmd: MAP LOAD FILE="..\..\UDKGame\Content\Maps\Templates\Template_MidDay.umap"
[0027.18] Log: Encountered missing default brush - spawning new one
[0027.56] Log: New File, Existing Package (Package Untitled_2, Package Template_MidDay)
[0027.64] Log: -- Checking Building LODs
[0027.64] Log: Primary PhysX scene will be in software.
[0027.64] Log: Creating Primary PhysX Scene.
[0027.65] Log: Finished looking for orphan Actors (0.003 secs)
[0027.65] Cmd: MAP CHECKDEP DONTCLEARMESSAGES
[0027.69] Log: TIMER ALL OF INIT : [8.135756]
[0031.33] Log: 
==== Worlds needing PIE Save:
[0031.33] Log: Untitled_2
[0031.33] Log: ==== 1 total
[0031.36] Log: Built Phys StaticMesh Cache: 2.042 ms
[0031.36] Log: COOKEDPHYSICS: 1 TriMeshes (0.597656 KB), 1 Convex Hulls (1.082031 KB) - Total 1.679688 KB
[0031.44] Log: Save=73.952500
[0031.44] Log: Moving 'd:\projects\Duke2003\Binaries\Win64\..\..\UDKGame\Autosaves\UEDPIEUntitled_2_save.tmp' to 'd:\projects\Duke2003\Binaries\Win64\..\..\UDKGame\Autosaves\UEDPIEUntitled_2.udk'
[0031.45] Cmd: MAP LOAD PLAYWORLD=1 FILE="d:\projects\Duke2003\Binaries\Win64\..\..\UDKGame\Autosaves\UEDPIEUntitled_2.udk"
[0031.46] Log: Finished looking for orphan Actors (0.003 secs)
[0031.46] Log: Game class is 'dnSinglePlayer'
[0031.49] Log: Primary PhysX scene will be in software.
[0031.49] Log: Creating Primary PhysX Scene.
[0031.50] Log: *** WARNING - PATHS MAY NOT BE VALID ***
[0031.50] Log: Bringing World UEDPIEUntitled_2.TheWorld up for play (0) at 2023.05.22-12.09.45
[0031.51] Log: Bringing up level for play took: 0.023025
[0031.74] ScriptWarning: Accessed None 'MapInfo'
	GFxMinimap Transient.GFxMinimapHud_0:GFxMinimap_0
	Function UTGame.GFxMinimap:Init:00F2
[0031.74] ScriptWarning: Accessed None 'OnlineSub'
	dnPlayerController UEDPIEUntitled_2.TheWorld:PersistentLevel.dnPlayerController_0
	Function UTGame.UTPlayerController:ClientSetOnlineStatus:0033
[0031.74] ScriptWarning: Accessed None 'OnlineSub'
	dnPlayerController UEDPIEUntitled_2.TheWorld:PersistentLevel.dnPlayerController_0
	Function UTGame.UTPlayerController:ClientSetOnlineStatus:02D1
[0031.74] ScriptWarning: Accessed None
	dnPlayerController UEDPIEUntitled_2.TheWorld:PersistentLevel.dnPlayerController_0
	Function UTGame.UTPlayerController:ClientSetOnlineStatus:02E5
[0031.74] Log: PIE: play in editor start time for UEDPIEUntitled_2 0.590
[0031.75] ScriptWarning: Accessed None 'MapInfo'
	GFxMinimap Transient.GFxMinimapHud_1:GFxMinimap_1
	Function UTGame.GFxMinimap:Init:00F2
[0031.80] ScriptWarning: Accessed None 'LeftHandIK'
	PlayerPawn UEDPIEUntitled_2.TheWorld:PersistentLevel.PlayerPawn_0
	Function UTGame.UTPawn:SetHandIKEnabled:0066
[0031.80] ScriptWarning: Accessed None 'RightHandIK'
	PlayerPawn UEDPIEUntitled_2.TheWorld:PersistentLevel.PlayerPawn_0
	Function UTGame.UTPawn:SetHandIKEnabled:008F
[0031.81] Cmd: SETSOUNDMODE Default
[0031.81] ScriptLog: START MATCH
[0031.81] ScriptWarning: Accessed None 'MapInfo'
	GFxMinimap Transient.GFxMinimapHud_1:GFxMinimap_1
	Function UTGame.GFxMinimap:UpdateData:0015
[0047.55] Cmd: StartFire 
[0047.55] Cmd: OnRelease StopFire
[0047.66] Cmd: StopFire
[0053.78] Cmd: onrelease ShowMenu
[0053.79] ScriptWarning: Accessed None 'ViewportClient'
	dnPlayerController UEDPIEUntitled_2.TheWorld:PersistentLevel.dnPlayerController_0
	Function UTGame.UTPlayerController:Destroyed:0041
[0053.79] ScriptWarning: Player start not found, failed to restart player
	dnSinglePlayer UEDPIEUntitled_2.TheWorld:PersistentLevel.dnSinglePlayer_0
	Function Engine.GameInfo:RestartPlayer:025E
[0056.59] Exit: Preparing to exit.
[0056.68] Exit: Editor shut down
[0056.68] Exit: Transaction tracking system shut down
[0056.86] Exit: Windows client shut down
[0056.86] Exit: XAudio2 Device shut down.
[0056.94] Exit: Object subsystem successfully closed.
[0056.95] Log: Shutting down FaceFX...
[0056.95] Log: FaceFX shutdown.
[0056.98] DevDataBase: Spent 18.687437 seconds communicating with "Provider=sqloledb;Data Source=production-db;Initial Catalog=EngineTaskPerf;Trusted_Connection=Yes;Connection Timeout=2" or "10.1.20.20"
[0056.98] Exit: Exiting.
[0056.99] Log: Log file closed, 05/22/23 12:10:11
