Log: Log file open, 05/21/23 20:20:27
Init: WinSock: version 1.1 (2.2), MaxSocks=32767, MaxUdp=65467
Init: Version: 8364
Init: Epic Internal: 0
Init: Compiled (64-bit): May 21 2023 13:02:35
Init: Changelist: 871961
Init: Command line: editor 
Init: Base directory: d:\projects\Duke2003\Binaries\Win64\
DevConfig: GConfig::LoadFile has loaded file:  ..\..\UDKGame\Config\UDKEditor.ini
DevConfig: GConfig::LoadFile has loaded file:  ..\..\UDKGame\Config\UDKEditorUserSettings.ini
DevConfig: GConfig::LoadFile associated file:  ..\..\UDKGame\Config\UDKCompat.ini
DevConfig: GConfig::LoadFile has loaded file:  ..\..\UDKGame\Config\UDKLightmass.ini
DevConfig: GConfig::LoadFile has loaded file:  ..\..\UDKGame\Config\UDKEngine.ini
DevConfig: GConfig::LoadFile has loaded file:  ..\..\UDKGame\Config\UDKGame.ini
DevConfig: GConfig::LoadFile has loaded file:  ..\..\UDKGame\Config\UDKInput.ini
DevConfig: GConfig::LoadFile has loaded file:  ..\..\UDKGame\Config\UDKUI.ini
[0000.55] Init: Computer: JUSTIN-MAINPC
[0000.55] Init: User: justi
[0000.55] Init: CPU Page size=4096, Processors=32
[0000.55] Init: High frequency timer resolution =10.000000 MHz
[0000.55] Init: Memory total: Physical=63.1GB Pagefile=84.1GB Virtual=131072.0GB
[0000.56] DevStats: GSecondsPerCycle 1.000000e-007
[0000.60] Init: WinSock: I am justin-mainpc (192.168.1.4:0)
[0000.60] Init: Presizing for 0 objects not considered by GC, pre-allocating 0 bytes.
[0000.60] Init: Object subsystem initialized
[0000.60] DevSave: (System) 'Default__System' loading configuration from ..\..\UDKGame\Config\UDKEngine.ini
[0000.60] DevSave:    Loading value for SeekFreePCPaths from [Core.System]
[0000.60] DevSave:    Loading value for SeekFreePCExtensions from [Core.System]
[0000.60] DevSave:    Loading value for CutdownPaths from [Core.System]
[0000.60] DevSave:    Loading value for LocalizationPaths from [Core.System]
[0000.60] DevSave:    Loading value for TextureFileCacheExtension from [Core.System]
[0000.60] DevSave:    Loading value for Extensions from [Core.System]
[0000.60] DevSave:    Loading value for Suppress from [Core.System]
[0000.60] DevSave:    Loading value for FRScriptPaths from [Core.System]
[0000.60] DevSave:    Loading value for ScriptPaths from [Core.System]
[0000.60] DevSave:    Loading value for Paths from [Core.System]
[0000.60] DevSave:    Loading value for ScreenShotPath from [Core.System]
[0000.60] DevSave:    Loading value for CacheExt from [Core.System]
[0000.60] DevSave:    Loading value for CachePath from [Core.System]
[0000.60] DevSave:    Loading value for SavePath from [Core.System]
[0000.60] DevSave:    Loading value for AsyncIOBandwidthLimit from [Core.System]
[0000.60] DevSave:    Loading value for PackageSizeSoftLimit from [Core.System]
[0000.60] DevSave:    Loading value for MaxOverallCacheSize from [Core.System]
[0000.60] DevSave:    Loading value for MaxStaleCacheSize from [Core.System]
[0000.60] DevSave:    Loading value for StaleCacheDays from [Core.System]
[0018.39] DevDataBase: Failure trying to open connection [Provider=sqloledb;Data Source=production-db;Initial Catalog=EngineTaskPerf;Trusted_Connection=Yes;Connection Timeout=2] [Invalid connection string attribute]
[0018.39] DevDataBase: Connection to "Provider=sqloledb;Data Source=production-db;Initial Catalog=EngineTaskPerf;Trusted_Connection=Yes;Connection Timeout=2" or "10.1.20.20" failed
[0018.39] DevDataBase: Failure closing connection [Operation is not allowed when the object is closed.]
[0018.46] Log: Shader platform (RHI): PC-D3D-SM3
[0018.61] Log: PhysX GPU Support: DISABLED
[0018.61] Init: Initializing FaceFX...
[0018.61] Init: FaceFX 1.7.4 initialized.
[0020.56] Init: Finished loading startup packages in 1.81 seconds
[0020.57] Log: 76297 objects as part of root set at end of initial load.
[0020.57] Log: 0 out of 0 bytes used by permanent object pool.
[0020.58] Log: Supported Consoles:
[0020.58] Log:   PC
[0020.58] Log: Initializing Engine...
[0020.62] Log: Encountered missing default brush - spawning new one
[0020.63] Init: UEngine initialized
[0020.63] Log: Primary PhysX scene will be in software.
[0020.63] Log: Creating Primary PhysX Scene.
[0020.64] Init: Transaction tracking system initialized
[0021.74] Init: XAudio2 using 'Speakers (High Definition Audio Device)' : 2 channels at 48 kHz using 32 bits per sample (channel mask 0x3)
[0021.78] Log: Working around XDK XAudio2 regression: TRUE
[0021.79] Init: XAudio2Device initialized.
[0022.19] Init: Client initialized
[0022.19] Init: Editor engine initialized
[0022.28] Log: Initializing Engine Completed
[0022.28] Log: >>>>>>>>>>>>>> Initial startup: 22.28s <<<<<<<<<<<<<<<
[0022.35] Cmd: MODE MAPEXT=udk
[0022.45] SourceControl: Source Control disabled in UDKEditorUserSettings.ini.  [SourceControl] has Disabled=True
[0022.47] SourceControl: Source Control disabled in UDKEditorUserSettings.ini.  [SourceControl] has Disabled=True
[0023.38] Log: Found D3D11 adapter 0: NVIDIA GeForce RTX 4090
[0023.38] Log: Adapter has 24156MB of dedicated video memory, 0MB of dedicated system memory, and 32331MB of shared system memory
[0023.41] Log: Found D3D11 adapter 1: Microsoft Basic Render Driver
[0023.41] Log: Adapter has 0MB of dedicated video memory, 0MB of dedicated system memory, and 32331MB of shared system memory
[0026.44] Cmd: MAP LOAD FILE="..\..\UDKGame\Content\Maps\Templates\Template_MidDay.umap"
[0026.70] Log: Encountered missing default brush - spawning new one
[0027.17] Log: New File, Existing Package (Package Untitled_2, Package Template_MidDay)
[0027.26] Log: -- Checking Building LODs
[0027.27] Log: Primary PhysX scene will be in software.
[0027.27] Log: Creating Primary PhysX Scene.
[0027.27] Log: Finished looking for orphan Actors (0.003 secs)
[0027.28] Cmd: MAP CHECKDEP DONTCLEARMESSAGES
[0027.32] Log: TIMER ALL OF INIT : [8.696867]
[0033.00] Log: 
==== Worlds needing PIE Save:
[0033.01] Log: Untitled_2
[0033.01] Log: ==== 1 total
[0033.04] Log: Built Phys StaticMesh Cache: 3.588 ms
[0033.04] Log: COOKEDPHYSICS: 1 TriMeshes (0.597656 KB), 1 Convex Hulls (1.082031 KB) - Total 1.679688 KB
[0033.11] Log: Save=69.479600
[0033.11] Log: Moving 'd:\projects\Duke2003\Binaries\Win64\..\..\UDKGame\Autosaves\UEDPIEUntitled_2_save.tmp' to 'd:\projects\Duke2003\Binaries\Win64\..\..\UDKGame\Autosaves\UEDPIEUntitled_2.udk'
[0033.13] Cmd: MAP LOAD PLAYWORLD=1 FILE="d:\projects\Duke2003\Binaries\Win64\..\..\UDKGame\Autosaves\UEDPIEUntitled_2.udk"
[0033.14] Log: Finished looking for orphan Actors (0.003 secs)
[0033.14] Log: Game class is 'dnSinglePlayer'
[0033.15] Log: Primary PhysX scene will be in software.
[0033.15] Log: Creating Primary PhysX Scene.
[0033.16] Log: *** WARNING - PATHS MAY NOT BE VALID ***
[0033.16] Log: Bringing World UEDPIEUntitled_2.TheWorld up for play (0) at 2023.05.21-20.21.00
[0033.16] Log: Bringing up level for play took: 0.009254
[0033.39] ScriptWarning: Accessed None 'OnlineSub'
	dnPlayerController UEDPIEUntitled_2.TheWorld:PersistentLevel.dnPlayerController_0
	Function UTGame.UTPlayerController:ClientSetOnlineStatus:0033
[0033.39] ScriptWarning: Accessed None 'OnlineSub'
	dnPlayerController UEDPIEUntitled_2.TheWorld:PersistentLevel.dnPlayerController_0
	Function UTGame.UTPlayerController:ClientSetOnlineStatus:02D1
[0033.39] ScriptWarning: Accessed None
	dnPlayerController UEDPIEUntitled_2.TheWorld:PersistentLevel.dnPlayerController_0
	Function UTGame.UTPlayerController:ClientSetOnlineStatus:02E5
[0033.39] Log: PIE: play in editor start time for UEDPIEUntitled_2 0.563
[0034.72] Cmd: StartFire 
[0034.72] ScriptWarning: bRestartLevel && !server, abort from RestartPlayer NM_Standalone
	dnSinglePlayer UEDPIEUntitled_2.TheWorld:PersistentLevel.dnSinglePlayer_0
	Function Engine.GameInfo:RestartPlayer:00BB
[0034.72] Cmd: OnRelease StopFire
[0034.86] Cmd: StopFire
[0035.07] Cmd: StartAltFire 
[0035.08] ScriptWarning: bRestartLevel && !server, abort from RestartPlayer NM_Standalone
	dnSinglePlayer UEDPIEUntitled_2.TheWorld:PersistentLevel.dnSinglePlayer_0
	Function Engine.GameInfo:RestartPlayer:00BB
[0035.08] Cmd: OnRelease StopAltFire
[0035.21] Cmd: StopAltFire
[0037.54] Cmd: NextWeapon
[0037.55] Cmd: NextWeapon
[0037.57] Cmd: NextWeapon
[0037.60] Cmd: NextWeapon
[0041.11] Cmd: StartFire 
[0041.11] ScriptWarning: bRestartLevel && !server, abort from RestartPlayer NM_Standalone
	dnSinglePlayer UEDPIEUntitled_2.TheWorld:PersistentLevel.dnSinglePlayer_0
	Function Engine.GameInfo:RestartPlayer:00BB
[0041.11] Cmd: OnRelease StopFire
[0041.22] Cmd: StopFire
[0046.02] Cmd: onrelease ShowMenu
[0046.03] ScriptWarning: Accessed None 'ViewportClient'
	dnPlayerController UEDPIEUntitled_2.TheWorld:PersistentLevel.dnPlayerController_0
	Function UTGame.UTPlayerController:Destroyed:0041
[0050.79] Exit: Preparing to exit.
[0050.89] Exit: Editor shut down
[0050.89] Exit: Transaction tracking system shut down
[0051.05] Exit: Windows client shut down
[0051.06] Exit: XAudio2 Device shut down.
[0051.14] Exit: Object subsystem successfully closed.
[0051.15] Log: Shutting down FaceFX...
[0051.15] Log: FaceFX shutdown.
[0051.18] DevDataBase: Spent 17.775664 seconds communicating with "Provider=sqloledb;Data Source=production-db;Initial Catalog=EngineTaskPerf;Trusted_Connection=Yes;Connection Timeout=2" or "10.1.20.20"
[0051.18] Exit: Exiting.
[0051.18] Log: Log file closed, 05/21/23 20:21:18
