Log: Log file open, 05/21/23 23:09:27
Init: WinSock: version 1.1 (2.2), MaxSocks=32767, MaxUdp=65467
Init: Version: 8364
Init: Epic Internal: 0
Init: Compiled (64-bit): May 21 2023 21:59:00
Init: Changelist: 871961
Init: Command line: editor 
Init: Base directory: d:\projects\Duke2003\Binaries\Win64\
DevConfig: GConfig::LoadFile associated file:  ..\..\UDKGame\Config\UDKCompat.ini
[0000.54] Init: Computer: JUSTIN-MAINPC
[0000.54] Init: User: justi
[0000.54] Init: CPU Page size=4096, Processors=32
[0000.54] Init: High frequency timer resolution =10.000000 MHz
[0000.54] Init: Memory total: Physical=63.1GB Pagefile=84.1GB Virtual=131072.0GB
[0000.59] Init: WinSock: I am justin-mainpc (192.168.1.4:0)
[0000.59] Init: Presizing for 0 objects not considered by GC, pre-allocating 0 bytes.
[0000.59] Init: Object subsystem initialized
[0019.28] DevDataBase: Failure trying to open connection [Provider=sqloledb;Data Source=production-db;Initial Catalog=EngineTaskPerf;Trusted_Connection=Yes;Connection Timeout=2] [Invalid connection string attribute]
[0019.28] DevDataBase: Connection to "Provider=sqloledb;Data Source=production-db;Initial Catalog=EngineTaskPerf;Trusted_Connection=Yes;Connection Timeout=2" or "10.1.20.20" failed
[0019.28] DevDataBase: Failure closing connection [Operation is not allowed when the object is closed.]
[0019.35] Log: Shader platform (RHI): PC-D3D-SM3
[0019.48] Log: PhysX GPU Support: DISABLED
[0019.48] Init: Initializing FaceFX...
[0019.48] Init: FaceFX 1.7.4 initialized.
[0022.21] Init: Finished loading startup packages in 0.80 seconds
[0022.21] Log: 76297 objects as part of root set at end of initial load.
[0022.21] Log: 0 out of 0 bytes used by permanent object pool.
[0022.21] Log: Supported Consoles:
[0022.21] Log:   PC
[0022.21] Log: Initializing Engine...
[0022.24] Log: Encountered missing default brush - spawning new one
[0022.24] Init: UEngine initialized
[0022.24] Log: Primary PhysX scene will be in software.
[0022.24] Log: Creating Primary PhysX Scene.
[0022.25] Init: Transaction tracking system initialized
[0023.13] Init: XAudio2 using 'Speakers (High Definition Audio Device)' : 2 channels at 48 kHz using 32 bits per sample (channel mask 0x3)
[0023.15] Log: Working around XDK XAudio2 regression: TRUE
[0023.16] Init: XAudio2Device initialized.
[0023.54] Init: Client initialized
[0023.54] Init: Editor engine initialized
[0023.58] Log: Initializing Engine Completed
[0023.58] Log: >>>>>>>>>>>>>> Initial startup: 23.58s <<<<<<<<<<<<<<<
[0023.69] Cmd: MODE MAPEXT=udk
[0023.75] SourceControl: Source Control disabled in UDKEditorUserSettings.ini.  [SourceControl] has Disabled=True
[0023.77] SourceControl: Source Control disabled in UDKEditorUserSettings.ini.  [SourceControl] has Disabled=True
[0024.55] Log: Found D3D11 adapter 0: NVIDIA GeForce RTX 4090
[0024.55] Log: Adapter has 24156MB of dedicated video memory, 0MB of dedicated system memory, and 32331MB of shared system memory
[0024.59] Log: Found D3D11 adapter 1: Microsoft Basic Render Driver
[0024.59] Log: Adapter has 0MB of dedicated video memory, 0MB of dedicated system memory, and 32331MB of shared system memory
[0027.75] Cmd: MAP LOAD FILE="..\..\UDKGame\Content\Maps\Templates\Template_MidDay.umap"
[0028.04] Log: Encountered missing default brush - spawning new one
[0028.54] Log: New File, Existing Package (Package Untitled_2, Package Template_MidDay)
[0028.62] Log: -- Checking Building LODs
[0028.63] Log: Primary PhysX scene will be in software.
[0028.63] Log: Creating Primary PhysX Scene.
[0028.63] Log: Finished looking for orphan Actors (0.002 secs)
[0028.64] Cmd: MAP CHECKDEP DONTCLEARMESSAGES
[0028.67] Log: TIMER ALL OF INIT : [9.168362]
[0043.59] Log: Missing cached shader map for material Duke_Hand_Material, compiling.
[0044.08] Log: Missing cached shader map for material Master_Weapon_Shader, compiling.
[0082.55] Log: MGameAssetJournalClient::QueryBranchName: A branch name was not specified in the configuration file.  A globally unique name for this branch must be configured in order for the journaling system to function correctly.  This should usually be configured by the administrator of the development branch that you're working with.
[0082.55] Log: MGameAssetJournalClient::QueryBranchName: A branch name was not specified in the configuration file.  A globally unique name for this branch must be configured in order for the journaling system to function correctly.  This should usually be configured by the administrator of the development branch that you're working with.
[0083.03] Cmd: nxvis PHYSX_CLEAR_ALL
[0083.03] Log: Clearing all PhysX Debug Flags.
[0083.03] Cmd: apexvis APEX_CLEAR_ALL
[0083.03] DevPhysics: ApexSDK              : VISUALIZE_LOD_BENEFITS
[0083.03] DevPhysics: ApexSDK              : LOD_DISTANCE_SCALE
[0083.03] DevPhysics: Clothing             : VISUALIZE_CLOTHING_SKINNED_POSITIONS
[0083.03] DevPhysics: Clothing             : VISUALIZE_CLOTHING_SPHERE_COLLISION
[0083.03] DevPhysics: Clothing             : VISUALIZE_CLOTHING_MAX_DISTANCE_OUT
[0083.03] DevPhysics: Clothing             : VISUALIZE_CLOTHING_MAX_DISTANCE_IN
[0083.03] DevPhysics: Clothing             : VISUALIZE_CLOTHING_ALL_SKIN_MAP
[0083.03] DevPhysics: Clothing             : VISUALIZE_CLOTHING_BAD_SKIN_MAP
[0083.04] DevPhysics: Clothing             : VISUALIZE_CLOTHING_SKIN_MAP
[0083.04] DevPhysics: Clothing             : VISUALIZE_CLOTHING_RENDER_NORMALS
[0083.04] DevPhysics: Clothing             : VISUALIZE_CLOTHING_RENDER_TANGENTS
[0083.04] DevPhysics: Clothing             : VISUALIZE_CLOTHING_PHYSICS_MESH_WIRE
[0083.04] DevPhysics: Clothing             : VISUALIZE_CLOTHING_PHYSICS_MESH_SOLID
[0083.04] DevPhysics: Clothing             : VISUALIZE_CLOTHING_SKELETON
[0083.04] DevPhysics: Clothing             : VISUALIZE_CLOTHING_BONE_FRAMES
[0083.04] DevPhysics: Clothing             : VISUALIZE_CLOTHING_BONE_NAMES
[0083.04] DevPhysics: Clothing             : VISUALIZE_CLOTHING_VELOCITIES
[0083.04] DevPhysics: Clothing             : VISUALIZE_CLOTHING_GRAPHICAL_VERTEX_BONES
[0083.04] DevPhysics: Clothing             : VISUALIZE_CLOTHING_PHYSICAL_VERTEX_BONES
[0083.04] DevPhysics: Clothing             : VISUALIZE_CLOTHING_ACOLLISION_UMBRELLAS
[0083.04] DevPhysics: Destructible         : VISUALIZE_DESTRUCTIBLE_BOUNDS
[0083.04] DevPhysics: Destructible         : VISUALIZE_DESTRUCTIBLE_SUPPORT
[0083.04] DevPhysics: Destructible         : VISUALIZE_DESTRUCTIBLE_ACTOR_POSE
[0083.04] DevPhysics: Destructible         : THRESHOLD_DISTANCE_DESTRUCTIBLE_ACTOR_POSE
[0083.04] DevPhysics: Destructible         : VISUALIZE_DESTRUCTIBLE_ACTOR_NAME
[0083.04] DevPhysics: Destructible         : THRESHOLD_DISTANCE_DESTRUCTIBLE_ACTOR_NAME
[0083.04] DevPhysics: Destructible         : VISUALIZE_DESTRUCTIBLE_FRAGMENT_POSE
[0083.04] DevPhysics: Destructible         : THRESHOLD_DISTANCE_DESTRUCTIBLE_FRAGMENT_POSE
[0083.04] DevPhysics: Apex Debug (Scene 0): apexvis APEX_CLEAR_ALL FALSE
[0083.10] Log: Primary PhysX scene will be in software.
[0083.10] Log: Creating Primary PhysX Scene.
[0083.37] Log: MorphTargetSet (VH_Manta_MorphTargets) is added to the mesh (DefaultSkeletalMesh) that's not compatible. BaseSkelMesh has to be (SK_VH_Manta)
[0083.37] Log: MorphTargetSet (VH_Manta_MorphTargets) is added to the mesh (DefaultSkeletalMesh) that's not compatible. BaseSkelMesh has to be (SK_VH_Manta)
[0083.37] Log: MorphTargetSet (VH_Manta_MorphTargets) is added to the mesh (DefaultSkeletalMesh) that's not compatible. BaseSkelMesh has to be (SK_VH_Manta)
[0124.05] Cmd: nxvis PHYSX_CLEAR_ALL
[0124.05] Log: Clearing all PhysX Debug Flags.
[0124.07] Cmd: apexvis APEX_CLEAR_ALL
[0124.08] DevPhysics: ApexSDK              : VISUALIZE_LOD_BENEFITS
[0124.08] DevPhysics: ApexSDK              : LOD_DISTANCE_SCALE
[0124.08] DevPhysics: Clothing             : VISUALIZE_CLOTHING_SKINNED_POSITIONS
[0124.08] DevPhysics: Clothing             : VISUALIZE_CLOTHING_SPHERE_COLLISION
[0124.08] DevPhysics: Clothing             : VISUALIZE_CLOTHING_MAX_DISTANCE_OUT
[0124.08] DevPhysics: Clothing             : VISUALIZE_CLOTHING_MAX_DISTANCE_IN
[0124.08] DevPhysics: Clothing             : VISUALIZE_CLOTHING_ALL_SKIN_MAP
[0124.08] DevPhysics: Clothing             : VISUALIZE_CLOTHING_BAD_SKIN_MAP
[0124.08] DevPhysics: Clothing             : VISUALIZE_CLOTHING_SKIN_MAP
[0124.09] DevPhysics: Clothing             : VISUALIZE_CLOTHING_RENDER_NORMALS
[0124.09] DevPhysics: Clothing             : VISUALIZE_CLOTHING_RENDER_TANGENTS
[0124.09] DevPhysics: Clothing             : VISUALIZE_CLOTHING_PHYSICS_MESH_WIRE
[0124.09] DevPhysics: Clothing             : VISUALIZE_CLOTHING_PHYSICS_MESH_SOLID
[0124.09] DevPhysics: Clothing             : VISUALIZE_CLOTHING_SKELETON
[0124.09] DevPhysics: Clothing             : VISUALIZE_CLOTHING_BONE_FRAMES
[0124.09] DevPhysics: Clothing             : VISUALIZE_CLOTHING_BONE_NAMES
[0124.09] DevPhysics: Clothing             : VISUALIZE_CLOTHING_VELOCITIES
[0124.09] DevPhysics: Clothing             : VISUALIZE_CLOTHING_GRAPHICAL_VERTEX_BONES
[0124.09] DevPhysics: Clothing             : VISUALIZE_CLOTHING_PHYSICAL_VERTEX_BONES
[0124.09] DevPhysics: Clothing             : VISUALIZE_CLOTHING_ACOLLISION_UMBRELLAS
[0124.09] DevPhysics: Destructible         : VISUALIZE_DESTRUCTIBLE_BOUNDS
[0124.10] DevPhysics: Destructible         : VISUALIZE_DESTRUCTIBLE_SUPPORT
[0124.10] DevPhysics: Destructible         : VISUALIZE_DESTRUCTIBLE_ACTOR_POSE
[0124.10] DevPhysics: Destructible         : THRESHOLD_DISTANCE_DESTRUCTIBLE_ACTOR_POSE
[0124.10] DevPhysics: Destructible         : VISUALIZE_DESTRUCTIBLE_ACTOR_NAME
[0124.10] DevPhysics: Destructible         : THRESHOLD_DISTANCE_DESTRUCTIBLE_ACTOR_NAME
[0124.10] DevPhysics: Destructible         : VISUALIZE_DESTRUCTIBLE_FRAGMENT_POSE
[0124.10] DevPhysics: Destructible         : THRESHOLD_DISTANCE_DESTRUCTIBLE_FRAGMENT_POSE
[0124.10] DevPhysics: Apex Debug (Scene 0): apexvis APEX_CLEAR_ALL FALSE
[0124.10] DevPhysics: ApexSDK              : VISUALIZE_LOD_BENEFITS
[0124.10] DevPhysics: ApexSDK              : LOD_DISTANCE_SCALE
[0124.10] DevPhysics: Clothing             : VISUALIZE_CLOTHING_SKINNED_POSITIONS
[0124.10] DevPhysics: Clothing             : VISUALIZE_CLOTHING_SPHERE_COLLISION
[0124.10] DevPhysics: Clothing             : VISUALIZE_CLOTHING_MAX_DISTANCE_OUT
[0124.11] DevPhysics: Clothing             : VISUALIZE_CLOTHING_MAX_DISTANCE_IN
[0124.11] DevPhysics: Clothing             : VISUALIZE_CLOTHING_ALL_SKIN_MAP
[0124.11] DevPhysics: Clothing             : VISUALIZE_CLOTHING_BAD_SKIN_MAP
[0124.11] DevPhysics: Clothing             : VISUALIZE_CLOTHING_SKIN_MAP
[0124.11] DevPhysics: Clothing             : VISUALIZE_CLOTHING_RENDER_NORMALS
[0124.11] DevPhysics: Clothing             : VISUALIZE_CLOTHING_RENDER_TANGENTS
[0124.11] DevPhysics: Clothing             : VISUALIZE_CLOTHING_PHYSICS_MESH_WIRE
[0124.11] DevPhysics: Clothing             : VISUALIZE_CLOTHING_PHYSICS_MESH_SOLID
[0124.11] DevPhysics: Clothing             : VISUALIZE_CLOTHING_SKELETON
[0124.11] DevPhysics: Clothing             : VISUALIZE_CLOTHING_BONE_FRAMES
[0124.11] DevPhysics: Clothing             : VISUALIZE_CLOTHING_BONE_NAMES
[0124.11] DevPhysics: Clothing             : VISUALIZE_CLOTHING_VELOCITIES
[0124.12] DevPhysics: Clothing             : VISUALIZE_CLOTHING_GRAPHICAL_VERTEX_BONES
[0124.12] DevPhysics: Clothing             : VISUALIZE_CLOTHING_PHYSICAL_VERTEX_BONES
[0124.12] DevPhysics: Clothing             : VISUALIZE_CLOTHING_ACOLLISION_UMBRELLAS
[0124.12] DevPhysics: Destructible         : VISUALIZE_DESTRUCTIBLE_BOUNDS
[0124.12] DevPhysics: Destructible         : VISUALIZE_DESTRUCTIBLE_SUPPORT
[0124.12] DevPhysics: Destructible         : VISUALIZE_DESTRUCTIBLE_ACTOR_POSE
[0124.12] DevPhysics: Destructible         : THRESHOLD_DISTANCE_DESTRUCTIBLE_ACTOR_POSE
[0124.12] DevPhysics: Destructible         : VISUALIZE_DESTRUCTIBLE_ACTOR_NAME
[0124.12] DevPhysics: Destructible         : THRESHOLD_DISTANCE_DESTRUCTIBLE_ACTOR_NAME
[0124.12] DevPhysics: Destructible         : VISUALIZE_DESTRUCTIBLE_FRAGMENT_POSE
[0124.12] DevPhysics: Destructible         : THRESHOLD_DISTANCE_DESTRUCTIBLE_FRAGMENT_POSE
[0124.12] DevPhysics: Apex Debug (Scene 1): apexvis APEX_CLEAR_ALL FALSE
[0124.27] Log: Primary PhysX scene will be in software.
[0124.27] Log: Creating Primary PhysX Scene.
[0124.59] Log: MorphTargetSet (VH_Manta_MorphTargets) is added to the mesh (WP_PistolMesh) that's not compatible. BaseSkelMesh has to be (SK_VH_Manta)
[0124.59] Log: MorphTargetSet (VH_Manta_MorphTargets) is added to the mesh (WP_PistolMesh) that's not compatible. BaseSkelMesh has to be (SK_VH_Manta)
[0124.59] Log: MorphTargetSet (VH_Manta_MorphTargets) is added to the mesh (WP_PistolMesh) that's not compatible. BaseSkelMesh has to be (SK_VH_Manta)
[0125.67] Cmd: nxvis PHYSX_CLEAR_ALL
[0125.68] Log: Clearing all PhysX Debug Flags.
[0125.70] Cmd: apexvis APEX_CLEAR_ALL
[0125.70] DevPhysics: ApexSDK              : VISUALIZE_LOD_BENEFITS
[0125.70] DevPhysics: ApexSDK              : LOD_DISTANCE_SCALE
[0125.70] DevPhysics: Clothing             : VISUALIZE_CLOTHING_SKINNED_POSITIONS
[0125.70] DevPhysics: Clothing             : VISUALIZE_CLOTHING_SPHERE_COLLISION
[0125.70] DevPhysics: Clothing             : VISUALIZE_CLOTHING_MAX_DISTANCE_OUT
[0125.70] DevPhysics: Clothing             : VISUALIZE_CLOTHING_MAX_DISTANCE_IN
[0125.71] DevPhysics: Clothing             : VISUALIZE_CLOTHING_ALL_SKIN_MAP
[0125.71] DevPhysics: Clothing             : VISUALIZE_CLOTHING_BAD_SKIN_MAP
[0125.71] DevPhysics: Clothing             : VISUALIZE_CLOTHING_SKIN_MAP
[0125.71] DevPhysics: Clothing             : VISUALIZE_CLOTHING_RENDER_NORMALS
[0125.71] DevPhysics: Clothing             : VISUALIZE_CLOTHING_RENDER_TANGENTS
[0125.71] DevPhysics: Clothing             : VISUALIZE_CLOTHING_PHYSICS_MESH_WIRE
[0125.71] DevPhysics: Clothing             : VISUALIZE_CLOTHING_PHYSICS_MESH_SOLID
[0125.71] DevPhysics: Clothing             : VISUALIZE_CLOTHING_SKELETON
[0125.71] DevPhysics: Clothing             : VISUALIZE_CLOTHING_BONE_FRAMES
[0125.71] DevPhysics: Clothing             : VISUALIZE_CLOTHING_BONE_NAMES
[0125.71] DevPhysics: Clothing             : VISUALIZE_CLOTHING_VELOCITIES
[0125.71] DevPhysics: Clothing             : VISUALIZE_CLOTHING_GRAPHICAL_VERTEX_BONES
[0125.71] DevPhysics: Clothing             : VISUALIZE_CLOTHING_PHYSICAL_VERTEX_BONES
[0125.71] DevPhysics: Clothing             : VISUALIZE_CLOTHING_ACOLLISION_UMBRELLAS
[0125.72] DevPhysics: Destructible         : VISUALIZE_DESTRUCTIBLE_BOUNDS
[0125.72] DevPhysics: Destructible         : VISUALIZE_DESTRUCTIBLE_SUPPORT
[0125.72] DevPhysics: Destructible         : VISUALIZE_DESTRUCTIBLE_ACTOR_POSE
[0125.72] DevPhysics: Destructible         : THRESHOLD_DISTANCE_DESTRUCTIBLE_ACTOR_POSE
[0125.72] DevPhysics: Destructible         : VISUALIZE_DESTRUCTIBLE_ACTOR_NAME
[0125.72] DevPhysics: Destructible         : THRESHOLD_DISTANCE_DESTRUCTIBLE_ACTOR_NAME
[0125.72] DevPhysics: Destructible         : VISUALIZE_DESTRUCTIBLE_FRAGMENT_POSE
[0125.72] DevPhysics: Destructible         : THRESHOLD_DISTANCE_DESTRUCTIBLE_FRAGMENT_POSE
[0125.72] DevPhysics: Apex Debug (Scene 0): apexvis APEX_CLEAR_ALL FALSE
[0125.72] DevPhysics: ApexSDK              : VISUALIZE_LOD_BENEFITS
[0125.72] DevPhysics: ApexSDK              : LOD_DISTANCE_SCALE
[0125.72] DevPhysics: Clothing             : VISUALIZE_CLOTHING_SKINNED_POSITIONS
[0125.72] DevPhysics: Clothing             : VISUALIZE_CLOTHING_SPHERE_COLLISION
[0125.72] DevPhysics: Clothing             : VISUALIZE_CLOTHING_MAX_DISTANCE_OUT
[0125.73] DevPhysics: Clothing             : VISUALIZE_CLOTHING_MAX_DISTANCE_IN
[0125.73] DevPhysics: Clothing             : VISUALIZE_CLOTHING_ALL_SKIN_MAP
[0125.73] DevPhysics: Clothing             : VISUALIZE_CLOTHING_BAD_SKIN_MAP
[0125.73] DevPhysics: Clothing             : VISUALIZE_CLOTHING_SKIN_MAP
[0125.73] DevPhysics: Clothing             : VISUALIZE_CLOTHING_RENDER_NORMALS
[0125.73] DevPhysics: Clothing             : VISUALIZE_CLOTHING_RENDER_TANGENTS
[0125.73] DevPhysics: Clothing             : VISUALIZE_CLOTHING_PHYSICS_MESH_WIRE
[0125.73] DevPhysics: Clothing             : VISUALIZE_CLOTHING_PHYSICS_MESH_SOLID
[0125.73] DevPhysics: Clothing             : VISUALIZE_CLOTHING_SKELETON
[0125.73] DevPhysics: Clothing             : VISUALIZE_CLOTHING_BONE_FRAMES
[0125.73] DevPhysics: Clothing             : VISUALIZE_CLOTHING_BONE_NAMES
[0125.73] DevPhysics: Clothing             : VISUALIZE_CLOTHING_VELOCITIES
[0125.74] DevPhysics: Clothing             : VISUALIZE_CLOTHING_GRAPHICAL_VERTEX_BONES
[0125.74] DevPhysics: Clothing             : VISUALIZE_CLOTHING_PHYSICAL_VERTEX_BONES
[0125.74] DevPhysics: Clothing             : VISUALIZE_CLOTHING_ACOLLISION_UMBRELLAS
[0125.74] DevPhysics: Destructible         : VISUALIZE_DESTRUCTIBLE_BOUNDS
[0125.74] DevPhysics: Destructible         : VISUALIZE_DESTRUCTIBLE_SUPPORT
[0125.74] DevPhysics: Destructible         : VISUALIZE_DESTRUCTIBLE_ACTOR_POSE
[0125.74] DevPhysics: Destructible         : THRESHOLD_DISTANCE_DESTRUCTIBLE_ACTOR_POSE
[0125.74] DevPhysics: Destructible         : VISUALIZE_DESTRUCTIBLE_ACTOR_NAME
[0125.74] DevPhysics: Destructible         : THRESHOLD_DISTANCE_DESTRUCTIBLE_ACTOR_NAME
[0125.74] DevPhysics: Destructible         : VISUALIZE_DESTRUCTIBLE_FRAGMENT_POSE
[0125.74] DevPhysics: Destructible         : THRESHOLD_DISTANCE_DESTRUCTIBLE_FRAGMENT_POSE
[0125.74] DevPhysics: Apex Debug (Scene 1): apexvis APEX_CLEAR_ALL FALSE
[0125.74] DevPhysics: ApexSDK              : VISUALIZE_LOD_BENEFITS
[0125.74] DevPhysics: ApexSDK              : LOD_DISTANCE_SCALE
[0125.74] DevPhysics: Clothing             : VISUALIZE_CLOTHING_SKINNED_POSITIONS
[0125.75] DevPhysics: Clothing             : VISUALIZE_CLOTHING_SPHERE_COLLISION
[0125.75] DevPhysics: Clothing             : VISUALIZE_CLOTHING_MAX_DISTANCE_OUT
[0125.75] DevPhysics: Clothing             : VISUALIZE_CLOTHING_MAX_DISTANCE_IN
[0125.75] DevPhysics: Clothing             : VISUALIZE_CLOTHING_ALL_SKIN_MAP
[0125.75] DevPhysics: Clothing             : VISUALIZE_CLOTHING_BAD_SKIN_MAP
[0125.75] DevPhysics: Clothing             : VISUALIZE_CLOTHING_SKIN_MAP
[0125.75] DevPhysics: Clothing             : VISUALIZE_CLOTHING_RENDER_NORMALS
[0125.75] DevPhysics: Clothing             : VISUALIZE_CLOTHING_RENDER_TANGENTS
[0125.75] DevPhysics: Clothing             : VISUALIZE_CLOTHING_PHYSICS_MESH_WIRE
[0125.75] DevPhysics: Clothing             : VISUALIZE_CLOTHING_PHYSICS_MESH_SOLID
[0125.75] DevPhysics: Clothing             : VISUALIZE_CLOTHING_SKELETON
[0125.75] DevPhysics: Clothing             : VISUALIZE_CLOTHING_BONE_FRAMES
[0125.75] DevPhysics: Clothing             : VISUALIZE_CLOTHING_BONE_NAMES
[0125.75] DevPhysics: Clothing             : VISUALIZE_CLOTHING_VELOCITIES
[0125.75] DevPhysics: Clothing             : VISUALIZE_CLOTHING_GRAPHICAL_VERTEX_BONES
[0125.75] DevPhysics: Clothing             : VISUALIZE_CLOTHING_PHYSICAL_VERTEX_BONES
[0125.76] DevPhysics: Clothing             : VISUALIZE_CLOTHING_ACOLLISION_UMBRELLAS
[0125.76] DevPhysics: Destructible         : VISUALIZE_DESTRUCTIBLE_BOUNDS
[0125.76] DevPhysics: Destructible         : VISUALIZE_DESTRUCTIBLE_SUPPORT
[0125.76] DevPhysics: Destructible         : VISUALIZE_DESTRUCTIBLE_ACTOR_POSE
[0125.76] DevPhysics: Destructible         : THRESHOLD_DISTANCE_DESTRUCTIBLE_ACTOR_POSE
[0125.76] DevPhysics: Destructible         : VISUALIZE_DESTRUCTIBLE_ACTOR_NAME
[0125.76] DevPhysics: Destructible         : THRESHOLD_DISTANCE_DESTRUCTIBLE_ACTOR_NAME
[0125.76] DevPhysics: Destructible         : VISUALIZE_DESTRUCTIBLE_FRAGMENT_POSE
[0125.76] DevPhysics: Destructible         : THRESHOLD_DISTANCE_DESTRUCTIBLE_FRAGMENT_POSE
[0125.76] DevPhysics: Apex Debug (Scene 2): apexvis APEX_CLEAR_ALL FALSE
[0125.87] Log: Primary PhysX scene will be in software.
[0125.87] Log: Creating Primary PhysX Scene.
[0126.14] Log: MorphTargetSet (VH_Manta_MorphTargets) is added to the mesh (WP_PistolMesh) that's not compatible. BaseSkelMesh has to be (SK_VH_Manta)
[0126.14] Log: MorphTargetSet (VH_Manta_MorphTargets) is added to the mesh (WP_PistolMesh) that's not compatible. BaseSkelMesh has to be (SK_VH_Manta)
[0126.14] Log: MorphTargetSet (VH_Manta_MorphTargets) is added to the mesh (WP_PistolMesh) that's not compatible. BaseSkelMesh has to be (SK_VH_Manta)
[0161.30] Cmd: nxvis PHYSX_CLEAR_ALL
[0161.30] Log: Clearing all PhysX Debug Flags.
[0161.30] Cmd: apexvis APEX_CLEAR_ALL
[0161.30] DevPhysics: ApexSDK              : VISUALIZE_LOD_BENEFITS
[0161.30] DevPhysics: ApexSDK              : LOD_DISTANCE_SCALE
[0161.30] DevPhysics: Clothing             : VISUALIZE_CLOTHING_SKINNED_POSITIONS
[0161.30] DevPhysics: Clothing             : VISUALIZE_CLOTHING_SPHERE_COLLISION
[0161.30] DevPhysics: Clothing             : VISUALIZE_CLOTHING_MAX_DISTANCE_OUT
[0161.30] DevPhysics: Clothing             : VISUALIZE_CLOTHING_MAX_DISTANCE_IN
[0161.30] DevPhysics: Clothing             : VISUALIZE_CLOTHING_ALL_SKIN_MAP
[0161.30] DevPhysics: Clothing             : VISUALIZE_CLOTHING_BAD_SKIN_MAP
[0161.30] DevPhysics: Clothing             : VISUALIZE_CLOTHING_SKIN_MAP
[0161.30] DevPhysics: Clothing             : VISUALIZE_CLOTHING_RENDER_NORMALS
[0161.30] DevPhysics: Clothing             : VISUALIZE_CLOTHING_RENDER_TANGENTS
[0161.30] DevPhysics: Clothing             : VISUALIZE_CLOTHING_PHYSICS_MESH_WIRE
[0161.30] DevPhysics: Clothing             : VISUALIZE_CLOTHING_PHYSICS_MESH_SOLID
[0161.30] DevPhysics: Clothing             : VISUALIZE_CLOTHING_SKELETON
[0161.30] DevPhysics: Clothing             : VISUALIZE_CLOTHING_BONE_FRAMES
[0161.30] DevPhysics: Clothing             : VISUALIZE_CLOTHING_BONE_NAMES
[0161.30] DevPhysics: Clothing             : VISUALIZE_CLOTHING_VELOCITIES
[0161.30] DevPhysics: Clothing             : VISUALIZE_CLOTHING_GRAPHICAL_VERTEX_BONES
[0161.31] DevPhysics: Clothing             : VISUALIZE_CLOTHING_PHYSICAL_VERTEX_BONES
[0161.31] DevPhysics: Clothing             : VISUALIZE_CLOTHING_ACOLLISION_UMBRELLAS
[0161.31] DevPhysics: Destructible         : VISUALIZE_DESTRUCTIBLE_BOUNDS
[0161.31] DevPhysics: Destructible         : VISUALIZE_DESTRUCTIBLE_SUPPORT
[0161.31] DevPhysics: Destructible         : VISUALIZE_DESTRUCTIBLE_ACTOR_POSE
[0161.31] DevPhysics: Destructible         : THRESHOLD_DISTANCE_DESTRUCTIBLE_ACTOR_POSE
[0161.31] DevPhysics: Destructible         : VISUALIZE_DESTRUCTIBLE_ACTOR_NAME
[0161.31] DevPhysics: Destructible         : THRESHOLD_DISTANCE_DESTRUCTIBLE_ACTOR_NAME
[0161.31] DevPhysics: Destructible         : VISUALIZE_DESTRUCTIBLE_FRAGMENT_POSE
[0161.31] DevPhysics: Destructible         : THRESHOLD_DISTANCE_DESTRUCTIBLE_FRAGMENT_POSE
[0161.31] DevPhysics: Apex Debug (Scene 0): apexvis APEX_CLEAR_ALL FALSE
[0161.31] DevPhysics: ApexSDK              : VISUALIZE_LOD_BENEFITS
[0161.31] DevPhysics: ApexSDK              : LOD_DISTANCE_SCALE
[0161.31] DevPhysics: Clothing             : VISUALIZE_CLOTHING_SKINNED_POSITIONS
[0161.31] DevPhysics: Clothing             : VISUALIZE_CLOTHING_SPHERE_COLLISION
[0161.31] DevPhysics: Clothing             : VISUALIZE_CLOTHING_MAX_DISTANCE_OUT
[0161.31] DevPhysics: Clothing             : VISUALIZE_CLOTHING_MAX_DISTANCE_IN
[0161.31] DevPhysics: Clothing             : VISUALIZE_CLOTHING_ALL_SKIN_MAP
[0161.31] DevPhysics: Clothing             : VISUALIZE_CLOTHING_BAD_SKIN_MAP
[0161.31] DevPhysics: Clothing             : VISUALIZE_CLOTHING_SKIN_MAP
[0161.31] DevPhysics: Clothing             : VISUALIZE_CLOTHING_RENDER_NORMALS
[0161.31] DevPhysics: Clothing             : VISUALIZE_CLOTHING_RENDER_TANGENTS
[0161.31] DevPhysics: Clothing             : VISUALIZE_CLOTHING_PHYSICS_MESH_WIRE
[0161.31] DevPhysics: Clothing             : VISUALIZE_CLOTHING_PHYSICS_MESH_SOLID
[0161.31] DevPhysics: Clothing             : VISUALIZE_CLOTHING_SKELETON
[0161.31] DevPhysics: Clothing             : VISUALIZE_CLOTHING_BONE_FRAMES
[0161.31] DevPhysics: Clothing             : VISUALIZE_CLOTHING_BONE_NAMES
[0161.31] DevPhysics: Clothing             : VISUALIZE_CLOTHING_VELOCITIES
[0161.31] DevPhysics: Clothing             : VISUALIZE_CLOTHING_GRAPHICAL_VERTEX_BONES
[0161.31] DevPhysics: Clothing             : VISUALIZE_CLOTHING_PHYSICAL_VERTEX_BONES
[0161.32] DevPhysics: Clothing             : VISUALIZE_CLOTHING_ACOLLISION_UMBRELLAS
[0161.32] DevPhysics: Destructible         : VISUALIZE_DESTRUCTIBLE_BOUNDS
[0161.32] DevPhysics: Destructible         : VISUALIZE_DESTRUCTIBLE_SUPPORT
[0161.32] DevPhysics: Destructible         : VISUALIZE_DESTRUCTIBLE_ACTOR_POSE
[0161.32] DevPhysics: Destructible         : THRESHOLD_DISTANCE_DESTRUCTIBLE_ACTOR_POSE
[0161.32] DevPhysics: Destructible         : VISUALIZE_DESTRUCTIBLE_ACTOR_NAME
[0161.32] DevPhysics: Destructible         : THRESHOLD_DISTANCE_DESTRUCTIBLE_ACTOR_NAME
[0161.32] DevPhysics: Destructible         : VISUALIZE_DESTRUCTIBLE_FRAGMENT_POSE
[0161.32] DevPhysics: Destructible         : THRESHOLD_DISTANCE_DESTRUCTIBLE_FRAGMENT_POSE
[0161.32] DevPhysics: Apex Debug (Scene 1): apexvis APEX_CLEAR_ALL FALSE
[0161.32] DevPhysics: ApexSDK              : VISUALIZE_LOD_BENEFITS
[0161.32] DevPhysics: ApexSDK              : LOD_DISTANCE_SCALE
[0161.32] DevPhysics: Clothing             : VISUALIZE_CLOTHING_SKINNED_POSITIONS
[0161.32] DevPhysics: Clothing             : VISUALIZE_CLOTHING_SPHERE_COLLISION
[0161.32] DevPhysics: Clothing             : VISUALIZE_CLOTHING_MAX_DISTANCE_OUT
[0161.32] DevPhysics: Clothing             : VISUALIZE_CLOTHING_MAX_DISTANCE_IN
[0161.32] DevPhysics: Clothing             : VISUALIZE_CLOTHING_ALL_SKIN_MAP
[0161.32] DevPhysics: Clothing             : VISUALIZE_CLOTHING_BAD_SKIN_MAP
[0161.32] DevPhysics: Clothing             : VISUALIZE_CLOTHING_SKIN_MAP
[0161.32] DevPhysics: Clothing             : VISUALIZE_CLOTHING_RENDER_NORMALS
[0161.32] DevPhysics: Clothing             : VISUALIZE_CLOTHING_RENDER_TANGENTS
[0161.32] DevPhysics: Clothing             : VISUALIZE_CLOTHING_PHYSICS_MESH_WIRE
[0161.32] DevPhysics: Clothing             : VISUALIZE_CLOTHING_PHYSICS_MESH_SOLID
[0161.32] DevPhysics: Clothing             : VISUALIZE_CLOTHING_SKELETON
[0161.32] DevPhysics: Clothing             : VISUALIZE_CLOTHING_BONE_FRAMES
[0161.32] DevPhysics: Clothing             : VISUALIZE_CLOTHING_BONE_NAMES
[0161.32] DevPhysics: Clothing             : VISUALIZE_CLOTHING_VELOCITIES
[0161.32] DevPhysics: Clothing             : VISUALIZE_CLOTHING_GRAPHICAL_VERTEX_BONES
[0161.32] DevPhysics: Clothing             : VISUALIZE_CLOTHING_PHYSICAL_VERTEX_BONES
[0161.32] DevPhysics: Clothing             : VISUALIZE_CLOTHING_ACOLLISION_UMBRELLAS
[0161.32] DevPhysics: Destructible         : VISUALIZE_DESTRUCTIBLE_BOUNDS
[0161.32] DevPhysics: Destructible         : VISUALIZE_DESTRUCTIBLE_SUPPORT
[0161.32] DevPhysics: Destructible         : VISUALIZE_DESTRUCTIBLE_ACTOR_POSE
[0161.33] DevPhysics: Destructible         : THRESHOLD_DISTANCE_DESTRUCTIBLE_ACTOR_POSE
[0161.33] DevPhysics: Destructible         : VISUALIZE_DESTRUCTIBLE_ACTOR_NAME
[0161.33] DevPhysics: Destructible         : THRESHOLD_DISTANCE_DESTRUCTIBLE_ACTOR_NAME
[0161.33] DevPhysics: Destructible         : VISUALIZE_DESTRUCTIBLE_FRAGMENT_POSE
[0161.33] DevPhysics: Destructible         : THRESHOLD_DISTANCE_DESTRUCTIBLE_FRAGMENT_POSE
[0161.33] DevPhysics: Apex Debug (Scene 3): apexvis APEX_CLEAR_ALL FALSE
[0161.39] Log: Primary PhysX scene will be in software.
[0161.39] Log: Creating Primary PhysX Scene.
[0161.73] Log: MorphTargetSet (VH_Manta_MorphTargets) is added to the mesh (DefaultSkeletalMesh) that's not compatible. BaseSkelMesh has to be (SK_VH_Manta)
[0161.73] Log: MorphTargetSet (VH_Manta_MorphTargets) is added to the mesh (DefaultSkeletalMesh) that's not compatible. BaseSkelMesh has to be (SK_VH_Manta)
[0161.73] Log: MorphTargetSet (VH_Manta_MorphTargets) is added to the mesh (DefaultSkeletalMesh) that's not compatible. BaseSkelMesh has to be (SK_VH_Manta)
[0208.70] Cmd: nxvis PHYSX_CLEAR_ALL
[0208.70] Log: Clearing all PhysX Debug Flags.
[0208.70] Cmd: apexvis APEX_CLEAR_ALL
[0208.70] DevPhysics: ApexSDK              : VISUALIZE_LOD_BENEFITS
[0208.70] DevPhysics: ApexSDK              : LOD_DISTANCE_SCALE
[0208.70] DevPhysics: Clothing             : VISUALIZE_CLOTHING_SKINNED_POSITIONS
[0208.70] DevPhysics: Clothing             : VISUALIZE_CLOTHING_SPHERE_COLLISION
[0208.70] DevPhysics: Clothing             : VISUALIZE_CLOTHING_MAX_DISTANCE_OUT
[0208.70] DevPhysics: Clothing             : VISUALIZE_CLOTHING_MAX_DISTANCE_IN
[0208.70] DevPhysics: Clothing             : VISUALIZE_CLOTHING_ALL_SKIN_MAP
[0208.71] DevPhysics: Clothing             : VISUALIZE_CLOTHING_BAD_SKIN_MAP
[0208.71] DevPhysics: Clothing             : VISUALIZE_CLOTHING_SKIN_MAP
[0208.71] DevPhysics: Clothing             : VISUALIZE_CLOTHING_RENDER_NORMALS
[0208.71] DevPhysics: Clothing             : VISUALIZE_CLOTHING_RENDER_TANGENTS
[0208.71] DevPhysics: Clothing             : VISUALIZE_CLOTHING_PHYSICS_MESH_WIRE
[0208.71] DevPhysics: Clothing             : VISUALIZE_CLOTHING_PHYSICS_MESH_SOLID
[0208.71] DevPhysics: Clothing             : VISUALIZE_CLOTHING_SKELETON
[0208.71] DevPhysics: Clothing             : VISUALIZE_CLOTHING_BONE_FRAMES
[0208.71] DevPhysics: Clothing             : VISUALIZE_CLOTHING_BONE_NAMES
[0208.71] DevPhysics: Clothing             : VISUALIZE_CLOTHING_VELOCITIES
[0208.71] DevPhysics: Clothing             : VISUALIZE_CLOTHING_GRAPHICAL_VERTEX_BONES
[0208.71] DevPhysics: Clothing             : VISUALIZE_CLOTHING_PHYSICAL_VERTEX_BONES
[0208.71] DevPhysics: Clothing             : VISUALIZE_CLOTHING_ACOLLISION_UMBRELLAS
[0208.71] DevPhysics: Destructible         : VISUALIZE_DESTRUCTIBLE_BOUNDS
[0208.71] DevPhysics: Destructible         : VISUALIZE_DESTRUCTIBLE_SUPPORT
[0208.71] DevPhysics: Destructible         : VISUALIZE_DESTRUCTIBLE_ACTOR_POSE
[0208.71] DevPhysics: Destructible         : THRESHOLD_DISTANCE_DESTRUCTIBLE_ACTOR_POSE
[0208.71] DevPhysics: Destructible         : VISUALIZE_DESTRUCTIBLE_ACTOR_NAME
[0208.71] DevPhysics: Destructible         : THRESHOLD_DISTANCE_DESTRUCTIBLE_ACTOR_NAME
[0208.71] DevPhysics: Destructible         : VISUALIZE_DESTRUCTIBLE_FRAGMENT_POSE
[0208.71] DevPhysics: Destructible         : THRESHOLD_DISTANCE_DESTRUCTIBLE_FRAGMENT_POSE
[0208.71] DevPhysics: Apex Debug (Scene 0): apexvis APEX_CLEAR_ALL FALSE
[0208.77] Log: Primary PhysX scene will be in software.
[0208.77] Log: Creating Primary PhysX Scene.
[0209.09] Log: MorphTargetSet (VH_Manta_MorphTargets) is added to the mesh (DefaultSkeletalMesh) that's not compatible. BaseSkelMesh has to be (SK_VH_Manta)
[0209.10] Log: MorphTargetSet (VH_Manta_MorphTargets) is added to the mesh (DefaultSkeletalMesh) that's not compatible. BaseSkelMesh has to be (SK_VH_Manta)
[0209.10] Log: MorphTargetSet (VH_Manta_MorphTargets) is added to the mesh (DefaultSkeletalMesh) that's not compatible. BaseSkelMesh has to be (SK_VH_Manta)
[0253.09] Log: FactoryCreateBinary: SkeletalMesh with FbxFactory (0 0 D:\projects\Duke2003\Work\Pistol\PistolFire.fbx)
[0253.27] Log: Loading FBX Scene from D:\projects\Duke2003\Work\Pistol\PistolFire.fbx
[0254.23] Log: FBX Scene Loaded Succesfully
[0254.23] Log: 
[0256.14] Log:  Found texture for material 0: [Duke_Hand_Material] skin index: 0 
[0256.14] Log:  Found texture for material 1: [Master_Weapon_Shader] skin index: 1 
[0256.14] Log: Bones digested - 49  Depth of hierarchy - 8
[0256.32] Log: Chunk 0: 2466 rigid vertices, 2102 soft vertices, 38 active bones
[0256.32] Log: Chunk 1: 7931 rigid vertices, 0 soft vertices, 5 active bones
[0256.40] Log: Section 0: Material=0, Chunk=0, 7626 triangles
[0256.51] Log: Section 1: Material=1, Chunk=1, 10002 triangles
[0256.52] Log: Parsing AnimStack Unreal Matinee Take
[0256.55] Log: FAnimationUtils::CompressAnimSequence PistolFire (AnimSet wp_pistol.CATRigHub001) SkelMesh not valid, won't be able to use RemoveLinearKeys.
[0256.55] Log: FAnimationUtils::CompressAnimSequence PistolFire (AnimSet wp_pistol.CATRigHub001) SkelMesh not valid, reverting default compression scheme to Bitwise compression!
[0256.55] Log: FilterAnimRotationOnlyKeys, trying to get SkelMesh from PreviewSkelMeshName. PistolFire (AnimSet wp_pistol.CATRigHub001)
[0256.55] Warning: Failed to load 'SkeletalMesh None.None': Failed to find object 'SkeletalMesh None.None'
[0256.55] Log: 	 Couldn't get a SkelMesh, assume track 0 is root bone. (CATRigHub001)
[0256.55] Log: AnimSet wp_pistol.CATRigHub001 PistolFire couldn't be compressed! Default Mesh is NULL! PreviewSkelMeshName: None
[0256.57] Log: MGameAssetJournalClient::QueryBranchName: A branch name was not specified in the configuration file.  A globally unique name for this branch must be configured in order for the journaling system to function correctly.  This should usually be configured by the administrator of the development branch that you're working with.
[0256.57] Log: MGameAssetJournalClient::QueryBranchName: A branch name was not specified in the configuration file.  A globally unique name for this branch must be configured in order for the journaling system to function correctly.  This should usually be configured by the administrator of the development branch that you're working with.
[0256.58] Log: FactoryCreateBinary: SkeletalMesh with FbxFactory (0 0 D:\projects\Duke2003\Work\Pistol\PistolIdle.fbx)
[0256.60] Log: Loading FBX Scene from D:\projects\Duke2003\Work\Pistol\PistolIdle.fbx
[0257.50] Log: FBX Scene Loaded Succesfully
[0257.50] Log: 
[0259.76] Log:  Found texture for material 0: [Duke_Hand_Material] skin index: 0 
[0259.76] Log:  Found texture for material 1: [Master_Weapon_Shader] skin index: 1 
[0259.76] Log: Bones digested - 49  Depth of hierarchy - 8
[0259.93] Log: Chunk 0: 2466 rigid vertices, 2102 soft vertices, 38 active bones
[0259.93] Log: Chunk 1: 7931 rigid vertices, 0 soft vertices, 5 active bones
[0260.01] Log: Section 0: Material=0, Chunk=0, 7626 triangles
[0260.13] Log: Section 1: Material=1, Chunk=1, 10002 triangles
[0260.14] Log: Parsing AnimStack Unreal Matinee Take
[0261.46] Log: FAnimationUtils::CompressAnimSequence PistolIdle (AnimSet wp_pistol.CATRigHub001) SkelMesh not valid, won't be able to use RemoveLinearKeys.
[0261.46] Log: FAnimationUtils::CompressAnimSequence PistolIdle (AnimSet wp_pistol.CATRigHub001) SkelMesh not valid, reverting default compression scheme to Bitwise compression!
[0261.46] Log: FilterAnimRotationOnlyKeys, trying to get SkelMesh from PreviewSkelMeshName. PistolIdle (AnimSet wp_pistol.CATRigHub001)
[0261.46] Warning: Failed to load 'SkeletalMesh None.None': Failed to find object 'SkeletalMesh None.None'
[0261.46] Log: 	 Couldn't get a SkelMesh, assume track 0 is root bone. (CATRigHub001)
[0261.47] Log: AnimSet wp_pistol.CATRigHub001 PistolIdle couldn't be compressed! Default Mesh is NULL! PreviewSkelMeshName: None
[0261.53] Log: MGameAssetJournalClient::QueryBranchName: A branch name was not specified in the configuration file.  A globally unique name for this branch must be configured in order for the journaling system to function correctly.  This should usually be configured by the administrator of the development branch that you're working with.
[0261.53] Log: MGameAssetJournalClient::QueryBranchName: A branch name was not specified in the configuration file.  A globally unique name for this branch must be configured in order for the journaling system to function correctly.  This should usually be configured by the administrator of the development branch that you're working with.
[0261.55] Log: MorphTargetSet (VH_Manta_MorphTargets) is added to the mesh (DefaultSkeletalMesh) that's not compatible. BaseSkelMesh has to be (SK_VH_Manta)
[0261.55] Log: MorphTargetSet (VH_Manta_MorphTargets) is added to the mesh (DefaultSkeletalMesh) that's not compatible. BaseSkelMesh has to be (SK_VH_Manta)
[0265.76] Cmd: nxvis PHYSX_CLEAR_ALL
[0265.76] Log: Clearing all PhysX Debug Flags.
[0265.76] Cmd: apexvis APEX_CLEAR_ALL
[0265.77] DevPhysics: ApexSDK              : VISUALIZE_LOD_BENEFITS
[0265.77] DevPhysics: ApexSDK              : LOD_DISTANCE_SCALE
[0265.77] DevPhysics: Clothing             : VISUALIZE_CLOTHING_SKINNED_POSITIONS
[0265.77] DevPhysics: Clothing             : VISUALIZE_CLOTHING_SPHERE_COLLISION
[0265.77] DevPhysics: Clothing             : VISUALIZE_CLOTHING_MAX_DISTANCE_OUT
[0265.77] DevPhysics: Clothing             : VISUALIZE_CLOTHING_MAX_DISTANCE_IN
[0265.77] DevPhysics: Clothing             : VISUALIZE_CLOTHING_ALL_SKIN_MAP
[0265.77] DevPhysics: Clothing             : VISUALIZE_CLOTHING_BAD_SKIN_MAP
[0265.77] DevPhysics: Clothing             : VISUALIZE_CLOTHING_SKIN_MAP
[0265.77] DevPhysics: Clothing             : VISUALIZE_CLOTHING_RENDER_NORMALS
[0265.77] DevPhysics: Clothing             : VISUALIZE_CLOTHING_RENDER_TANGENTS
[0265.77] DevPhysics: Clothing             : VISUALIZE_CLOTHING_PHYSICS_MESH_WIRE
[0265.77] DevPhysics: Clothing             : VISUALIZE_CLOTHING_PHYSICS_MESH_SOLID
[0265.77] DevPhysics: Clothing             : VISUALIZE_CLOTHING_SKELETON
[0265.77] DevPhysics: Clothing             : VISUALIZE_CLOTHING_BONE_FRAMES
[0265.77] DevPhysics: Clothing             : VISUALIZE_CLOTHING_BONE_NAMES
[0265.77] DevPhysics: Clothing             : VISUALIZE_CLOTHING_VELOCITIES
[0265.77] DevPhysics: Clothing             : VISUALIZE_CLOTHING_GRAPHICAL_VERTEX_BONES
[0265.77] DevPhysics: Clothing             : VISUALIZE_CLOTHING_PHYSICAL_VERTEX_BONES
[0265.77] DevPhysics: Clothing             : VISUALIZE_CLOTHING_ACOLLISION_UMBRELLAS
[0265.77] DevPhysics: Destructible         : VISUALIZE_DESTRUCTIBLE_BOUNDS
[0265.77] DevPhysics: Destructible         : VISUALIZE_DESTRUCTIBLE_SUPPORT
[0265.77] DevPhysics: Destructible         : VISUALIZE_DESTRUCTIBLE_ACTOR_POSE
[0265.77] DevPhysics: Destructible         : THRESHOLD_DISTANCE_DESTRUCTIBLE_ACTOR_POSE
[0265.78] DevPhysics: Destructible         : VISUALIZE_DESTRUCTIBLE_ACTOR_NAME
[0265.78] DevPhysics: Destructible         : THRESHOLD_DISTANCE_DESTRUCTIBLE_ACTOR_NAME
[0265.78] DevPhysics: Destructible         : VISUALIZE_DESTRUCTIBLE_FRAGMENT_POSE
[0265.78] DevPhysics: Destructible         : THRESHOLD_DISTANCE_DESTRUCTIBLE_FRAGMENT_POSE
[0265.78] DevPhysics: Apex Debug (Scene 0): apexvis APEX_CLEAR_ALL FALSE
[0265.78] DevPhysics: ApexSDK              : VISUALIZE_LOD_BENEFITS
[0265.78] DevPhysics: ApexSDK              : LOD_DISTANCE_SCALE
[0265.78] DevPhysics: Clothing             : VISUALIZE_CLOTHING_SKINNED_POSITIONS
[0265.78] DevPhysics: Clothing             : VISUALIZE_CLOTHING_SPHERE_COLLISION
[0265.78] DevPhysics: Clothing             : VISUALIZE_CLOTHING_MAX_DISTANCE_OUT
[0265.78] DevPhysics: Clothing             : VISUALIZE_CLOTHING_MAX_DISTANCE_IN
[0265.78] DevPhysics: Clothing             : VISUALIZE_CLOTHING_ALL_SKIN_MAP
[0265.78] DevPhysics: Clothing             : VISUALIZE_CLOTHING_BAD_SKIN_MAP
[0265.78] DevPhysics: Clothing             : VISUALIZE_CLOTHING_SKIN_MAP
[0265.78] DevPhysics: Clothing             : VISUALIZE_CLOTHING_RENDER_NORMALS
[0265.78] DevPhysics: Clothing             : VISUALIZE_CLOTHING_RENDER_TANGENTS
[0265.78] DevPhysics: Clothing             : VISUALIZE_CLOTHING_PHYSICS_MESH_WIRE
[0265.78] DevPhysics: Clothing             : VISUALIZE_CLOTHING_PHYSICS_MESH_SOLID
[0265.78] DevPhysics: Clothing             : VISUALIZE_CLOTHING_SKELETON
[0265.78] DevPhysics: Clothing             : VISUALIZE_CLOTHING_BONE_FRAMES
[0265.78] DevPhysics: Clothing             : VISUALIZE_CLOTHING_BONE_NAMES
[0265.78] DevPhysics: Clothing             : VISUALIZE_CLOTHING_VELOCITIES
[0265.78] DevPhysics: Clothing             : VISUALIZE_CLOTHING_GRAPHICAL_VERTEX_BONES
[0265.79] DevPhysics: Clothing             : VISUALIZE_CLOTHING_PHYSICAL_VERTEX_BONES
[0265.79] DevPhysics: Clothing             : VISUALIZE_CLOTHING_ACOLLISION_UMBRELLAS
[0265.79] DevPhysics: Destructible         : VISUALIZE_DESTRUCTIBLE_BOUNDS
[0265.79] DevPhysics: Destructible         : VISUALIZE_DESTRUCTIBLE_SUPPORT
[0265.79] DevPhysics: Destructible         : VISUALIZE_DESTRUCTIBLE_ACTOR_POSE
[0265.79] DevPhysics: Destructible         : THRESHOLD_DISTANCE_DESTRUCTIBLE_ACTOR_POSE
[0265.79] DevPhysics: Destructible         : VISUALIZE_DESTRUCTIBLE_ACTOR_NAME
[0265.79] DevPhysics: Destructible         : THRESHOLD_DISTANCE_DESTRUCTIBLE_ACTOR_NAME
[0265.79] DevPhysics: Destructible         : VISUALIZE_DESTRUCTIBLE_FRAGMENT_POSE
[0265.79] DevPhysics: Destructible         : THRESHOLD_DISTANCE_DESTRUCTIBLE_FRA