Log: Log file open, 05/22/23 18:00:14
Init: WinSock: version 1.1 (2.2), MaxSocks=32767, MaxUdp=65467
Init: Version: 8364
Init: Epic Internal: 0
Init: Compiled (64-bit): May 21 2023 21:56:09
Init: Changelist: 871961
Init: Command line: editor 
Init: Base directory: d:\projects\Duke2003\Binaries\Win64\
DevConfig: GConfig::LoadFile has loaded file:  ..\..\UDKGame\Config\UDKEditor.ini
DevConfig: GConfig::LoadFile has loaded file:  ..\..\UDKGame\Config\UDKEditorUserSettings.ini
DevConfig: GConfig::LoadFile associated file:  ..\..\UDKGame\Config\UDKCompat.ini
DevConfig: GConfig::LoadFile has loaded file:  ..\..\UDKGame\Config\UDKLightmass.ini
DevConfig: GConfig::LoadFile has loaded file:  ..\..\UDKGame\Config\UDKEngine.ini
DevConfig: GConfig::LoadFile has loaded file:  ..\..\UDKGame\Config\UDKGame.ini
DevConfig: GConfig::LoadFile has loaded file:  ..\..\UDKGame\Config\UDKInput.ini
DevConfig: GConfig::LoadFile has loaded file:  ..\..\UDKGame\Config\UDKUI.ini
[0000.56] Init: Computer: JUSTIN-MAINPC
[0000.57] Init: User: justi
[0000.57] Init: CPU Page size=4096, Processors=32
[0000.57] Init: High frequency timer resolution =10.000000 MHz
[0000.57] Init: Memory total: Physical=63.1GB Pagefile=84.1GB Virtual=131072.0GB
[0000.57] DevStats: GSecondsPerCycle 1.000000e-007
[0000.62] Init: WinSock: I am justin-mainpc (192.168.1.4:0)
[0000.62] Init: Presizing for 0 objects not considered by GC, pre-allocating 0 bytes.
[0000.62] Init: Object subsystem initialized
[0000.62] DevSave: (System) 'Default__System' loading configuration from ..\..\UDKGame\Config\UDKEngine.ini
[0000.62] DevSave:    Loading value for SeekFreePCPaths from [Core.System]
[0000.62] DevSave:    Loading value for SeekFreePCExtensions from [Core.System]
[0000.62] DevSave:    Loading value for CutdownPaths from [Core.System]
[0000.62] DevSave:    Loading value for LocalizationPaths from [Core.System]
[0000.62] DevSave:    Loading value for TextureFileCacheExtension from [Core.System]
[0000.62] DevSave:    Loading value for Extensions from [Core.System]
[0000.62] DevSave:    Loading value for Suppress from [Core.System]
[0000.62] DevSave:    Loading value for FRScriptPaths from [Core.System]
[0000.62] DevSave:    Loading value for ScriptPaths from [Core.System]
[0000.62] DevSave:    Loading value for Paths from [Core.System]
[0000.62] DevSave:    Loading value for ScreenShotPath from [Core.System]
[0000.62] DevSave:    Loading value for CacheExt from [Core.System]
[0000.62] DevSave:    Loading value for CachePath from [Core.System]
[0000.62] DevSave:    Loading value for SavePath from [Core.System]
[0000.62] DevSave:    Loading value for AsyncIOBandwidthLimit from [Core.System]
[0000.62] DevSave:    Loading value for PackageSizeSoftLimit from [Core.System]
[0000.62] DevSave:    Loading value for MaxOverallCacheSize from [Core.System]
[0000.62] DevSave:    Loading value for MaxStaleCacheSize from [Core.System]
[0000.62] DevSave:    Loading value for StaleCacheDays from [Core.System]
[0019.28] DevDataBase: Failure trying to open connection [Provider=sqloledb;Data Source=production-db;Initial Catalog=EngineTaskPerf;Trusted_Connection=Yes;Connection Timeout=2] [Invalid connection string attribute]
[0019.28] DevDataBase: Connection to "Provider=sqloledb;Data Source=production-db;Initial Catalog=EngineTaskPerf;Trusted_Connection=Yes;Connection Timeout=2" or "10.1.20.20" failed
[0019.28] DevDataBase: Failure closing connection [Operation is not allowed when the object is closed.]
[0019.35] Log: Shader platform (RHI): PC-D3D-SM3
[0022.58] Log: PhysX GPU Support: DISABLED
[0022.59] Init: Initializing FaceFX...
[0022.59] Init: FaceFX 1.7.4 initialized.
[0022.65] Init: Version: 8364
[0022.65] Init: Epic Internal: 0
[0022.65] Init: Compiled (64-bit): May 22 2023 15:17:14
[0022.65] Init: Command line:  
[0022.65] Init: Base directory: d:\projects\Duke2003\Binaries\Win64\
[0022.65] Init: Character set: Unicode
[0022.65] Log: Executing Class UnrealEd.MakeCommandlet
[0022.65] Init: UEngine initialized
[0022.71] Heading: --------------------Core - Release--------------------
[0022.71] Log: New File, Existing Package (Package Untitled_0, Package Core)
[0022.73] Log: Loading global macros for Core
[0022.75] Heading: --------------------Engine - Release--------------------
[0022.80] Log: New File, Existing Package (Package Untitled_1, Package Engine)
[0023.11] Log: Loading global macros for Engine
[0023.74] Heading: --------------------GFxUI - Release--------------------
[0023.74] Log: New File, Existing Package (Package Untitled_2, Package GFxUI)
[0023.75] Log: Loading global macros for GFxUI
[0023.76] Heading: --------------------GameFramework - Release--------------------
[0023.76] Log: New File, Existing Package (Package Untitled_3, Package GameFramework)
[0023.80] Log: Loading global macros for GameFramework
[0023.87] Heading: --------------------UnrealEd - Release--------------------
[0023.88] Log: New File, Existing Package (Package Untitled_4, Package UnrealEd)
[0023.90] Log: Loading global macros for UnrealEd
[0023.95] Heading: --------------------GFxUIEditor - Release--------------------
[0023.95] Log: New File, Existing Package (Package Untitled_5, Package GFxUIEditor)
[0023.95] Log: Loading global macros for GFxUIEditor
[0023.96] Heading: --------------------IpDrv - Release--------------------
[0023.96] Log: New File, Existing Package (Package Untitled_6, Package IpDrv)
[0023.97] Log: Loading global macros for IpDrv
[0024.00] Heading: --------------------OnlineSubsystemPC - Release--------------------
[0024.00] Log: New File, Existing Package (Package Untitled_7, Package OnlineSubsystemPC)
[0024.01] Log: Loading global macros for OnlineSubsystemPC
[0024.02] Heading: --------------------OnlineSubsystemGameSpy - Release--------------------
[0024.02] Log: New File, Existing Package (Package Untitled_8, Package OnlineSubsystemGameSpy)
[0024.03] Log: Loading global macros for OnlineSubsystemGameSpy
[0024.05] Heading: --------------------OnlineSubsystemLive - Release--------------------
[0024.05] Log: New File, Existing Package (Package Untitled_9, Package OnlineSubsystemLive)
[0024.07] Log: Loading global macros for OnlineSubsystemLive
[0024.10] Heading: --------------------OnlineSubsystemSteamworks - Release--------------------
[0024.10] Log: New File, Existing Package (Package Untitled_10, Package OnlineSubsystemSteamworks)
[0024.11] Log: Loading global macros for OnlineSubsystemSteamworks
[0024.13] Heading: --------------------UDKBase - Release--------------------
[0024.13] Log: New File, Existing Package (Package Untitled_11, Package UDKBase)
[0024.16] Log: Loading global macros for UDKBase
[0024.20] Heading: --------------------UTEditor - Release--------------------
[0024.20] Log: New File, Existing Package (Package Untitled_12, Package UTEditor)
[0024.20] Log: Loading global macros for UTEditor
[0024.21] Heading: --------------------UTGame - Release--------------------
[0024.21] Log: Analyzing...
[0024.21] Log: Loading global macros for UTGame
[0028.60] Log: Exporting native class declarations for UTGame
[0028.60] Log: Autogenerating C++ header: 
[0028.60] Log: Autogenerating C++ header: UTGameNames.h
[0029.01] Log: Success: Compiled 129629 line(s), 12652 statement(s).

[0029.01] Log: Scripts successfully compiled - saving package 'd:\projects\Duke2003\Binaries\Win64\..\..\UDKGame\Script\UTGame.u'
[0029.66] Log: Save=650.845800
[0029.66] Log: Moving '..\..\UDKGame\Script\UTGame_save.tmp' to '..\..\UDKGame\Script\UTGame.u'
[0029.66] Heading: --------------------UTGameContent - Release--------------------
[0029.66] Log: Analyzing...
[0029.66] Log: Loading global macros for UTGameContent
[0029.88] Log: Success: Compiled 4380 line(s), 539 statement(s).

[0029.88] Log: Scripts successfully compiled - saving package 'd:\projects\Duke2003\Binaries\Win64\..\..\UDKGame\Script\UTGameContent.u'
[0030.04] Log: Save=162.049800
[0030.04] Log: Moving '..\..\UDKGame\Script\UTGameContent_save.tmp' to '..\..\UDKGame\Script\UTGameContent.u'
[0030.04] Heading: --------------------dnGame - Release--------------------
[0030.04] Log: Analyzing...
[0030.04] Log: Loading global macros for dnGame
[0030.06] Log: Exporting native class declarations for dnGame
[0030.06] Log: Autogenerating C++ header: 
[0030.06] Log: Autogenerating C++ header: dnGameNames.h
[0030.06] Warning: d:\projects\Duke2003\Development\Src\dnGame\Classes\Pistol.uc(39) : Warning, Unknown property in defaults: 	MomentumTransfer=50000.0 (looked in Pistol)
[0030.06] Warning: d:\projects\Duke2003\Development\Src\dnGame\Classes\Pistol.uc(40) : Warning, Unknown property in defaults: 	BeamAmmoUsePerSecond=8.5 (looked in Pistol)
[0030.06] Warning: d:\projects\Duke2003\Development\Src\dnGame\Classes\Pistol.uc(41) : Warning, Unknown property in defaults: 	MinimumDamage=5.0 (looked in Pistol)
[0030.06] Log: Success: Compiled 179 line(s), 11 statement(s).

[0030.06] Log: Scripts successfully compiled - saving package 'd:\projects\Duke2003\Binaries\Win64\..\..\UDKGame\Script\dnGame.u'
[0030.14] Log: Save=78.965300
[0030.14] Log: Moving '..\..\UDKGame\Script\dnGame_save.tmp' to '..\..\UDKGame\Script\dnGame.u'
[0030.76] Log: 
[0030.76] Log: Warning/Error Summary
[0030.76] Log: ---------------------
[0030.76] Log: d:\projects\Duke2003\Development\Src\dnGame\Classes\Pistol.uc(39) : Warning, Unknown property in defaults: 	MomentumTransfer=50000.0 (looked in Pistol)
[0030.76] Log: d:\projects\Duke2003\Development\Src\dnGame\Classes\Pistol.uc(40) : Warning, Unknown property in defaults: 	BeamAmmoUsePerSecond=8.5 (looked in Pistol)
[0030.76] Log: d:\projects\Duke2003\Development\Src\dnGame\Classes\Pistol.uc(41) : Warning, Unknown property in defaults: 	MinimumDamage=5.0 (looked in Pistol)
[0030.77] Log: 
[0030.77] Log: Success - 0 error(s), 3 warning(s)
[0030.77] Log: 
Execution of commandlet took:  8.11 seconds
[0030.77] Exit: Preparing to exit.
[0030.84] Exit: Object subsystem successfully closed.
[0030.85] Log: Shutting down FaceFX...
[0030.85] Log: FaceFX shutdown.
[0030.85] DevDataBase: Spent 18.647023 seconds communicating with "Provider=sqloledb;Data Source=production-db;Initial Catalog=EngineTaskPerf;Trusted_Connection=Yes;Connection Timeout=2" or "10.1.20.20"
[0030.85] Exit: Exiting.
[0030.85] Log: Log file closed, 05/22/23 18:00:45
