Log: Log file open, 05/22/23 11:56:17
Init: WinSock: version 1.1 (2.2), MaxSocks=32767, MaxUdp=65467
Init: Version: 8364
Init: Epic Internal: 0
Init: Compiled (64-bit): May 21 2023 21:56:09
Init: Changelist: 871961
Init: Command line: editor 
Init: Base directory: d:\projects\Duke2003\Binaries\Win64\
DevConfig: GConfig::LoadFile has loaded file:  ..\..\UDKGame\Config\UDKEditor.ini
DevConfig: GConfig::LoadFile has loaded file:  ..\..\UDKGame\Config\UDKEditorUserSettings.ini
DevConfig: GConfig::LoadFile associated file:  ..\..\UDKGame\Config\UDKCompat.ini
DevConfig: GConfig::LoadFile has loaded file:  ..\..\UDKGame\Config\UDKLightmass.ini
DevConfig: GConfig::LoadFile has loaded file:  ..\..\UDKGame\Config\UDKEngine.ini
DevConfig: GConfig::LoadFile has loaded file:  ..\..\UDKGame\Config\UDKGame.ini
DevConfig: GConfig::LoadFile has loaded file:  ..\..\UDKGame\Config\UDKInput.ini
DevConfig: GConfig::LoadFile has loaded file:  ..\..\UDKGame\Config\UDKUI.ini
[0000.56] Init: Computer: JUSTIN-MAINPC
[0000.56] Init: User: justi
[0000.56] Init: CPU Page size=4096, Processors=32
[0000.56] Init: High frequency timer resolution =10.000000 MHz
[0000.56] Init: Memory total: Physical=63.1GB Pagefile=84.1GB Virtual=131072.0GB
[0000.57] DevStats: GSecondsPerCycle 1.000000e-007
[0000.62] Init: WinSock: I am justin-mainpc (192.168.1.4:0)
[0000.62] Init: Presizing for 0 objects not considered by GC, pre-allocating 0 bytes.
[0000.62] Init: Object subsystem initialized
[0000.62] DevSave: (System) 'Default__System' loading configuration from ..\..\UDKGame\Config\UDKEngine.ini
[0000.62] DevSave:    Loading value for SeekFreePCPaths from [Core.System]
[0000.62] DevSave:    Loading value for SeekFreePCExtensions from [Core.System]
[0000.62] DevSave:    Loading value for CutdownPaths from [Core.System]
[0000.62] DevSave:    Loading value for LocalizationPaths from [Core.System]
[0000.62] DevSave:    Loading value for TextureFileCacheExtension from [Core.System]
[0000.62] DevSave:    Loading value for Extensions from [Core.System]
[0000.62] DevSave:    Loading value for Suppress from [Core.System]
[0000.62] DevSave:    Loading value for FRScriptPaths from [Core.System]
[0000.62] DevSave:    Loading value for ScriptPaths from [Core.System]
[0000.62] DevSave:    Loading value for Paths from [Core.System]
[0000.62] DevSave:    Loading value for ScreenShotPath from [Core.System]
[0000.62] DevSave:    Loading value for CacheExt from [Core.System]
[0000.62] DevSave:    Loading value for CachePath from [Core.System]
[0000.62] DevSave:    Loading value for SavePath from [Core.System]
[0000.62] DevSave:    Loading value for AsyncIOBandwidthLimit from [Core.System]
[0000.62] DevSave:    Loading value for PackageSizeSoftLimit from [Core.System]
[0000.62] DevSave:    Loading value for MaxOverallCacheSize from [Core.System]
[0000.62] DevSave:    Loading value for MaxStaleCacheSize from [Core.System]
[0000.62] DevSave:    Loading value for StaleCacheDays from [Core.System]
[0019.43] DevDataBase: Failure trying to open connection [Provider=sqloledb;Data Source=production-db;Initial Catalog=EngineTaskPerf;Trusted_Connection=Yes;Connection Timeout=2] [Invalid connection string attribute]
[0019.43] DevDataBase: Connection to "Provider=sqloledb;Data Source=production-db;Initial Catalog=EngineTaskPerf;Trusted_Connection=Yes;Connection Timeout=2" or "10.1.20.20" failed
[0019.44] DevDataBase: Failure closing connection [Operation is not allowed when the object is closed.]
[0019.50] Log: Shader platform (RHI): PC-D3D-SM3
[0019.66] Log: PhysX GPU Support: DISABLED
[0019.66] Init: Initializing FaceFX...
[0019.66] Init: FaceFX 1.7.4 initialized.
[0021.61] Init: Finished loading startup packages in 1.80 seconds
[0021.62] Log: 76303 objects as part of root set at end of initial load.
[0021.62] Log: 0 out of 0 bytes used by permanent object pool.
[0021.63] Log: Supported Consoles:
[0021.63] Log:   PC
[0021.63] Log: Initializing Engine...
[0021.66] Log: Missing cached shader map for material Duke_Hand_Material, compiling.
[0022.17] Log: Missing cached shader map for material Master_Weapon_Shader, compiling.
[0022.31] Log: Encountered missing default brush - spawning new one
[0022.31] Init: UEngine initialized
[0022.31] Log: Primary PhysX scene will be in software.
[0022.31] Log: Creating Primary PhysX Scene.
[0022.32] Init: Transaction tracking system initialized
[0022.76] Init: XAudio2 using 'Speakers (High Definition Audio Device)' : 2 channels at 48 kHz using 32 bits per sample (channel mask 0x3)
[0022.78] Log: Working around XDK XAudio2 regression: TRUE
[0022.79] Init: XAudio2Device initialized.
[0023.22] Init: Client initialized
[0023.22] Init: Editor engine initialized
[0023.30] Log: Initializing Engine Completed
[0023.30] Log: >>>>>>>>>>>>>> Initial startup: 23.30s <<<<<<<<<<<<<<<
[0023.38] Cmd: MODE MAPEXT=udk
[0023.44] SourceControl: Source Control disabled in UDKEditorUserSettings.ini.  [SourceControl] has Disabled=True
[0023.45] SourceControl: Source Control disabled in UDKEditorUserSettings.ini.  [SourceControl] has Disabled=True
[0024.27] Log: Found D3D11 adapter 0: NVIDIA GeForce RTX 4090
[0024.27] Log: Adapter has 24156MB of dedicated video memory, 0MB of dedicated system memory, and 32331MB of shared system memory
[0024.30] Log: Found D3D11 adapter 1: Microsoft Basic Render Driver
[0024.30] Log: Adapter has 0MB of dedicated video memory, 0MB of dedicated system memory, and 32331MB of shared system memory
[0026.95] Cmd: MAP LOAD FILE="..\..\UDKGame\Content\Maps\Templates\Template_MidDay.umap"
[0027.13] Log: Encountered missing default brush - spawning new one
[0027.53] Log: New File, Existing Package (Package Untitled_2, Package Template_MidDay)
[0027.59] Log: -- Checking Building LODs
[0027.60] Log: Primary PhysX scene will be in software.
[0027.60] Log: Creating Primary PhysX Scene.
[0027.61] Log: Finished looking for orphan Actors (0.003 secs)
[0027.61] Cmd: MAP CHECKDEP DONTCLEARMESSAGES
[0027.66] Log: TIMER ALL OF INIT : [7.988061]
[0032.65] Log: 
==== Worlds needing PIE Save:
[0032.65] Log: Untitled_2
[0032.65] Log: ==== 1 total
[0032.68] Log: Built Phys StaticMesh Cache: 2.440 ms
[0032.68] Log: COOKEDPHYSICS: 1 TriMeshes (0.597656 KB), 1 Convex Hulls (1.082031 KB) - Total 1.679688 KB
[0032.76] Log: Save=70.943700
[0032.76] Log: Moving 'd:\projects\Duke2003\Binaries\Win64\..\..\UDKGame\Autosaves\UEDPIEUntitled_2_save.tmp' to 'd:\projects\Duke2003\Binaries\Win64\..\..\UDKGame\Autosaves\UEDPIEUntitled_2.udk'
[0032.77] Cmd: MAP LOAD PLAYWORLD=1 FILE="d:\projects\Duke2003\Binaries\Win64\..\..\UDKGame\Autosaves\UEDPIEUntitled_2.udk"
[0032.78] Log: Finished looking for orphan Actors (0.003 secs)
[0032.78] Log: Game class is 'dnSinglePlayer'
[0032.80] Log: Primary PhysX scene will be in software.
[0032.80] Log: Creating Primary PhysX Scene.
[0032.80] Log: *** WARNING - PATHS MAY NOT BE VALID ***
[0032.80] Log: Bringing World UEDPIEUntitled_2.TheWorld up for play (0) at 2023.05.22-11.56.49
[0032.83] Log: Bringing up level for play took: 0.035140
[0033.06] ScriptWarning: Accessed None 'MapInfo'
	GFxMinimap Transient.GFxMinimapHud_0:GFxMinimap_0
	Function UTGame.GFxMinimap:Init:00F2
[0033.06] ScriptWarning: Accessed None 'OnlineSub'
	dnPlayerController UEDPIEUntitled_2.TheWorld:PersistentLevel.dnPlayerController_0
	Function UTGame.UTPlayerController:ClientSetOnlineStatus:0033
[0033.06] ScriptWarning: Accessed None 'OnlineSub'
	dnPlayerController UEDPIEUntitled_2.TheWorld:PersistentLevel.dnPlayerController_0
	Function UTGame.UTPlayerController:ClientSetOnlineStatus:02D1
[0033.06] ScriptWarning: Accessed None
	dnPlayerController UEDPIEUntitled_2.TheWorld:PersistentLevel.dnPlayerController_0
	Function UTGame.UTPlayerController:ClientSetOnlineStatus:02E5
[0033.06] Log: PIE: play in editor start time for UEDPIEUntitled_2 0.591
[0033.07] ScriptWarning: Accessed None 'MapInfo'
	GFxMinimap Transient.GFxMinimapHud_1:GFxMinimap_1
	Function UTGame.GFxMinimap:Init:00F2
[0033.13] ScriptWarning: Accessed None 'LeftHandIK'
	PlayerPawn UEDPIEUntitled_2.TheWorld:PersistentLevel.PlayerPawn_0
	Function UTGame.UTPawn:SetHandIKEnabled:0066
[0033.13] ScriptWarning: Accessed None 'RightHandIK'
	PlayerPawn UEDPIEUntitled_2.TheWorld:PersistentLevel.PlayerPawn_0
	Function UTGame.UTPawn:SetHandIKEnabled:008F
[0033.13] Cmd: SETSOUNDMODE Default
[0033.13] ScriptLog: START MATCH
[0033.14] ScriptWarning: Accessed None 'MapInfo'
	GFxMinimap Transient.GFxMinimapHud_1:GFxMinimap_1
	Function UTGame.GFxMinimap:UpdateData:0015
[0034.27] Cmd: StartFire 
[0034.28] Cmd: OnRelease StopFire
[0034.40] Cmd: StopFire
[0034.97] Cmd: StartFire 
[0034.97] Cmd: OnRelease StopFire
[0035.10] Cmd: StopFire
[0035.68] Cmd: StartFire 
[0035.68] Cmd: OnRelease StopFire
[0035.85] Cmd: StopFire
[0036.19] Cmd: StartFire 
[0036.19] Cmd: OnRelease StopFire
[0036.38] Cmd: StopFire
[0037.08] Cmd: StartFire 
[0037.08] Cmd: OnRelease StopFire
[0037.25] Cmd: StopFire
[0037.69] Cmd: StartFire 
[0037.69] Cmd: OnRelease StopFire
[0037.78] Cmd: StopFire
[0038.42] Cmd: StartFire 
[0038.42] Cmd: OnRelease StopFire
[0038.52] Cmd: StopFire
[0039.45] Cmd: onrelease ShowMenu
[0039.46] ScriptWarning: Accessed None 'ViewportClient'
	dnPlayerController UEDPIEUntitled_2.TheWorld:PersistentLevel.dnPlayerController_0
	Function UTGame.UTPlayerController:Destroyed:0041
[0039.46] ScriptWarning: Player start not found, failed to restart player
	dnSinglePlayer UEDPIEUntitled_2.TheWorld:PersistentLevel.dnSinglePlayer_0
	Function Engine.GameInfo:RestartPlayer:025E
[0042.61] Exit: Preparing to exit.
[0042.71] Exit: Editor shut down
[0042.71] Exit: Transaction tracking system shut down
[0042.89] Exit: Windows client shut down
[0042.89] Exit: XAudio2 Device shut down.
[0042.98] Exit: Object subsystem successfully closed.
[0042.99] Log: Shutting down FaceFX...
[0042.99] Log: FaceFX shutdown.
[0043.02] DevDataBase: Spent 18.798079 seconds communicating with "Provider=sqloledb;Data Source=production-db;Initial Catalog=EngineTaskPerf;Trusted_Connection=Yes;Connection Timeout=2" or "10.1.20.20"
[0043.02] Exit: Exiting.
[0043.03] Log: Log file closed, 05/22/23 11:57:00
