Log: Log file open, 05/21/23 23:03:33
Init: WinSock: version 1.1 (2.2), MaxSocks=32767, MaxUdp=65467
Init: Version: 8364
Init: Epic Internal: 0
Init: Compiled (64-bit): May 21 2023 21:59:00
Init: Changelist: 871961
Init: Command line: editor 
Init: Base directory: d:\projects\Duke2003\Binaries\Win64\
DevConfig: GConfig::LoadFile associated file:  ..\..\UDKGame\Config\UDKCompat.ini
[0000.54] Init: Computer: JUSTIN-MAINPC
[0000.54] Init: User: justi
[0000.54] Init: CPU Page size=4096, Processors=32
[0000.54] Init: High frequency timer resolution =10.000000 MHz
[0000.54] Init: Memory total: Physical=63.1GB Pagefile=84.1GB Virtual=131072.0GB
[0000.59] Init: WinSock: I am justin-mainpc (192.168.1.4:0)
[0000.59] Init: Presizing for 0 objects not considered by GC, pre-allocating 0 bytes.
[0000.59] Init: Object subsystem initialized
[0019.31] DevDataBase: Failure trying to open connection [Provider=sqloledb;Data Source=production-db;Initial Catalog=EngineTaskPerf;Trusted_Connection=Yes;Connection Timeout=2] [Invalid connection string attribute]
[0019.31] DevDataBase: Connection to "Provider=sqloledb;Data Source=production-db;Initial Catalog=EngineTaskPerf;Trusted_Connection=Yes;Connection Timeout=2" or "10.1.20.20" failed
[0019.31] DevDataBase: Failure closing connection [Operation is not allowed when the object is closed.]
[0019.38] Log: Shader platform (RHI): PC-D3D-SM3
[0019.50] Log: PhysX GPU Support: DISABLED
[0019.51] Init: Initializing FaceFX...
[0019.51] Init: FaceFX 1.7.4 initialized.
[0022.18] Init: Finished loading startup packages in 0.79 seconds
[0022.19] Log: 76297 objects as part of root set at end of initial load.
[0022.19] Log: 0 out of 0 bytes used by permanent object pool.
[0022.19] Log: Supported Consoles:
[0022.19] Log:   PC
[0022.19] Log: Initializing Engine...
[0022.22] Log: Encountered missing default brush - spawning new one
[0022.22] Init: UEngine initialized
[0022.22] Log: Primary PhysX scene will be in software.
[0022.22] Log: Creating Primary PhysX Scene.
[0022.23] Init: Transaction tracking system initialized
[0023.11] Init: XAudio2 using 'Speakers (High Definition Audio Device)' : 2 channels at 48 kHz using 32 bits per sample (channel mask 0x3)
[0023.13] Log: Working around XDK XAudio2 regression: TRUE
[0023.14] Init: XAudio2Device initialized.
[0023.52] Init: Client initialized
[0023.52] Init: Editor engine initialized
[0023.56] Log: Initializing Engine Completed
[0023.56] Log: >>>>>>>>>>>>>> Initial startup: 23.56s <<<<<<<<<<<<<<<
[0023.64] Cmd: MODE MAPEXT=udk
[0023.70] SourceControl: Source Control disabled in UDKEditorUserSettings.ini.  [SourceControl] has Disabled=True
[0023.71] SourceControl: Source Control disabled in UDKEditorUserSettings.ini.  [SourceControl] has Disabled=True
[0024.50] Log: Found D3D11 adapter 0: NVIDIA GeForce RTX 4090
[0024.50] Log: Adapter has 24156MB of dedicated video memory, 0MB of dedicated system memory, and 32331MB of shared system memory
[0024.53] Log: Found D3D11 adapter 1: Microsoft Basic Render Driver
[0024.53] Log: Adapter has 0MB of dedicated video memory, 0MB of dedicated system memory, and 32331MB of shared system memory
[0027.61] Cmd: MAP LOAD FILE="..\..\UDKGame\Content\Maps\Templates\Template_MidDay.umap"
[0027.90] Log: Encountered missing default brush - spawning new one
[0028.39] Log: New File, Existing Package (Package Untitled_2, Package Template_MidDay)
[0028.48] Log: -- Checking Building LODs
[0028.48] Log: Primary PhysX scene will be in software.
[0028.49] Log: Creating Primary PhysX Scene.
[0028.49] Log: Finished looking for orphan Actors (0.002 secs)
[0028.50] Cmd: MAP CHECKDEP DONTCLEARMESSAGES
[0028.52] Log: TIMER ALL OF INIT : [8.994732]
[0062.77] Log: FactoryCreateBinary: SkeletalMesh with FbxFactory (0 0 D:\projects\Duke2003\Work\Pistol\WP_PistolMesh.FBX)
[0062.93] Log: Loading FBX Scene from D:\projects\Duke2003\Work\Pistol\WP_PistolMesh.FBX
[0063.53] Log: FBX Scene Loaded Succesfully
[0063.53] Log: 
[0065.91] Log:  Found texture for material 0: [Duke_Hand_Material] skin index: 0 
[0065.91] Log:  Found texture for material 1: [Master_Weapon_Shader] skin index: 1 
[0065.91] Log: Bones digested - 49  Depth of hierarchy - 8
[0066.09] Log: Chunk 0: 2466 rigid vertices, 2102 soft vertices, 38 active bones
[0066.09] Log: Chunk 1: 7931 rigid vertices, 0 soft vertices, 5 active bones
[0066.17] Log: Section 0: Material=0, Chunk=0, 7626 triangles
[0066.28] Log: Section 1: Material=1, Chunk=1, 10002 triangles
[0066.33] Log: MGameAssetJournalClient::QueryBranchName: A branch name was not specified in the configuration file.  A globally unique name for this branch must be configured in order for the journaling system to function correctly.  This should usually be configured by the administrator of the development branch that you're working with.
[0066.33] Log: MGameAssetJournalClient::QueryBranchName: A branch name was not specified in the configuration file.  A globally unique name for this branch must be configured in order for the journaling system to function correctly.  This should usually be configured by the administrator of the development branch that you're working with.
[0066.62] Log: Incomplete cached shader map for material Duke_Hand_Material, compiling.
[0066.69] Warning: Material wp_pistol.Materials.Duke_Hand_Material needed to have new flag set bUsedWithSkeletalMesh !
[0066.69] Log: Incomplete cached shader map for material Master_Weapon_Shader, compiling.
[0066.77] Warning: Material wp_pistol.Materials.Master_Weapon_Shader needed to have new flag set bUsedWithSkeletalMesh !
[0096.00] Log: FactoryCreateBinary: Texture2D with TextureFactory (0 0 D:\UnrealEngine\DukeForever\Content\Models\Weapons\Pistol\Hand_specmap.TGA)
[0096.58] Log: MGameAssetJournalClient::QueryBranchName: A branch name was not specified in the configuration file.  A globally unique name for this branch must be configured in order for the journaling system to function correctly.  This should usually be configured by the administrator of the development branch that you're working with.
[0096.59] Log: MGameAssetJournalClient::QueryBranchName: A branch name was not specified in the configuration file.  A globally unique name for this branch must be configured in order for the journaling system to function correctly.  This should usually be configured by the administrator of the development branch that you're working with.
[0096.62] Log: FactoryCreateBinary: Texture2D with TextureFactory (0 0 D:\UnrealEngine\DukeForever\Content\Models\Weapons\Pistol\hardballer_diffuse.TGA)
[0099.56] Log: MGameAssetJournalClient::QueryBranchName: A branch name was not specified in the configuration file.  A globally unique name for this branch must be configured in order for the journaling system to function correctly.  This should usually be configured by the administrator of the development branch that you're working with.
[0099.56] Log: MGameAssetJournalClient::QueryBranchName: A branch name was not specified in the configuration file.  A globally unique name for this branch must be configured in order for the journaling system to function correctly.  This should usually be configured by the administrator of the development branch that you're working with.
[0099.57] Log: FactoryCreateBinary: Texture2D with TextureFactory (0 0 D:\UnrealEngine\DukeForever\Content\Models\Weapons\Pistol\hardballer_normal.TGA)
[0101.96] Log: MGameAssetJournalClient::QueryBranchName: A branch name was not specified in the configuration file.  A globally unique name for this branch must be configured in order for the journaling system to function correctly.  This should usually be configured by the administrator of the development branch that you're working with.
[0101.96] Log: MGameAssetJournalClient::QueryBranchName: A branch name was not specified in the configuration file.  A globally unique name for this branch must be configured in order for the journaling system to function correctly.  This should usually be configured by the administrator of the development branch that you're working with.
[0101.96] Log: FactoryCreateBinary: Texture2D with TextureFactory (0 0 D:\UnrealEngine\DukeForever\Content\Models\Weapons\Pistol\hardballer_specular.TGA)
[0104.56] Log: MGameAssetJournalClient::QueryBranchName: A branch name was not specified in the configuration file.  A globally unique name for this branch must be configured in order for the journaling system to function correctly.  This should usually be configured by the administrator of the development branch that you're working with.
[0104.56] Log: MGameAssetJournalClient::QueryBranchName: A branch name was not specified in the configuration file.  A globally unique name for this branch must be configured in order for the journaling system to function correctly.  This should usually be configured by the administrator of the development branch that you're working with.
[0104.57] Log: FactoryCreateBinary: Texture2D with TextureFactory (0 0 D:\UnrealEngine\DukeForever\Content\Models\Weapons\Pistol\Hand_diffusemap.TGA)
[0105.31] Log: MGameAssetJournalClient::QueryBranchName: A branch name was not specified in the configuration file.  A globally unique name for this branch must be configured in order for the journaling system to function correctly.  This should usually be configured by the administrator of the development branch that you're working with.
[0105.31] Log: MGameAssetJournalClient::QueryBranchName: A branch name was not specified in the configuration file.  A globally unique name for this branch must be configured in order for the journaling system to function correctly.  This should usually be configured by the administrator of the development branch that you're working with.
[0105.31] Log: FactoryCreateBinary: Texture2D with TextureFactory (0 0 D:\UnrealEngine\DukeForever\Content\Models\Weapons\Pistol\Hand_normalmap.TGA)
[0106.00] Log: MGameAssetJournalClient::QueryBranchName: A branch name was not specified in the configuration file.  A globally unique name for this branch must be configured in order for the journaling system to function correctly.  This should usually be configured by the administrator of the development branch that you're working with.
[0106.00] Log: MGameAssetJournalClient::QueryBranchName: A branch name was not specified in the configuration file.  A globally unique name for this branch must be configured in order for the journaling system to function correctly.  This should usually be configured by the administrator of the development branch that you're working with.
[0110.95] Log: Missing cached shader map for material PreviewMaterial_0, compiling.
[0117.75] Log: SetSelectedConnector: MaterialExpressionTextureSample_0(MaterialExpressionTextureSample) 0 0
[0122.43] Log: SetSelectedConnector: MaterialExpressionTextureSample_1(MaterialExpressionTextureSample) 0 0
[0125.95] Log: SetSelectedConnector: MaterialExpressionTextureSample_2(MaterialExpressionTextureSample) 0 0
[0128.29] Log: Missing cached shader map for material Duke_Hand_Material, compiling.
[0130.85] Cmd: nxvis PHYSX_CLEAR_ALL
[0130.85] Log: Clearing all PhysX Debug Flags.
[0130.85] Cmd: apexvis APEX_CLEAR_ALL
[0130.85] DevPhysics: ApexSDK              : VISUALIZE_LOD_BENEFITS
[0130.85] DevPhysics: ApexSDK              : LOD_DISTANCE_SCALE
[0130.85] DevPhysics: Clothing             : VISUALIZE_CLOTHING_SKINNED_POSITIONS
[0130.85] DevPhysics: Clothing             : VISUALIZE_CLOTHING_SPHERE_COLLISION
[0130.85] DevPhysics: Clothing             : VISUALIZE_CLOTHING_MAX_DISTANCE_OUT
[0130.85] DevPhysics: Clothing             : VISUALIZE_CLOTHING_MAX_DISTANCE_IN
[0130.85] DevPhysics: Clothing             : VISUALIZE_CLOTHING_ALL_SKIN_MAP
[0130.85] DevPhysics: Clothing             : VISUALIZE_CLOTHING_BAD_SKIN_MAP
[0130.85] DevPhysics: Clothing             : VISUALIZE_CLOTHING_SKIN_MAP
[0130.85] DevPhysics: Clothing             : VISUALIZE_CLOTHING_RENDER_NORMALS
[0130.85] DevPhysics: Clothing             : VISUALIZE_CLOTHING_RENDER_TANGENTS
[0130.85] DevPhysics: Clothing             : VISUALIZE_CLOTHING_PHYSICS_MESH_WIRE
[0130.85] DevPhysics: Clothing             : VISUALIZE_CLOTHING_PHYSICS_MESH_SOLID
[0130.85] DevPhysics: Clothing             : VISUALIZE_CLOTHING_SKELETON
[0130.85] DevPhysics: Clothing             : VISUALIZE_CLOTHING_BONE_FRAMES
[0130.85] DevPhysics: Clothing             : VISUALIZE_CLOTHING_BONE_NAMES
[0130.85] DevPhysics: Clothing             : VISUALIZE_CLOTHING_VELOCITIES
[0130.85] DevPhysics: Clothing             : VISUALIZE_CLOTHING_GRAPHICAL_VERTEX_BONES
[0130.85] DevPhysics: Clothing             : VISUALIZE_CLOTHING_PHYSICAL_VERTEX_BONES
[0130.85] DevPhysics: Clothing             : VISUALIZE_CLOTHING_ACOLLISION_UMBRELLAS
[0130.86] DevPhysics: Destructible         : VISUALIZE_DESTRUCTIBLE_BOUNDS
[0130.86] DevPhysics: Destructible         : VISUALIZE_DESTRUCTIBLE_SUPPORT
[0130.86] DevPhysics: Destructible         : VISUALIZE_DESTRUCTIBLE_ACTOR_POSE
[0130.86] DevPhysics: Destructible         : THRESHOLD_DISTANCE_DESTRUCTIBLE_ACTOR_POSE
[0130.86] DevPhysics: Destructible         : VISUALIZE_DESTRUCTIBLE_ACTOR_NAME
[0130.86] DevPhysics: Destructible         : THRESHOLD_DISTANCE_DESTRUCTIBLE_ACTOR_NAME
[0130.86] DevPhysics: Destructible         : VISUALIZE_DESTRUCTIBLE_FRAGMENT_POSE
[0130.86] DevPhysics: Destructible         : THRESHOLD_DISTANCE_DESTRUCTIBLE_FRAGMENT_POSE
[0130.86] DevPhysics: Apex Debug (Scene 0): apexvis APEX_CLEAR_ALL FALSE
[0130.91] Log: Primary PhysX scene will be in software.
[0130.91] Log: Creating Primary PhysX Scene.
[0131.19] Log: MorphTargetSet (VH_Manta_MorphTargets) is added to the mesh (WP_PistolMesh) that's not compatible. BaseSkelMesh has to be (SK_VH_Manta)
[0131.19] Log: MorphTargetSet (VH_Manta_MorphTargets) is added to the mesh (WP_PistolMesh) that's not compatible. BaseSkelMesh has to be (SK_VH_Manta)
[0131.19] Log: MorphTargetSet (VH_Manta_MorphTargets) is added to the mesh (WP_PistolMesh) that's not compatible. BaseSkelMesh has to be (SK_VH_Manta)
[0147.38] Log: NO_EXISTING: , wp_pistol.upk, ..\..\UDKGame\Content\
[0157.95] Log: saving as D:\projects\Duke2003\UDKGame\Content\Weapons2\wp_pistol.upk
[0157.96] Log: OBJ SavePackage: Generating thumbnails for [9] asset(s) in package [wp_pistol] ([9] browsable assets)...
[0158.03] Log: OBJ SavePackage:     Rendered thumbnail for [SkeletalMesh wp_pistol.WP_PistolMesh]
[0158.51] Log: OBJ SavePackage:     Rendered thumbnail for [Material wp_pistol.Materials.Duke_Hand_Material]
[0158.68] Log: OBJ SavePackage:     Rendered thumbnail for [Material wp_pistol.Materials.Master_Weapon_Shader]
[0158.70] Log: OBJ SavePackage:     Rendered thumbnail for [Texture2D wp_pistol.Hand_specmap]
[0158.72] Log: OBJ SavePackage:     Rendered thumbnail for [Texture2D wp_pistol.hardballer_diffuse]
[0158.73] Log: OBJ SavePackage:     Rendered thumbnail for [Texture2D wp_pistol.hardballer_normal]
[0158.75] Log: OBJ SavePackage:     Rendered thumbnail for [Texture2D wp_pistol.hardballer_specular]
[0158.78] Log: OBJ SavePackage:     Rendered thumbnail for [Texture2D wp_pistol.Hand_diffusemap]
[0158.80] Log: OBJ SavePackage:     Rendered thumbnail for [Texture2D wp_pistol.Hand_normalmap]
[0158.81] Log: OBJ SavePackage: Finished generating thumbnails for package [wp_pistol]
[0158.82] Cmd: OBJ SAVEPACKAGE PACKAGE="wp_pistol" FILE="D:\projects\Duke2003\UDKGame\Content\Weapons2\wp_pistol.upk"
[0188.37] Log: Save=29421.615400
[0188.37] Log: Moving 'D:\projects\Duke2003\UDKGame\Content\Weapons2\wp_pistol_save.tmp' to 'D:\projects\Duke2003\UDKGame\Content\Weapons2\wp_pistol.upk'
[0198.95] Log: Missing cached shader map for material PreviewMaterial_1, compiling.
[0206.18] Log: SetSelectedConnector: MaterialExpressionTextureSample_3(MaterialExpressionTextureSample) 0 0
[0210.83] Log: SetSelectedConnector: MaterialExpressionTextureSample_4(MaterialExpressionTextureSample) 0 1
[0214.55] Log: SetSelectedConnector: MaterialExpressionTextureSample_5(MaterialExpressionTextureSample) 0 0
[0218.04] Log: Missing cached shader map for material Master_Weapon_Shader, compiling.
[0224.00] Log: saving as D:\projects\Duke2003\UDKGame\Content\Weapons2\wp_pistol.upk
[0224.00] Log: OBJ SavePackage: Generating thumbnails for [0] asset(s) in package [wp_pistol] ([9] browsable assets)...
[0224.01] Log: OBJ SavePackage: Finished generating thumbnails for package [wp_pistol]
[0224.01] Cmd: OBJ SAVEPACKAGE PACKAGE="wp_pistol" FILE="D:\projects\Duke2003\UDKGame\Content\Weapons2\wp_pistol.upk"
[0224.25] Log: Save=221.136900
[0224.25] Log: Moving 'D:\projects\Duke2003\UDKGame\Content\Weapons2\wp_pistol_save.tmp' to 'D:\projects\Duke2003\UDKGame\Content\Weapons2\wp_pistol.upk'
[0226.86] Cmd: nxvis PHYSX_CLEAR_ALL
[0226.86] Log: Clearing all PhysX Debug Flags.
[0226.87] Cmd: apexvis APEX_CLEAR_ALL
[0226.87] DevPhysics: ApexSDK              : VISUALIZE_LOD_BENEFITS
[0226.87] DevPhysics: ApexSDK              : LOD_DISTANCE_SCALE
[0226.87] DevPhysics: Clothing             : VISUALIZE_CLOTHING_SKINNED_POSITIONS
[0226.87] DevPhysics: Clothing             : VISUALIZE_CLOTHING_SPHERE_COLLISION
[0226.87] DevPhysics: Clothing             : VISUALIZE_CLOTHING_MAX_DISTANCE_OUT
[0226.87] DevPhysics: Clothing             : VISUALIZE_CLOTHING_MAX_DISTANCE_IN
[0226.87] DevPhysics: Clothing             : VISUALIZE_CLOTHING_ALL_SKIN_MAP
[0226.87] DevPhysics: Clothing             : VISUALIZE_CLOTHING_BAD_SKIN_MAP
[0226.87] DevPhysics: Clothing             : VISUALIZE_CLOTHING_SKIN_MAP
[0226.87] DevPhysics: Clothing             : VISUALIZE_CLOTHING_RENDER_NORMALS
[0226.87] DevPhysics: Clothing             : VISUALIZE_CLOTHING_RENDER_TANGENTS
[0226.87] DevPhysics: Clothing             : VISUALIZE_CLOTHING_PHYSICS_MESH_WIRE
[0226.87] DevPhysics: Clothing             : VISUALIZE_CLOTHING_PHYSICS_MESH_SOLID
[0226.87] DevPhysics: Clothing             : VISUALIZE_CLOTHING_SKELETON
[0226.87] DevPhysics: Clothing             : VISUALIZE_CLOTHING_BONE_FRAMES
[0226.87] DevPhysics: Clothing             : VISUALIZE_CLOTHING_BONE_NAMES
[0226.87] DevPhysics: Clothing             : VISUALIZE_CLOTHING_VELOCITIES
[0226.87] DevPhysics: Clothing             : VISUALIZE_CLOTHING_GRAPHICAL_VERTEX_BONES
[0226.87] DevPhysics: Clothing             : VISUALIZE_CLOTHING_PHYSICAL_VERTEX_BONES
[0226.87] DevPhysics: Clothing             : VISUALIZE_CLOTHING_ACOLLISION_UMBRELLAS
[0226.87] DevPhysics: Destructible         : VISUALIZE_DESTRUCTIBLE_BOUNDS
[0226.87] DevPhysics: Destructible         : VISUALIZE_DESTRUCTIBLE_SUPPORT
[0226.87] DevPhysics: Destructible         : VISUALIZE_DESTRUCTIBLE_ACTOR_POSE
[0226.87] DevPhysics: Destructible         : THRESHOLD_DISTANCE_DESTRUCTIBLE_ACTOR_POSE
[0226.87] DevPhysics: Destructible         : VISUALIZE_DESTRUCTIBLE_ACTOR_NAME
[0226.87] DevPhysics: Destructible         : THRESHOLD_DISTANCE_DESTRUCTIBLE_ACTOR_NAME
[0226.87] DevPhysics: Destructible         : VISUALIZE_DESTRUCTIBLE_FRAGMENT_POSE
[0226.87] DevPhysics: Destructible         : THRESHOLD_DISTANCE_DESTRUCTIBLE_FRAGMENT_POSE
[0226.87] DevPhysics: Apex Debug (Scene 0): apexvis APEX_CLEAR_ALL FALSE
[0226.93] Log: Primary PhysX scene will be in software.
[0226.93] Log: Creating Primary PhysX Scene.
[0227.26] Log: MorphTargetSet (VH_Manta_MorphTargets) is added to the mesh (WP_PistolMesh) that's not compatible. BaseSkelMesh has to be (SK_VH_Manta)
[0227.26] Log: MorphTargetSet (VH_Manta_MorphTargets) is added to the mesh (WP_PistolMesh) that's not compatible. BaseSkelMesh has to be (SK_VH_Manta)
[0227.26] Log: MorphTargetSet (VH_Manta_MorphTargets) is added to the mesh (WP_PistolMesh) that's not compatible. BaseSkelMesh has to be (SK_VH_Manta)
[0322.63] Log: FactoryCreateBinary: SkeletalMesh with FbxFactory (0 0 D:\projects\Duke2003\Work\Pistol\PistolFire.fbx)
[0322.67] Log: Loading FBX Scene from D:\projects\Duke2003\Work\Pistol\PistolFire.fbx
[0323.33] Log: FBX Scene Loaded Succesfully
[0323.33] Log: 
[0325.26] Log:  Found texture for material 0: [Duke_Hand_Material] skin index: 0 
[0325.26] Log:  Found texture for material 1: [Master_Weapon_Shader] skin index: 1 
[0325.26] Log: Bones digested - 49  Depth of hierarchy - 8
[0325.44] Log: Chunk 0: 2466 rigid vertices, 2102 soft vertices, 38 active bones
[0325.44] Log: Chunk 1: 7931 rigid vertices,