Log: Log file open, 05/22/23 12:10:27
Init: WinSock: version 1.1 (2.2), MaxSocks=32767, MaxUdp=65467
Init: Version: 8364
Init: Epic Internal: 0
Init: Compiled (64-bit): May 21 2023 21:56:09
Init: Changelist: 871961
Init: Command line: editor 
Init: Base directory: d:\projects\Duke2003\Binaries\Win64\
DevConfig: GConfig::LoadFile has loaded file:  ..\..\UDKGame\Config\UDKEditor.ini
DevConfig: GConfig::LoadFile has loaded file:  ..\..\UDKGame\Config\UDKEditorUserSettings.ini
DevConfig: GConfig::LoadFile associated file:  ..\..\UDKGame\Config\UDKCompat.ini
DevConfig: GConfig::LoadFile has loaded file:  ..\..\UDKGame\Config\UDKLightmass.ini
DevConfig: GConfig::LoadFile has loaded file:  ..\..\UDKGame\Config\UDKEngine.ini
DevConfig: GConfig::LoadFile has loaded file:  ..\..\UDKGame\Config\UDKGame.ini
DevConfig: GConfig::LoadFile has loaded file:  ..\..\UDKGame\Config\UDKInput.ini
DevConfig: GConfig::LoadFile has loaded file:  ..\..\UDKGame\Config\UDKUI.ini
[0000.55] Init: Computer: JUSTIN-MAINPC
[0000.56] Init: User: justi
[0000.56] Init: CPU Page size=4096, Processors=32
[0000.56] Init: High frequency timer resolution =10.000000 MHz
[0000.56] Init: Memory total: Physical=63.1GB Pagefile=84.1GB Virtual=131072.0GB
[0000.56] DevStats: GSecondsPerCycle 1.000000e-007
[0000.60] Init: WinSock: I am justin-mainpc (192.168.1.4:0)
[0000.60] Init: Presizing for 0 objects not considered by GC, pre-allocating 0 bytes.
[0000.61] Init: Object subsystem initialized
[0000.61] DevSave: (System) 'Default__System' loading configuration from ..\..\UDKGame\Config\UDKEngine.ini
[0000.61] DevSave:    Loading value for SeekFreePCPaths from [Core.System]
[0000.61] DevSave:    Loading value for SeekFreePCExtensions from [Core.System]
[0000.61] DevSave:    Loading value for CutdownPaths from [Core.System]
[0000.61] DevSave:    Loading value for LocalizationPaths from [Core.System]
[0000.61] DevSave:    Loading value for TextureFileCacheExtension from [Core.System]
[0000.61] DevSave:    Loading value for Extensions from [Core.System]
[0000.61] DevSave:    Loading value for Suppress from [Core.System]
[0000.61] DevSave:    Loading value for FRScriptPaths from [Core.System]
[0000.61] DevSave:    Loading value for ScriptPaths from [Core.System]
[0000.61] DevSave:    Loading value for Paths from [Core.System]
[0000.61] DevSave:    Loading value for ScreenShotPath from [Core.System]
[0000.61] DevSave:    Loading value for CacheExt from [Core.System]
[0000.61] DevSave:    Loading value for CachePath from [Core.System]
[0000.61] DevSave:    Loading value for SavePath from [Core.System]
[0000.61] DevSave:    Loading value for AsyncIOBandwidthLimit from [Core.System]
[0000.61] DevSave:    Loading value for PackageSizeSoftLimit from [Core.System]
[0000.61] DevSave:    Loading value for MaxOverallCacheSize from [Core.System]
[0000.61] DevSave:    Loading value for MaxStaleCacheSize from [Core.System]
[0000.61] DevSave:    Loading value for StaleCacheDays from [Core.System]
[0019.38] DevDataBase: Failure trying to open connection [Provider=sqloledb;Data Source=production-db;Initial Catalog=EngineTaskPerf;Trusted_Connection=Yes;Connection Timeout=2] [Invalid connection string attribute]
[0019.38] DevDataBase: Connection to "Provider=sqloledb;Data Source=production-db;Initial Catalog=EngineTaskPerf;Trusted_Connection=Yes;Connection Timeout=2" or "10.1.20.20" failed
[0019.38] DevDataBase: Failure closing connection [Operation is not allowed when the object is closed.]
[0019.45] Log: Shader platform (RHI): PC-D3D-SM3
[0025.81] Log: PhysX GPU Support: DISABLED
[0025.82] Init: Initializing FaceFX...
[0025.82] Init: FaceFX 1.7.4 initialized.
[0025.86] Init: Version: 8364
[0025.86] Init: Epic Internal: 0
[0025.86] Init: Compiled (64-bit): May 21 2023 21:56:09
[0025.86] Init: Command line:  
[0025.86] Init: Base directory: d:\projects\Duke2003\Binaries\Win64\
[0025.86] Init: Character set: Unicode
[0025.86] Log: Executing Class UnrealEd.MakeCommandlet
[0025.86] Init: UEngine initialized
[0025.92] Heading: --------------------Core - Release--------------------
[0025.92] Log: New File, Existing Package (Package Untitled_0, Package Core)
[0025.93] Log: Loading global macros for Core
[0025.96] Heading: --------------------Engine - Release--------------------
[0026.00] Log: New File, Existing Package (Package Untitled_1, Package Engine)
[0026.31] Log: Loading global macros for Engine
[0026.94] Heading: --------------------GFxUI - Release--------------------
[0026.94] Log: New File, Existing Package (Package Untitled_2, Package GFxUI)
[0026.94] Log: Loading global macros for GFxUI
[0026.96] Heading: --------------------GameFramework - Release--------------------
[0026.96] Log: New File, Existing Package (Package Untitled_3, Package GameFramework)
[0027.00] Log: Loading global macros for GameFramework
[0027.07] Heading: --------------------UnrealEd - Release--------------------
[0027.07] Log: New File, Existing Package (Package Untitled_4, Package UnrealEd)
[0027.09] Log: Loading global macros for UnrealEd
[0027.15] Heading: --------------------GFxUIEditor - Release--------------------
[0027.15] Log: New File, Existing Package (Package Untitled_5, Package GFxUIEditor)
[0027.15] Log: Loading global macros for GFxUIEditor
[0027.15] Heading: --------------------IpDrv - Release--------------------
[0027.15] Log: New File, Existing Package (Package Untitled_6, Package IpDrv)
[0027.17] Log: Loading global macros for IpDrv
[0027.19] Heading: --------------------OnlineSubsystemPC - Release--------------------
[0027.20] Log: New File, Existing Package (Package Untitled_7, Package OnlineSubsystemPC)
[0027.20] Log: Loading global macros for OnlineSubsystemPC
[0027.21] Heading: --------------------OnlineSubsystemGameSpy - Release--------------------
[0027.22] Log: New File, Existing Package (Package Untitled_8, Package OnlineSubsystemGameSpy)
[0027.22] Log: Loading global macros for OnlineSubsystemGameSpy
[0027.24] Heading: --------------------OnlineSubsystemLive - Release--------------------
[0027.24] Log: New File, Existing Package (Package Untitled_9, Package OnlineSubsystemLive)
[0027.26] Log: Loading global macros for OnlineSubsystemLive
[0027.29] Heading: --------------------OnlineSubsystemSteamworks - Release--------------------
[0027.29] Log: New File, Existing Package (Package Untitled_10, Package OnlineSubsystemSteamworks)
[0027.30] Log: Loading global macros for OnlineSubsystemSteamworks
[0027.32] Heading: --------------------UDKBase - Release--------------------
[0027.33] Log: New File, Existing Package (Package Untitled_11, Package UDKBase)
[0027.35] Log: Loading global macros for UDKBase
[0027.39] Heading: --------------------UTEditor - Release--------------------
[0027.39] Log: New File, Existing Package (Package Untitled_12, Package UTEditor)
[0027.39] Log: Loading global macros for UTEditor
[0027.40] Heading: --------------------UTGame - Release--------------------
[0027.41] Log: New File, Existing Package (Package Untitled_13, Package UTGame)
[0027.67] Log: Loading global macros for UTGame
[0028.05] Heading: --------------------UTGameContent - Release--------------------
[0028.05] Log: New File, Existing Package (Package Untitled_14, Package UTGameContent)
[0028.09] Log: Loading global macros for UTGameContent
[0028.12] Heading: --------------------dnGame - Release--------------------
[0028.12] Log: Package dnGame changed, recompiling
[0028.12] Log: Analyzing...
[0028.12] Log: Loading global macros for dnGame
[0028.13] Log: Exporting native class declarations for dnGame
[0028.13] Log: Autogenerating C++ header: 
[0028.13] Log: Autogenerating C++ header: dnGameNames.h
[0028.14] Log: Success: Compiled 179 line(s), 11 statement(s).

[0028.14] Log: Scripts successfully compiled - saving package 'd:\projects\Duke2003\Binaries\Win64\..\..\UDKGame\Script\dnGame.u'
[0028.21] Log: Save=75.802700
[0028.21] Log: Moving '..\..\UDKGame\Script\dnGame_save.tmp' to '..\..\UDKGame\Script\dnGame.u'
[0028.22] Heading: --------------------UDKUltimate - Release--------------------
[0028.22] Log: Analyzing...
[0028.22] Log: Loading global macros for UDKUltimate
[0028.29] Log: Success: Compiled 1075 line(s), 179 statement(s).

[0028.29] Log: Scripts successfully compiled - saving package 'd:\projects\Duke2003\Binaries\Win64\..\..\UDKGame\Script\UDKUltimate.u'
[0028.38] Log: Save=89.364200
[0028.38] Log: Moving '..\..\UDKGame\Script\UDKUltimate_save.tmp' to '..\..\UDKGame\Script\UDKUltimate.u'
[0028.99] Log: 
[0028.99] Log: Success - 0 error(s), 0 warning(s)
[0028.99] Log: 
Execution of commandlet took:  3.13 seconds
[0028.99] Exit: Preparing to exit.
[0029.06] Exit: Object subsystem successfully closed.
[0029.07] Log: Shutting down FaceFX...
[0029.07] Log: FaceFX shutdown.
[0029.07] DevDataBase: Spent 18.763550 seconds communicating with "Provider=sqloledb;Data Source=production-db;Initial Catalog=EngineTaskPerf;Trusted_Connection=Yes;Connection Timeout=2" or "10.1.20.20"
[0029.07] Exit: Exiting.
[0029.07] Log: Log file closed, 05/22/23 12:10:55
