Log: Log file open, 05/22/23 11:21:42
Init: WinSock: version 1.1 (2.2), MaxSocks=32767, MaxUdp=65467
Init: Version: 8364
Init: Epic Internal: 0
Init: Compiled (64-bit): May 21 2023 21:56:09
Init: Changelist: 871961
Init: Command line: editor 
Init: Base directory: d:\projects\Duke2003\Binaries\Win64\
DevConfig: GConfig::LoadFile has loaded file:  ..\..\UDKGame\Config\UDKEditor.ini
DevConfig: GConfig::LoadFile has loaded file:  ..\..\UDKGame\Config\UDKEditorUserSettings.ini
DevConfig: GConfig::LoadFile associated file:  ..\..\UDKGame\Config\UDKCompat.ini
DevConfig: GConfig::LoadFile has loaded file:  ..\..\UDKGame\Config\UDKLightmass.ini
DevConfig: GConfig::LoadFile has loaded file:  ..\..\UDKGame\Config\UDKEngine.ini
DevConfig: GConfig::LoadFile has loaded file:  ..\..\UDKGame\Config\UDKGame.ini
DevConfig: GConfig::LoadFile has loaded file:  ..\..\UDKGame\Config\UDKInput.ini
DevConfig: GConfig::LoadFile has loaded file:  ..\..\UDKGame\Config\UDKUI.ini
[0000.55] Init: Computer: JUSTIN-MAINPC
[0000.55] Init: User: justi
[0000.55] Init: CPU Page size=4096, Processors=32
[0000.55] Init: High frequency timer resolution =10.000000 MHz
[0000.55] Init: Memory total: Physical=63.1GB Pagefile=84.1GB Virtual=131072.0GB
[0000.55] DevStats: GSecondsPerCycle 1.000000e-007
[0000.60] Init: WinSock: I am justin-mainpc (192.168.1.4:0)
[0000.60] Init: Presizing for 0 objects not considered by GC, pre-allocating 0 bytes.
[0000.60] Init: Object subsystem initialized
[0000.60] DevSave: (System) 'Default__System' loading configuration from ..\..\UDKGame\Config\UDKEngine.ini
[0000.60] DevSave:    Loading value for SeekFreePCPaths from [Core.System]
[0000.60] DevSave:    Loading value for SeekFreePCExtensions from [Core.System]
[0000.60] DevSave:    Loading value for CutdownPaths from [Core.System]
[0000.60] DevSave:    Loading value for LocalizationPaths from [Core.System]
[0000.60] DevSave:    Loading value for TextureFileCacheExtension from [Core.System]
[0000.60] DevSave:    Loading value for Extensions from [Core.System]
[0000.60] DevSave:    Loading value for Suppress from [Core.System]
[0000.60] DevSave:    Loading value for FRScriptPaths from [Core.System]
[0000.60] DevSave:    Loading value for ScriptPaths from [Core.System]
[0000.60] DevSave:    Loading value for Paths from [Core.System]
[0000.60] DevSave:    Loading value for ScreenShotPath from [Core.System]
[0000.60] DevSave:    Loading value for CacheExt from [Core.System]
[0000.60] DevSave:    Loading value for CachePath from [Core.System]
[0000.60] DevSave:    Loading value for SavePath from [Core.System]
[0000.60] DevSave:    Loading value for AsyncIOBandwidthLimit from [Core.System]
[0000.60] DevSave:    Loading value for PackageSizeSoftLimit from [Core.System]
[0000.60] DevSave:    Loading value for MaxOverallCacheSize from [Core.System]
[0000.60] DevSave:    Loading value for MaxStaleCacheSize from [Core.System]
[0000.60] DevSave:    Loading value for StaleCacheDays from [Core.System]
[0019.30] DevDataBase: Failure trying to open connection [Provider=sqloledb;Data Source=production-db;Initial Catalog=EngineTaskPerf;Trusted_Connection=Yes;Connection Timeout=2] [Invalid connection string attribute]
[0019.30] DevDataBase: Connection to "Provider=sqloledb;Data Source=production-db;Initial Catalog=EngineTaskPerf;Trusted_Connection=Yes;Connection Timeout=2" or "10.1.20.20" failed
[0019.30] DevDataBase: Failure closing connection [Operation is not allowed when the object is closed.]
[0019.37] Log: Shader platform (RHI): PC-D3D-SM3
[0022.33] Log: PhysX GPU Support: DISABLED
[0022.34] Init: Initializing FaceFX...
[0022.34] Init: FaceFX 1.7.4 initialized.
[0022.38] Init: Version: 8364
[0022.39] Init: Epic Internal: 0
[0022.39] Init: Compiled (64-bit): May 21 2023 21:56:09
[0022.39] Init: Command line:  
[0022.39] Init: Base directory: d:\projects\Duke2003\Binaries\Win64\
[0022.39] Init: Character set: Unicode
[0022.39] Log: Executing Class UnrealEd.MakeCommandlet
[0022.39] Init: UEngine initialized
[0022.45] Heading: --------------------Core - Release--------------------
[0022.45] Log: New File, Existing Package (Package Untitled_0, Package Core)
[0022.46] Log: Loading global macros for Core
[0022.49] Heading: --------------------Engine - Release--------------------
[0022.53] Log: New File, Existing Package (Package Untitled_1, Package Engine)
[0022.84] Log: Loading global macros for Engine
[0023.46] Heading: --------------------GFxUI - Release--------------------
[0023.46] Log: New File, Existing Package (Package Untitled_2, Package GFxUI)
[0023.46] Log: Loading global macros for GFxUI
[0023.48] Heading: --------------------GameFramework - Release--------------------
[0023.48] Log: New File, Existing Package (Package Untitled_3, Package GameFramework)
[0023.52] Log: Loading global macros for GameFramework
[0023.59] Heading: --------------------UnrealEd - Release--------------------
[0023.59] Log: New File, Existing Package (Package Untitled_4, Package UnrealEd)
[0023.61] Log: Loading global macros for UnrealEd
[0023.67] Heading: --------------------GFxUIEditor - Release--------------------
[0023.67] Log: New File, Existing Package (Package Untitled_5, Package GFxUIEditor)
[0023.67] Log: Loading global macros for GFxUIEditor
[0023.67] Heading: --------------------IpDrv - Release--------------------
[0023.67] Log: New File, Existing Package (Package Untitled_6, Package IpDrv)
[0023.69] Log: Loading global macros for IpDrv
[0023.71] Heading: --------------------OnlineSubsystemPC - Release--------------------
[0023.71] Log: New File, Existing Package (Package Untitled_7, Package OnlineSubsystemPC)
[0023.72] Log: Loading global macros for OnlineSubsystemPC
[0023.73] Heading: --------------------OnlineSubsystemGameSpy - Release--------------------
[0023.73] Log: New File, Existing Package (Package Untitled_8, Package OnlineSubsystemGameSpy)
[0023.74] Log: Loading global macros for OnlineSubsystemGameSpy
[0023.76] Heading: --------------------OnlineSubsystemLive - Release--------------------
[0023.76] Log: New File, Existing Package (Package Untitled_9, Package OnlineSubsystemLive)
[0023.78] Log: Loading global macros for OnlineSubsystemLive
[0023.81] Heading: --------------------OnlineSubsystemSteamworks - Release--------------------
[0023.81] Log: New File, Existing Package (Package Untitled_10, Package OnlineSubsystemSteamworks)
[0023.82] Log: Loading global macros for OnlineSubsystemSteamworks
[0023.84] Heading: --------------------UDKBase - Release--------------------
[0023.84] Log: New File, Existing Package (Package Untitled_11, Package UDKBase)
[0023.87] Log: Loading global macros for UDKBase
[0023.91] Heading: --------------------UTEditor - Release--------------------
[0023.91] Log: New File, Existing Package (Package Untitled_12, Package UTEditor)
[0023.91] Log: Loading global macros for UTEditor
[0023.91] Heading: --------------------UTGame - Release--------------------
[0023.92] Log: New File, Existing Package (Package Untitled_13, Package UTGame)
[0024.18] Log: Loading global macros for UTGame
[0024.56] Heading: --------------------UTGameContent - Release--------------------
[0024.56] Log: New File, Existing Package (Package Untitled_14, Package UTGameContent)
[0024.59] Log: Loading global macros for UTGameContent
[0024.61] Heading: --------------------dnGame - Release--------------------
[0024.61] Log: Package dnGame changed, recompiling
[0024.61] Log: Analyzing...
[0024.61] Log: Loading global macros for dnGame
[0024.63] Log: Exporting native class declarations for dnGame
[0024.63] Log: Autogenerating C++ header: 
[0024.63] Log: Autogenerating C++ header: dnGameNames.h
[0024.63] Log: Success: Compiled 179 line(s), 11 statement(s).

[0024.63] Log: Scripts successfully compiled - saving package 'd:\projects\Duke2003\Binaries\Win64\..\..\UDKGame\Script\dnGame.u'
[0024.70] Log: Save=74.970100
[0024.71] Log: Moving '..\..\UDKGame\Script\dnGame_save.tmp' to '..\..\UDKGame\Script\dnGame.u'
[0024.71] Heading: --------------------UDKUltimate - Release--------------------
[0024.71] Log: Analyzing...
[0024.71] Log: Loading global macros for UDKUltimate
[0024.78] Log: Success: Compiled 1075 line(s), 179 statement(s).

[0024.78] Log: Scripts successfully compiled - saving package 'd:\projects\Duke2003\Binaries\Win64\..\..\UDKGame\Script\UDKUltimate.u'
[0024.87] Log: Save=89.231100
[0024.87] Log: Moving '..\..\UDKGame\Script\UDKUltimate_save.tmp' to '..\..\UDKGame\Script\UDKUltimate.u'
[0025.48] Log: 
[0025.48] Log: Success - 0 error(s), 0 warning(s)
[0025.48] Log: 
Execution of commandlet took:  3.09 seconds
[0025.49] Exit: Preparing to exit.
[0025.56] Exit: Object subsystem successfully closed.
[0025.56] Log: Shutting down FaceFX...
[0025.56] Log: FaceFX shutdown.
[0025.56] DevDataBase: Spent 18.688616 seconds communicating with "Provider=sqloledb;Data Source=production-db;Initial Catalog=EngineTaskPerf;Trusted_Connection=Yes;Connection Timeout=2" or "10.1.20.20"
[0025.56] Exit: Exiting.
[0025.56] Log: Log file closed, 05/22/23 11:22:07
