Log: Log file open, 05/22/23 18:39:03
Init: WinSock: version 1.1 (2.2), MaxSocks=32767, MaxUdp=65467
Init: Version: 8364
Init: Epic Internal: 0
Init: Compiled (64-bit): May 21 2023 21:56:09
Init: Changelist: 871961
Init: Command line:  
Init: Base directory: d:\projects\Duke2003\Binaries\Win64\
DevConfig: GConfig::LoadFile has loaded file:  ..\..\UDKGame\Config\UDKEditor.ini
DevConfig: GConfig::LoadFile has loaded file:  ..\..\UDKGame\Config\UDKEditorUserSettings.ini
DevConfig: GConfig::LoadFile associated file:  ..\..\UDKGame\Config\UDKCompat.ini
DevConfig: GConfig::LoadFile has loaded file:  ..\..\UDKGame\Config\UDKLightmass.ini
DevConfig: GConfig::LoadFile has loaded file:  ..\..\UDKGame\Config\UDKEngine.ini
DevConfig: GConfig::LoadFile has loaded file:  ..\..\UDKGame\Config\UDKGame.ini
DevConfig: GConfig::LoadFile has loaded file:  ..\..\UDKGame\Config\UDKInput.ini
DevConfig: GConfig::LoadFile has loaded file:  ..\..\UDKGame\Config\UDKUI.ini
[0000.56] Init: Computer: JUSTIN-MAINPC
[0000.56] Init: User: justi
[0000.56] Init: CPU Page size=4096, Processors=32
[0000.57] Init: High frequency timer resolution =10.000000 MHz
[0000.57] Init: Memory total: Physical=63.1GB Pagefile=84.1GB Virtual=131072.0GB
[0000.57] DevStats: GSecondsPerCycle 1.000000e-007
[0000.62] Init: WinSock: I am justin-mainpc (192.168.1.4:0)
[0000.62] Init: Presizing for 0 objects not considered by GC, pre-allocating 0 bytes.
[0000.62] Init: Object subsystem initialized
[0000.62] DevSave: (System) 'Default__System' loading configuration from ..\..\UDKGame\Config\UDKEngine.ini
[0000.62] DevSave:    Loading value for SeekFreePCPaths from [Core.System]
[0000.62] DevSave:    Loading value for SeekFreePCExtensions from [Core.System]
[0000.62] DevSave:    Loading value for CutdownPaths from [Core.System]
[0000.62] DevSave:    Loading value for LocalizationPaths from [Core.System]
[0000.62] DevSave:    Loading value for TextureFileCacheExtension from [Core.System]
[0000.62] DevSave:    Loading value for Extensions from [Core.System]
[0000.62] DevSave:    Loading value for Suppress from [Core.System]
[0000.62] DevSave:    Loading value for FRScriptPaths from [Core.System]
[0000.62] DevSave:    Loading value for ScriptPaths from [Core.System]
[0000.62] DevSave:    Loading value for Paths from [Core.System]
[0000.62] DevSave:    Loading value for ScreenShotPath from [Core.System]
[0000.62] DevSave:    Loading value for CacheExt from [Core.System]
[0000.62] DevSave:    Loading value for CachePath from [Core.System]
[0000.62] DevSave:    Loading value for SavePath from [Core.System]
[0000.62] DevSave:    Loading value for AsyncIOBandwidthLimit from [Core.System]
[0000.62] DevSave:    Loading value for PackageSizeSoftLimit from [Core.System]
[0000.62] DevSave:    Loading value for MaxOverallCacheSize from [Core.System]
[0000.62] DevSave:    Loading value for MaxStaleCacheSize from [Core.System]
[0000.62] DevSave:    Loading value for StaleCacheDays from [Core.System]
[0019.32] DevDataBase: Failure trying to open connection [Provider=sqloledb;Data Source=production-db;Initial Catalog=EngineTaskPerf;Trusted_Connection=Yes;Connection Timeout=2] [Invalid connection string attribute]
[0019.32] DevDataBase: Connection to "Provider=sqloledb;Data Source=production-db;Initial Catalog=EngineTaskPerf;Trusted_Connection=Yes;Connection Timeout=2" or "10.1.20.20" failed
[0019.33] DevDataBase: Failure closing connection [Operation is not allowed when the object is closed.]
[0019.66] Init: OS stats:
[0019.66] Init: 	Windows 7 
[0019.66] Init: 	RemoteDesktop=0
[0019.66] Init: Memory stats:
[0019.66] Init: 	Physical: 64662MB
[0019.66] Init: 	Virtual: 134217727MB
[0019.66] Init: 	PageFile: 86166MB
[0019.66] Init: CPU stats:
[0019.66] Init: 	MeasuredPerformanceTime: -1.000 (stored result)
[0019.66] Init: GPU stats:
[0019.66] Init: 	VendorID: 000010DE
[0019.66] Init: 	DeviceID: 00002684
[0019.67] Init: 	DriverVersion: 31.0.15.3168
[0019.67] Init: 	DeviceName: NVIDIA GeForce RTX 4090
[0019.67] Init: 	DriverName: nvldumdx.dll
[0019.67] Init: 	PixelShaderVersion: 3
[0019.67] Init: 	VertexShaderVersion: 3
[0019.67] Init: 	VRAMQuantity: 3072
[0019.67] Init: 	DedicatedVRAM: 3072
[0019.67] Init: 	AdapterCount: 2
[0019.67] Init: 	SupportsHardwareTnL: 1
[0019.67] Init: Machine  detected compatibility level: Composite: 4. CPU: 5. GPU: 4.
[0019.67] Init: Previous detected compatibility level: Composite: 4. CPU: 5. GPU: 4.
[0019.70] Log: Shader platform (RHI): PC-D3D-SM3
[0019.81] Log: PhysX GPU Support: DISABLED
[0019.82] Init: Initializing FaceFX...
[0019.82] Init: FaceFX 1.7.4 initialized.
[0019.85] Init: XAudio2 using 'Speakers (High Definition Audio Device)' : 2 channels at 48 kHz using 32 bits per sample (channel mask 0x3)
[0020.58] Warning: Warning, Failed to load 'A_VoicePack_GEARSofWAR_Baird': Can't find file for package 'A_VoicePack_GEARSofWAR_Baird' while loading NULL
[0020.58] Warning: Warning, Failed to load 'A_VoicePack_GEARSofWAR_Baird': Can't find file for package 'A_VoicePack_GEARSofWAR_Baird' while loading NULL
[0020.58] Warning: Warning, Failed to load 'A_VoicePack_GEARSofWAR_Baird': Can't find file for package 'A_VoicePack_GEARSofWAR_Baird' while loading NULL
[0020.58] Warning: Warning, Failed to load 'A_VoicePack_GEARSofWAR_Baird': Can't find file for package 'A_VoicePack_GEARSofWAR_Baird' while loading NULL
[0020.58] Warning: Warning, Failed to load 'A_VoicePack_GEARSofWAR_Baird': Can't find file for package 'A_VoicePack_GEARSofWAR_Baird' while loading NULL
[0020.58] Warning: Warning, Failed to load 'A_VoicePack_GEARSofWAR_Baird': Can't find file for package 'A_VoicePack_GEARSofWAR_Baird' while loading NULL
[0020.58] Warning: Warning, Failed to load 'A_VoicePack_GEARSofWAR_Baird': Can't find file for package 'A_VoicePack_GEARSofWAR_Baird' while loading NULL
[0020.58] Warning: Warning, Failed to load 'A_VoicePack_GEARSofWAR_Baird': Can't find file for package 'A_VoicePack_GEARSofWAR_Baird' while loading NULL
[0020.58] Warning: Warning, Failed to load 'A_VoicePack_GEARSofWAR_Baird': Can't find file for package 'A_VoicePack_GEARSofWAR_Baird' while loading NULL
[0020.59] Warning: Warning, Failed to load 'A_VoicePack_GEARSofWAR_Dom': Can't find file for package 'A_VoicePack_GEARSofWAR_Dom' while loading NULL
[0020.59] Warning: Warning, Failed to load 'A_VoicePack_GEARSofWAR_Dom': Can't find file for package 'A_VoicePack_GEARSofWAR_Dom' while loading NULL
[0020.59] Warning: Warning, Failed to load 'A_VoicePack_GEARSofWAR_Dom': Can't find file for package 'A_VoicePack_GEARSofWAR_Dom' while loading NULL
[0020.59] Warning: Warning, Failed to load 'A_VoicePack_GEARSofWAR_Dom': Can't find file for package 'A_VoicePack_GEARSofWAR_Dom' while loading NULL
[0020.59] Warning: Warning, Failed to load 'A_VoicePack_GEARSofWAR_Dom': Can't find file for package 'A_VoicePack_GEARSofWAR_Dom' while loading NULL
[0020.59] Warning: Warning, Failed to load 'A_VoicePack_GEARSofWAR_Dom': Can't find file for package 'A_VoicePack_GEARSofWAR_Dom' while loading NULL
[0020.59] Warning: Warning, Failed to load 'A_VoicePack_GEARSofWAR_Baird': Can't find file for package 'A_VoicePack_GEARSofWAR_Baird' while loading NULL
[0020.59] Warning: Warning, Failed to load 'A_VoicePack_GEARSofWAR_Baird': Can't find file for package 'A_VoicePack_GEARSofWAR_Baird' while loading NULL
[0020.59] Warning: Warning, Failed to load 'A_VoicePack_GEARSofWAR_Baird': Can't find file for package 'A_VoicePack_GEARSofWAR_Baird' while loading NULL
[0020.59] Warning: Warning, Failed to load 'A_VoicePack_GEARSofWAR_Gus': Can't find file for package 'A_VoicePack_GEARSofWAR_Gus' while loading NULL
[0020.59] Warning: Warning, Failed to load 'A_VoicePack_GEARSofWAR_Gus': Can't find file for package 'A_VoicePack_GEARSofWAR_Gus' while loading NULL
[0020.59] Warning: Warning, Failed to load 'A_VoicePack_GEARSofWAR_Gus': Can't find file for package 'A_VoicePack_GEARSofWAR_Gus' while loading NULL
[0020.59] Warning: Warning, Failed to load 'A_VoicePack_GEARSofWAR_Gus': Can't find file for package 'A_VoicePack_GEARSofWAR_Gus' while loading NULL
[0020.59] Warning: Warning, Failed to load 'A_VoicePack_GEARSofWAR_Gus': Can't find file for package 'A_VoicePack_GEARSofWAR_Gus' while loading NULL
[0020.59] Warning: Warning, Failed to load 'A_VoicePack_GEARSofWAR_Gus': Can't find file for package 'A_VoicePack_GEARSofWAR_Gus' while loading NULL
[0020.59] Warning: Warning, Failed to load 'A_VoicePack_GEARSofWAR_Gus': Can't find file for package 'A_VoicePack_GEARSofWAR_Gus' while loading NULL
[0020.59] Warning: Warning, Failed to load 'A_VoicePack_GEARSofWAR_Gus': Can't find file for package 'A_VoicePack_GEARSofWAR_Gus' while loading NULL
[0020.59] Warning: Warning, Failed to load 'A_VoicePack_GEARSofWAR_Gus': Can't find file for package 'A_VoicePack_GEARSofWAR_Gus' while loading NULL
[0020.59] Warning: Warning, Failed to load 'A_VoicePack_GEARSofWAR_Hoffman': Can't find file for package 'A_VoicePack_GEARSofWAR_Hoffman' while loading NULL
[0020.59] Warning: Warning, Failed to load 'A_VoicePack_GEARSofWAR_Hoffman': Can't find file for package 'A_VoicePack_GEARSofWAR_Hoffman' while loading NULL
[0020.59] Warning: Warning, Failed to load 'A_VoicePack_GEARSofWAR_Hoffman': Can't find file for package 'A_VoicePack_GEARSofWAR_Hoffman' while loading NULL
[0020.59] Warning: Warning, Failed to load 'A_VoicePack_GEARSofWAR_Hoffman': Can't find file for package 'A_VoicePack_GEARSofWAR_Hoffman' while loading NULL
[0020.59] Warning: Warning, Failed to load 'A_VoicePack_GEARSofWAR_Hoffman': Can't find file for package 'A_VoicePack_GEARSofWAR_Hoffman' while loading NULL
[0020.60] Warning: Warning, Failed to load 'A_VoicePack_GEARSofWAR_Hoffman': Can't find file for package 'A_VoicePack_GEARSofWAR_Hoffman' while loading NULL
[0020.60] Warning: Warning, Failed to load 'A_VoicePack_GEARSofWAR_Hoffman': Can't find file for package 'A_VoicePack_GEARSofWAR_Hoffman' while loading NULL
[0020.60] Warning: Warning, Failed to load 'A_VoicePack_GEARSofWAR_Hoffman': Can't find file for package 'A_VoicePack_GEARSofWAR_Hoffman' while loading NULL
[0020.60] Warning: Warning, Failed to load 'A_VoicePack_GEARSofWAR_Hoffman': Can't find file for package 'A_VoicePack_GEARSofWAR_Hoffman' while loading NULL
[0020.60] Warning: Warning, Failed to load 'A_Character_Locust': Can't find file for package 'A_Character_Locust' while loading NULL
[0020.60] Warning: Warning, Failed to load 'A_Character_Locust': Can't find file for package 'A_Character_Locust' while loading NULL
[0020.60] Warning: Warning, Failed to load 'A_Character_Locust': Can't find file for package 'A_Character_Locust' while loading NULL
[0020.60] Warning: Warning, Failed to load 'A_Character_Locust': Can't find file for package 'A_Character_Locust' while loading NULL
[0020.60] Warning: Warning, Failed to load 'A_Character_Locust': Can't find file for package 'A_Character_Locust' while loading NULL
[0020.60] Warning: Warning, Failed to load 'A_Character_Locust': Can't find file for package 'A_Character_Locust' while loading NULL
[0020.60] Warning: Warning, Failed to load 'A_Character_Locust': Can't find file for package 'A_Character_Locust' while loading NULL
[0020.60] Warning: Warning, Failed to load 'A_Character_Locust': Can't find file for package 'A_Character_Locust' while loading NULL
[0020.60] Warning: Warning, Failed to load 'A_Character_Locust': Can't find file for package 'A_Character_Locust' while loading NULL
[0020.60] Warning: Warning, Failed to load 'A_VoicePack_GEARSofWAR_Marcus': Can't find file for package 'A_VoicePack_GEARSofWAR_Marcus' while loading NULL
[0020.60] Warning: Warning, Failed to load 'A_VoicePack_GEARSofWAR_Marcus': Can't find file for package 'A_VoicePack_GEARSofWAR_Marcus' while loading NULL
[0020.60] Warning: Warning, Failed to load 'A_VoicePack_GEARSofWAR_Marcus': Can't find file for package 'A_VoicePack_GEARSofWAR_Marcus' while loading NULL
[0020.60] Warning: Warning, Failed to load 'A_VoicePack_GEARSofWAR_Marcus': Can't find file for package 'A_VoicePack_GEARSofWAR_Marcus' while loading NULL
[0020.60] Warning: Warning, Failed to load 'A_VoicePack_GEARSofWAR_Marcus': Can't find file for package 'A_VoicePack_GEARSofWAR_Marcus' while loading NULL
[0020.60] Warning: Warning, Failed to load 'A_VoicePack_GEARSofWAR_Marcus': Can't find file for package 'A_VoicePack_GEARSofWAR_Marcus' while loading NULL
[0020.60] Warning: Warning, Failed to load 'A_VoicePack_GEARSofWAR_Marcus': Can't find file for package 'A_VoicePack_GEARSofWAR_Marcus' while loading NULL
[0020.60] Warning: Warning, Failed to load 'A_VoicePack_GEARSofWAR_Marcus': Can't find file for package 'A_VoicePack_GEARSofWAR_Marcus' while loading NULL
[0020.60] Warning: Warning, Failed to load 'A_VoicePack_GEARSofWAR_Marcus': Can't find file for package 'A_VoicePack_GEARSofWAR_Marcus' while loading NULL
[0020.63] Warning: Warning, Failed to load 'A_VoicePack_GEARSofWAR_Baird': Can't find file for package 'A_VoicePack_GEARSofWAR_Baird' while loading NULL
[0020.63] Warning: Warning, Failed to load 'A_VoicePack_GEARSofWAR_Baird': Can't find file for package 'A_VoicePack_GEARSofWAR_Baird' while loading NULL
[0020.63] Warning: Warning, Failed to load 'A_VoicePack_GEARSofWAR_Baird': Can't find file for package 'A_VoicePack_GEARSofWAR_Baird' while loading NULL
[0020.63] Warning: Warning, Failed to load 'A_VoicePack_GEARSofWAR_Baird': Can't find file for package 'A_VoicePack_GEARSofWAR_Baird' while loading NULL
[0020.63] Warning: Warning, Failed to load 'A_VoicePack_GEARSofWAR_Baird': Can't find file for package 'A_VoicePack_GEARSofWAR_Baird' while loading NULL
[0020.63] Warning: Warning, Failed to load 'A_VoicePack_GEARSofWAR_Baird': Can't find file for package 'A_VoicePack_GEARSofWAR_Baird' while loading NULL
[0020.63] Warning: Warning, Failed to load 'A_VoicePack_GEARSofWAR_Baird': Can't find file for package 'A_VoicePack_GEARSofWAR_Baird' while loading NULL
[0020.63] Warning: Warning, Failed to load 'A_VoicePack_GEARSofWAR_Baird': Can't find file for package 'A_VoicePack_GEARSofWAR_Baird' while loading NULL
[0020.63] Warning: Warning, Failed to load 'A_VoicePack_GEARSofWAR_Baird': Can't find file for package 'A_VoicePack_GEARSofWAR_Baird' while loading NULL
[0020.63] Warning: Warning, Failed to load 'A_VoicePack_GEARSofWAR_Baird': Can't find file for package 'A_VoicePack_GEARSofWAR_Baird' while loading NULL
[0020.63] Warning: Warning, Failed to load 'A_VoicePack_GEARSofWAR_Baird': Can't find file for package 'A_VoicePack_GEARSofWAR_Baird' while loading NULL
[0020.63] Warning: Warning, Failed to load 'A_VoicePack_GEARSofWAR_Baird': Can't find file for package 'A_VoicePack_GEARSofWAR_Baird' while loading NULL
[0020.63] Warning: Warning, Failed to load 'A_VoicePack_GEARSofWAR_Dom': Can't find file for package 'A_VoicePack_GEARSofWAR_Dom' while loading NULL
[0020.63] Warning: Warning, Failed to load 'A_VoicePack_GEARSofWAR_Dom': Can't find file for package 'A_VoicePack_GEARSofWAR_Dom' while loading NULL
[0020.63] Warning: Warning, Failed to load 'A_VoicePack_GEARSofWAR_Dom': Can't find file for package 'A_VoicePack_GEARSofWAR_Dom' while loading NULL
[0020.63] Warning: Warning, Failed to load 'A_VoicePack_GEARSofWAR_Dom': Can't find file for package 'A_VoicePack_GEARSofWAR_Dom' while loading NULL
[0020.63] Warning: Warning, Failed to load 'A_VoicePack_GEARSofWAR_Dom': Can't find file for package 'A_VoicePack_GEARSofWAR_Dom' while loading NULL
[0020.63] Warning: Warning, Failed to load 'A_VoicePack_GEARSofWAR_Dom': Can't find file for package 'A_VoicePack_GEARSofWAR_Dom' while loading NULL
[0020.64] Warning: Warning, Failed to load 'A_VoicePack_GEARSofWAR_Dom': Can't find file for package 'A_VoicePack_GEARSofWAR_Dom' while loading NULL
[0020.64] Warning: Warning, Failed to load 'A_VoicePack_GEARSofWAR_Dom': Can't find file for package 'A_VoicePack_GEARSofWAR_Dom' while loading NULL
[0020.64] Warning: Warning, Failed to load 'A_VoicePack_GEARSofWAR_Dom': Can't find file for package 'A_VoicePack_GEARSofWAR_Dom' while loading NULL
[0020.64] Warning: Warning, Failed to load 'A_VoicePack_GEARSofWAR_Dom': Can't find file for package 'A_VoicePack_GEARSofWAR_Dom' while loading NULL
[0020.64] Warning: Warning, Failed to load 'A_VoicePack_GEARSofWAR_Dom': Can't find file for package 'A_VoicePack_GEARSofWAR_Dom' while loading NULL
[0020.64] Warning: Warning, Failed to load 'A_VoicePack_GEARSofWAR_Dom': Can't find file for package 'A_VoicePack_GEARSofWAR_Dom' while loading NULL
[0020.64] Warning: Warning, Failed to load 'A_VoicePack_GEARSofWAR_Gus': Can't find file for package 'A_VoicePack_GEARSofWAR_Gus' while loading NULL
[0020.64] Warning: Warning, Failed to load 'A_VoicePack_GEARSofWAR_Gus': Can't find file for package 'A_VoicePack_GEARSofWAR_Gus' while loading NULL
[0020.64] Warning: Warning, Failed to load 'A_VoicePack_GEARSofWAR_Gus': Can't find file for package 'A_VoicePack_GEARSofWAR_Gus' while loading NULL
[0020.64] Warning: Warning, Failed to load 'A_VoicePack_GEARSofWAR_Gus': Can't find file for package 'A_VoicePack_GEARSofWAR_Gus' while loading NULL
[0020.64] Warning: Warning, Failed to load 'A_VoicePack_GEARSofWAR_Gus': Can't find file for package 'A_VoicePack_GEARSofWAR_Gus' while loading NULL
[0020.64] Warning: Warning, Failed to load 'A_VoicePack_GEARSofWAR_Gus': Can't find file for package 'A_VoicePack_GEARSofWAR_Gus' while loading NULL
[0020.64] Warning: Warning, Failed to load 'A_VoicePack_GEARSofWAR_Gus': Can't find file for package 'A_VoicePack_GEARSofWAR_Gus' while loading NULL
[0020.64] Warning: Warning, Failed to load 'A_VoicePack_GEARSofWAR_Gus': Can't find file for package 'A_VoicePack_GEARSofWAR_Gus' while loading NULL
[0020.64] Warning: Warning, Failed to load 'A_VoicePack_GEARSofWAR_Gus': Can't find file for package 'A_VoicePack_GEARSofWAR_Gus' while loading NULL
[0020.64] Warning: Warning, Failed to load 'A_VoicePack_GEARSofWAR_Gus': Can't find file for package 'A_VoicePack_GEARSofWAR_Gus' while loading NULL
[0020.64] Warning: Warning, Failed to load 'A_VoicePack_GEARSofWAR_Gus': Can't find file for package 'A_VoicePack_GEARSofWAR_Gus' while loading NULL
[0020.64] Warning: Warning, Failed to load 'A_VoicePack_GEARSofWAR_Gus': Can't find file for package 'A_VoicePack_GEARSofWAR_Gus' while loading NULL
[0020.64] Warning: Warning, Failed to load 'A_VoicePack_GEARSofWAR_Hoffman': Can't find file for package 'A_VoicePack_GEARSofWAR_Hoffman' while loading NULL
[0020.64] Warning: Warning, Failed to load 'A_VoicePack_GEARSofWAR_Hoffman': Can't find file for package 'A_VoicePack_GEARSofWAR_Hoffman' while loading NULL
[0020.64] Warning: Warning, Failed to load 'A_VoicePack_GEARSofWAR_Hoffman': Can't find file for package 'A_VoicePack_GEARSofWAR_Hoffman' while loading NULL
[0020.64] Warning: Warning, Failed to load 'A_VoicePack_GEARSofWAR_Hoffman': Can't find file for package 'A_VoicePack_GEARSofWAR_Hoffman' while loading NULL
[0020.65] Warning: Warning, Failed to load 'A_VoicePack_GEARSofWAR_Hoffman': Can't find file for package 'A_VoicePack_GEARSofWAR_Hoffman' while loading NULL
[0020.65] Warning: Warning, Failed to load 'A_VoicePack_GEARSofWAR_Hoffman': Can't find file for package 'A_VoicePack_GEARSofWAR_Hoffman' while loading NULL
[0020.65] Warning: Warning, Failed to load 'A_VoicePack_GEARSofWAR_Hoffman': Can't find file for package 'A_VoicePack_GEARSofWAR_Hoffman' while loading NULL
[0020.65] Warning: Warning, Failed to load 'A_VoicePack_GEARSofWAR_Hoffman': Can't find file for package 'A_VoicePack_GEARSofWAR_Hoffman' while loading NULL
[0020.65] Warning: Warning, Failed to load 'A_VoicePack_GEARSofWAR_Hoffman': Can't find file for package 'A_VoicePack_GEARSofWAR_Hoffman' while loading NULL
[0020.65] Warning: Warning, Failed to load 'A_VoicePack_GEARSofWAR_Hoffman': Can't find file for package 'A_VoicePack_GEARSofWAR_Hoffman' while loading NULL
[0020.65] Warning: Warning, Failed to load 'A_VoicePack_GEARSofWAR_Hoffman': Can't find file for package 'A_VoicePack_GEARSofWAR_Hoffman' while loading NULL
[0020.65] Warning: Warning, Failed to load 'A_VoicePack_GEARSofWAR_Hoffman': Can't find file for package 'A_VoicePack_GEARSofWAR_Hoffman' while loading NULL
[0020.65] Warning: Warning, Failed to load 'A_Character_Locust': Can't find file for package 'A_Character_Locust' while loading NULL
[0020.65] Warning: Warning, Failed to load 'A_Character_Locust': Can't find file for package 'A_Character_Locust' while loading NULL
[0020.65] Warning: Warning, Failed to load 'A_Character_Locust': Can't find file for package 'A_Character_Locust' while loading NULL
[0020.65] Warning: Warning, Failed to load 'A_Character_Locust': Can't find file for package 'A_Character_Locust' while loading NULL
[0020.65] Warning: Warning, Failed to load 'A_Character_Locust': Can't find file for package 'A_Character_Locust' while loading NULL
[0020.65] Warning: Warning, Failed to load 'A_Character_Locust': Can't find file for package 'A_Character_Locust' while loading NULL
[0020.65] Warning: Warning, Failed to load 'A_Character_Locust': Can't find file for package 'A_Character_Locust' while loading NULL
[0020.65] Warning: Warning, Failed to load 'A_Character_Locust': Can't find file for package 'A_Character_Locust' while loading NULL
[0020.65] Warning: Warning, Failed to load 'A_Character_Locust': Can't find file for package 'A_Character_Locust' while loading NULL
[0020.65] Warning: Warning, Failed to load 'A_Character_Locust': Can't find file for package 'A_Character_Locust' while loading NULL
[0020.65] Warning: Warning, Failed to load 'A_Character_Locust': Can't find file for package 'A_Character_Locust' while loading NULL
[0020.65] Warning: Warning, Failed to load 'A_Character_Locust': Can't find file for package 'A_Character_Locust' while loading NULL
[0020.65] Warning: Warning, Failed to load 'A_VoicePack_GEARSofWAR_Marcus': Can't find file for package 'A_VoicePack_GEARSofWAR_Marcus' while loading NULL
[0020.65] Warning: Warning, Failed to load 'A_VoicePack_GEARSofWAR_Marcus': Can't find file for package 'A_VoicePack_GEARSofWAR_Marcus' while loading NULL
[0020.65] Warning: Warning, Failed to load 'A_VoicePack_GEARSofWAR_Marcus': Can't find file for package 'A_VoicePack_GEARSofWAR_Marcus' while loading NULL
[0020.66] Warning: Warning, Failed to load 'A_VoicePack_GEARSofWAR_Marcus': Can't find file for package 'A_VoicePack_GEARSofWAR_Marcus' while loading NULL
[0020.66] Warning: Warning, Failed to load 'A_VoicePack_GEARSofWAR_Marcus': Can't find file for package 'A_VoicePack_GEARSofWAR_Marcus' while loading NULL
[0020.66] Warning: Warning, Failed to load 'A_VoicePack_GEARSofWAR_Marcus': Can't find file for package 'A_VoicePack_GEARSofWAR_Marcus' while loading NULL
[0020.66] Warning: Warning, Failed to load 'A_VoicePack_GEARSofWAR_Marcus': Can't find file for package 'A_VoicePack_GEARSofWAR_Marcus' while loading NULL
[0020.66] Warning: Warning, Failed to load 'A_VoicePack_GEARSofWAR_Marcus': Can't find file for package 'A_VoicePack_GEARSofWAR_Marcus' while loading NULL
[0020.66] Warning: Warning, Failed to load 'A_VoicePack_GEARSofWAR_Marcus': Can't find file for package 'A_VoicePack_GEARSofWAR_Marcus' while loading NULL
[0020.66] Warning: Warning, Failed to load 'A_VoicePack_GEARSofWAR_Marcus': Can't find file for package 'A_VoicePack_GEARSofWAR_Marcus' while loading NULL
[0020.66] Warning: Warning, Failed to load 'A_VoicePack_GEARSofWAR_Marcus': Can't find file for package 'A_VoicePack_GEARSofWAR_Marcus' while loading NULL
[0020.66] Warning: Warning, Failed to load 'A_VoicePack_GEARSofWAR_Marcus': Can't find file for package 'A_VoicePack_GEARSofWAR_Marcus' while loading NULL
[0020.66] Warning: Warning, Failed to load 'A_VoicePack_GEARSofWAR_Marcus': Can't find file for package 'A_VoicePack_GEARSofWAR_Marcus' while loading NULL
[0020.66] Warning: Warning, Failed to load 'A_VoicePack_GEARSofWAR_Marcus': Can't find file for package 'A_VoicePack_GEARSofWAR_Marcus' while loading NULL
[0020.66] Warning: Warning, Failed to load 'A_VoicePack_GEARSofWAR_Marcus': Can't find file for package 'A_VoicePack_GEARSofWAR_Marcus' while loading NULL
[0020.66] Warning: Warning, Failed to load 'A_VoicePack_GEARSofWAR_Marcus': Can't find file for package 'A_VoicePack_GEARSofWAR_Marcus' while loading NULL
[0020.66] Warning: Warning, Failed to load 'A_VoicePack_GEARSofWAR_Marcus': Can't find file for package 'A_VoicePack_GEARSofWAR_Marcus' while loading NULL
[0020.66] Warning: Warning, Failed to load 'A_VoicePack_GEARSofWAR_Marcus': Can't find file for package 'A_VoicePack_GEARSofWAR_Marcus' while loading NULL
[0020.66] Warning: Warning, Failed to load 'A_VoicePack_GEARSofWAR_Marcus': Can't find file for package 'A_VoicePack_GEARSofWAR_Marcus' while loading NULL
[0020.66] Warning: Warning, Failed to load 'A_VoicePack_GEARSofWAR_Marcus': Can't find file for package 'A_VoicePack_GEARSofWAR_Marcus' while loading NULL
[0020.66] Warning: Warning, Failed to load 'A_VoicePack_GEARSofWAR_Marcus': Can't find file for package 'A_VoicePack_GEARSofWAR_Marcus' while loading NULL
[0020.66] Warning: Warning, Failed to load 'A_VoicePack_GEARSofWAR_Marcus': Can't find file for package 'A_VoicePack_GEARSofWAR_Marcus' while loading NULL
[0020.66] Warning: Warning, Failed to load 'A_VoicePack_GEARSofWAR_Marcus': Can't find file for package 'A_VoicePack_GEARSofWAR_Marcus' while loading NULL
[0020.66] Warning: Warning, Failed to load 'A_VoicePack_GEARSofWAR_Marcus': Can't find file for package 'A_VoicePack_GEARSofWAR_Marcus' while loading NULL
[0020.67] Warning: Warning, Failed to load 'WP_GOW': Can't find file for package 'WP_GOW' while loading NULL
[0020.67] Warning: Warning, Failed to load Outer for resource 'PISTOL_ARMS': Package WP_GOW.Anims
[0020.67] Warning: Warning, Failed to load 'WP_GOW': Can't find file for package 'WP_GOW' while loading NULL
[0020.67] Warning: Warning, Failed to load Outer for resource 'RA_ARMS': Package WP_GOW.Anims
[0020.67] Warning: Warning, Failed to load 'WP_GOW': Can't find file for package 'WP_GOW' while loading NULL
[0020.67] Warning: Warning, Failed to load Outer for resource 'CogARifleFire08_Cue': Package WP_GOW.Sounds
[0020.67] Warning: Warning, Failed to load 'WP_GOW': Can't find file for package 'WP_GOW' while loading NULL
[0020.67] Warning: Warning, Failed to load Outer for resource 'CogRifleLower_Cue': Package WP_GOW.Sounds
[0020.68] Warning: Warning, Failed to load 'WP_GOW.Mesh.WP_GOWPistol_P3'! Referenced by 'UTGame.Default__UTAttachment_GOWPistol:SkeletalMeshComponent0' ('Engine.SkeletalMeshComponent:SkeletalMesh').
[0020.68] Warning: Warning, Failed to load 'WP_GOW': Can't find file for package 'WP_GOW' while loading NULL
[0020.68] Warning: Warning, Failed to load Outer for resource 'WP_GOWPistol_P3': Package WP_GOW.Mesh
[0020.68] Warning: Warning, Failed to load 'WP_GOW.Mesh.WP_GOWRifleAssalto_P3'! Referenced by 'UTGame.Default__UTAttachment_GOWRiffle:SkeletalMeshComponent0' ('Engine.SkeletalMeshComponent:SkeletalMesh').
[0020.68] Warning: Warning, Failed to load 'WP_GOW': Can't find file for package 'WP_GOW' while loading NULL
[0020.68] Warning: Warning, Failed to load Outer for resource 'WP_GOWRifleAssalto_P3': Package WP_GOW.Mesh
[0020.68] Warning: Warning, Failed to load 'WP_GOW.Mesh.WP_GOWSniper_P3'! Referenced by 'UTGame.Default__UTAttachment_GOWSniper:SkeletalMeshComponent0' ('Engine.SkeletalMeshComponent:SkeletalMesh').
[0020.68] Warning: Warning, Failed to load 'WP_GOW': Can't find file for package 'WP_GOW' while loading NULL
[0020.68] Warning: Warning, Failed to load Outer for resource 'WP_GOWSniper_P3': Package WP_GOW.Mesh
[0020.68] Warning: Warning, Failed to load 'WP_GOW.Mesh.WP_GOWPistol_P3'! Referenced by 'UTGame.Default__UTWeap_GOWPistol:PickupMesh' ('Engine.SkeletalMeshComponent:SkeletalMesh').
[0020.68] Warning: Warning, Failed to load 'WP_GOW': Can't find file for package 'WP_GOW' while loading NULL
[0020.68] Warning: Warning, Failed to load Outer for resource 'WP_GOWPistol_P3': Package WP_GOW.Mesh
[0020.68] Warning: Warning, Failed to load 'WP_GOW.Mesh.WP_GOWRifleAssalto_P3'! Referenced by 'UTGame.Default__UTWeap_GOWRiffle:PickupMesh' ('Engine.SkeletalMeshComponent:SkeletalMesh').
[0020.68] Warning: Warning, Failed to load 'WP_GOW': Can't find file for package 'WP_GOW' while loading NULL
[0020.68] Warning: Warning, Failed to load Outer for resource 'WP_GOWRifleAssalto_P3': Package WP_GOW.Mesh
[0020.68] Warning: Warning, Failed to load 'WP_GOW.Mesh.WP_GOWSniper_P3'! Referenced by 'UTGame.Default__UTWeap_GOWSniper:PickupMesh' ('Engine.SkeletalMeshComponent:SkeletalMesh').
[0020.68] Warning: Warning, Failed to load 'WP_GOW': Can't find file for package 'WP_GOW' while loading NULL
[0020.68] Warning: Warning, Failed to load Outer for resource 'WP_GOWSniper_P3': Package WP_GOW.Mesh
[0020.68] Warning: Warning, Failed to load 'WP_GOW.Mesh.stinger_ammo'! Referenced by 'UTGame.Default__UTAmmo_GOWRiffle:AmmoMeshComp' ('Engine.StaticMeshComponent:StaticMesh').
[0020.68] Warning: Warning, Failed to load 'WP_GOW': Can't find file for package 'WP_GOW' while loading NULL
[0020.68] Warning: Warning, Failed to load Outer for resource 'stinger_ammo': Package WP_GOW.Mesh
[0020.68] Warning: Warning, Failed to load 'WP_GOW.Mesh.stinger_ammo'! Referenced by 'UTGame.Default__UTAmmo_GOWSniper:AmmoMeshComp' ('Engine.StaticMeshComponent:StaticMesh').
[0020.68] Warning: Warning, Failed to load 'WP_GOW': Can't find file for package 'WP_GOW' while loading NULL
[0020.68] Warning: Warning, Failed to load Outer for resource 'stinger_ammo': Package WP_GOW.Mesh
[0020.69] Warning: Warning, Failed to load 'WP_GOW.Mesh.stinger_ammo'! Referenced by 'UTGame.Default__UTAmmo_Stinger:AmmoMeshComp' ('Engine.StaticMeshComponent:StaticMesh').
[0020.69] Warning: Warning, Failed to load 'WP_GOW': Can't find file for package 'WP_GOW' while loading NULL
[0020.69] Warning: Warning, Failed to load Outer for resource 'stinger_ammo': Package WP_GOW.Mesh
[0020.69] Warning: Warning, Failed to load 'WP_GOW.Mesh.WP_GOWPistol_P1'! Referenced by 'UTGame.Default__UTWeap_GOWPistol:FirstPersonMesh' ('Engine.SkeletalMeshComponent:SkeletalMesh').
[0020.69] Warning: Warning, Failed to load 'WP_GOW': Can't find file for package 'WP_GOW' while loading NULL
[0020.69] Warning: Warning, Failed to load Outer for resource 'WP_GOWPistol_P1': Package WP_GOW.Mesh
[0020.69] Warning: Warning, Failed to load 'WP_GOW.Anims.PISTOL_BASE1'! Referenced by 'UTGame.Default__UTWeap_GOWPistol:FirstPersonMesh' ('Engine.SkeletalMeshComponent:AnimSets').
[0020.69] Warning: Warning, Failed to load 'WP_GOW': Can't find file for package 'WP_GOW' while loading NULL
[0020.69] Warning: Warning, Failed to load Outer for resource 'PISTOL_BASE1': Package WP_GOW.Anims
[0020.69] Warning: Warning, Failed to load 'WP_GOW.Mesh.WP_GOWRifleAssalto_P1'! Referenced by 'UTGame.Default__UTWeap_GOWRiffle:FirstPersonMesh' ('Engine.SkeletalMeshComponent:SkeletalMesh').
[0020.69] Warning: Warning, Failed to load 'WP_GOW': Can't find file for package 'WP_GOW' while loading NULL
[0020.69] Warning: Warning, Failed to load Outer for resource 'WP_GOWRifleAssalto_P1': Package WP_GOW.Mesh
[0020.69] Warning: Warning, Failed to load 'WP_GOW.Anims.RA_BASE'! Referenced by 'UTGame.Default__UTWeap_GOWRiffle:FirstPersonMesh' ('Engine.SkeletalMeshComponent:AnimSets').
[0020.69] Warning: Warning, Failed to load 'WP_GOW': Can't find file for package 'WP_GOW' while loading NULL
[0020.69] Warning: Warning, Failed to load Outer for resource 'RA_BASE': Package WP_GOW.Anims
[0020.69] Warning: Warning, Failed to load 'WP_GOW.Mesh.WP_GOWSniper_P1'! Referenced by 'UTGame.Default__UTWeap_GOWSniper:FirstPersonMesh' ('Engine.SkeletalMeshComponent:SkeletalMesh').
[0020.69] Warning: Warning, Failed to load 'WP_GOW': Can't find file for package 'WP_GOW' while loading NULL
[0020.69] Warning: Warning, Failed to load Outer for resource 'WP_GOWSniper_P1': Package WP_GOW.Mesh
[0021.24] Init: Finished loading startup packages in 1.23 seconds
[0021.25] Log: 67168 objects as part of root set at end of initial load.
[0021.25] Log: 0 out of 0 bytes used by permanent object pool.
[0021.25] Log: Initializing Engine...
[0021.28] Init: UEngine initialized
[0021.28] Log: Working around XDK XAudio2 regression: TRUE
[0021.30] Init: XAudio2Device initialized.
[0021.74] Init: Client initialized
[0026.00] Log: LoadMap: UDKFrontEndMap?Name=Player?Team=255
[0026.14] Log: 
[0026.14] DevMemory: Memory allocations reported by the OS: 337.71 MB (with 0.00 MB waste)
[0026.15] Log: Game class is 'UTEntryGame'
[0026.16] Log: Primary PhysX scene will be in software.
[0026.16] Log: Creating Primary PhysX Scene.
[0026.17] Log: Bringing World UDKFrontEndMap.TheWorld up for play (0) at 2023.05.22-18.39.28
[0026.17] Log: Bringing up level for play took: 0.010888
[0026.17] ScriptWarning: Accessed None 'Profile'
	UIDataStore_OnlinePlayerData Transient.DataStoreClient_0:UIDataStore_OnlinePlayerData_0
	Function Engine.UIDataStore_OnlinePlayerData:OnLoginChange:0134
[0026.17] ScriptWarning: Accessed None 'Profile'
	UIDataStore_OnlinePlayerData Transient.DataStoreClient_0:UIDataStore_OnlinePlayerData_0
	Function Engine.UIDataStore_OnlinePlayerData:OnLoginChange:0168
[0026.17] Log: ########### Finished loading level: 0.174361 seconds
[0026.17] Init: Game engine initialized
[0026.17] Log: Initializing Engine Completed
[0028.19] Log: >>>>>>>>>>>>>> Initial startup: 28.19s <<<<<<<<<<<<<<<
[0057.37] Log: Assembled 383 auto-complete commands, manual: 89, exec: 274, kismet: 0
[0058.08] Log: Closing by request
[0058.08] Log: appRequestExit(0)
[0058.18] ScriptWarning: Invalid user index (255) specified for ClearReadProfileSettingsCompleteDelegate()
	OnlineSubsystemPC Transient.OnlineSubsystemPC_0
	Function OnlineSubsystemPC.OnlineSubsystemPC:ClearReadProfileSettingsCompleteDelegate:00C2
[0058.19] Exit: Preparing to exit.
[0058.25] Exit: Game engine shut down
[0059.00] Exit: Windows client shut down
[0059.00] Exit: XAudio2 Device shut down.
[0059.04] Exit: Object subsystem successfully closed.
[0059.05] Log: Shutting down FaceFX...
[0059.05] Log: FaceFX shutdown.
[0059.07] DevDataBase: Spent 18.699262 seconds communicating with "Provider=sqloledb;Data Source=production-db;Initial Catalog=EngineTaskPerf;Trusted_Connection=Yes;Connection Timeout=2" or "10.1.20.20"
[0059.07] Exit: Exiting.
[0059.08] Log: Log file closed, 05/22/23 18:40:01
