Log: Log file open, 05/22/23 17:57:40
Init: WinSock: version 1.1 (2.2), MaxSocks=32767, MaxUdp=65467
Init: Version: 8364
Init: Epic Internal: 0
Init: Compiled (64-bit): May 21 2023 21:56:09
Init: Changelist: 871961
Init: Command line: editor 
Init: Base directory: d:\projects\Duke2003\Binaries\Win64\
DevConfig: GConfig::LoadFile has loaded file:  ..\..\UDKGame\Config\UDKEditor.ini
DevConfig: GConfig::LoadFile has loaded file:  ..\..\UDKGame\Config\UDKEditorUserSettings.ini
DevConfig: GConfig::LoadFile associated file:  ..\..\UDKGame\Config\UDKCompat.ini
DevConfig: GConfig::LoadFile has loaded file:  ..\..\UDKGame\Config\UDKLightmass.ini
DevConfig: GConfig::LoadFile has loaded file:  ..\..\UDKGame\Config\UDKEngine.ini
DevConfig: GConfig::LoadFile has loaded file:  ..\..\UDKGame\Config\UDKGame.ini
DevConfig: GConfig::LoadFile has loaded file:  ..\..\UDKGame\Config\UDKInput.ini
DevConfig: GConfig::LoadFile has loaded file:  ..\..\UDKGame\Config\UDKUI.ini
[0000.56] Init: Computer: JUSTIN-MAINPC
[0000.56] Init: User: justi
[0000.56] Init: CPU Page size=4096, Processors=32
[0000.56] Init: High frequency timer resolution =10.000000 MHz
[0000.56] Init: Memory total: Physical=63.1GB Pagefile=84.1GB Virtual=131072.0GB
[0000.56] DevStats: GSecondsPerCycle 1.000000e-007
[0000.61] Init: WinSock: I am justin-mainpc (192.168.1.4:0)
[0000.61] Init: Presizing for 0 objects not considered by GC, pre-allocating 0 bytes.
[0000.61] Init: Object subsystem initialized
[0000.61] DevSave: (System) 'Default__System' loading configuration from ..\..\UDKGame\Config\UDKEngine.ini
[0000.61] DevSave:    Loading value for SeekFreePCPaths from [Core.System]
[0000.61] DevSave:    Loading value for SeekFreePCExtensions from [Core.System]
[0000.61] DevSave:    Loading value for CutdownPaths from [Core.System]
[0000.61] DevSave:    Loading value for LocalizationPaths from [Core.System]
[0000.61] DevSave:    Loading value for TextureFileCacheExtension from [Core.System]
[0000.61] DevSave:    Loading value for Extensions from [Core.System]
[0000.61] DevSave:    Loading value for Suppress from [Core.System]
[0000.61] DevSave:    Loading value for FRScriptPaths from [Core.System]
[0000.61] DevSave:    Loading value for ScriptPaths from [Core.System]
[0000.61] DevSave:    Loading value for Paths from [Core.System]
[0000.61] DevSave:    Loading value for ScreenShotPath from [Core.System]
[0000.61] DevSave:    Loading value for CacheExt from [Core.System]
[0000.61] DevSave:    Loading value for CachePath from [Core.System]
[0000.61] DevSave:    Loading value for SavePath from [Core.System]
[0000.62] DevSave:    Loading value for AsyncIOBandwidthLimit from [Core.System]
[0000.62] DevSave:    Loading value for PackageSizeSoftLimit from [Core.System]
[0000.62] DevSave:    Loading value for MaxOverallCacheSize from [Core.System]
[0000.62] DevSave:    Loading value for MaxStaleCacheSize from [Core.System]
[0000.62] DevSave:    Loading value for StaleCacheDays from [Core.System]
[0019.27] DevDataBase: Failure trying to open connection [Provider=sqloledb;Data Source=production-db;Initial Catalog=EngineTaskPerf;Trusted_Connection=Yes;Connection Timeout=2] [Invalid connection string attribute]
[0019.27] DevDataBase: Connection to "Provider=sqloledb;Data Source=production-db;Initial Catalog=EngineTaskPerf;Trusted_Connection=Yes;Connection Timeout=2" or "10.1.20.20" failed
[0019.27] DevDataBase: Failure closing connection [Operation is not allowed when the object is closed.]
[0019.34] Log: Shader platform (RHI): PC-D3D-SM3
[0024.67] Log: PhysX GPU Support: DISABLED
[0024.68] Init: Initializing FaceFX...
[0024.68] Init: FaceFX 1.7.4 initialized.
[0024.74] Init: Version: 8364
[0024.74] Init: Epic Internal: 0
[0024.74] Init: Compiled (64-bit): May 22 2023 15:17:14
[0024.74] Init: Command line:  
[0024.74] Init: Base directory: d:\projects\Duke2003\Binaries\Win64\
[0024.74] Init: Character set: Unicode
[0024.74] Log: Executing Class UnrealEd.MakeCommandlet
[0024.74] Init: UEngine initialized
[0024.81] Heading: --------------------Core - Release--------------------
[0024.81] Log: New File, Existing Package (Package Untitled_0, Package Core)
[0024.82] Log: Loading global macros for Core
[0024.85] Heading: --------------------Engine - Release--------------------
[0024.89] Log: New File, Existing Package (Package Untitled_1, Package Engine)
[0025.21] Log: Loading global macros for Engine
[0025.85] Heading: --------------------GFxUI - Release--------------------
[0025.85] Log: New File, Existing Package (Package Untitled_2, Package GFxUI)
[0025.86] Log: Loading global macros for GFxUI
[0025.87] Heading: --------------------GameFramework - Release--------------------
[0025.88] Log: New File, Existing Package (Package Untitled_3, Package GameFramework)
[0025.91] Log: Loading global macros for GameFramework
[0025.99] Heading: --------------------UnrealEd - Release--------------------
[0025.99] Log: New File, Existing Package (Package Untitled_4, Package UnrealEd)
[0026.02] Log: Loading global macros for UnrealEd
[0026.07] Heading: --------------------GFxUIEditor - Release--------------------
[0026.07] Log: New File, Existing Package (Package Untitled_5, Package GFxUIEditor)
[0026.07] Log: Loading global macros for GFxUIEditor
[0026.07] Heading: --------------------IpDrv - Release--------------------
[0026.07] Log: New File, Existing Package (Package Untitled_6, Package IpDrv)
[0026.09] Log: Loading global macros for IpDrv
[0026.12] Heading: --------------------OnlineSubsystemPC - Release--------------------
[0026.12] Log: New File, Existing Package (Package Untitled_7, Package OnlineSubsystemPC)
[0026.12] Log: Loading global macros for OnlineSubsystemPC
[0026.14] Heading: --------------------OnlineSubsystemGameSpy - Release--------------------
[0026.14] Log: New File, Existing Package (Package Untitled_8, Package OnlineSubsystemGameSpy)
[0026.15] Log: Loading global macros for OnlineSubsystemGameSpy
[0026.17] Heading: --------------------OnlineSubsystemLive - Release--------------------
[0026.17] Log: New File, Existing Package (Package Untitled_9, Package OnlineSubsystemLive)
[0026.18] Log: Loading global macros for OnlineSubsystemLive
[0026.21] Heading: --------------------OnlineSubsystemSteamworks - Release--------------------
[0026.21] Log: New File, Existing Package (Package Untitled_10, Package OnlineSubsystemSteamworks)
[0026.22] Log: Loading global macros for OnlineSubsystemSteamworks
[0026.25] Heading: --------------------UDKBase - Release--------------------
[0026.25] Log: New File, Existing Package (Package Untitled_11, Package UDKBase)
[0026.27] Log: Loading global macros for UDKBase
[0026.33] Heading: --------------------UTEditor - Release--------------------
[0026.33] Log: New File, Existing Package (Package Untitled_12, Package UTEditor)
[0026.33] Log: Loading global macros for UTEditor
[0026.33] Heading: --------------------dnGame - Release--------------------
[0026.33] Log: Package dnGame changed, recompiling
[0026.33] Log: Analyzing...
[0026.33] Log: Loading global macros for dnGame
[0026.34] Error: Error, Superclass UTGame of class dnSinglePlayer not found
[0026.34] Error: Error, Superclass UTWeapon of class dnWeapon not found
[0026.34] Error: Error, Superclass UTPawn of class PlayerPawn not found
[0026.34] Error: Error, Superclass UTPlayerController of class dnPlayerController not found
[0026.34] Log: Compile aborted due to errors.
[0026.73] Log: 
[0026.73] Log: Warning/Error Summary
[0026.73] Log: ---------------------
[0026.73] Log: Error, Superclass UTGame of class dnSinglePlayer not found
[0026.73] Log: Error, Superclass UTWeapon of class dnWeapon not found
[0026.73] Log: Error, Superclass UTPawn of class PlayerPawn not found
[0026.74] Log: Error, Superclass UTPlayerController of class dnPlayerController not found
[0026.74] Log: 
[0026.74] Log: Failure - 4 error(s), 0 warning(s)
[0026.74] Log: 
Execution of commandlet took:  1.99 seconds
[0026.74] Exit: Preparing to exit.
[0026.79] Exit: Object subsystem successfully closed.
[0026.79] Log: Shutting down FaceFX...
[0026.79] Log: FaceFX shutdown.
[0026.79] DevDataBase: Spent 18.646717 seconds communicating with "Provider=sqloledb;Data Source=production-db;Initial Catalog=EngineTaskPerf;Trusted_Connection=Yes;Connection Timeout=2" or "10.1.20.20"
[0026.79] Exit: Exiting.
[0026.79] Log: Log file closed, 05/22/23 17:58:06
