Log: Log file open, 05/22/23 17:38:17
Init: WinSock: version 1.1 (2.2), MaxSocks=32767, MaxUdp=65467
Init: Version: 8364
Init: Epic Internal: 0
Init: Compiled (64-bit): May 21 2023 21:56:09
Init: Changelist: 871961
Init: Command line: editor 
Init: Base directory: d:\projects\Duke2003\Binaries\Win64\
DevConfig: GConfig::LoadFile has loaded file:  ..\..\UDKGame\Config\UDKEditor.ini
DevConfig: GConfig::LoadFile has loaded file:  ..\..\UDKGame\Config\UDKEditorUserSettings.ini
DevConfig: GConfig::LoadFile associated file:  ..\..\UDKGame\Config\UDKCompat.ini
DevConfig: GConfig::LoadFile has loaded file:  ..\..\UDKGame\Config\UDKLightmass.ini
DevConfig: GConfig::LoadFile has loaded file:  ..\..\UDKGame\Config\UDKEngine.ini
DevConfig: GConfig::LoadFile has loaded file:  ..\..\UDKGame\Config\UDKGame.ini
DevConfig: GConfig::LoadFile has loaded file:  ..\..\UDKGame\Config\UDKInput.ini
DevConfig: GConfig::LoadFile has loaded file:  ..\..\UDKGame\Config\UDKUI.ini
[0000.56] Init: Computer: JUSTIN-MAINPC
[0000.57] Init: User: justi
[0000.57] Init: CPU Page size=4096, Processors=32
[0000.57] Init: High frequency timer resolution =10.000000 MHz
[0000.57] Init: Memory total: Physical=63.1GB Pagefile=84.1GB Virtual=131072.0GB
[0000.57] DevStats: GSecondsPerCycle 1.000000e-007
[0000.62] Init: WinSock: I am justin-mainpc (192.168.1.4:0)
[0000.62] Init: Presizing for 0 objects not considered by GC, pre-allocating 0 bytes.
[0000.62] Init: Object subsystem initialized
[0000.62] DevSave: (System) 'Default__System' loading configuration from ..\..\UDKGame\Config\UDKEngine.ini
[0000.62] DevSave:    Loading value for SeekFreePCPaths from [Core.System]
[0000.62] DevSave:    Loading value for SeekFreePCExtensions from [Core.System]
[0000.62] DevSave:    Loading value for CutdownPaths from [Core.System]
[0000.62] DevSave:    Loading value for LocalizationPaths from [Core.System]
[0000.62] DevSave:    Loading value for TextureFileCacheExtension from [Core.System]
[0000.62] DevSave:    Loading value for Extensions from [Core.System]
[0000.62] DevSave:    Loading value for Suppress from [Core.System]
[0000.62] DevSave:    Loading value for FRScriptPaths from [Core.System]
[0000.62] DevSave:    Loading value for ScriptPaths from [Core.System]
[0000.62] DevSave:    Loading value for Paths from [Core.System]
[0000.62] DevSave:    Loading value for ScreenShotPath from [Core.System]
[0000.62] DevSave:    Loading value for CacheExt from [Core.System]
[0000.62] DevSave:    Loading value for CachePath from [Core.System]
[0000.62] DevSave:    Loading value for SavePath from [Core.System]
[0000.62] DevSave:    Loading value for AsyncIOBandwidthLimit from [Core.System]
[0000.62] DevSave:    Loading value for PackageSizeSoftLimit from [Core.System]
[0000.62] DevSave:    Loading value for MaxOverallCacheSize from [Core.System]
[0000.62] DevSave:    Loading value for MaxStaleCacheSize from [Core.System]
[0000.62] DevSave:    Loading value for StaleCacheDays from [Core.System]
[0019.28] DevDataBase: Failure trying to open connection [Provider=sqloledb;Data Source=production-db;Initial Catalog=EngineTaskPerf;Trusted_Connection=Yes;Connection Timeout=2] [Invalid connection string attribute]
[0019.28] DevDataBase: Connection to "Provider=sqloledb;Data Source=production-db;Initial Catalog=EngineTaskPerf;Trusted_Connection=Yes;Connection Timeout=2" or "10.1.20.20" failed
[0019.28] DevDataBase: Failure closing connection [Operation is not allowed when the object is closed.]
[0019.36] Log: Shader platform (RHI): PC-D3D-SM3
[0019.53] Log: PhysX GPU Support: DISABLED
[0019.54] Init: Initializing FaceFX...
[0019.54] Init: FaceFX 1.7.4 initialized.
[0021.22] Init: Finished loading startup packages in 1.50 seconds
[0021.23] Log: 76364 objects as part of root set at end of initial load.
[0021.23] Log: 0 out of 0 bytes used by permanent object pool.
[0021.24] Log: Supported Consoles:
[0021.24] Log:   PC
[0021.24] Log: Initializing Engine...
[0021.29] Log: Encountered missing default brush - spawning new one
[0021.30] Init: UEngine initialized
[0021.30] Log: Primary PhysX scene will be in software.
[0021.30] Log: Creating Primary PhysX Scene.
[0021.31] Init: Transaction tracking system initialized
[0022.53] Init: XAudio2 using 'Speakers (High Definition Audio Device)' : 2 channels at 48 kHz using 32 bits per sample (channel mask 0x3)
[0022.58] Log: Working around XDK XAudio2 regression: TRUE
[0022.59] Init: XAudio2Device initialized.
[0023.03] Init: Client initialized
[0023.04] Init: Editor engine initialized
[0023.12] Log: Initializing Engine Completed
[0023.12] Log: >>>>>>>>>>>>>> Initial startup: 23.12s <<<<<<<<<<<<<<<
[0023.22] Cmd: MODE MAPEXT=udk
[0023.28] SourceControl: Source Control disabled in UDKEditorUserSettings.ini.  [SourceControl] has Disabled=True
[0023.29] SourceControl: Source Control disabled in UDKEditorUserSettings.ini.  [SourceControl] has Disabled=True
[0024.06] Log: Found D3D11 adapter 0: NVIDIA GeForce RTX 4090
[0024.06] Log: Adapter has 24156MB of dedicated video memory, 0MB of dedicated system memory, and 32331MB of shared system memory
[0024.10] Log: Found D3D11 adapter 1: Microsoft Basic Render Driver
[0024.10] Log: Adapter has 0MB of dedicated video memory, 0MB of dedicated system memory, and 32331MB of shared system memory
[0026.85] Cmd: MAP LOAD FILE="..\..\UDKGame\Content\Maps\Templates\Template_MidDay.umap"
[0027.09] Log: Encountered missing default brush - spawning new one
[0027.56] Log: New File, Existing Package (Package Untitled_2, Package Template_MidDay)
[0027.64] Log: -- Checking Building LODs
[0027.65] Log: Primary PhysX scene will be in software.
[0027.65] Log: Creating Primary PhysX Scene.
[0027.66] Log: Finished looking for orphan Actors (0.003 secs)
[0027.66] Cmd: MAP CHECKDEP DONTCLEARMESSAGES
[0027.70] Log: TIMER ALL OF INIT : [8.151675]
[0179.24] Cmd: MAP LOAD FILE="D:\projects\Duke2003\UDKGame\Content\Maps\DukeForever\z1l2.udk"
[0179.28] Log: Encountered missing default brush - spawning new one
[0180.53] Log: -- Checking Building LODs
[0180.54] Log: Primary PhysX scene will be in software.
[0180.54] Log: Creating Primary PhysX Scene.
[0180.55] Log: Finished looking for orphan Actors (0.006 secs)
[0180.60] Cmd: MAP CHECKDEP DONTCLEARMESSAGES
[0449.19] Log: 
==== Worlds needing PIE Save:
[0449.19] Log: z1l2
[0449.19] Log: ==== 1 total
[0449.24] Log: Built Phys StaticMesh Cache: 7.196 ms
[0449.24] Log: COOKEDPHYSICS: 0 TriMeshes (0.000000 KB), 2 Convex Hulls (5.746094 KB) - Total 5.746094 KB
[0449.52] Log: COOKEDPHYSICS: BSP 635.47 KB
[0450.68] Log: Save=1446.294300
[0450.69] Log: Moving 'd:\projects\Duke2003\Binaries\Win64\..\..\UDKGame\Autosaves\UEDPIEz1l2_save.tmp' to 'd:\projects\Duke2003\Binaries\Win64\..\..\UDKGame\Autosaves\UEDPIEz1l2.udk'
[0450.70] Cmd: MAP LOAD PLAYWORLD=1 FILE="d:\projects\Duke2003\Binaries\Win64\..\..\UDKGame\Autosaves\UEDPIEz1l2.udk"
[0451.27] Log: Finished looking for orphan Actors (0.005 secs)
[0451.27] Log: Game class is 'dnSinglePlayer'
[0451.29] Log: Primary PhysX scene will be in software.
[0451.29] Log: Creating Primary PhysX Scene.
[0451.30] Log: *** WARNING - PATHS MAY NOT BE VALID ***
[0451.30] Log: Bringing World UEDPIEz1l2.TheWorld up for play (0) at 2023.05.22-17.45.48
[0451.32] Log: Bringing up level for play took: 0.043331
[0451.37] ScriptWarning: Accessed None 'MapInfo'
	GFxMinimap Transient.GFxMinimapHud_0:GFxMinimap_0
	Function UTGame.GFxMinimap:Init:00F2
[0451.37] ScriptWarning: Accessed None 'OnlineSub'
	dnPlayerController UEDPIEz1l2.TheWorld:PersistentLevel.dnPlayerController_0
	Function UTGame.UTPlayerController:ClientSetOnlineStatus:0033
[0451.37] ScriptWarning: Accessed None 'OnlineSub'
	dnPlayerController UEDPIEz1l2.TheWorld:PersistentLevel.dnPlayerController_0
	Function UTGame.UTPlayerController:ClientSetOnlineStatus:02D1
[0451.37] ScriptWarning: Accessed None
	dnPlayerController UEDPIEz1l2.TheWorld:PersistentLevel.dnPlayerController_0
	Function UTGame.UTPlayerController:ClientSetOnlineStatus:02E5
[0451.37] Log: PIE: play in editor start time for UEDPIEz1l2 2.376
[0451.38] ScriptWarning: Accessed None 'MapInfo'
	GFxMinimap Transient.GFxMinimapHud_1:GFxMinimap_1
	Function UTGame.GFxMinimap:Init:00F2
[0451.42] ScriptWarning: Accessed None 'LeftHandIK'
	PlayerPawn UEDPIEz1l2.TheWorld:PersistentLevel.PlayerPawn_0
	Function UTGame.UTPawn:SetHandIKEnabled:0066
[0451.42] ScriptWarning: Accessed None 'RightHandIK'
	PlayerPawn UEDPIEz1l2.TheWorld:PersistentLevel.PlayerPawn_0
	Function UTGame.UTPawn:SetHandIKEnabled:008F
[0451.42] Cmd: SETSOUNDMODE Default
[0451.42] ScriptLog: START MATCH
[0451.42] ScriptWarning: Accessed None 'MapInfo'
	GFxMinimap Transient.GFxMinimapHud_1:GFxMinimap_1
	Function UTGame.GFxMinimap:UpdateData:0015
[0455.84] Cmd: StartFire 
[0455.84] Cmd: OnRelease StopFire
[0455.98] Cmd: StopFire
[0462.59] Log: Assembled 383 auto-complete commands, manual: 89, exec: 274, kismet: 0
[0463.58] Cmd: onrelease ShowMenu
[0463.59] ScriptWarning: Accessed None 'ViewportClient'
	dnPlayerController UEDPIEz1l2.TheWorld:PersistentLevel.dnPlayerController_0
	Function UTGame.UTPlayerController:Destroyed:0041
[0468.80] Log: 
==== Worlds needing PIE Save:
[0468.80] Log: ==== 0 total
[0468.80] Cmd: MAP LOAD PLAYWORLD=1 FILE="d:\projects\Duke2003\Binaries\Win64\..\..\UDKGame\Autosaves\UEDPIEz1l2.udk"
[0469.36] Log: Finished looking for orphan Actors (0.005 secs)
[0469.36] Log: Game class is 'dnSinglePlayer'
[0469.38] Log: Primary PhysX scene will be in software.
[0469.38] Log: Creating Primary PhysX Scene.
[0469.39] Log: *** WARNING - PATHS MAY NOT BE VALID ***
[0469.39] Log: Bringing World UEDPIEz1l2.TheWorld up for play (0) at 2023.05.22-17.46.06
[0469.41] Log: Bringing up level for play took: 0.043570
[0469.45] ScriptWarning: Accessed None 'MapInfo'
	GFxMinimap Transient.GFxMinimapHud_2:GFxMinimap_2
	Function UTGame.GFxMinimap:Init:00F2
[0469.45] ScriptWarning: Accessed None 'OnlineSub'
	dnPlayerController UEDPIEz1l2.TheWorld:PersistentLevel.dnPlayerController_1
	Function UTGame.UTPlayerController:ClientSetOnlineStatus:0033
[0469.45] ScriptWarning: Accessed None 'OnlineSub'
	dnPlayerController UEDPIEz1l2.TheWorld:PersistentLevel.dnPlayerController_1
	Function UTGame.UTPlayerController:ClientSetOnlineStatus:02D1
[0469.45] ScriptWarning: Accessed None
	dnPlayerController UEDPIEz1l2.TheWorld:PersistentLevel.dnPlayerController_1
	Function UTGame.UTPlayerController:ClientSetOnlineStatus:02E5
[0469.45] Log: PIE: play in editor start time for UEDPIEz1l2 0.850
[0469.47] ScriptWarning: Accessed None 'MapInfo'
	GFxMinimap Transient.GFxMinimapHud_3:GFxMinimap_3
	Function UTGame.GFxMinimap:Init:00F2
[0469.50] ScriptWarning: Accessed None 'LeftHandIK'
	PlayerPawn UEDPIEz1l2.TheWorld:PersistentLevel.PlayerPawn_2
	Function UTGame.UTPawn:SetHandIKEnabled:0066
[0469.50] ScriptWarning: Accessed None 'RightHandIK'
	PlayerPawn UEDPIEz1l2.TheWorld:PersistentLevel.PlayerPawn_2
	Function UTGame.UTPawn:SetHandIKEnabled:008F
[0469.50] Cmd: SETSOUNDMODE Default
[0469.50] ScriptLog: START MATCH
[0469.51] ScriptWarning: Accessed None 'MapInfo'
	GFxMinimap Transient.GFxMinimapHud_3:GFxMinimap_3
	Function UTGame.GFxMinimap:UpdateData:0015
[0639.36] Cmd: onrelease ShowMenu
[0639.37] ScriptWarning: Accessed None 'ViewportClient'
	dnPlayerController UEDPIEz1l2.TheWorld:PersistentLevel.dnPlayerController_1
	Function UTGame.UTPlayerController:Destroyed:0041
[0745.95] Log: 
==== Worlds needing PIE Save:
[0745.95] Log: ==== 0 total
[0745.95] Cmd: MAP LOAD PLAYWORLD=1 FILE="d:\projects\Duke2003\Binaries\Win64\..\..\UDKGame\Autosaves\UEDPIEz1l2.udk"
[0746.52] Log: Finished looking for orphan Actors (0.005 secs)
[0746.52] Log: Game class is 'dnSinglePlayer'
[0746.54] Log: Primary PhysX scene will be in software.
[0746.54] Log: Creating Primary PhysX Scene.
[0746.55] Log: *** WARNING - PATHS MAY NOT BE VALID ***
[0746.55] Log: Bringing World UEDPIEz1l2.TheWorld up for play (0) at 2023.05.22-17.50.43
[0746.57] Log: Bringing up level for play took: 0.043304
[0746.61] ScriptWarning: Accessed None 'MapInfo'
	GFxMinimap Transient.GFxMinimapHud_4:GFxMinimap_4
	Function UTGame.GFxMinimap:Init:00F2
[0746.61] ScriptWarning: Accessed None 'OnlineSub'
	dnPlayerController UEDPIEz1l2.TheWorld:PersistentLevel.dnPlayerController_2
	Function UTGame.UTPlayerController:ClientSetOnlineStatus:0033
[0746.61] ScriptWarning: Accessed None 'OnlineSub'
	dnPlayerController UEDPIEz1l2.TheWorld:PersistentLevel.dnPlayerController_2
	Function UTGame.UTPlayerController:ClientSetOnlineStatus:02D1
[0746.61] ScriptWarning: Accessed None
	dnPlayerController UEDPIEz1l2.TheWorld:PersistentLevel.dnPlayerController_2
	Function UTGame.UTPlayerController:ClientSetOnlineStatus:02E5
[0746.61] Log: PIE: play in editor start time for UEDPIEz1l2 0.864
[0746.63] ScriptWarning: Accessed None 'MapInfo'
	GFxMinimap Transient.GFxMinimapHud_5:GFxMinimap_5
	Function UTGame.GFxMinimap:Init:00F2
[0746.67] ScriptWarning: Accessed None 'LeftHandIK'
	PlayerPawn UEDPIEz1l2.TheWorld:PersistentLevel.PlayerPawn_4
	Function UTGame.UTPawn:SetHandIKEnabled:0066
[0746.67] ScriptWarning: Accessed None 'RightHandIK'
	PlayerPawn UEDPIEz1l2.TheWorld:PersistentLevel.PlayerPawn_4
	Function UTGame.UTPawn:SetHandIKEnabled:008F
[0746.67] Cmd: SETSOUNDMODE Default
[0746.67] ScriptLog: START MATCH
[0746.67] ScriptWarning: Accessed None 'MapInfo'
	GFxMinimap Transient.GFxMinimapHud_5:GFxMinimap_5
	Function UTGame.GFxMinimap:UpdateData:0015
[0749.55] Cmd: StartFire 
[0749.55] Cmd: OnRelease StopFire
[0749.66] Cmd: StopFire
[0750.03] Cmd: StartFire 
[0750.03] Cmd: OnRelease StopFire
[0750.15] Cmd: StopFire
[0750.51] Cmd: StartFire 
[0750.51] Cmd: OnRelease StopFire
[0750.67] Cmd: StopFire
[0754.67] Cmd: onrelease ShowMenu
[0754.68] ScriptWarning: Accessed None 'ViewportClient'
	dnPlayerController UEDPIEz1l2.TheWorld:PersistentLevel.dnPlayerController_2
	Function UTGame.UTPlayerController:Destroyed:0041
[1094.31] Log: 
==== Worlds needing PIE Save:
[1094.31] Log: ==== 0 total
[1094.31] Cmd: MAP LOAD PLAYWORLD=1 FILE="d:\projects\Duke2003\Binaries\Win64\..\..\UDKGame\Autosaves\UEDPIEz1l2.udk"
[1094.87] Log: Finished looking for orphan Actors (0.005 secs)
[1094.88] Log: Game class is 'dnSinglePlayer'
[1094.90] Log: Primary PhysX scene will be in software.
[1094.90] Log: Creating Primary PhysX Scene.
[1094.91] Log: *** WARNING - PATHS MAY NOT BE VALID ***
[1094.91] Log: Bringing World UEDPIEz1l2.TheWorld up for play (0) at 2023.05.22-17.56.31
[1094.93] Log: Bringing up level for play took: 0.044194
[1094.97] ScriptWarning: Accessed None 'MapInfo'
	GFxMinimap Transient.GFxMinimapHud_6:GFxMinimap_6
	Function UTGame.GFxMinimap:Init:00F2
[1094.97] ScriptWarning: Accessed None 'OnlineSub'
	dnPlayerController UEDPIEz1l2.TheWorld:PersistentLevel.dnPlayerController_3
	Function UTGame.UTPlayerController:ClientSetOnlineStatus:0033
[1094.97] ScriptWarning: Accessed None 'OnlineSub'
	dnPlayerController UEDPIEz1l2.TheWorld:PersistentLevel.dnPlayerController_3
	Function UTGame.UTPlayerController:ClientSetOnlineStatus:02D1
[1094.97] ScriptWarning: Accessed None
	dnPlayerController UEDPIEz1l2.TheWorld:PersistentLevel.dnPlayerController_3
	Function UTGame.UTPlayerController:ClientSetOnlineStatus:02E5
[1094.97] Log: PIE: play in editor start time for UEDPIEz1l2 0.893
[1094.99] ScriptWarning: Accessed None 'MapInfo'
	GFxMinimap Transient.GFxMinimapHud_7:GFxMinimap_7
	Function UTGame.GFxMinimap:Init:00F2
[1095.02] ScriptWarning: Accessed None 'LeftHandIK'
	PlayerPawn UEDPIEz1l2.TheWorld:PersistentLevel.PlayerPawn_6
	Function UTGame.UTPawn:SetHandIKEnabled:0066
[1095.03] ScriptWarning: Accessed None 'RightHandIK'
	PlayerPawn UEDPIEz1l2.TheWorld:PersistentLevel.PlayerPawn_6
	Function UTGame.UTPawn:SetHandIKEnabled:008F
[1095.03] Cmd: SETSOUNDMODE Default
[1095.03] ScriptLog: START MATCH
[1095.03] ScriptWarning: Accessed None 'MapInfo'
	GFxMinimap Transient.GFxMinimapHud_7:GFxMinimap_7
	Function UTGame.GFxMinimap:UpdateData:0015
[1134.55] Cmd: onrelease ShowMenu
[1134.56] ScriptWarning: Accessed None 'ViewportClient'
	dnPlayerController UEDPIEz1l2.TheWorld:PersistentLevel.dnPlayerController_3
	Function UTGame.UTPlayerController:Destroyed:0041
[1139.62] Exit: Preparing to exit.
[1139.74] Exit: Editor shut down
[1139.74] Exit: Transaction tracking system shut down
[1139.92] Exit: Windows client shut down
[1139.93] Exit: XAudio2 Device shut down.
[1140.01] Exit: Object subsystem successfully closed.
[1140.02] Log: Shutting down FaceFX...
[1140.02] Log: FaceFX shutdown.
[1140.04] DevDataBase: Spent 18.644186 seconds communicating with "Provider=sqloledb;Data Source=production-db;Initial Catalog=EngineTaskPerf;Trusted_Connection=Yes;Connection Timeout=2" or "10.1.20.20"
[1140.04] Exit: Exiting.
[1140.05] Log: Log file closed, 05/22/23 17:57:16
