Log: Log file open, 05/21/23 23:45:29
Init: WinSock: version 1.1 (2.2), MaxSocks=32767, MaxUdp=65467
Init: Version: 8364
Init: Epic Internal: 0
Init: Compiled (64-bit): May 21 2023 21:59:00
Init: Changelist: 871961
Init: Command line: editor 
Init: Base directory: d:\projects\Duke2003\Binaries\Win64\
DevConfig: GConfig::LoadFile associated file:  ..\..\UDKGame\Config\UDKCompat.ini
[0000.54] Init: Computer: JUSTIN-MAINPC
[0000.54] Init: User: justi
[0000.54] Init: CPU Page size=4096, Processors=32
[0000.54] Init: High frequency timer resolution =10.000000 MHz
[0000.54] Init: Memory total: Physical=63.1GB Pagefile=84.1GB Virtual=131072.0GB
[0000.59] Init: WinSock: I am justin-mainpc (192.168.1.4:0)
[0000.59] Init: Presizing for 0 objects not considered by GC, pre-allocating 0 bytes.
[0000.59] Init: Object subsystem initialized
[0019.28] DevDataBase: Failure trying to open connection [Provider=sqloledb;Data Source=production-db;Initial Catalog=EngineTaskPerf;Trusted_Connection=Yes;Connection Timeout=2] [Invalid connection string attribute]
[0019.28] DevDataBase: Connection to "Provider=sqloledb;Data Source=production-db;Initial Catalog=EngineTaskPerf;Trusted_Connection=Yes;Connection Timeout=2" or "10.1.20.20" failed
[0019.28] DevDataBase: Failure closing connection [Operation is not allowed when the object is closed.]
[0019.34] Log: Shader platform (RHI): PC-D3D-SM3
[0019.47] Log: PhysX GPU Support: DISABLED
[0019.48] Init: Initializing FaceFX...
[0019.48] Init: FaceFX 1.7.4 initialized.
[0022.07] Init: Finished loading startup packages in 0.80 seconds
[0022.07] Log: 76299 objects as part of root set at end of initial load.
[0022.07] Log: 0 out of 0 bytes used by permanent object pool.
[0022.08] Log: Supported Consoles:
[0022.08] Log:   PC
[0022.08] Log: Initializing Engine...
[0022.09] Log: Missing cached shader map for material Duke_Hand_Material, compiling.
[0022.60] Log: Missing cached shader map for material Master_Weapon_Shader, compiling.
[0022.72] Log: Encountered missing default brush - spawning new one
[0022.73] Init: UEngine initialized
[0022.73] Log: Primary PhysX scene will be in software.
[0022.73] Log: Creating Primary PhysX Scene.
[0022.73] Init: Transaction tracking system initialized
[0022.97] Init: XAudio2 using 'Speakers (High Definition Audio Device)' : 2 channels at 48 kHz using 32 bits per sample (channel mask 0x3)
[0022.98] Log: Working around XDK XAudio2 regression: TRUE
[0022.98] Init: XAudio2Device initialized.
[0023.41] Init: Client initialized
[0023.41] Init: Editor engine initialized
[0023.45] Log: Initializing Engine Completed
[0023.45] Log: >>>>>>>>>>>>>> Initial startup: 23.45s <<<<<<<<<<<<<<<
[0023.56] Cmd: MODE MAPEXT=udk
[0023.62] SourceControl: Source Control disabled in UDKEditorUserSettings.ini.  [SourceControl] has Disabled=True
[0023.64] SourceControl: Source Control disabled in UDKEditorUserSettings.ini.  [SourceControl] has Disabled=True
[0024.48] Log: Found D3D11 adapter 0: NVIDIA GeForce RTX 4090
[0024.48] Log: Adapter has 24156MB of dedicated video memory, 0MB of dedicated system memory, and 32331MB of shared system memory
[0024.50] Log: Found D3D11 adapter 1: Microsoft Basic Render Driver
[0024.50] Log: Adapter has 0MB of dedicated video memory, 0MB of dedicated system memory, and 32331MB of shared system memory
[0027.66] Cmd: MAP LOAD FILE="..\..\UDKGame\Content\Maps\Templates\Template_MidDay.umap"
[0027.94] Log: Encountered missing default brush - spawning new one
[0028.41] Log: New File, Existing Package (Package Untitled_2, Package Template_MidDay)
[0028.49] Log: -- Checking Building LODs
[0028.50] Log: Primary PhysX scene will be in software.
[0028.50] Log: Creating Primary PhysX Scene.
[0028.50] Log: Finished looking for orphan Actors (0.002 secs)
[0028.51] Cmd: MAP CHECKDEP DONTCLEARMESSAGES
[0028.54] Log: TIMER ALL OF INIT : [9.050691]
[0059.17] Log: 
==== Worlds needing PIE Save:
[0059.17] Log: Untitled_2
[0059.17] Log: ==== 1 total
[0059.25] Log: Built Phys StaticMesh Cache: 1.831 ms
[0059.25] Log: COOK