Log: Log file open, 05/22/23 00:05:59
Init: WinSock: version 1.1 (2.2), MaxSocks=32767, MaxUdp=65467
Init: Version: 8364
Init: Epic Internal: 0
Init: Compiled (64-bit): May 21 2023 21:59:00
Init: Changelist: 871961
Init: Command line: editor 
Init: Base directory: d:\projects\Duke2003\Binaries\Win64\
DevConfig: GConfig::LoadFile associated file:  ..\..\UDKGame\Config\UDKCompat.ini
[0000.54] Init: Computer: JUSTIN-MAINPC
[0000.54] Init: User: justi
[0000.54] Init: CPU Page size=4096, Processors=32
[0000.54] Init: High frequency timer resolution =10.000000 MHz
[0000.54] Init: Memory total: Physical=63.1GB Pagefile=84.1GB Virtual=131072.0GB
[0000.59] Init: WinSock: I am justin-mainpc (192.168.1.4:0)
[0000.59] Init: Presizing for 0 objects not considered by GC, pre-allocating 0 bytes.
[0000.59] Init: Object subsystem initialized
[0019.29] DevDataBase: Failure trying to open connection [Provider=sqloledb;Data Source=production-db;Initial Catalog=EngineTaskPerf;Trusted_Connection=Yes;Connection Timeout=2] [Invalid connection string attribute]
[0019.29] DevDataBase: Connection to "Provider=sqloledb;Data Source=production-db;Initial Catalog=EngineTaskPerf;Trusted_Connection=Yes;Connection Timeout=2" or "10.1.20.20" failed
[0019.29] DevDataBase: Failure closing connection [Operation is not allowed when the object is closed.]
[0019.35] Log: Shader platform (RHI): PC-D3D-SM3
[0022.09] Log: PhysX GPU Support: DISABLED
[0022.10] Init: Initializing FaceFX...
[0022.10] Init: FaceFX 1.7.4 initialized.
[0022.13] Init: Version: 8364
[0022.13] Init: Epic Internal: 0
[0022.14] Init: Compiled (64-bit): May 21 2023 21:58:59
[0022.14] Init: Command line:  
[0022.14] Init: Base directory: d:\projects\Duke2003\Binaries\Win64\
[0022.14] Init: Character set: Unicode
[0022.14] Log: Executing Class UnrealEd.MakeCommandlet
[0022.14] Init: UEngine initialized
[0022.18] Heading: --------------------Core - Release--------------------
[0022.18] Log: New File, Existing Package (Package Untitled_0, Package Core)
[0022.19] Log: Loading global macros for Core
[0022.20] Heading: --------------------Engine - Release--------------------
[0022.22] Log: New File, Existing Package (Package Untitled_1, Package Engine)
[0022.35] Log: Loading global macros for Engine
[0022.57] Heading: --------------------GFxUI - Release--------------------
[0022.57] Log: New File, Existing Package (Package Untitled_2, Package GFxUI)
[0022.58] Log: Loading global macros for GFxUI
[0022.58] Heading: --------------------GameFramework - Release--------------------
[0022.59] Log: New File, Existing Package (Package Untitled_3, Package GameFramework)
[0022.60] Log: Loading global macros for GameFramework
[0022.63] Heading: --------------------UnrealEd - Release--------------------
[0022.63] Log: New File, Existing Package (Package Untitled_4, Package UnrealEd)
[0022.64] Log: Loading global macros for UnrealEd
[0022.66] Heading: --------------------GFxUIEditor - Release--------------------
[0022.66] Log: New File, Existing Package (Package Untitled_5, Package GFxUIEditor)
[0022.66] Log: Loading global macros for GFxUIEditor
[0022.66] Heading: --------------------IpDrv - Release--------------------
[0022.66] Log: New File, Existing Package (Package Untitled_6, Package IpDrv)
[0022.67] Log: Loading global macros for IpDrv
[0022.68] Heading: --------------------OnlineSubsystemPC - Release--------------------
[0022.68] Log: New File, Existing Package (Package Untitled_7, Package OnlineSubsystemPC)
[0022.68] Log: Loading global macros for OnlineSubsystemPC
[0022.69] Heading: --------------------OnlineSubsystemGameSpy - Release--------------------
[0022.69] Log: New File, Existing Package (Package Untitled_8, Package OnlineSubsystemGameSpy)
[0022.69] Log: Loading global macros for OnlineSubsystemGameSpy
[0022.70] Heading: --------------------OnlineSubsystemLive - Release--------------------
[0022.70] Log: New File, Existing Package (Package Untitled_9, Package OnlineSubsystemLive)
[0022.70] Log: Loading global macros for OnlineSubsystemLive
[0022.72] Heading: --------------------OnlineSubsystemSteamworks - Release--------------------
[0022.72] Log: New File, Existing Package (Package Untitled_10, Package OnlineSubsystemSteamworks)
[0022.72] Log: Loading global macros for OnlineSubsystemSteamworks
[0022.73] Heading: --------------------UDKBase - Release--------------------
[0022.73] Log: New File, Existing Package (Package Untitled_11, Package UDKBase)
[0022.74] Log: Loading global macros for UDKBase
[0022.76] Heading: --------------------UTEditor - Release--------------------
[0022.76] Log: New File, Existing Package (Package Untitled_12, Package UTEditor)
[0022.76] Log: Loading global macros for UTEditor
[0022.76] Heading: --------------------UTGame - Release--------------------
[0022.77] Log: Package UTGame changed, recompiling
[0022.77] Log: Analyzing...
[0022.77] Log: Loading global macros for UTGame
[0024.34] Log: Exporting native class declarations for UTGame
[0024.36] Log: Autogenerating C++ header: 
[0026.49] Log: Exported updated C++ header: ..\..\Development\Src\UTGame\Inc\UTGameClasses.h
[0026.49] Log: Autogenerating C++ header: UTGameNames.h
[0026.61] Log: Success: Compiled 129629 line(s), 12652 statement(s).

[0026.61] Log: Scripts successfully compiled - saving package 'd:\projects\Duke2003\Binaries\Win64\..\..\UDKGame\Script\UTGame.u'
[0026.85] Log: Save=241.416200
[0026.85] Log: Moving '..\..\UDKGame\Script\UTGame_save.tmp' to '..\..\UDKGame\Script\UTGame.u'
[0026.85] Heading: --------------------UTGameContent - Release--------------------
[0026.85] Log: Analyzing...
[0026.85] Log: Loading global macros for UTGameContent
[0026.97] Log: Success: Compiled 4380 line(s), 539 statement(s).

[0026.97] Log: Scripts successfully compiled - saving package 'd:\projects\Duke2003\Binaries\Win64\..\..\UDKGame\Script\UTGameContent.u'
[0027.03] Log: Save=63.127500
[0027.03] Log: Moving '..\..\UDKGame\Script\UTGameContent_save.tmp' to '..\..\UDKGame\Script\UTGameContent.u'
[0027.03] Heading: --------------------dnGame - Release--------------------
[0027.03] Log: Analyzing...
[0027.03] Log: Loading global macros for dnGame
[0027.04] Log: Exporting native class declarations for dnGame
[0027.04] Log: Autogenerating C++ header: 
[0028.80] Log: Exported updated C++ header: ..\..\Development\Src\dnGame\Inc\dnGameClasses.h
[0028.80] Log: Autogenerating C++ header: dnGameNames.h
[0028.81] Log: Success: Compiled 23 line(s), 4 statement(s).

[0028.81] Log: Scripts successfully compiled - saving package 'd:\projects\Duke2003\Binaries\Win64\..\..\UDKGame\Script\dnGame.u'
[0028.84] Log: Save=25.760400
[0028.84] Log: Moving '..\..\UDKGame\Script\dnGame_save.tmp' to '..\..\UDKGame\Script\dnGame.u'
[0028.84] Heading: --------------------UDKUltimate - Release--------------------
[0028.84] Log: Analyzing...
[0028.84] Log: Loading global macros for UDKUltimate
[0028.91] Log: Success: Compiled 1075 line(s), 179 statement(s).

[0028.91] Log: Scripts successfully compiled - saving package 'd:\projects\Duke2003\Binaries\Win64\..\..\UDKGame\Script\UDKUltimate.u'
[0028.94] Log: Save=31.919000
[0028.95] Log: Moving '..\..\UDKGame\Script\UDKUltimate_save.tmp' to '..\..\UDKGame\Script\UDKUltimate.u'
[0029.53] Log: 
[0029.53] Log: Success - 0 error(s), 0 warning(s)
[0029.53] Log: 
Execution of commandlet took:  7.39 seconds
[0029.53] Exit: Preparing to exit.
[0029.58] Exit: Object subsystem successfully closed.
[0029.59] Log: Shutting down FaceFX...
[0029.59] Log: FaceFX shutdown.
[0029.59] DevDataBase: Spent 18.688111 seconds communicating with "Provider=sqloledb;Data Source=production-db;Initial Catalog=EngineTaskPerf;Trusted_Connection=Yes;Connection Timeout=2" or "10.1.20.20"
[0029.59] Exit: Exiting.
[0029.59] Log: Log file closed, 05/22/23 00:06:28
