Log: Log file open, 05/22/23 14:51:16
Init: WinSock: version 1.1 (2.2), MaxSocks=32767, MaxUdp=65467
Init: Version: 8364
Init: Epic Internal: 0
Init: Compiled (64-bit): May 21 2023 21:56:09
Init: Changelist: 871961
Init: Command line:  
Init: Base directory: d:\projects\Duke2003\Binaries\Win64\
DevConfig: GConfig::LoadFile has loaded file:  ..\..\UDKGame\Config\UDKEditor.ini
DevConfig: GConfig::LoadFile has loaded file:  ..\..\UDKGame\Config\UDKEditorUserSettings.ini
DevConfig: GConfig::LoadFile associated file:  ..\..\UDKGame\Config\UDKCompat.ini
DevConfig: GConfig::LoadFile has loaded file:  ..\..\UDKGame\Config\UDKLightmass.ini
DevConfig: GConfig::LoadFile has loaded file:  ..\..\UDKGame\Config\UDKEngine.ini
DevConfig: GConfig::LoadFile has loaded file:  ..\..\UDKGame\Config\UDKGame.ini
DevConfig: GConfig::LoadFile has loaded file:  ..\..\UDKGame\Config\UDKInput.ini
DevConfig: GConfig::LoadFile has loaded file:  ..\..\UDKGame\Config\UDKUI.ini
[0000.57] Init: Computer: JUSTIN-MAINPC
[0000.57] Init: User: justi
[0000.57] Init: CPU Page size=4096, Processors=32
[0000.57] Init: High frequency timer resolution =10.000000 MHz
[0000.57] Init: Memory total: Physical=63.1GB Pagefile=84.1GB Virtual=131072.0GB
[0000.57] DevStats: GSecondsPerCycle 1.000000e-007
[0000.62] Init: WinSock: I am justin-mainpc (192.168.1.4:0)
[0000.62] Init: Presizing for 0 objects not considered by GC, pre-allocating 0 bytes.
[0000.62] Init: Object subsystem initialized
[0000.62] DevSave: (System) 'Default__System' loading configuration from ..\..\UDKGame\Config\UDKEngine.ini
[0000.62] DevSave:    Loading value for SeekFreePCPaths from [Core.System]
[0000.62] DevSave:    Loading value for SeekFreePCExtensions from [Core.System]
[0000.62] DevSave:    Loading value for CutdownPaths from [Core.System]
[0000.62] DevSave:    Loading value for LocalizationPaths from [Core.System]
[0000.62] DevSave:    Loading value for TextureFileCacheExtension from [Core.System]
[0000.62] DevSave:    Loading value for Extensions from [Core.System]
[0000.62] DevSave:    Loading value for Suppress from [Core.System]
[0000.62] DevSave:    Loading value for FRScriptPaths from [Core.System]
[0000.62] DevSave:    Loading value for ScriptPaths from [Core.System]
[0000.62] DevSave:    Loading value for Paths from [Core.System]
[0000.62] DevSave:    Loading value for ScreenShotPath from [Core.System]
[0000.62] DevSave:    Loading value for CacheExt from [Core.System]
[0000.62] DevSave:    Loading value for CachePath from [Core.System]
[0000.62] DevSave:    Loading value for SavePath from [Core.System]
[0000.62] DevSave:    Loading value for AsyncIOBandwidthLimit from [Core.System]
[0000.62] DevSave:    Loading value for PackageSizeSoftLimit from [Core.System]
[0000.62] DevSave:    Loading value for MaxOverallCacheSize from [Core.System]
[0000.63] DevSave:    Loading value for MaxStaleCacheSize from [Core.System]
[0000.63] DevSave:    Loading value for StaleCacheDays from [Core.System]
[0019.35] DevDataBase: Failure trying to open connection [Provider=sqloledb;Data Source=production-db;Initial Catalog=EngineTaskPerf;Trusted_Connection=Yes;Connection Timeout=2] [Invalid connection string attribute]
[0019.35] DevDataBase: Connection to "Provider=sqloledb;Data Source=production-db;Initial Catalog=EngineTaskPerf;Trusted_Connection=Yes;Connection Timeout=2" or "10.1.20.20" failed
[0019.35] DevDataBase: Failure closing connection [Operation is not allowed when the object is closed.]
[0019.71] Init: OS stats:
[0019.71] Init: 	Windows 7 
[0019.71] Init: 	RemoteDesktop=0
[0019.71] Init: Memory stats:
[0019.71] Init: 	Physical: 64662MB
[0019.71] Init: 	Virtual: 134217727MB
[0019.71] Init: 	PageFile: 86166MB
[0019.71] Init: CPU stats:
[0019.71] Init: 	MeasuredPerformanceTime: -1.000 (stored result)
[0019.71] Init: GPU stats:
[0019.71] Init: 	VendorID: 000010DE
[0019.71] Init: 	DeviceID: 00002684
[0019.71] Init: 	DriverVersion: 31.0.15.3168
[0019.71] Init: 	DeviceName: NVIDIA GeForce RTX 4090
[0019.71] Init: 	DriverName: nvldumdx.dll
[0019.71] Init: 	PixelShaderVersion: 3
[0019.71] Init: 	VertexShaderVersion: 3
[0019.71] Init: 	VRAMQuantity: 3072
[0019.71] Init: 	DedicatedVRAM: 3072
[0019.71] Init: 	AdapterCount: 2
[0019.71] Init: 	SupportsHardwareTnL: 1
[0019.71] Init: Machine  detected compatibility level: Composite: 4. CPU: 5. GPU: 4.
[0019.71] Init: Previous detected compatibility level: Composite: 4. CPU: 5. GPU: 4.
[0019.75] Log: Shader platform (RHI): PC-D3D-SM3
[0022.66] Log: PhysX GPU Support: DISABLED
[0022.67] Init: Initializing FaceFX...
[0022.67] Init: FaceFX 1.7.4 initialized.
[0022.72] Init: Version: 8364
[0022.72] Init: Epic Internal: 0
[0022.72] Init: Compiled (64-bit): May 21 2023 21:56:09
[0022.72] Init: Command line:  
[0022.72] Init: Base directory: d:\projects\Duke2003\Binaries\Win64\
[0022.72] Init: Character set: Unicode
[0022.72] Log: Executing Class UnrealEd.MakeCommandlet
[0022.72] Init: UEngine initialized
[0022.78] Heading: --------------------Core - Release--------------------
[0022.78] Log: New File, Existing Package (Package Untitled_0, Package Core)
[0022.79] Log: Loading global macros for Core
[0022.82] Heading: --------------------Engine - Release--------------------
[0022.87] Log: New File, Existing Package (Package Untitled_1, Package Engine)
[0023.18] Log: Loading global macros for Engine
[0023.82] Heading: --------------------GFxUI - Release--------------------
[0023.82] Log: New File, Existing Package (Package Untitled_2, Package GFxUI)
[0023.82] Log: Loading global macros for GFxUI
[0023.84] Heading: --------------------GameFramework - Release--------------------
[0023.84] Log: New File, Existing Package (Package Untitled_3, Package GameFramework)
[0023.88] Log: Loading global macros for GameFramework
[0023.95] Heading: --------------------UnrealEd - Release--------------------
[0023.96] Log: New File, Existing Package (Package Untitled_4, Package UnrealEd)
[0023.98] Log: Loading global macros for UnrealEd
[0024.04] Heading: --------------------GFxUIEditor - Release--------------------
[0024.04] Log: New File, Existing Package (Package Untitled_5, Package GFxUIEditor)
[0024.04] Log: Loading global macros for GFxUIEditor
[0024.04] Heading: --------------------IpDrv - Release--------------------
[0024.04] Log: New File, Existing Package (Package Untitled_6, Package IpDrv)
[0024.06] Log: Loading global macros for IpDrv
[0024.09] Heading: --------------------OnlineSubsystemPC - Release--------------------
[0024.09] Log: New File, Existing Package (Package Untitled_7, Package OnlineSubsystemPC)
[0024.09] Log: Loading global macros for OnlineSubsystemPC
[0024.11] Heading: --------------------OnlineSubsystemGameSpy - Release--------------------
[0024.11] Log: New File, Existing Package (Package Untitled_8, Package OnlineSubsystemGameSpy)
[0024.11] Log: Loading global macros for OnlineSubsystemGameSpy
[0024.14] Heading: --------------------OnlineSubsystemLive - Release--------------------
[0024.14] Log: New File, Existing Package (Package Untitled_9, Package OnlineSubsystemLive)
[0024.15] Log: Loading global macros for OnlineSubsystemLive
[0024.18] Heading: --------------------OnlineSubsystemSteamworks - Release--------------------
[0024.18] Log: New File, Existing Package (Package Untitled_10, Package OnlineSubsystemSteamworks)
[0024.19] Log: Loading global macros for OnlineSubsystemSteamworks
[0024.21] Heading: --------------------UDKBase - Release--------------------
[0024.22] Log: New File, Existing Package (Package Untitled_11, Package UDKBase)
[0024.24] Log: Loading global macros for UDKBase
[0024.28] Heading: --------------------UTEditor - Release--------------------
[0024.28] Log: New File, Existing Package (Package Untitled_12, Package UTEditor)
[0024.29] Log: Loading global macros for UTEditor
[0024.29] Heading: --------------------UTGame - Release--------------------
[0024.29] Log: Analyzing...
[0024.30] Log: Loading global macros for UTGame
[0028.74] Log: Exporting native class declarations for UTGame
[0028.74] Log: Autogenerating C++ header: 
[0028.74] Log: Autogenerating C++ header: UTGameNames.h
[0029.21] Log: Success: Compiled 129483 line(s), 12646 statement(s).

[0029.21] Log: Scripts successfully compiled - saving package 'd:\projects\Duke2003\Binaries\Win64\..\..\UDKGame\Script\UTGame.u'
[0029.85] Log: Save=639.236000
[0029.85] Log: Moving '..\..\UDKGame\Script\UTGame_save.tmp' to '..\..\UDKGame\Script\UTGame.u'
[0029.85] Heading: --------------------UTGameContent - Release--------------------
[0029.85] Log: Analyzing...
[0029.85] Log: Loading global macros for UTGameContent
[0030.13] Log: Success: Compiled 4380 line(s), 539 statement(s).

[0030.13] Log: Scripts successfully compiled - saving package 'd:\projects\Duke2003\Binaries\Win64\..\..\UDKGame\Script\UTGameContent.u'
[0030.29] Log: Save=162.680500
[0030.29] Log: Moving '..\..\UDKGame\Script\UTGameContent_save.tmp' to '..\..\UDKGame\Script\UTGameContent.u'
[0030.30] Heading: --------------------dnGame - Release--------------------
[0030.30] Log: Analyzing...
[0030.30] Log: Loading global macros for dnGame
[0030.31] Log: Exporting native class declarations for dnGame
[0030.31] Log: Autogenerating C++ header: 
[0030.31] Log: Autogenerating C++ header: dnGameNames.h
[0030.31] Warning: d:\projects\Duke2003\Development\Src\dnGame\Classes\Pistol.uc(39) : Warning, Unknown property in defaults: 	MomentumTransfer=50000.0 (looked in Pistol)
[0030.32] Warning: d:\projects\Duke2003\Development\Src\dnGame\Classes\Pistol.uc(40) : Warning, Unknown property in defaults: 	BeamAmmoUsePerSecond=8.5 (looked in Pistol)
[0030.32] Warning: d:\projects\Duke2003\Development\Src\dnGame\Classes\Pistol.uc(41) : Warning, Unknown property in defaults: 	MinimumDamage=5.0 (looked in Pistol)
[0030.32] Log: Success: Compiled 179 line(s), 11 statement(s).

[0030.32] Log: Scripts successfully compiled - saving package 'd:\projects\Duke2003\Binaries\Win64\..\..\UDKGame\Script\dnGame.u'
[0030.40] Log: Save=85.005400
[0030.40] Log: Moving '..\..\UDKGame\Script\dnGame_save.tmp' to '..\..\UDKGame\Script\dnGame.u'
[0030.40] Heading: --------------------UDKUltimate - Release--------------------
[0030.41] Log: Analyzing...
[0030.41] Log: Loading global macros for UDKUltimate
[0030.49] Log: Success: Compiled 1075 line(s), 179 statement(s).

[0030.50] Log: Scripts successfully compiled - saving package 'd:\projects\Duke2003\Binaries\Win64\..\..\UDKGame\Script\UDKUltimate.u'
[0030.59] Log: Save=98.703400
[0030.59] Log: Moving '..\..\UDKGame\Script\UDKUltimate_save.tmp' to '..\..\UDKGame\Script\UDKUltimate.u'
[0031.20] Log: 
[0031.20] Log: Warning/Error Summary
[0031.20] Log: ---------------------
[0031.21] Log: d:\projects\Duke2003\Development\Src\dnGame\Classes\Pistol.uc(39) : Warning, Unknown property in defaults: 	MomentumTransfer=50000.0 (looked in Pistol)
[0031.21] Log: d:\projects\Duke2003\Development\Src\dnGame\Classes\Pistol.uc(40) : Warning, Unknown property in defaults: 	BeamAmmoUsePerSecond=8.5 (looked in Pistol)
[0031.21] Log: d:\projects\Duke2003\Development\Src\dnGame\Classes\Pistol.uc(41) : Warning, Unknown property in defaults: 	MinimumDamage=5.0 (looked in Pistol)
[0031.21] Log: 
[0031.21] Log: Success - 0 error(s), 3 warning(s)
[0031.21] Log: 
Execution of commandlet took:  8.48 seconds
[0031.21] Exit: Preparing to exit.
[0031.28] Exit: Object subsystem successfully closed.
[0031.29] Log: Shutting down FaceFX...
[0031.29] Log: FaceFX shutdown.
[0031.29] DevDataBase: Spent 18.716659 seconds communicating with "Provider=sqloledb;Data Source=production-db;Initial Catalog=EngineTaskPerf;Trusted_Connection=Yes;Connection Timeout=2" or "10.1.20.20"
[0031.29] Exit: Exiting.
[0031.29] Log: Log file closed, 05/22/23 14:51:47
