Log: Log file open, 05/22/23 12:20:00
Init: WinSock: version 1.1 (2.2), MaxSocks=32767, MaxUdp=65467
Init: Version: 8364
Init: Epic Internal: 0
Init: Compiled (64-bit): May 21 2023 21:56:09
Init: Changelist: 871961
Init: Command line: editor 
Init: Base directory: d:\projects\Duke2003\Binaries\Win64\
DevConfig: GConfig::LoadFile has loaded file:  ..\..\UDKGame\Config\UDKEditor.ini
DevConfig: GConfig::LoadFile has loaded file:  ..\..\UDKGame\Config\UDKEditorUserSettings.ini
DevConfig: GConfig::LoadFile associated file:  ..\..\UDKGame\Config\UDKCompat.ini
DevConfig: GConfig::LoadFile has loaded file:  ..\..\UDKGame\Config\UDKLightmass.ini
DevConfig: GConfig::LoadFile has loaded file:  ..\..\UDKGame\Config\UDKEngine.ini
DevConfig: GConfig::LoadFile has loaded file:  ..\..\UDKGame\Config\UDKGame.ini
DevConfig: GConfig::LoadFile has loaded file:  ..\..\UDKGame\Config\UDKInput.ini
DevConfig: GConfig::LoadFile has loaded file:  ..\..\UDKGame\Config\UDKUI.ini
[0000.55] Init: Computer: JUSTIN-MAINPC
[0000.56] Init: User: justi
[0000.56] Init: CPU Page size=4096, Processors=32
[0000.56] Init: High frequency timer resolution =10.000000 MHz
[0000.56] Init: Memory total: Physical=63.1GB Pagefile=84.1GB Virtual=131072.0GB
[0000.56] DevStats: GSecondsPerCycle 1.000000e-007
[0000.60] Init: WinSock: I am justin-mainpc (192.168.1.4:0)
[0000.60] Init: Presizing for 0 objects not considered by GC, pre-allocating 0 bytes.
[0000.60] Init: Object subsystem initialized
[0000.60] DevSave: (System) 'Default__System' loading configuration from ..\..\UDKGame\Config\UDKEngine.ini
[0000.60] DevSave:    Loading value for SeekFreePCPaths from [Core.System]
[0000.60] DevSave:    Loading value for SeekFreePCExtensions from [Core.System]
[0000.60] DevSave:    Loading value for CutdownPaths from [Core.System]
[0000.60] DevSave:    Loading value for LocalizationPaths from [Core.System]
[0000.60] DevSave:    Loading value for TextureFileCacheExtension from [Core.System]
[0000.61] DevSave:    Loading value for Extensions from [Core.System]
[0000.61] DevSave:    Loading value for Suppress from [Core.System]
[0000.61] DevSave:    Loading value for FRScriptPaths from [Core.System]
[0000.61] DevSave:    Loading value for ScriptPaths from [Core.System]
[0000.61] DevSave:    Loading value for Paths from [Core.System]
[0000.61] DevSave:    Loading value for ScreenShotPath from [Core.System]
[0000.61] DevSave:    Loading value for CacheExt from [Core.System]
[0000.61] DevSave:    Loading value for CachePath from [Core.System]
[0000.61] DevSave:    Loading value for SavePath from [Core.System]
[0000.61] DevSave:    Loading value for AsyncIOBandwidthLimit from [Core.System]
[0000.61] DevSave:    Loading value for PackageSizeSoftLimit from [Core.System]
[0000.61] DevSave:    Loading value for MaxOverallCacheSize from [Core.System]
[0000.61] DevSave:    Loading value for MaxStaleCacheSize from [Core.System]
[0000.61] DevSave:    Loading value for StaleCacheDays from [Core.System]
[0019.37] DevDataBase: Failure trying to open connection [Provider=sqloledb;Data Source=production-db;Initial Catalog=EngineTaskPerf;Trusted_Connection=Yes;Connection Timeout=2] [Invalid connection string attribute]
[0019.37] DevDataBase: Connection to "Provider=sqloledb;Data Source=production-db;Initial Catalog=EngineTaskPerf;Trusted_Connection=Yes;Connection Timeout=2" or "10.1.20.20" failed
[0019.37] DevDataBase: Failure closing connection [Operation is not allowed when the object is closed.]
[0019.44] Log: Shader platform (RHI): PC-D3D-SM3
[0060.46] Log: PhysX GPU Support: DISABLED
[0060.47] Init: Initializing FaceFX...
[0060.47] Init: FaceFX 1.7.4 initialized.
[0060.51] Init: Version: 8364
[0060.51] Init: Epic Internal: 0
[0060.52] Init: Compiled (64-bit): May 21 2023 21:56:09
[0060.52] Init: Command line:  
[0060.52] Init: Base directory: d:\projects\Duke2003\Binaries\Win64\
[0060.52] Init: Character set: Unicode
[0060.52] Log: Executing Class UnrealEd.MakeCommandlet
[0060.52] Init: UEngine initialized
[0060.58] Heading: --------------------Core - Release--------------------
[0060.58] Log: New File, Existing Package (Package Untitled_0, Package Core)
[0060.59] Log: Loading global macros for Core
[0060.62] Heading: --------------------Engine - Release--------------------
[0060.66] Log: New File, Existing Package (Package Untitled_1, Package Engine)
[0060.97] Log: Loading global macros for Engine
[0061.58] Heading: --------------------GFxUI - Release--------------------
[0061.58] Log: New File, Existing Package (Package Untitled_2, Package GFxUI)
[0061.59] Log: Loading global macros for GFxUI
[0061.61] Heading: --------------------GameFramework - Release--------------------
[0061.61] Log: New File, Existing Package (Package Untitled_3, Package GameFramework)
[0061.65] Log: Loading global macros for GameFramework
[0061.72] Heading: --------------------UnrealEd - Release--------------------
[0061.72] Log: New File, Existing Package (Package Untitled_4, Package UnrealEd)
[0061.74] Log: Loading global macros for UnrealEd
[0061.79] Heading: --------------------GFxUIEditor - Release--------------------
[0061.79] Log: New File, Existing Package (Package Untitled_5, Package GFxUIEditor)
[0061.79] Log: Loading global macros for GFxUIEditor
[0061.80] Heading: --------------------IpDrv - Release--------------------
[0061.80] Log: New File, Existing Package (Package Untitled_6, Package IpDrv)
[0061.81] Log: Loading global macros for IpDrv
[0061.84] Heading: --------------------OnlineSubsystemPC - Release--------------------
[0061.84] Log: New File, Existing Package (Package Untitled_7, Package OnlineSubsystemPC)
[0061.85] Log: Loading global macros for OnlineSubsystemPC
[0061.86] Heading: --------------------OnlineSubsystemGameSpy - Release--------------------
[0061.86] Log: New File, Existing Package (Package Untitled_8, Package OnlineSubsystemGameSpy)
[0061.87] Log: Loading global macros for OnlineSubsystemGameSpy
[0061.89] Heading: --------------------OnlineSubsystemLive - Release--------------------
[0061.89] Log: New File, Existing Package (Package Untitled_9, Package OnlineSubsystemLive)
[0061.90] Log: Loading global macros for OnlineSubsystemLive
[0061.93] Heading: --------------------OnlineSubsystemSteamworks - Release--------------------
[0061.93] Log: New File, Existing Package (Package Untitled_10, Package OnlineSubsystemSteamworks)
[0061.94] Log: Loading global macros for OnlineSubsystemSteamworks
[0061.97] Heading: --------------------UDKBase - Release--------------------
[0061.97] Log: New File, Existing Package (Package Untitled_11, Package UDKBase)
[0061.99] Log: Loading global macros for UDKBase
[0062.03] Heading: --------------------UTEditor - Release--------------------
[0062.03] Log: New File, Existing Package (Package Untitled_12, Package UTEditor)
[0062.04] Log: Loading global macros for UTEditor
[0062.04] Heading: --------------------UTGame - Release--------------------
[0062.05] Log: New File, Existing Package (Package Untitled_13, Package UTGame)
[0062.30] Log: Loading global macros for UTGame
[0062.68] Heading: --------------------UTGameContent - Release--------------------
[0062.68] Log: New File, Existing Package (Package Untitled_14, Package UTGameContent)
[0062.71] Log: Loading global macros for UTGameContent
[0062.73] Heading: --------------------dnGame - Release--------------------
[0062.73] Log: Package dnGame changed, recompiling
[0062.73] Log: Analyzing...
[0062.73] Log: Loading global macros for dnGame
[0062.74] Log: Exporting native class declarations for dnGame
[0062.74] Log: Autogenerating C++ header: 
[0062.75] Log: Autogenerating C++ header: dnGameNames.h
[0062.75] Warning: d:\projects\Duke2003\Development\Src\dnGame\Classes\Pistol.uc(39) : Warning, Unknown property in defaults: 	MomentumTransfer=50000.0 (looked in Pistol)
[0062.75] Warning: d:\projects\Duke2003\Development\Src\dnGame\Classes\Pistol.uc(40) : Warning, Unknown property in defaults: 	BeamAmmoUsePerSecond=8.5 (looked in Pistol)
[0062.75] Warning: d:\projects\Duke2003\Development\Src\dnGame\Classes\Pistol.uc(41) : Warning, Unknown property in defaults: 	MinimumDamage=5.0 (looked in Pistol)
[0062.75] Log: Success: Compiled 179 line(s), 11 statement(s).

[0062.75] Log: Scripts successfully compiled - saving package 'd:\projects\Duke2003\Binaries\Win64\..\..\UDKGame\Script\dnGame.u'
[0062.83] Log: Save=78.617400
[0062.83] Log: Moving '..\..\UDKGame\Script\dnGame_save.tmp' to '..\..\UDKGame\Script\dnGame.u'
[0062.83] Heading: --------------------UDKUltimate - Release--------------------
[0062.83] Log: Analyzing...
[0062.83] Log: Loading global macros for UDKUltimate
[0062.90] Log: Success: Compiled 1075 line(s), 179 statement(s).

[0062.90] Log: Scripts successfully compiled - saving package 'd:\projects\Duke2003\Binaries\Win64\..\..\UDKGame\Script\UDKUltimate.u'
[0062.99] Log: Save=89.261200
[0062.99] Log: Moving '..\..\UDKGame\Script\UDKUltimate_save.tmp' to '..\..\UDKGame\Script\UDKUltimate.u'
[0063.59] Log: 
[0063.59] Log: Warning/Error Summary
[0063.59] Log: ---------------------
[0063.59] Log: d:\projects\Duke2003\Development\Src\dnGame\Classes\Pistol.uc(39) : Warning, Unknown property in defaults: 	MomentumTransfer=50000.0 (looked in Pistol)
[0063.59] Log: d:\projects\Duke2003\Development\Src\dnGame\Classes\Pistol.uc(40) : Warning, Unknown property in defaults: 	BeamAmmoUsePerSecond=8.5 (looked in Pistol)
[0063.59] Log: d:\projects\Duke2003\Development\Src\dnGame\Classes\Pistol.uc(41) : Warning, Unknown property in defaults: 	MinimumDamage=5.0 (looked in Pistol)
[0063.59] Log: 
[0063.59] Log: Success - 0 error(s), 3 warning(s)
[0063.59] Log: 
Execution of commandlet took:  3.07 seconds
[0063.59] Exit: Preparing to exit.
[0063.66] Exit: Object subsystem successfully closed.
[0063.67] Log: Shutting down FaceFX...
[0063.67] Log: FaceFX shutdown.
[0063.67] DevDataBase: Spent 18.753785 seconds communicating with "Provider=sqloledb;Data Source=production-db;Initial Catalog=EngineTaskPerf;Trusted_Connection=Yes;Connection Timeout=2" or "10.1.20.20"
[0063.67] Exit: Exiting.
[0063.67] Log: Log file closed, 05/22/23 12:21:03
