Log: Log file open, 05/22/23 15:20:24
Init: WinSock: version 1.1 (2.2), MaxSocks=32767, MaxUdp=65467
Init: Version: 8364
Init: Epic Internal: 0
Init: Compiled (64-bit): May 21 2023 21:56:09
Init: Changelist: 871961
Init: Command line:  
Init: Base directory: d:\projects\Duke2003\Binaries\Win64\
DevConfig: GConfig::LoadFile has loaded file:  ..\..\UDKGame\Config\UDKEditor.ini
DevConfig: GConfig::LoadFile has loaded file:  ..\..\UDKGame\Config\UDKEditorUserSettings.ini
DevConfig: GConfig::LoadFile associated file:  ..\..\UDKGame\Config\UDKCompat.ini
DevConfig: GConfig::LoadFile has loaded file:  ..\..\UDKGame\Config\UDKLightmass.ini
DevConfig: GConfig::LoadFile has loaded file:  ..\..\UDKGame\Config\UDKEngine.ini
DevConfig: GConfig::LoadFile has loaded file:  ..\..\UDKGame\Config\UDKGame.ini
DevConfig: GConfig::LoadFile has loaded file:  ..\..\UDKGame\Config\UDKInput.ini
DevConfig: GConfig::LoadFile has loaded file:  ..\..\UDKGame\Config\UDKUI.ini
[0000.57] Init: Computer: JUSTIN-MAINPC
[0000.57] Init: User: justi
[0000.57] Init: CPU Page size=4096, Processors=32
[0000.57] Init: High frequency timer resolution =10.000000 MHz
[0000.57] Init: Memory total: Physical=63.1GB Pagefile=84.1GB Virtual=131072.0GB
[0000.57] DevStats: GSecondsPerCycle 1.000000e-007
[0000.62] Init: WinSock: I am justin-mainpc (192.168.1.4:0)
[0000.62] Init: Presizing for 0 objects not considered by GC, pre-allocating 0 bytes.
[0000.62] Init: Object subsystem initialized
[0000.62] DevSave: (System) 'Default__System' loading configuration from ..\..\UDKGame\Config\UDKEngine.ini
[0000.62] DevSave:    Loading value for SeekFreePCPaths from [Core.System]
[0000.62] DevSave:    Loading value for SeekFreePCExtensions from [Core.System]
[0000.62] DevSave:    Loading value for CutdownPaths from [Core.System]
[0000.62] DevSave:    Loading value for LocalizationPaths from [Core.System]
[0000.62] DevSave:    Loading value for TextureFileCacheExtension from [Core.System]
[0000.62] DevSave:    Loading value for Extensions from [Core.System]
[0000.62] DevSave:    Loading value for Suppress from [Core.System]
[0000.62] DevSave:    Loading value for FRScriptPaths from [Core.System]
[0000.62] DevSave:    Loading value for ScriptPaths from [Core.System]
[0000.62] DevSave:    Loading value for Paths from [Core.System]
[0000.62] DevSave:    Loading value for ScreenShotPath from [Core.System]
[0000.62] DevSave:    Loading value for CacheExt from [Core.System]
[0000.62] DevSave:    Loading value for CachePath from [Core.System]
[0000.62] DevSave:    Loading value for SavePath from [Core.System]
[0000.63] DevSave:    Loading value for AsyncIOBandwidthLimit from [Core.System]
[0000.63] DevSave:    Loading value for PackageSizeSoftLimit from [Core.System]
[0000.63] DevSave:    Loading value for MaxOverallCacheSize from [Core.System]
[0000.63] DevSave:    Loading value for MaxStaleCacheSize from [Core.System]
[0000.63] DevSave:    Loading value for StaleCacheDays from [Core.System]
[0019.34] DevDataBase: Failure trying to open connection [Provider=sqloledb;Data Source=production-db;Initial Catalog=EngineTaskPerf;Trusted_Connection=Yes;Connection Timeout=2] [Invalid connection string attribute]
[0019.34] DevDataBase: Connection to "Provider=sqloledb;Data Source=production-db;Initial Catalog=EngineTaskPerf;Trusted_Connection=Yes;Connection Timeout=2" or "10.1.20.20" failed
[0019.34] DevDataBase: Failure closing connection [Operation is not allowed when the object is closed.]
[0019.69] Init: OS stats:
[0019.69] Init: 	Windows 7 
[0019.69] Init: 	RemoteDesktop=0
[0019.69] Init: Memory stats:
[0019.69] Init: 	Physical: 64662MB
[0019.69] Init: 	Virtual: 134217727MB
[0019.69] Init: 	PageFile: 86166MB
[0019.69] Init: CPU stats:
[0019.69] Init: 	MeasuredPerformanceTime: -1.000 (stored result)
[0019.69] Init: GPU stats:
[0019.69] Init: 	VendorID: 000010DE
[0019.69] Init: 	DeviceID: 00002684
[0019.69] Init: 	DriverVersion: 31.0.15.3168
[0019.69] Init: 	DeviceName: NVIDIA GeForce RTX 4090
[0019.69] Init: 	DriverName: nvldumdx.dll
[0019.69] Init: 	PixelShaderVersion: 3
[0019.69] Init: 	VertexShaderVersion: 3
[0019.69] Init: 	VRAMQuantity: 3072
[0019.69] Init: 	DedicatedVRAM: 3072
[0019.69] Init: 	AdapterCount: 2
[0019.69] Init: 	SupportsHardwareTnL: 1
[0019.69] Init: Machine  detected compatibility level: Composite: 4. CPU: 5. GPU: 4.
[0019.69] Init: Previous detected compatibility level: Composite: 4. CPU: 5. GPU: 4.
[0019.73] Log: Shader platform (RHI): PC-D3D-SM3
[0019.84] Log: PhysX GPU Support: DISABLED
[0019.85] Init: Initializing FaceFX...
[0019.85] Init: FaceFX 1.7.4 initialized.
[0019.89] Init: XAudio2 using 'Speakers (High Definition Audio Device)' : 2 channels at 48 kHz using 32 bits per sample (channel mask 0x3)
[0021.64] Log: Missing cached shader map for material Master_Weapon_Shader, compiling.
[0022.14] Log: Missing cached shader map for material Duke_Hand_Material, compiling.
[0022.34] Init: Finished loading startup packages in 2.30 seconds
[0022.34] Log: 67451 objects as part of root set at end of initial load.
[0022.34] Log: 0 out of 0 bytes used by permanent object pool.
[0022.34] Log: Initializing Engine...
[0022.37] Init: UEngine initialized
[0022.38] Log: Working around XDK XAudio2 regression: TRUE
[0022.41] Init: XAudio2Device initialized.
[0022.93] Init: Client initialized
[0026.74] Log: LoadMap: UDKFrontEndMap?Name=Player?Team=255
[0026.89] Log: 
[0026.89] DevMemory: Memory allocations reported by the OS: 439.02 MB (with 0.00 MB waste)
[0026.89] Log: Game class is 'UTEntryGame'
[0026.91] Log: Primary PhysX scene will be in software.
[0026.91] Log: Creating Primary PhysX Scene.
[0026.91] Log: Bringing World UDKFrontEndMap.TheWorld up for play (0) at 2023.05.22-15.20.50
[0026.91] Log: Bringing up level for play took: 0.008721
[0026.92] ScriptWarning: Accessed None 'Profile'
	UIDataStore_OnlinePlayerData Transient.DataStoreClient_0:UIDataStore_OnlinePlayerData_0
	Function Engine.UIDataStore_OnlinePlayerData:OnLoginChange:0134
[0026.92] ScriptWarning: Accessed None 'Profile'
	UIDataStore_OnlinePlayerData Transient.DataStoreClient_0:UIDataStore_OnlinePlayerData_0
	Function Engine.UIDataStore_OnlinePlayerData:OnLoginChange:0168
[0026.92] Log: ########### Finished loading level: 0.175444 seconds
[0026.92] Init: Game engine initialized
[0026.92] Log: Initializing Engine Completed
[0033.79] Log: >>>>>>>>>>>>>> Initial startup: 33.79s <<<<<<<<<<<<<<<
[0036.04] Log: Closing by request
[0036.04] Log: appRequestExit(0)
[0036.14] ScriptWarning: Invalid user index (255) specified for ClearReadProfileSettingsCompleteDelegate()
	OnlineSubsystemPC Transient.OnlineSubsystemPC_0
	Function OnlineSubsystemPC.OnlineSubsystemPC:ClearReadProfileSettingsCompleteDelegate:00C2
[0036.14] Exit: Preparing to exit.
[0036.23] Exit: Game engine shut down
[0036.88] Exit: Windows client shut down
[0036.89] Exit: XAudio2 Device shut down.
[0036.95] Exit: Object subsystem successfully closed.
[0036.95] Log: Shutting down FaceFX...
[0036.95] Log: FaceFX shutdown.
[0036.98] DevDataBase: Spent 18.702633 seconds communicating with "Provider=sqloledb;Data Source=production-db;Initial Catalog=EngineTaskPerf;Trusted_Connection=Yes;Connection Timeout=2" or "10.1.20.20"
[0036.98] Exit: Exiting.
[0036.99] Log: Log file closed, 05/22/23 15:21:00
