Log: Log file open, 05/22/23 11:55:40
Init: WinSock: version 1.1 (2.2), MaxSocks=32767, MaxUdp=65467
Init: Version: 8364
Init: Epic Internal: 0
Init: Compiled (64-bit): May 21 2023 21:56:09
Init: Changelist: 871961
Init: Command line: editor 
Init: Base directory: d:\projects\Duke2003\Binaries\Win64\
DevConfig: GConfig::LoadFile has loaded file:  ..\..\UDKGame\Config\UDKEditor.ini
DevConfig: GConfig::LoadFile has loaded file:  ..\..\UDKGame\Config\UDKEditorUserSettings.ini
DevConfig: GConfig::LoadFile associated file:  ..\..\UDKGame\Config\UDKCompat.ini
DevConfig: GConfig::LoadFile has loaded file:  ..\..\UDKGame\Config\UDKLightmass.ini
DevConfig: GConfig::LoadFile has loaded file:  ..\..\UDKGame\Config\UDKEngine.ini
DevConfig: GConfig::LoadFile has loaded file:  ..\..\UDKGame\Config\UDKGame.ini
DevConfig: GConfig::LoadFile has loaded file:  ..\..\UDKGame\Config\UDKInput.ini
DevConfig: GConfig::LoadFile has loaded file:  ..\..\UDKGame\Config\UDKUI.ini
[0000.56] Init: Computer: JUSTIN-MAINPC
[0000.56] Init: User: justi
[0000.56] Init: CPU Page size=4096, Processors=32
[0000.56] Init: High frequency timer resolution =10.000000 MHz
[0000.56] Init: Memory total: Physical=63.1GB Pagefile=84.1GB Virtual=131072.0GB
[0000.56] DevStats: GSecondsPerCycle 1.000000e-007
[0000.61] Init: WinSock: I am justin-mainpc (192.168.1.4:0)
[0000.61] Init: Presizing for 0 objects not considered by GC, pre-allocating 0 bytes.
[0000.61] Init: Object subsystem initialized
[0000.61] DevSave: (System) 'Default__System' loading configuration from ..\..\UDKGame\Config\UDKEngine.ini
[0000.61] DevSave:    Loading value for SeekFreePCPaths from [Core.System]
[0000.61] DevSave:    Loading value for SeekFreePCExtensions from [Core.System]
[0000.61] DevSave:    Loading value for CutdownPaths from [Core.System]
[0000.61] DevSave:    Loading value for LocalizationPaths from [Core.System]
[0000.61] DevSave:    Loading value for TextureFileCacheExtension from [Core.System]
[0000.61] DevSave:    Loading value for Extensions from [Core.System]
[0000.61] DevSave:    Loading value for Suppress from [Core.System]
[0000.61] DevSave:    Loading value for FRScriptPaths from [Core.System]
[0000.61] DevSave:    Loading value for ScriptPaths from [Core.System]
[0000.61] DevSave:    Loading value for Paths from [Core.System]
[0000.61] DevSave:    Loading value for ScreenShotPath from [Core.System]
[0000.61] DevSave:    Loading value for CacheExt from [Core.System]
[0000.61] DevSave:    Loading value for CachePath from [Core.System]
[0000.61] DevSave:    Loading value for SavePath from [Core.System]
[0000.61] DevSave:    Loading value for AsyncIOBandwidthLimit from [Core.System]
[0000.61] DevSave:    Loading value for PackageSizeSoftLimit from [Core.System]
[0000.61] DevSave:    Loading value for MaxOverallCacheSize from [Core.System]
[0000.61] DevSave:    Loading value for MaxStaleCacheSize from [Core.System]
[0000.61] DevSave:    Loading value for StaleCacheDays from [Core.System]
[0019.39] DevDataBase: Failure trying to open connection [Provider=sqloledb;Data Source=production-db;Initial Catalog=EngineTaskPerf;Trusted_Connection=Yes;Connection Timeout=2] [Invalid connection string attribute]
[0019.40] DevDataBase: Connection to "Provider=sqloledb;Data Source=production-db;Initial Catalog=EngineTaskPerf;Trusted_Connection=Yes;Connection Timeout=2" or "10.1.20.20" failed
[0019.40] DevDataBase: Failure closing connection [Operation is not allowed when the object is closed.]
[0019.46] Log: Shader platform (RHI): PC-D3D-SM3
[0021.55] Log: PhysX GPU Support: DISABLED
[0021.55] Init: Initializing FaceFX...
[0021.55] Init: FaceFX 1.7.4 initialized.
[0021.60] Init: Version: 8364
[0021.60] Init: Epic Internal: 0
[0021.60] Init: Compiled (64-bit): May 21 2023 21:56:09
[0021.60] Init: Command line:  
[0021.60] Init: Base directory: d:\projects\Duke2003\Binaries\Win64\
[0021.60] Init: Character set: Unicode
[0021.60] Log: Executing Class UnrealEd.MakeCommandlet
[0021.60] Init: UEngine initialized
[0021.66] Heading: --------------------Core - Release--------------------
[0021.66] Log: New File, Existing Package (Package Untitled_0, Package Core)
[0021.67] Log: Loading global macros for Core
[0021.70] Heading: --------------------Engine - Release--------------------
[0021.74] Log: New File, Existing Package (Package Untitled_1, Package Engine)
[0022.05] Log: Loading global macros for Engine
[0022.66] Heading: --------------------GFxUI - Release--------------------
[0022.66] Log: New File, Existing Package (Package Untitled_2, Package GFxUI)
[0022.67] Log: Loading global macros for GFxUI
[0022.68] Heading: --------------------GameFramework - Release--------------------
[0022.68] Log: New File, Existing Package (Package Untitled_3, Package GameFramework)
[0022.72] Log: Loading global macros for GameFramework
[0022.79] Heading: --------------------UnrealEd - Release--------------------
[0022.80] Log: New File, Existing Package (Package Untitled_4, Package UnrealEd)
[0022.82] Log: Loading global macros for UnrealEd
[0022.87] Heading: --------------------GFxUIEditor - Release--------------------
[0022.87] Log: New File, Existing Package (Package Untitled_5, Package GFxUIEditor)
[0022.87] Log: Loading global macros for GFxUIEditor
[0022.87] Heading: --------------------IpDrv - Release--------------------
[0022.87] Log: New File, Existing Package (Package Untitled_6, Package IpDrv)
[0022.89] Log: Loading global macros for IpDrv
[0022.92] Heading: --------------------OnlineSubsystemPC - Release--------------------
[0022.92] Log: New File, Existing Package (Package Untitled_7, Package OnlineSubsystemPC)
[0022.92] Log: Loading global macros for OnlineSubsystemPC
[0022.94] Heading: --------------------OnlineSubsystemGameSpy - Release--------------------
[0022.94] Log: New File, Existing Package (Package Untitled_8, Package OnlineSubsystemGameSpy)
[0022.94] Log: Loading global macros for OnlineSubsystemGameSpy
[0022.96] Heading: --------------------OnlineSubsystemLive - Release--------------------
[0022.96] Log: New File, Existing Package (Package Untitled_9, Package OnlineSubsystemLive)
[0022.98] Log: Loading global macros for OnlineSubsystemLive
[0023.01] Heading: --------------------OnlineSubsystemSteamworks - Release--------------------
[0023.01] Log: New File, Existing Package (Package Untitled_10, Package OnlineSubsystemSteamworks)
[0023.02] Log: Loading global macros for OnlineSubsystemSteamworks
[0023.04] Heading: --------------------UDKBase - Release--------------------
[0023.04] Log: New File, Existing Package (Package Untitled_11, Package UDKBase)
[0023.07] Log: Loading global macros for UDKBase
[0023.11] Heading: --------------------UTEditor - Release--------------------
[0023.11] Log: New File, Existing Package (Package Untitled_12, Package UTEditor)
[0023.11] Log: Loading global macros for UTEditor
[0023.11] Heading: --------------------UTGame - Release--------------------
[0023.12] Log: New File, Existing Package (Package Untitled_13, Package UTGame)
[0023.38] Log: Loading global macros for UTGame
[0023.75] Heading: --------------------UTGameContent - Release--------------------
[0023.75] Log: New File, Existing Package (Package Untitled_14, Package UTGameContent)
[0023.78] Log: Loading global macros for UTGameContent
[0023.80] Heading: --------------------dnGame - Release--------------------
[0023.80] Log: Package dnGame changed, recompiling
[0023.81] Log: Analyzing...
[0023.81] Log: Loading global macros for dnGame
[0023.82] Log: Exporting native class declarations for dnGame
[0023.82] Log: Autogenerating C++ header: 
[0023.82] Log: Autogenerating C++ header: dnGameNames.h
[0023.82] Log: Success: Compiled 179 line(s), 11 statement(s).

[0023.82] Log: Scripts successfully compiled - saving package 'd:\projects\Duke2003\Binaries\Win64\..\..\UDKGame\Script\dnGame.u'
[0023.90] Log: Save=75.160400
[0023.90] Log: Moving '..\..\UDKGame\Script\dnGame_save.tmp' to '..\..\UDKGame\Script\dnGame.u'
[0023.90] Heading: --------------------UDKUltimate - Release--------------------
[0023.90] Log: Analyzing...
[0023.90] Log: Loading global macros for UDKUltimate
[0023.98] Log: Success: Compiled 1075 line(s), 179 statement(s).

[0023.98] Log: Scripts successfully compiled - saving package 'd:\projects\Duke2003\Binaries\Win64\..\..\UDKGame\Script\UDKUltimate.u'
[0024.06] Log: Save=88.243300
[0024.07] Log: Moving '..\..\UDKGame\Script\UDKUltimate_save.tmp' to '..\..\UDKGame\Script\UDKUltimate.u'
[0024.67] Log: 
[0024.67] Log: Success - 0 error(s), 0 warning(s)
[0024.67] Log: 
Execution of commandlet took:  3.07 seconds
[0024.68] Exit: Preparing to exit.
[0024.75] Exit: Object subsystem successfully closed.
[0024.75] Log: Shutting down FaceFX...
[0024.75] Log: FaceFX shutdown.
[0024.75] DevDataBase: Spent 18.766592 seconds communicating with "Provider=sqloledb;Data Source=production-db;Initial Catalog=EngineTaskPerf;Trusted_Connection=Yes;Connection Timeout=2" or "10.1.20.20"
[0024.75] Exit: Exiting.
[0024.75] Log: Log file closed, 05/22/23 11:56:04
