Log: Log file open, 05/22/23 11:03:39
Init: WinSock: version 1.1 (2.2), MaxSocks=32767, MaxUdp=65467
Init: Version: 8364
Init: Epic Internal: 0
Init: Compiled (64-bit): May 21 2023 21:56:09
Init: Changelist: 871961
Init: Command line: editor 
Init: Base directory: d:\projects\Duke2003\Binaries\Win64\
DevConfig: GConfig::LoadFile has loaded file:  ..\..\UDKGame\Config\UDKEditor.ini
DevConfig: GConfig::LoadFile has loaded file:  ..\..\UDKGame\Config\UDKEditorUserSettings.ini
DevConfig: GConfig::LoadFile associated file:  ..\..\UDKGame\Config\UDKCompat.ini
DevConfig: GConfig::LoadFile has loaded file:  ..\..\UDKGame\Config\UDKLightmass.ini
DevConfig: GConfig::LoadFile has loaded file:  ..\..\UDKGame\Config\UDKEngine.ini
DevConfig: GConfig::LoadFile has loaded file:  ..\..\UDKGame\Config\UDKGame.ini
DevConfig: GConfig::LoadFile has loaded file:  ..\..\UDKGame\Config\UDKInput.ini
DevConfig: GConfig::LoadFile has loaded file:  ..\..\UDKGame\Config\UDKUI.ini
[0000.56] Init: Computer: JUSTIN-MAINPC
[0000.56] Init: User: justi
[0000.56] Init: CPU Page size=4096, Processors=32
[0000.56] Init: High frequency timer resolution =10.000000 MHz
[0000.56] Init: Memory total: Physical=63.1GB Pagefile=84.1GB Virtual=131072.0GB
[0000.56] DevStats: GSecondsPerCycle 1.000000e-007
[0000.61] Init: WinSock: I am justin-mainpc (192.168.1.4:0)
[0000.61] Init: Presizing for 0 objects not considered by GC, pre-allocating 0 bytes.
[0000.61] Init: Object subsystem initialized
[0000.61] DevSave: (System) 'Default__System' loading configuration from ..\..\UDKGame\Config\UDKEngine.ini
[0000.61] DevSave:    Loading value for SeekFreePCPaths from [Core.System]
[0000.61] DevSave:    Loading value for SeekFreePCExtensions from [Core.System]
[0000.61] DevSave:    Loading value for CutdownPaths from [Core.System]
[0000.61] DevSave:    Loading value for LocalizationPaths from [Core.System]
[0000.61] DevSave:    Loading value for TextureFileCacheExtension from [Core.System]
[0000.61] DevSave:    Loading value for Extensions from [Core.System]
[0000.61] DevSave:    Loading value for Suppress from [Core.System]
[0000.61] DevSave:    Loading value for FRScriptPaths from [Core.System]
[0000.61] DevSave:    Loading value for ScriptPaths from [Core.System]
[0000.61] DevSave:    Loading value for Paths from [Core.System]
[0000.61] DevSave:    Loading value for ScreenShotPath from [Core.System]
[0000.61] DevSave:    Loading value for CacheExt from [Core.System]
[0000.61] DevSave:    Loading value for CachePath from [Core.System]
[0000.61] DevSave:    Loading value for SavePath from [Core.System]
[0000.61] DevSave:    Loading value for AsyncIOBandwidthLimit from [Core.System]
[0000.61] DevSave:    Loading value for PackageSizeSoftLimit from [Core.System]
[0000.61] DevSave:    Loading value for MaxOverallCacheSize from [Core.System]
[0000.61] DevSave:    Loading value for MaxStaleCacheSize from [Core.System]
[0000.61] DevSave:    Loading value for StaleCacheDays from [Core.System]
[0019.36] DevDataBase: Failure trying to open connection [Provider=sqloledb;Data Source=production-db;Initial Catalog=EngineTaskPerf;Trusted_Connection=Yes;Connection Timeout=2] [Invalid connection string attribute]
[0019.36] DevDataBase: Connection to "Provider=sqloledb;Data Source=production-db;Initial Catalog=EngineTaskPerf;Trusted_Connection=Yes;Connection Timeout=2" or "10.1.20.20" failed
[0019.36] DevDataBase: Failure closing connection [Operation is not allowed when the object is closed.]
[0019.43] Log: Shader platform (RHI): PC-D3D-SM3
[0019.54] Log: PhysX GPU Support: DISABLED
[0019.55] Init: Initializing FaceFX...
[0019.55] Init: FaceFX 1.7.4 initialized.
[0021.54] Init: Finished loading startup packages in 1.85 seconds
[0021.55] Log: 76303 objects as part of root set at end of initial load.
[0021.55] Log: 0 out of 0 bytes used by permanent object pool.
[0021.56] Log: Supported Consoles:
[0021.56] Log:   PC
[0021.56] Log: Initializing Engine...
[0021.59] Log: Missing cached shader map for material Duke_Hand_Material, compiling.
[0022.11] Log: Missing cached shader map for material Master_Weapon_Shader, compiling.
[0022.25] Log: Encountered missing default brush - spawning new one
[0022.26] Init: UEngine initialized
[0022.26] Log: Primary PhysX scene will be in software.
[0022.26] Log: Creating Primary PhysX Scene.
[0022.27] Init: Transaction tracking system initialized
[0022.72] Init: XAudio2 using 'Speakers (High Definition Audio Device)' : 2 channels at 48 kHz using 32 bits per sample (channel mask 0x3)
[0022.74] Log: Working around XDK XAudio2 regression: TRUE
[0022.75] Init: XAudio2Device initialized.
[0023.21] Init: Client initialized
[0023.21] Init: Editor engine initialized
[0023.29] Log: Initializing Engine Completed
[0023.29] Log: >>>>>>>>>>>>>> Initial startup: 23.29s <<<<<<<<<<<<<<<
[0023.38] Cmd: MODE MAPEXT=udk
[0023.43] SourceControl: Source Control disabled in UDKEditorUserSettings.ini.  [SourceControl] has Disabled=True
[0023.44] SourceControl: Source Control disabled in UDKEditorUserSettings.ini.  [SourceControl] has Disabled=True
[0024.24] Log: Found D3D11 adapter 0: NVIDIA GeForce RTX 4090
[0024.24] Log: Adapter has 24156MB of dedicated video memory, 0MB of dedicated system memory, and 32331MB of shared system memory
[0024.28] Log: Found D3D11 adapter 1: Microsoft Basic Render Driver
[0024.28] Log: Adapter has 0MB of dedicated video memory, 0MB of dedicated system memory, and 32331MB of shared system memory
[0026.95] Cmd: MAP LOAD FILE="..\..\UDKGame\Content\Maps\Templates\Template_MidDay.umap"
[0027.15] Log: Encountered missing default brush - spawning new one
[0027.55] Log: New File, Existing Package (Package Untitled_2, Package Template_MidDay)
[0027.63] Log: -- Checking Building LODs
[0027.63] Log: Primary PhysX scene will be in software.
[0027.63] Log: Creating Primary PhysX Scene.
[0027.64] Log: Finished looking for orphan Actors (0.003 secs)
[0027.64] Cmd: MAP CHECKDEP DONTCLEARMESSAGES
[0027.70] Log: TIMER ALL OF INIT : [8.137370]
[0036.64] Log: 
==== Worlds needing PIE Save:
[0036.64] Log: Untitled_2
[0036.64] Log: ==== 1 total
[0036.68] Log: Built Phys StaticMesh Cache: 2.581 ms
[0036.68] Log: COOKEDPHYSICS: 1 TriMeshes (0.597656 KB), 1 Convex Hulls (1.082031 KB) - Total 1.679688 KB
[0036.75] Log: Save=74.375000
[0036.75] Log: Moving 'd:\projects\Duke2003\Binaries\Win64\..\..\UDKGame\Autosaves\UEDPIEUntitled_2_save.tmp' to 'd:\projects\Duke2003\Binaries\Win64\..\..\UDKGame\Autosaves\UEDPIEUntitled_2.udk'
[0036.77] Cmd: MAP LOAD PLAYWORLD=1 FILE="d:\projects\Duke2003\Binaries\Win64\..\..\UDKGame\Autosaves\UEDPIEUntitled_2.udk"
[0036.78] Log: Finished looking for orphan Actors (0.003 secs)
[0036.78] Log: Game class is 'dnSinglePlayer'
[0036.80] Log: Primary PhysX scene will be in software.
[0036.80] Log: Creating Primary PhysX Scene.
[0036.80] Log: *** WARNING - PATHS MAY NOT BE VALID ***
[0036.80] Log: Bringing World UEDPIEUntitled_2.TheWorld up for play (0) at 2023.05.22-11.04.15
[0036.81] Log: Bringing up level for play took: 0.021414
[0037.07] ScriptWarning: Accessed None 'MapInfo'
	GFxMinimap Transient.GFxMinimapHud_0:GFxMinimap_0
	Function UTGame.GFxMinimap:Init:00F2
[0037.07] ScriptWarning: Accessed None 'OnlineSub'
	dnPlayerController UEDPIEUntitled_2.TheWorld:PersistentLevel.dnPlayerController_0
	Function UTGame.UTPlayerController:ClientSetOnlineStatus:0033
[0037.07] ScriptWarning: Accessed None 'OnlineSub'
	dnPlayerController UEDPIEUntitled_2.TheWorld:PersistentLevel.dnPlayerController_0
	Function UTGame.UTPlayerController:ClientSetOnlineStatus:02D1
[0037.07] ScriptWarning: Accessed None
	dnPlayerController UEDPIEUntitled_2.TheWorld:PersistentLevel.dnPlayerController_0
	Function UTGame.UTPlayerController:ClientSetOnlineStatus:02E5
[0037.07] Log: PIE: play in editor start time for UEDPIEUntitled_2 0.610
[0037.07] ScriptWarning: Accessed None 'MapInfo'
	GFxMinimap Transient.GFxMinimapHud_1:GFxMinimap_1
	Function UTGame.GFxMinimap:Init:00F2
[0037.11] ScriptWarning: Accessed None 'LeftHandIK'
	PlayerPawn UEDPIEUntitled_2.TheWorld:PersistentLevel.Play