Log: Log file open, 05/22/23 15:38:44
Init: WinSock: version 1.1 (2.2), MaxSocks=32767, MaxUdp=65467
Init: Version: 8364
Init: Epic Internal: 0
Init: Compiled (64-bit): May 21 2023 21:56:09
Init: Changelist: 871961
Init: Command line: editor 
Init: Base directory: d:\projects\Duke2003\Binaries\Win64\
DevConfig: GConfig::LoadFile has loaded file:  ..\..\UDKGame\Config\UDKEditor.ini
DevConfig: GConfig::LoadFile has loaded file:  ..\..\UDKGame\Config\UDKEditorUserSettings.ini
DevConfig: GConfig::LoadFile associated file:  ..\..\UDKGame\Config\UDKCompat.ini
DevConfig: GConfig::LoadFile has loaded file:  ..\..\UDKGame\Config\UDKLightmass.ini
DevConfig: GConfig::LoadFile has loaded file:  ..\..\UDKGame\Config\UDKEngine.ini
DevConfig: GConfig::LoadFile has loaded file:  ..\..\UDKGame\Config\UDKGame.ini
DevConfig: GConfig::LoadFile has loaded file:  ..\..\UDKGame\Config\UDKInput.ini
DevConfig: GConfig::LoadFile has loaded file:  ..\..\UDKGame\Config\UDKUI.ini
[0000.57] Init: Computer: JUSTIN-MAINPC
[0000.57] Init: User: justi
[0000.57] Init: CPU Page size=4096, Processors=32
[0000.57] Init: High frequency timer resolution =10.000000 MHz
[0000.57] Init: Memory total: Physical=63.1GB Pagefile=84.1GB Virtual=131072.0GB
[0000.57] DevStats: GSecondsPerCycle 1.000000e-007
[0000.62] Init: WinSock: I am justin-mainpc (192.168.1.4:0)
[0000.62] Init: Presizing for 0 objects not considered by GC, pre-allocating 0 bytes.
[0000.62] Init: Object subsystem initialized
[0000.62] DevSave: (System) 'Default__System' loading configuration from ..\..\UDKGame\Config\UDKEngine.ini
[0000.62] DevSave:    Loading value for SeekFreePCPaths from [Core.System]
[0000.62] DevSave:    Loading value for SeekFreePCExtensions from [Core.System]
[0000.62] DevSave:    Loading value for CutdownPaths from [Core.System]
[0000.62] DevSave:    Loading value for LocalizationPaths from [Core.System]
[0000.62] DevSave:    Loading value for TextureFileCacheExtension from [Core.System]
[0000.62] DevSave:    Loading value for Extensions from [Core.System]
[0000.62] DevSave:    Loading value for Suppress from [Core.System]
[0000.62] DevSave:    Loading value for FRScriptPaths from [Core.System]
[0000.62] DevSave:    Loading value for ScriptPaths from [Core.System]
[0000.62] DevSave:    Loading value for Paths from [Core.System]
[0000.62] DevSave:    Loading value for ScreenShotPath from [Core.System]
[0000.62] DevSave:    Loading value for CacheExt from [Core.System]
[0000.62] DevSave:    Loading value for CachePath from [Core.System]
[0000.62] DevSave:    Loading value for SavePath from [Core.System]
[0000.62] DevSave:    Loading value for AsyncIOBandwidthLimit from [Core.System]
[0000.62] DevSave:    Loading value for PackageSizeSoftLimit from [Core.System]
[0000.62] DevSave:    Loading value for MaxOverallCacheSize from [Core.System]
[0000.62] DevSave:    Loading value for MaxStaleCacheSize from [Core.System]
[0000.62] DevSave:    Loading value for StaleCacheDays from [Core.System]
[0019.32] DevDataBase: Failure trying to open connection [Provider=sqloledb;Data Source=production-db;Initial Catalog=EngineTaskPerf;Trusted_Connection=Yes;Connection Timeout=2] [Invalid connection string attribute]
[0019.32] DevDataBase: Connection to "Provider=sqloledb;Data Source=production-db;Initial Catalog=EngineTaskPerf;Trusted_Connection=Yes;Connection Timeout=2" or "10.1.20.20" failed
[0019.32] DevDataBase: Failure closing connection [Operation is not allowed when the object is closed.]
[0019.38] Log: Shader platform (RHI): PC-D3D-SM3
[0019.54] Log: PhysX GPU Support: DISABLED
[0019.55] Init: Initializing FaceFX...
[0019.55] Init: FaceFX 1.7.4 initialized.
[0021.48] Log: Missing cached shader map for material Duke_Hand_Material, compiling.
[0021.99] Log: Missing cached shader map for material Master_Weapon_Shader, compiling.
[0022.15] Init: Finished loading startup packages in 2.44 seconds
[0022.15] Log: 76367 objects as part of root set at end of initial load.
[0022.16] Log: 0 out of 0 bytes used by permanent object pool.
[0022.17] Log: Supported Consoles:
[0022.17] Log:   PC
[0022.17] Log: Initializing Engine...
[0022.22] Log: Encountered missing default brush - spawning new one
[0022.23] Init: UEngine initialized
[0022.23] Log: Primary PhysX scene will be in software.
[0022.23] Log: Creating Primary PhysX Scene.
[0022.24] Init: Transaction tracking system initialized
[0022.66] Init: XAudio2 using 'Speakers (High Definition Audio Device)' : 2 channels at 48 kHz using 32 bits per sample (channel mask 0x3)
[0022.67] Log: Working around XDK XAudio2 regression: TRUE
[0022.68] Init: XAudio2Device initialized.
[0023.13] Init: Client initialized
[0023.13] Init: Editor engine initialized
[0023.22] Log: Initializing Engine Completed
[0023.22] Log: >>>>>>>>>>>>>> Initial startup: 23.22s <<<<<<<<<<<<<<<
[0023.31] Cmd: MODE MAPEXT=udk
[0023.37] SourceControl: Source Control disabled in UDKEditorUserSettings.ini.  [SourceControl] has Disabled=True
[0023.38] SourceControl: Source Control disabled in UDKEditorUserSettings.ini.  [SourceControl] has Disabled=True
[0024.26] Log: Found D3D11 adapter 0: NVIDIA GeForce RTX 4090
[0024.26] Log: Adapter has 24156MB of dedicated video memory, 0MB of dedicated system memory, and 32331MB of shared system memory
[0024.30] Log: Found D3D11 adapter 1: Microsoft Basic Render Driver
[0024.30] Log: Adapter has 0MB of dedicated video memory, 0MB of dedicated system memory, and 32331MB of shared system memory
[0027.13] Cmd: MAP LOAD FILE="..\..\UDKGame\Content\Maps\Templates\Template_MidDay.umap"
[0027.37] Log: Encountered missing default brush - spawning new one
[0027.85] Log: New File, Existing Package (Package Untitled_2, Package Template_MidDay)
[0027.93] Log: -- Checking Building LODs
[0027.94] Log: Primary PhysX scene will be in software.
[0027.94] Log: Creating Primary PhysX Scene.
[0027.95] Log: Finished looking for orphan Actors (0.003 secs)
[0027.95] Cmd: MAP CHECKDEP DONTCLEARMESSAGES
[0028.01] Log: TIMER ALL OF INIT : [8.440224]
[0205.68] Cmd: MAP LOAD FILE="D:\projects\Duke2003\UDKGame\Content\Maps\DukeForever\z1l2.udk"
[0205.72] Log: Encountered missing default brush - spawning new one
[0206.51] Log: Missing cached shader map for material dcasino_logos_dcaslogo1RC_Mat, compiling.
[0206.67] Log: Missing cached shader map for material dcasino_walls_dcaswallbotm6RC_Mat, compiling.
[0206.80] Log: Missing cached shader map for material airforcebase_pavement_tarmack3aRC_Mat, compiling.
[0206.93] Log: Missing cached shader map for material airforcebase_sets_exbldBac1bRC_Mat, compiling.
[0207.07] Log: Missing cached shader map for material dcasino_doors_dcasdoors1RC_Mat, compiling.
[0207.19] Log: Missing cached shader map for material Penthouse_exterior_pentextbuild22R_Mat, compiling.
[0207.32] Log: Missing cached shader map for material Penthouse_library_pentlibwall2RC_Mat, compiling.
[0207.45] Log: Missing cached shader map for material Penthouse_marble_pentmarstair1aR_Mat, compiling.
[0207.58] Log: Missing cached shader map for material Penthouse_Pool_pentpool1aRC_Mat, compiling.
[0207.70] Log: Missing cached shader map for material Penthouse_Pool_pentpool1fRC_Mat, compiling.
[0207.84] Log: Missing cached shader map for material Penthouse_trim_penttrim8RC_Mat, compiling.
[0207.97] Log: Missing cached shader map for material stratosfear_walls_strwall4RC_Mat, compiling.
[0208.09] Log: Missing cached shader map for material Streets_City_Street_gen3lane1RC_Mat, compiling.
[0208.22] Log: Missing cached shader map for material t_generic_Water_genwater2RC_Mat, compiling.
[0208.43] Log: Missing cached shader map for material vegas_casino1_cieling1FBC_Mat, compiling.
[0208.55] Log: Missing cached shader map for material vegas_casino1_dukesym3BC_Mat, compiling.
[0208.68] Log: Missing cached shader map for material vegas_casino1_genericgold1BC_Mat, compiling.
[0208.81] Log: Missing cached shader map for material vegas_casinos_ext_vegwallnight1RC_Mat, compiling.
[0208.93] Log: Missing cached shader map for material vegas_furniture_vegblackj1aRC_Mat, compiling.
[0209.05] Log: Missi