Log: Log file open, 05/22/23 18:08:34
Init: WinSock: version 1.1 (2.2), MaxSocks=32767, MaxUdp=65467
Init: Version: 8364
Init: Epic Internal: 0
Init: Compiled (64-bit): May 21 2023 21:56:09
Init: Changelist: 871961
Init: Command line: editor 
Init: Base directory: d:\projects\Duke2003\Binaries\Win64\
DevConfig: GConfig::LoadFile has loaded file:  ..\..\UDKGame\Config\UDKEditor.ini
DevConfig: GConfig::LoadFile has loaded file:  ..\..\UDKGame\Config\UDKEditorUserSettings.ini
DevConfig: GConfig::LoadFile associated file:  ..\..\UDKGame\Config\UDKCompat.ini
DevConfig: GConfig::LoadFile has loaded file:  ..\..\UDKGame\Config\UDKLightmass.ini
DevConfig: GConfig::LoadFile has loaded file:  ..\..\UDKGame\Config\UDKEngine.ini
DevConfig: GConfig::LoadFile has loaded file:  ..\..\UDKGame\Config\UDKGame.ini
DevConfig: GConfig::LoadFile has loaded file:  ..\..\UDKGame\Config\UDKInput.ini
DevConfig: GConfig::LoadFile has loaded file:  ..\..\UDKGame\Config\UDKUI.ini
[0000.57] Init: Computer: JUSTIN-MAINPC
[0000.57] Init: User: justi
[0000.57] Init: CPU Page size=4096, Processors=32
[0000.57] Init: High frequency timer resolution =10.000000 MHz
[0000.57] Init: Memory total: Physical=63.1GB Pagefile=84.1GB Virtual=131072.0GB
[0000.57] DevStats: GSecondsPerCycle 1.000000e-007
[0000.63] Init: WinSock: I am justin-mainpc (192.168.1.4:0)
[0000.63] Init: Presizing for 0 objects not considered by GC, pre-allocating 0 bytes.
[0000.63] Init: Object subsystem initialized
[0000.63] DevSave: (System) 'Default__System' loading configuration from ..\..\UDKGame\Config\UDKEngine.ini
[0000.63] DevSave:    Loading value for SeekFreePCPaths from [Core.System]
[0000.63] DevSave:    Loading value for SeekFreePCExtensions from [Core.System]
[0000.63] DevSave:    Loading value for CutdownPaths from [Core.System]
[0000.63] DevSave:    Loading value for LocalizationPaths from [Core.System]
[0000.63] DevSave:    Loading value for TextureFileCacheExtension from [Core.System]
[0000.63] DevSave:    Loading value for Extensions from [Core.System]
[0000.63] DevSave:    Loading value for Suppress from [Core.System]
[0000.63] DevSave:    Loading value for FRScriptPaths from [Core.System]
[0000.63] DevSave:    Loading value for ScriptPaths from [Core.System]
[0000.63] DevSave:    Loading value for Paths from [Core.System]
[0000.63] DevSave:    Loading value for ScreenShotPath from [Core.System]
[0000.63] DevSave:    Loading value for CacheExt from [Core.System]
[0000.63] DevSave:    Loading value for CachePath from [Core.System]
[0000.63] DevSave:    Loading value for SavePath from [Core.System]
[0000.63] DevSave:    Loading value for AsyncIOBandwidthLimit from [Core.System]
[0000.63] DevSave:    Loading value for PackageSizeSoftLimit from [Core.System]
[0000.63] DevSave:    Loading value for MaxOverallCacheSize from [Core.System]
[0000.63] DevSave:    Loading value for MaxStaleCacheSize from [Core.System]
[0000.63] DevSave:    Loading value for StaleCacheDays from [Core.System]
[0019.30] DevDataBase: Failure trying to open connection [Provider=sqloledb;Data Source=production-db;Initial Catalog=EngineTaskPerf;Trusted_Connection=Yes;Connection Timeout=2] [Invalid connection string attribute]
[0019.30] DevDataBase: Connection to "Provider=sqloledb;Data Source=production-db;Initial Catalog=EngineTaskPerf;Trusted_Connection=Yes;Connection Timeout=2" or "10.1.20.20" failed
[0019.30] DevDataBase: Failure closing connection [Operation is not allowed when the object is closed.]
[0019.37] Log: Shader platform (RHI): PC-D3D-SM3
[0019.54] Log: PhysX GPU Support: DISABLED
[0019.55] Init: Initializing FaceFX...
[0019.55] Init: FaceFX 1.7.4 initialized.
[0021.15] Init: Finished loading startup packages in 1.44 seconds
[0021.16] Log: 76364 objects as part of root set at end of initial load.
[0021.16] Log: 0 out of 0 bytes used by permanent object pool.
[0021.17] Log: Supported Consoles:
[0021.17] Log:   PC
[0021.17] Log: Initializing Engine...
[0021.22] Log: Encountered missing default brush - spawning new one
[0021.22] Init: UEngine initialized
[0021.22] Log: Primary PhysX scene will be in software.
[0021.22] Log: Creating Primary PhysX Scene.
[0021.23] Init: Transaction tracking system initialized
[0022.33] Init: XAudio2 using 'Speakers (High Definition Audio Device)' : 2 channels at 48 kHz using 32 bits per sample (channel mask 0x3)
[0022.37] Log: Working around XDK XAudio2 regression: TRUE
[0022.39] Init: XAudio2Device initialized.
[0022.80] Init: Client initialized
[0022.80] Init: Editor engine initialized
[0022.88] Log: Initializing Engine Completed
[0022.88] Log: >>>>>>>>>>>>>> Initial startup: 22.88s <<<<<<<<<<<<<<<
[0022.96] Cmd: MODE MAPEXT=udk
[0023.06] SourceControl: Source Control disabled in UDKEditorUserSettings.ini.  [SourceControl] has Disabled=True
[0023.08] SourceControl: Source Control disabled in UDKEditorUserSettings.ini.  [SourceControl] has Disabled=True
[0023.89] Log: Found D3D11 adapter 0: NVIDIA GeForce RTX 4090
[0023.89] Log: Adapter has 24156MB of dedicated video memory, 0MB of dedicated system memory, and 32331MB of shared system memory
[0023.93] Log: Found D3D11 adapter 1: Microsoft Basic Render Driver
[0023.93] Log: Adapter has 0MB of dedicated video memory, 0MB of dedicated system memory, and 32331MB of shared system memory
[0026.82] Cmd: MAP LOAD FILE="..\..\UDKGame\Content\Maps\Templates\Template_MidDay.umap"
[0027.09] Log: Encountered missing default brush - spawning new one
[0027.61] Log: New File, Existing Package (Package Untitled_2, Package Template_MidDay)
[0027.71] Log: -- Checking Building LODs
[0027.71] Log: Primary PhysX scene will be in software.
[0027.71] Log: Creating Primary PhysX Scene.
[0027.72] Log: Finished looking for orphan Actors (0.003 secs)
[0027.73] Cmd: MAP CHECKDEP DONTCLEARMESSAGES
[0027.77] Log: TIMER ALL OF INIT : [8.210521]
[0036.22] Cmd: MAP LOAD FILE="D:\projects\Duke2003\UDKGame\Content\Maps\DukeForever\z1l2.udk"
[0036.26] Log: Encountered missing default brush - spawning new one
[0037.55] Log: -- Checking Building LODs
[0037.56] Log: Primary PhysX scene will be in software.
[0037.56] Log: Creating Primary PhysX Scene.
[0037.57] Log: Finished looking for orphan Actors (0.005 secs)
[0037.62] Cmd: MAP CHECKDEP DONTCLEARMESSAGES
[0045.76] Log: 
==== Worlds needing PIE Save:
[0045.76] Log: z1l2
[0045.76] Log: ==== 1 total
[0045.80] Log: Built Phys StaticMesh Cache: 7.585 ms
[0045.80] Log: COOKEDPHYSICS: 0 TriMeshes (0.000000 KB), 2 Convex Hulls (5.746094 KB) - Total 5.746094 KB
[0046.08] Log: COOKEDPHYSICS: BSP 635.47 KB
[0047.35] Log: Save=1544.460500
[0047.35] Log: Moving 'd:\projects\Duke2003\Binaries\Win64\..\..\UDKGame\Autosaves\UEDPIEz1l2_save.tmp' to 'd:\projects\Duke2003\Binaries\Win64\..\..\UDKGame\Autosaves\UEDPIEz1l2.udk'
[0047.37] Cmd: MAP LOAD PLAYWORLD=1 FILE="d:\projects\Duke2003\Binaries\Win64\..\..\UDKGame\Autosaves\UEDPIEz1l2.udk"
[0047.94] Log: Finished looking for orphan Actors (0.005 secs)
[0047.94] Log: Game class is 'dnSinglePlayer'
[0047.97] Log: Primary PhysX scene will be in software.
[0047.97] Log: Creating Primary PhysX Scene.
[0047.97] Log: *** WARNING - PATHS MAY NOT BE VALID ***
[0047.97] Log: Bringing World UEDPIEz1l2.TheWorld up for play (0) at 2023.05.22-18.09.21
[0048.00] Log: Bringing up level for play took: 0.048163
[0048.38] ScriptWarning: Accessed None 'MapInfo'
	GFxMinimap Transient.GFxMinimapHud_0:GFxMinimap_0
	Function UTGame.GFxMinimap:Init:00F2
[0048.38] ScriptWarning: Accessed None 'OnlineSub'
	dnPlayerController UEDPIEz1l2.TheWorld:PersistentLevel.dnPlayerController_0
	Function UTGame.UTPlayerController:ClientSetOnlineStatus:0033
[0048.39] ScriptWarning: Accessed None 'OnlineSub'
	dnPlayerController UEDPIEz1l2.TheWorld:PersistentLevel.dnPlayerController_0
	Function UTGame.UTPlayerController:ClientSetOnlineStatus:02D1
[0048.39] ScriptWarning: Accessed None
	dnPlayerController UEDPIEz1l2.TheWorld:PersistentLevel.dnPlayerController_0
	Function UTGame.UTPlayerController:ClientSetOnlineStatus:02E5
[0048.39] Log: PIE: play in editor start time for UEDPIEz1l2 2.848
[0048.40] ScriptWarning: Accessed None 'MapInfo'
	GFxMinimap Transient.GFxMinimapHud_1:GFxMinimap_1
	Function UTGame.GFxMinimap:Init:00F2
[0048.45] ScriptWarning: Accessed None 'LeftHandIK'
	PlayerPawn UEDPIEz1l2.TheWorld:PersistentLevel.PlayerPawn_0
	Function UTGame.UTPawn:SetHandIKEnabled:0066
[0048.45] ScriptWarning: Accessed None 'RightHandIK'
	PlayerPawn UEDPIEz1l2.TheWorld:PersistentLevel.PlayerPawn_0
	Function UTGame.UTPawn:SetHandIKEnabled:008F
[0048.45] Cmd: SETSOUNDMODE Default
[0048.46] ScriptLog: START MATCH
[0048.48] ScriptWarning: Accessed None 'MapInfo'
	GFxMinimap Transient.GFxMinimapHud_1:GFxMinimap_1
	Function UTGame.GFxMinimap:UpdateData:0015
[0064.65] Cmd: onrelease ShowMenu
[0064.66] ScriptWarning: Accessed None 'ViewportClient'
	dnPlayerController UEDPIEz1l2.TheWorld:PersistentLevel.dnPlayerController_0
	Function UTGame.UTPlayerController:Destroyed:0041
[0078.45] Cmd: nxvis PHYSX_CLEAR_ALL
[0078.45] Log: Clearing all PhysX Debug Flags.
[0078.45] Cmd: apexvis APEX_CLEAR_ALL
[0078.46] DevPhysics: ApexSDK              : VISUALIZE_LOD_BENEFITS
[0078.46] DevPhysics: ApexSDK              : LOD_DISTANCE_SCALE
[0078.46] DevPhysics: Clothing             : VISUALIZE_CLOTHING_SKINNED_POSITIONS
[0078.46] DevPhysics: Clothing             : VISUALIZE_CLOTHING_SPHERE_COLLISION
[0078.46] DevPhysics: Clothing             : VISUALIZE_CLOTHING_MAX_DISTANCE_OUT
[0078.46] DevPhysics: Clothing             : VISUALIZE_CLOTHING_MAX_DISTANCE_IN
[0078.46] DevPhysics: Clothing             : VISUALIZE_CLOTHING_ALL_SKIN_MAP
[0078.46] DevPhysics: Clothing             : VISUALIZE_CLOTHING_BAD_SKIN_MAP
[0078.46] DevPhysics: Clothing             : VISUALIZE_CLOTHING_SKIN_MAP
[0078.46] DevPhysics: Clothing             : VISUALIZE_CLOTHING_RENDER_NORMALS
[0078.46] DevPhysics: Clothing             : VISUALIZE_CLOTHING_RENDER_TANGENTS
[0078.46] DevPhysics: Clothing             : VISUALIZE_CLOTHING_PHYSICS_MESH_WIRE
[0078.46] DevPhysics: Clothing             : VISUALIZE_CLOTHING_PHYSICS_MESH_SOLID
[0078.46] DevPhysics: Clothing             : VISUALIZE_CLOTHING_SKELETON
[0078.46] DevPhysics: Clothing             : VISUALIZE_CLOTHING_BONE_FRAMES
[0078.46] DevPhysics: Clothing             : VISUALIZE_CLOTHING_BONE_NAMES
[0078.46] DevPhysics: Clothing             : VISUALIZE_CLOTHING_VELOCITIES
[0078.46] DevPhysics: Clothing             : VISUALIZE_CLOTHING_GRAPHICAL_VERTEX_BONES
[0078.46] DevPhysics: Clothing             : VISUALIZE_CLOTHING_PHYSICAL_VERTEX_BONES
[0078.46] DevPhysics: Clothing             : VISUALIZE_CLOTHING_ACOLLISION_UMBRELLAS
[0078.46] DevPhysics: Destructible         : VISUALIZE_DESTRUCTIBLE_BOUNDS
[0078.46] DevPhysics: Destructible         : VISUALIZE_DESTRUCTIBLE_SUPPORT
[0078.46] DevPhysics: Destructible         : VISUALIZE_DESTRUCTIBLE_ACTOR_POSE
[0078.46] DevPhysics: Destructible         : THRESHOLD_DISTANCE_DESTRUCTIBLE_ACTOR_POSE
[0078.46] DevPhysics: Destructible         : VISUALIZE_DESTRUCTIBLE_ACTOR_NAME
[0078.46] DevPhysics: Destructible         : THRESHOLD_DISTANCE_DESTRUCTIBLE_ACTOR_NAME
[0078.47] DevPhysics: Destructible         : VISUALIZE_DESTRUCTIBLE_FRAGMENT_POSE
[0078.47] DevPhysics: Destructible         : THRESHOLD_DISTANCE_DESTRUCTIBLE_FRAGMENT_POSE
[0078.47] DevPhysics: Apex Debug (Scene 0): apexvis APEX_CLEAR_ALL FALSE
[0078.52] Log: Primary PhysX scene will be in software.
[0078.52] Log: Creating Primary PhysX Scene.
[0078.75] Log: MorphTargetSet (VH_Manta_MorphTargets) is added to the mesh (WP_PistolMesh) that's not compatible. BaseSkelMesh has to be (SK_VH_Manta)
[0078.75] Log: MorphTargetSet (VH_Manta_MorphTargets) is added to the mesh (WP_PistolMesh) that's not compatible. BaseSkelMesh has to be (SK_VH_Manta)
[0078.75] Log: MorphTargetSet (VH_Manta_MorphTargets) is added to the mesh (WP_PistolMesh) that's not compatible. BaseSkelMesh has to be (SK_VH_Manta)
[0090.76] Log: MorphTargetSet (VH_Manta_MorphTargets) is added to the mesh (WP_PistolMesh) that's not compatible. BaseSkelMesh has to be (SK_VH_Manta)
[0090.76] Log: MorphTargetSet (VH_Manta_MorphTargets) is added to the mesh (WP_PistolMesh) that's not compatible. BaseSkelMesh has to be (SK_VH_Manta)
[0092.89] Log: 
==== Worlds needing PIE Save:
[0092.89] Log: ==== 0 total
[0092.89] Cmd: MAP LOAD PLAYWORLD=1 FILE="d:\projects\Duke2003\Binaries\Win64\..\..\UDKGame\Autosaves\UEDPIEz1l2.udk"
[0093.48] Log: Finished looking for orphan Actors (0.005 secs)
[0093.48] Log: Game class is 'dnSinglePlayer'
[0093.51] Log: Primary PhysX scene will be in software.
[0093.51] Log: Creating Primary PhysX Scene.
[0093.52] Log: *** WARNING - PATHS MAY NOT BE VALID ***
[0093.52] Log: Bringing World UEDPIEz1l2.TheWorld up for play (0) at 2023.05.22-18.10.07
[0093.54] Log: Bringing up level for play took: 0.043596
[0093.59] ScriptWarning: Accessed None 'MapInfo'
	GFxMinimap Transient.GFxMinimapHud_2:GFxMinimap_2
	Function UTGame.GFxMinimap:Init:00F2
[0093.59] ScriptWarning: Accessed None 'OnlineSub'
	dnPlayerController UEDPIEz1l2.TheWorld:PersistentLevel.dnPlayerController_1
	Function UTGame.UTPlayerController:ClientSetOnlineStatus:0033
[0093.59] ScriptWarning: Accessed None 'OnlineSub'
	dnPlayerController UEDPIEz1l2.TheWorld:PersistentLevel.dnPlayerController_1
	Function UTGame.UTPlayerController:ClientSetOnlineStatus:02D1
[0093.59] ScriptWarning: Accessed None
	dnPlayerController UEDPIEz1l2.TheWorld:PersistentLevel.dnPlayerController_1
	Function UTGame.UTPlayerController:ClientSetOnlineStatus:02E5
[0093.59] Log: PIE: play in editor start time for UEDPIEz1l2 0.904
[0093.61] ScriptWarning: Accessed None 'MapInfo'
	GFxMinimap Transient.GFxMinimapHud_3:GFxMinimap_3
	Function UTGame.GFxMinimap:Init:00F2
[0093.66] ScriptWarning: Accessed None 'LeftHandIK'
	PlayerPawn UEDPIEz1l2.TheWorld:PersistentLevel.PlayerPawn_2
	Function UTGame.UTPawn:SetHandIKEnabled:0066
[0093.66] ScriptWarning: Accessed None 'RightHandIK'
	PlayerPawn UEDPIEz1l2.TheWorld:PersistentLevel.PlayerPawn_2
	Function UTGame.UTPawn:SetHandIKEnabled:008F
[0093.66] Cmd: SETSOUNDMODE Default
[0093.66] ScriptLog: START MATCH
[0093.67] ScriptWarning: Accessed None 'MapInfo'
	GFxMinimap Transient.GFxMinimapHud_3:GFxMinimap_3
	Function UTGame.GFxMinimap:UpdateData:0015
[0100.49] Cmd: onrelease ShowMenu
[0100.49] ScriptWarning: Accessed None 'ViewportClient'
	dnPlayerController UEDPIEz1l2.TheWorld:PersistentLevel.dnPlayerController_1
	Function UTGame.UTPlayerController:Destroyed:0041
[0103.38] Log: 
==== Worlds needing PIE Save:
[0103.39] Log: ==== 0 total
[0103.39] Cmd: MAP LOAD PLAYWORLD=1 FILE="d:\projects\Duke2003\Binaries\Win64\..\..\UDKGame\Autosaves\UEDPIEz1l2.udk"
[0103.95] Log: Finished looking for orphan Actors (0.006 secs)
[0103.95] Log: Game class is 'dnSinglePlayer'
[0103.97] Log: Primary PhysX scene will be in software.
[0103.97] Log: Creating Primary PhysX Scene.
[0103.98] Log: *** WARNING - PATHS MAY NOT BE VALID ***
[0103.98] Log: Bringing World UEDPIEz1l2.TheWorld up for play (0) at 2023.05.22-18.10.17
[0104.00] Log: Bringing up level for play took: 0.044220
[0104.05] ScriptWarning: Accessed None 'MapInfo'
	GFxMinimap Transient.GFxMinimapHud_4:GFxMinimap_4
	Function UTGame.GFxMinimap:Init:00F2
[0104.05] ScriptWarning: Accessed None 'OnlineSub'
	dnPlayerController UEDPIEz1l2.TheWorld:PersistentLevel.dnPlayerController_2
	Function UTGame.UTPlayerController:ClientSetOnlineStatus:0033
[0104.05] ScriptWarning: Accessed None 'OnlineSub'
	dnPlayerController UEDPIEz1l2.TheWorld:PersistentLevel.dnPlayerController_2
	Function UTGame.UTPlayerController:ClientSetOnlineStatus:02D1
[0104.05] ScriptWarning: Accessed None
	dnPlayerController UEDPIEz1l2.TheWorld:PersistentLevel.dnPlayerController_2
	Function UTGame.UTPlayerController:ClientSetOnlineStatus:02E5
[0104.05] Log: PIE: play in editor start time for UEDPIEz1l2 0.871
[0104.07] ScriptWarning: Accessed None 'MapInfo'
	GFxMinimap Transient.GFxMinimapHud_5:GFxMinimap_5
	Function UTGame.GFxMinimap:Init:00F2
[0104.12] ScriptWarning: Accessed None 'LeftHandIK'
	PlayerPawn UEDPIEz1l2.TheWorld:PersistentLevel.PlayerPawn_4
	Function UTGame.UTPawn:SetHandIKEnabled:0066
[0104.12] ScriptWarning: Accessed None 'RightHandIK'
	PlayerPawn UEDPIEz1l2.TheWorld:PersistentLevel.PlayerPawn_4
	Function UTGame.UTPawn:SetHandIKEnabled:008F
[0104.13] Cmd: SETSOUNDMODE Default
[0104.13] ScriptLog: START MATCH
[0104.14] ScriptWarning: Accessed None 'MapInfo'
	GFxMinimap Transient.GFxMinimapHud_5:GFxMinimap_5
	Function UTGame.GFxMinimap:UpdateData:0015
[0107.68] Cmd: onrelease ShowMenu
[0107.69] ScriptWarning: Accessed None 'ViewportClient'
	dnPlayerController UEDPIEz1l2.TheWorld:PersistentLevel.dnPlayerController_2
	Function UTGame.UTPlayerController:Destroyed:0041
[0111.05] Log: MorphTargetSet (VH_Manta_MorphTargets) is added to the mesh (WP_PistolMesh) that's not compatible. BaseSkelMesh has to be (SK_VH_Manta)
[0111.05] Log: MorphTargetSet (VH_Manta_MorphTargets) is added to the mesh (WP_PistolMesh) that's not compatible. BaseSkelMesh has to be (SK_VH_Manta)
[0112.93] Log: 
==== Worlds needing PIE Save:
[0112.93] Log: ==== 0 total
[0112.93] Cmd: MAP LOAD PLAYWORLD=1 FILE="d:\projects\Duke2003\Binaries\Win64\..\..\UDKGame\Autosaves\UEDPIEz1l2.udk"
[0113.49] Log: Finished looking for orphan Actors (0.005 secs)
[0113.49] Log: Game class is 'dnSinglePlayer'
[0113.52] Log: Primary PhysX scene will be in software.
[0113.52] Log: Creating Primary PhysX Scene.
[0113.53] Log: *** WARNING - PATHS MAY NOT BE VALID ***
[0113.53] Log: Bringing World UEDPIEz1l2.TheWorld up for play (0) at 2023.05.22-18.10.27
[0113.55] Log: Bringing up level for play took: 0.045649
[0113.60] ScriptWarning: Accessed None 'MapInfo'
	GFxMinimap Transient.GFxMinimapHud_6:GFxMinimap_6
	Function UTGame.GFxMinimap:Init:00F2
[0113.60] ScriptWarning: Accessed None 'OnlineSub'
	dnPlayerController UEDPIEz1l2.TheWorld:PersistentLevel.dnPlayerController_3
	Function UTGame.UTPlayerController:ClientSetOnlineStatus:0033
[0113.60] ScriptWarning: Accessed None 'OnlineSub'
	dnPlayerController UEDPIEz1l2.TheWorld:PersistentLevel.dnPlayerController_3
	Function UTGame.UTPlayerController:ClientSetOnlineStatus:02D1
[0113.60] ScriptWarning: Accessed None
	dnPlayerController UEDPIEz1l2.TheWorld:PersistentLevel.dnPlayerController_3
	Function UTGame.UTPlayerController:ClientSetOnlineStatus:02E5
[0113.60] Log: PIE: play in editor start time for UEDPIEz1l2 0.887
[0113.62] ScriptWarning: Accessed None 'MapInfo'
	GFxMinimap Transient.GFxMinimapHud_7:GFxMinimap_7
	Function UTGame.GFxMinimap:Init:00F2
[0113.67] ScriptWarning: Accessed None 'LeftHandIK'
	PlayerPawn UEDPIEz1l2.TheWorld:PersistentLevel.PlayerPawn_6
	Function UTGame.UTPawn:SetHandIKEnabled:0066
[0113.67] ScriptWarning: Accessed None 'RightHandIK'
	PlayerPawn UEDPIEz1l2.TheWorld:PersistentLevel.PlayerPawn_6
	Function UTGame.UTPawn:SetHandIKEnabled:008F
[0113.68] Cmd: SETSOUNDMODE Default
[0113.68] ScriptLog: START MATCH
[0113.69] ScriptWarning: Accessed None 'MapInfo'
	GFxMinimap Transient.GFxMinimapHud_7:GFxMinimap_7
	Function UTGame.GFxMinimap:UpdateData:0015
[0119.95] Cmd: onrelease ShowMenu
[0119.96] ScriptWarning: Accessed None 'ViewportClient'
	dnPlayerController UEDPIEz1l2.TheWorld:PersistentLevel.dnPlayerController_3
	Function UTGame.UTPlayerController:Destroyed:0041
[0123.34] Log: MorphTargetSet (VH_Manta_MorphTargets) is added to the mesh (WP_PistolMesh) that's not compatible. BaseSkelMesh has to be (SK_VH_Manta)
[0123.34] Log: MorphTargetSet (VH_Manta_MorphTargets) is added to the mesh (WP_PistolMesh) that's not compatible. BaseSkelMesh has to be (SK_VH_Manta)
[0127.10] Log: 
==== Worlds needing PIE Save:
[0127.10] Log: ==== 0 total
[0127.10] Cmd: MAP LOAD PLAYWORLD=1 FILE="d:\projects\Duke2003\Binaries\Win64\..\..\UDKGame\Autosaves\UEDPIEz1l2.udk"
[0127.66] Log: Finished looking for orphan Actors (0.005 secs)
[0127.66] Log: Game class is 'dnSinglePlayer'
[0127.69] Log: Primary PhysX scene will be in software.
[0127.69] Log: Creating Primary PhysX Scene.
[0127.69] Log: *** WARNING - PATHS MAY NOT BE VALID ***
[0127.69] Log: Bringing World UEDPIEz1l2.TheWorld up for play (0) at 2023.05.22-18.10.41
[0127.71] Log: Bringing up level for play took: 0.046103
[0127.76] ScriptWarning: Accessed None 'MapInfo'
	GFxMinimap Transient.GFxMinimapHud_8:GFxMinimap_8
	Function UTGame.GFxMinimap:Init:00F2
[0127.76] ScriptWarning: Accessed None 'OnlineSub'
	dnPlayerController UEDPIEz1l2.TheWorld:PersistentLevel.dnPlayerController_4
	Function UTGame.UTPlayerController:ClientSetOnlineStatus:0033
[0127.76] ScriptWarning: Accessed None 'OnlineSub'
	dnPlayerController UEDPIEz1l2.TheWorld:PersistentLevel.dnPlayerController_4
	Function UTGame.UTPlayerController:ClientSetOnlineStatus:02D1
[0127.76] ScriptWarning: Accessed None
	dnPlayerController UEDPIEz1l2.TheWorld:PersistentLevel.dnPlayerController_4
	Function UTGame.UTPlayerController:ClientSetOnlineStatus:02E5
[0127.76] Log: PIE: play in editor start time for UEDPIEz1l2 0.867
[0127.78] ScriptWarning: Accessed None 'MapInfo'
	GFxMinimap Transient.GFxMinimapHud_9:GFxMinimap_9
	Function UTGame.GFxMinimap:Init:00F2
[0127.82] ScriptWarning: Accessed None 'LeftHandIK'
	PlayerPawn UEDPIEz1l2.TheWorld:PersistentLevel.PlayerPawn_8
	Function UTGame.UTPawn:SetHandIKEnabled:0066
[0127.82] ScriptWarning: Accessed None 'RightHandIK'
	PlayerPawn UEDPIEz1l2.TheWorld:PersistentLevel.PlayerPawn_8
	Function UTGame.UTPawn:SetHandIKEnabled:008F
[0127.82] Cmd: SETSOUNDMODE Default
[0127.83] ScriptLog: START MATCH
[0127.83] ScriptWarning: Accessed None 'MapInfo'
	GFxMinimap Transient.GFxMinimapHud_9:GFxMinimap_9
	Function UTGame.GFxMinimap:UpdateData:0015
[0130.46] Cmd: onrelease ShowMenu
[0130.47] ScriptWarning: Accessed None 'ViewportClient'
	dnPlayerController UEDPIEz1l2.TheWorld:PersistentLevel.dnPlayerController_4
	Function UTGame.UTPlayerController:Destroyed:0041
[0133.85] Log: MorphTargetSet (VH_Manta_MorphTargets) is added to the mesh (WP_PistolMesh) that's not compatible. BaseSkelMesh has to be (SK_VH_Manta)
[0133.85] Log: MorphTargetSet (VH_Manta_MorphTargets) is added to the mesh (WP_PistolMesh) that's not compatible. BaseSkelMesh has to be (SK_VH_Manta)
[0135.69] Log: 
==== Worlds needing PIE Save:
[0135.69] Log: ==== 0 total
[0135.69] Cmd: MAP LOAD PLAYWORLD=1 FILE="d:\projects\Duke2003\Binaries\Win64\..\..\UDKGame\Autosaves\UEDPIEz1l2.udk"
[0136.28] Log: Finished looking for orphan Actors (0.006 secs)
[0136.29] Log: Game class is 'dnSinglePlayer'
[0136.31] Log: Primary PhysX scene will be in software.
[0136.31] Log: Creating Primary PhysX Scene.
[0136.32] Log: *** WARNING - PATHS MAY NOT BE VALID ***
[0136.32] Log: Bringing World UEDPIEz1l2.TheWorld up for play (0) at 2023.05.22-18.10.50
[0136.34] Log: Bringing up level for play took: 0.044848
[0136.38] ScriptWarning: Accessed None 'MapInfo'
	GFxMinimap Transient.GFxMinimapHud_10:GFxMinimap_10
	Function UTGame.GFxMinimap:Init:00F2
[0136.38] ScriptWarning: Accessed None 'OnlineSub'
	dnPlayerController UEDPIEz1l2.TheWorld:PersistentLevel.dnPlayerController_5
	Function UTGame.UTPlayerController:ClientSetOnlineStatus:0033
[0136.38] ScriptWarning: Accessed None 'OnlineSub'
	dnPlayerController UEDPIEz1l2.TheWorld:PersistentLevel.dnPlayerController_5
	Function UTGame.UTPlayerController:ClientSetOnlineStatus:02D1
[0136.38] ScriptWarning: Accessed None
	dnPlayerController UEDPIEz1l2.TheWorld:PersistentLevel.dnPlayerController_5
	Function UTGame.UTPlayerController:ClientSetOnlineStatus:02E5
[0136.38] Log: PIE: play in editor start time for UEDPIEz1l2 0.890
[0136.40] ScriptWarning: Accessed None 'MapInfo'
	GFxMinimap Transient.GFxMinimapHud_11:GFxMinimap_11
	Function UTGame.GFxMinimap:Init:00F2
[0136.44] ScriptWarning: Accessed None 'LeftHandIK'
	PlayerPawn UEDPIEz1l2.TheWorld:PersistentLevel.PlayerPawn_10
	Function UTGame.UTPawn:SetHandIKEnabled:0066
[0136.44] ScriptWarning: Accessed None 'RightHandIK'
	PlayerPawn UEDPIEz1l2.TheWorld:PersistentLevel.PlayerPawn_10
	Function UTGame.UTPawn:SetHandIKEnabled:008F
[0136.44] Cmd: SETSOUNDMODE Default
[0136.44] ScriptLog: START MATCH
[0136.45] ScriptWarning: Accessed None 'MapInfo'
	GFxMinimap Transient.GFxMinimapHud_11:GFxMinimap_11
	Function UTGame.GFxMinimap:UpdateData:0015
[0149.55] Cmd: onrelease ShowMenu
[0149.56] ScriptWarning: Accessed None 'ViewportClient'
	dnPlayerController UEDPIEz1l2.TheWorld:PersistentLevel.dnPlayerController_5
	Function UTGame.UTPlayerController:Destroyed:0041
[0154.90] Log: MorphTargetSet (VH_Manta_MorphTargets) is added to the mesh (WP_PistolMesh) that's not compatible. BaseSkelMesh has to be (SK_VH_Manta)
[0154.90] Log: MorphTargetSet (VH_Manta_MorphTargets) is added to the mesh (WP_PistolMesh) that's not compatible. BaseSkelMesh has to be (SK_VH_Manta)
[0157.77] Log: 
==== Worlds needing PIE Save:
[0157.77] Log: ==== 0 total
[0157.77] Cmd: MAP LOAD PLAYWORLD=1 FILE="d:\projects\Duke2003\Binaries\Win64\..\..\UDKGame\Autosaves\UEDPIEz1l2.udk"
[0158.33] Log: Finished looking for orphan Actors (0.005 secs)
[0158.33] Log: Game class is 'dnSinglePlayer'
[0158.35] Log: Primary PhysX scene will be in software.
[0158.36] Log: Creating Primary PhysX Scene.
[0158.36] Log: *** WARNING - PATHS MAY NOT BE VALID ***
[0158.36] Log: Bringing World UEDPIEz1l2.TheWorld up for play (0) at 2023.05.22-18.11.12
[0158.38] Log: Bringing up level for play took: 0.044091
[0158.42] ScriptWarning: Accessed None 'MapInfo'
	GFxMinimap Transient.GFxMinimapHud_12:GFxMinimap_12
	Function UTGame.GFxMinimap:Init:00F2
[0158.42] ScriptWarning: Accessed None 'OnlineSub'
	dnPlayerController UEDPIEz1l2.TheWorld:PersistentLevel.dnPlayerController_6
	Function UTGame.UTPlayerController:ClientSetOnlineStatus:0033
[0158.42] ScriptWarning: Accessed None 'OnlineSub'
	dnPlayerController UEDPIEz1l2.TheWorld:PersistentLevel.dnPlayerController_6
	Function UTGame.UTPlayerController:ClientSetOnlineStatus:02D1
[0158.42] ScriptWarning: Accessed None
	dnPlayerController UEDPIEz1l2.TheWorld:PersistentLevel.dnPlayerController_6
	Function UTGame.UTPlayerController:ClientSetOnlineStatus:02E5
[0158.42] Log: PIE: play in editor start time for UEDPIEz1l2 0.861
[0158.44] ScriptWarning: Accessed None 'MapInfo'
	GFxMinimap Transient.GFxMinimapHud_13:GFxMinimap_13
	Function UTGame.GFxMinimap:Init:00F2
[0158.48] ScriptWarning: Accessed None 'LeftHandIK'
	PlayerPawn UEDPIEz1l2.TheWorld:PersistentLevel.PlayerPawn_12
	Function UTGame.UTPawn:SetHandIKEnabled:0066
[0158.49] ScriptWarning: Accessed None 'RightHandIK'
	PlayerPawn UEDPIEz1l2.TheWorld:PersistentLevel.PlayerPawn_12
	Function UTGame.UTPawn:SetHandIKEnabled:008F
[0158.49] Cmd: SETSOUNDMODE Default
[0158.49] ScriptLog: START MATCH
[0158.49] ScriptWarning: Accessed None 'MapInfo'
	GFxMinimap Transient.GFxMinimapHud_13:GFxMinimap_13
	Function UTGame.GFxMinimap:UpdateData:0015
[0160.03] Cmd: onrelease ShowMenu
[0160.04] ScriptWarning: Accessed None 'ViewportClient'
	dnPlayerController UEDPIEz1l2.TheWorld:PersistentLevel.dnPlayerController_6
	Function UTGame.UTPlayerController:Destroyed:0041
[0160.04] ScriptWarning: Accessed None 'LeftHandIK'
	PlayerPawn UEDPIEz1l2.TheWorld:PersistentLevel.PlayerPawn_12
	Function UTGame.UTPawn:SetHandIKEnabled:00BB
[0160.04] ScriptWarning: Accessed None 'RightHandIK'
	PlayerPawn UEDPIEz1l2.TheWorld:PersistentLevel.PlayerPawn_12
	Function UTGame.UTPawn:SetHandIKEnabled:00E4
[0165.23] Log: MorphTargetSet (VH_Manta_MorphTargets) is added to the mesh (WP_PistolMesh) that's not compatible. BaseSkelMesh has to be (SK_VH_Manta)
[0165.23] Log: MorphTargetSet (VH_Manta_MorphTargets) is added to the mesh (WP_PistolMesh) that's not compatible. BaseSkelMesh has to be (SK_VH_Manta)
[0165.52] Log: 
==== Worlds needing PIE Save:
[0165.52] Log: ==== 0 total
[0165.52] Cmd: MAP LOAD PLAYWORLD=1 FILE="d:\projects\Duke2003\Binaries\Win64\..\..\UDKGame\Autosaves\UEDPIEz1l2.udk"
[0166.08] Log: Finished looking for orphan Actors (0.005 secs)
[0166.09] Log: Game class is 'dnSinglePlayer'
[0166.11] Log: Primary PhysX scene will be in software.
[0166.11] Log: Creating Primary PhysX Scene.
[0166.12] Log: *** WARNING - PATHS MAY NOT BE VALID ***
[0166.12] Log: Bringing World UEDPIEz1l2.TheWorld up for play (0) at 2023.05.22-18.11.19
[0166.14] Log: Bringing up level for play took: 0.043361
[0166.18] ScriptWarning: Accessed None 'MapInfo'
	GFxMinimap Transient.GFxMinimapHud_14:GFxMinimap_14
	Function UTGame.GFxMinimap:Init:00F2
[0166.18] ScriptWarning: Accessed None 'OnlineSub'
	dnPlayerController UEDPIEz1l2.TheWorld:PersistentLevel.dnPlayerController_7
	Function UTGame.UTPlayerController:ClientSetOnlineStatus:0033
[0166.18] ScriptWarning: Accessed None 'OnlineSub'
	dnPlayerController UEDPIEz1l2.TheWorld:PersistentLevel.dnPlayerController_7
	Function UTGame.UTPlayerController:ClientSetOnlineStatus:02D1
[0166.18] ScriptWarning: Accessed None
	dnPlayerController UEDPIEz1l2.TheWorld:PersistentLevel.dnPlayerController_7
	Function UTGame.UTPlayerController:ClientSetOnlineStatus:02E5
[0166.18] Log: PIE: play in editor start time for UEDPIEz1l2 0.877
[0166.20] ScriptWarning: Accessed None 'MapInfo'
	GFxMinimap Transient.GFxMinimapHud_15:GFxMinimap_15
	Function UTGame.GFxMinimap:Init:00F2
[0166.24] ScriptWarning: Accessed None 'LeftHandIK'
	PlayerPawn UEDPIEz1l2.TheWorld:PersistentLevel.PlayerPawn_14
	Function UTGame.UTPawn:SetHandIKEnabled:0066
[0166.24] ScriptWarning: Accessed None 'RightHandIK'
	PlayerPawn UEDPIEz1l2.TheWorld:PersistentLevel.PlayerPawn_14
	Function UTGame.UTPawn:SetHandIKEnabled:008F
[0166.24] Cmd: SETSOUNDMODE Default
[0166.24] ScriptLog: START MATCH
[0166.24] ScriptWarning: Accessed None 'MapInfo'
	GFxMinimap Transient.GFxMinimapHud_15:GFxMinimap_15
	Function UTGame.GFxMinimap:UpdateData:0015
[0177.49] Cmd: onrelease ShowMenu
[0177.51] ScriptWarning: Accessed None 'ViewportClient'
	dnPlayerController UEDPIEz1l2.TheWorld:PersistentLevel.dnPlayerController_7
	Function UTGame.UTPlayerController:Destroyed:0041
[0183.10] Log: MorphTargetSet (VH_Manta_MorphTargets) is added to the mesh (WP_PistolMesh) that's not compatible. BaseSkelMesh has to be (SK_VH_Manta)
[0183.10] Log: MorphTargetSet (VH_Manta_MorphTargets) is added to the mesh (WP_PistolMesh) that's not compatible. BaseSkelMesh has to be (SK_VH_Manta)
[0185.17] Log: 
==== Worlds needing PIE Save:
[0185.17] Log: ==== 0 total
[0185.17] Cmd: MAP LOAD PLAYWORLD=1 FILE="d:\projects\Duke2003\Binaries\Win64\..\..\UDKGame\Autosaves\UEDPIEz1l2.udk"
[0185.73] Log: Finished looking for orphan Actors (0.005 secs)
[0185.73] Log: Game class is 'dnSinglePlayer'
[0185.75] Log: Primary PhysX scene will be in software.
[0185.75] Log: Creating Primary PhysX Scene.
[0185.76] Log: *** WARNING - PATHS MAY NOT BE VALID ***
[0185.76] Log: Bringing World UEDPIEz1l2.TheWorld up for play (0) at 2023.05.22-18.11.39
[0185.78] Log: Bringing up level for play took: 0.043700
[0185.82] ScriptWarning: Accessed None 'MapInfo'
	GFxMinimap Transient.GFxMinimapHud_16:GFxMinimap_16
	Function UTGame.GFxMinimap:Init:00F2
[0185.82] ScriptWarning: Accessed None 'OnlineSub'
	dnPlayerController UEDPIEz1l2.TheWorld:PersistentLevel.dnPlayerController_8
	Function UTGame.UTPlayerController:ClientSetOnlineStatus:0033
[0185.82] ScriptWarning: Accessed None 'OnlineSub'
	dnPlayerController UEDPIEz1l2.TheWorld:PersistentLevel.dnPlayerController_8
	Function UTGame.UTPlayerController:ClientSetOnlineStatus:02D1
[0185.82] ScriptWarning: Accessed None
	dnPlayerController UEDPIEz1l2.TheWorld:PersistentLevel.dnPlayerController_8
	Function UTGame.UTPlayerController:ClientSetOnlineStatus:02E5
[0185.82] Log: PIE: play in editor start time for UEDPIEz1l2 0.855
[0185.84] ScriptWarning: Accessed None 'MapInfo'
	GFxMinimap Transient.GFxMinimapHud_17:GFxMinimap_17
	Function UTGame.GFxMinimap:Init:00F2
[0185.88] ScriptWarning: Accessed None 'LeftHandIK'
	PlayerPawn UEDPIEz1l2.TheWorld:PersistentLevel.PlayerPawn_16
	Function UTGame.UTPawn:SetHandIKEnabled:0066
[0185.88] ScriptWarning: Accessed None 'RightHandIK'
	PlayerPawn UEDPIEz1l2.TheWorld:PersistentLevel.PlayerPawn_16
	Function UTGame.UTPawn:SetHandIKEnabled:008F
[0185.88] Cmd: SETSOUNDMODE Default
[0185.88] ScriptLog: START MATCH
[0185.89] ScriptWarning: Accessed None 'MapInfo'
	GFxMinimap Transient.GFxMinimapHud_17:GFxMinimap_17
	Function UTGame.GFxMinimap:UpdateData:0015
[0195.90] Cmd: onrelease ShowMenu
[0195.91] ScriptWarning: Accessed None 'ViewportClient'
	dnPlayerController UEDPIEz1l2.TheWorld:PersistentLevel.dnPlayerController_8
	Function UTGame.UTPlayerController:Destroyed:0041
[0200.60] Log: MorphTargetSet (VH_Manta_MorphTargets) is added to the mesh (WP_PistolMesh) that's not compatible. BaseSkelMesh has to be (SK_VH_Manta)
[0200.60] Log: MorphTargetSet (VH_Manta_MorphTargets) is added to the mesh (WP_PistolMesh) that's not compatible. BaseSkelMesh has to be (SK_VH_Manta)
[0202.83] Log: 
==== Worlds needing PIE Save:
[0202.83] Log: ==== 0 total
[0202.83] Cmd: MAP LOAD PLAYWORLD=1 FILE="d:\projects\Duke2003\Binaries\Win64\..\..\UDKGame\Autosaves\UEDPIEz1l2.udk"
[0203.39] Log: Finished looking for orphan Actors (0.006 secs)
[0203.39] Log: Game class is 'dnSinglePlayer'
[0203.42] Log: Primary PhysX scene will be in software.
[0203.42] Log: Creating Primary PhysX Scene.
[0203.42] Log: *** WARNING - PATHS MAY NOT BE VALID ***
[0203.42] Log: Bringing World UEDPIEz1l2.TheWorld up for play (0) at 2023.05.22-18.11.57
[0203.44] Log: Bringing up level for play took: 0.044438
[0203.47] ScriptWarning: Accessed None 'MapInfo'
	GFxMinimap Transient.GFxMinimapHud_18:GFxMinimap_18
	Function UTGame.GFxMinimap:Init:00F2
[0203.47] ScriptWarning: Accessed None 'OnlineSub'
	dnPlayerController UEDPIEz1l2.TheWorld:PersistentLevel.dnPlayerController_9
	Function UTGame.UTPlayerController:ClientSetOnlineStatus:0033
[0203.47] ScriptWarning: Accessed None 'OnlineSub'
	dnPlayerController UEDPIEz1l2.TheWorld:PersistentLevel.dnPlayerController_9
	Function UTGame.UTPlayerController:ClientSetOnlineStatus:02D1
[0203.47] ScriptWarning: Accessed None
	dnPlayerController UEDPIEz1l2.TheWorld:PersistentLevel.dnPlayerController_9
	Function UTGame.UTPlayerController:ClientSetOnlineStatus:02E5
[0203.47] Log: PIE: play in editor start time for UEDPIEz1l2 0.842
[0203.49] ScriptWarning: Accessed None 'MapInfo'
	GFxMinimap Transient.GFxMinimapHud_19:GFxMinimap_19
	Function UTGame.GFxMinimap:Init:00F2
[0203.53] ScriptWarning: Accessed None 'LeftHandIK'
	PlayerPawn UEDPIEz1l2.TheWorld:PersistentLevel.PlayerPawn_18
	Function UTGame.UTPawn:SetHandIKEnabled:0066
[0203.53] ScriptWarning: Accessed None 'RightHandIK'
	PlayerPawn UEDPIEz1l2.TheWorld:PersistentLevel.PlayerPawn_18
	Function UTGame.UTPawn:SetHandIKEnabled:008F
[0203.53] Cmd: SETSOUNDMODE Default
[0203.53] ScriptLog: START MATCH
[0203.53] ScriptWarning: Accessed None 'MapInfo'
	GFxMinimap Transient.GFxMinimapHud_19:GFxMinimap_19
	Function UTGame.GFxMinimap:UpdateData:0015
[0209.97] Cmd: onrelease ShowMenu
[0209.98] ScriptWarning: Accessed None 'ViewportClient'
	dnPlayerController UEDPIEz1l2.TheWorld:PersistentLevel.dnPlayerController_9
	Function UTGame.UTPlayerController:Destroyed:0041
[0214.79] Log: MorphTargetSet (VH_Manta_MorphTargets) is added to the mesh (WP_PistolMesh) that's not compatible. BaseSkelMesh has to be (SK_VH_Manta)
[0214.79] Log: MorphTargetSet (VH_Manta_MorphTargets) is added to the mesh (WP_PistolMesh) that's not compatible. BaseSkelMesh has to be (SK_VH_Manta)
[0216.97] Log: 
==== Worlds needing PIE Save:
[0216.97] Log: ==== 0 total
[0216.97] Cmd: MAP LOAD PLAYWORLD=1 FILE="d:\projects\Duke2003\Binaries\Win64\..\..\UDKGame\Autosaves\UEDPIEz1l2.udk"
[0217.53] Log: Finished looking for orphan Actors (0.005 secs)
[0217.53] Log: Game class is 'dnSinglePlayer'
[0217.56] Log: Primary PhysX scene will be in software.
[0217.56] Log: Creating Primary PhysX Scene.
[0217.56] Log: *** WARNING - PATHS MAY NOT BE VALID ***
[0217.56] Log: Bringing World UEDPIEz1l2.TheWorld up for play (0) at 2023.05.22-18.12.11
[0217.59] Log: Bringing up level for play took: 0.046555
[0217.63] ScriptWarning: Accessed None 'MapInfo'
	GFxMinimap Transient.GFxMinimapHud_20:GFxMinimap_20
	Function UTGame.GFxMinimap:Init:00F2
[0217.63] ScriptWarning: Accessed None 'OnlineSub'
	dnPlayerController UEDPIEz1l2.TheWorld:PersistentLevel.dnPlayerController_10
	Function UTGame.UTPlayerController:ClientSetOnlineStatus:0033
[0217.63] ScriptWarning: Accessed None 'OnlineSub'
	dnPlayerController UEDPIEz1l2.TheWorld:PersistentLevel.dnPlayerController_10
	Function UTGame.UTPlayerController:ClientSetOnlineStatus:02D1
[0217.63] ScriptWarning: Accessed None
	dnPlayerController UEDPIEz1l2.TheWorld:PersistentLevel.dnPlayerController_10
	Function UTGame.UTPlayerController:ClientSetOnlineStatus:02E5
[0217.63] Log: PIE: play in editor start time for UEDPIEz1l2 0.865
[0217.65] ScriptWarning: Accessed None 'MapInfo'
	GFxMinimap Transient.GFxMinimapHud_21:GFxMinimap_21
	Function UTGame.GFxMinimap:Init:00F2
[0217.69] ScriptWarning: Accessed None 'LeftHandIK'
	PlayerPawn UEDPIEz1l2.TheWorld:PersistentLevel.PlayerPawn_20
	Function UTGame.UTPawn:SetHandIKEnabled:0066
[0217.69] ScriptWarning: Accessed None 'RightHandIK'
	PlayerPawn UEDPIEz1l2.TheWorld:PersistentLevel.PlayerPawn_20
	Function UTGame.UTPawn:SetHandIKEnabled:008F
[0217.69] Cmd: SETSOUNDMODE Default
[0217.69] ScriptLog: START MATCH
[0217.70] ScriptWarning: Accessed None 'MapInfo'
	GFxMinimap Transient.GFxMinimapHud_21:GFxMinimap_21
	Function UTGame.GFxMinimap:UpdateData:0015
[0257.71] Cmd: StartFire 
[0257.71] Cmd: OnRelease StopFire
[0257.84] Cmd: StopFire
[0258.04] Cmd: StartFire 
[0258.04] Cmd: OnRelease StopFire
[0258.18] Cmd: StopFire
[0261.01] Cmd: onrelease ShowMenu
[0261.02] ScriptWarning: Accessed None 'ViewportClient'
	dnPlayerController UEDPIEz1l2.TheWorld:PersistentLevel.dnPlayerController_10
	Function UTGame.UTPlayerController:Destroyed:0041
[0272.61] Log: MorphTargetSet (VH_Manta_MorphTargets) is added to the mesh (WP_PistolMesh) that's not compatible. BaseSkelMesh has to be (SK_VH_Manta)
[0272.62] Log: MorphTargetSet (VH_Manta_MorphTargets) is added to the mesh (WP_PistolMesh) that's not compatible. BaseSkelMesh has to be (SK_VH_Manta)
[0274.61] Log: MorphTargetSet (VH_Manta_MorphTargets) is added to the mesh (WP_PistolMesh) that's not compatible. BaseSkelMesh has to be (SK_VH_Manta)
[0274.61] Log: MorphTargetSet (VH_Manta_MorphTargets) is added to the mesh (WP_PistolMesh) that's not compatible. BaseSkelMesh has to be (SK_VH_Manta)
[0274.89] Log: 
==== Worlds needing PIE Save:
[0274.89] Log: ==== 0 total
[0274.89] Cmd: MAP LOAD PLAYWORLD=1 FILE="d:\projects\Duke2003\Binaries\Win64\..\..\UDKGame\Autosaves\UEDPIEz1l2.udk"
[0275.48] Log: Finished looking for orphan Actors (0.005 secs)
[0275.48] Log: Game class is 'dnSinglePlayer'
[0275.50] Log: Primary PhysX scene will be in software.
[0275.50] Log: Creating Primary PhysX Scene.
[0275.51] Log: *** WARNING - PATHS MAY NOT BE VALID ***
[0275.51] Log: Bringing World UEDPIEz1l2.TheWorld up for play (0) at 2023.05.22-18.13.09
[0275.53] Log: Bringing up level for play took: 0.044492
[0275.57] ScriptWarning: Accessed None 'MapInfo'
	GFxMinimap Transient.GFxMinimapHud_22:GFxMinimap_22
	Function UTGame.GFxMinimap:Init:00F2
[0275.57] ScriptWarning: Accessed None 'OnlineSub'
	dnPlayerController UEDPIEz1l2.TheWorld:PersistentLevel.dnPlayerController_11
	Function UTGame.UTPlayerController:ClientSetOnlineStatus:0033
[0275.57] ScriptWarning: Accessed None 'OnlineSub'
	dnPlayerController UEDPIEz1l2.TheWorld:PersistentLevel.dnPlayerController_11
	Function UTGame.UTPlayerController:ClientSetOnlineStatus:02D1
[0275.57] ScriptWarning: Accessed None
	dnPlayerController UEDPIEz1l2.TheWorld:PersistentLevel.dnPlayerController_11
	Function UTGame.UTPlayerController:ClientSetOnlineStatus:02E5
[0275.57] Log: PIE: play in editor start time for UEDPIEz1l2 0.891
[0275.59] ScriptWarning: Accessed None 'MapInfo'
	GFxMinimap Transient.GFxMinimapHud_23:GFxMinimap_23
	Function UTGame.GFxMinimap:Init:00F2
[0275.63] ScriptWarning: Accessed None 'LeftHandIK'
	PlayerPawn UEDPIEz1l2.TheWorld:PersistentLevel.PlayerPawn_22
	Function UTGame.UTPawn:SetHandIKEnabled:0066
[0275.63] ScriptWarning: Accessed None 'RightHandIK'
	PlayerPawn UEDPIEz1l2.TheWorld:PersistentLevel.PlayerPawn_22
	Function UTGame.UTPawn:SetHandIKEnabled:008F
[0275.63] Cmd: SETSOUNDMODE Default
[0275.63] ScriptLog: START MATCH
[0275.64] ScriptWarning: Accessed None 'MapInfo'
	GFxMinimap Transient.GFxMinimapHud_23:GFxMinimap_23
	Function UTGame.GFxMinimap:UpdateData:0015
[0289.01] Cmd: onrelease ShowMenu
[0289.02] ScriptWarning: Accessed None 'ViewportClient'
	dnPlayerController UEDPIEz1l2.TheWorld:PersistentLevel.dnPlayerController_11
	Function UTGame.UTPlayerController:Destroyed:0041
[0293.14] Log: MorphTargetSet (VH_Manta_MorphTargets) is added to the mesh (WP_PistolMesh) that's not compatible. BaseSkelMesh has to be (SK_VH_Manta)
[0293.14] Log: MorphTargetSet (VH_Manta_MorphTargets) is added to the mesh (WP_PistolMesh) that's not compatible. BaseSkelMesh has to be (SK_VH_Manta)
[0293.45] Log: 
==== Worlds needing PIE Save:
[0293.45] Log: ==== 0 total
[0293.45] Cmd: MAP LOAD PLAYWORLD=1 FILE="d:\projects\Duke2003\Binaries\Win64\..\..\UDKGame\Autosaves\UEDPIEz1l2.udk"
[0294.03] Log: Finished looking for orphan Actors (0.005 secs)
[0294.03] Log: Game class is 'dnSinglePlayer'
[0294.05] Log: Primary PhysX scene will be in software.
[0294.05] Log: Creating Primary PhysX Scene.
[0294.06] Log: *** WARNING - PATHS MAY NOT BE VALID ***
[0294.06] Log: Bringing World UEDPIEz1l2.TheWorld up for play (0) at 2023.05.22-18.13.27
[0294.08] Log: Bringing up level for play took: 0.044376
[0294.12] ScriptWarning: Accessed None 'MapInfo'
	GFxMinimap Transient.GFxMinimapHud_24:GFxMinimap_24
	Function UTGame.GFxMinimap:Init:00F2
[0294.12] ScriptWarning: Accessed None 'OnlineSub'
	dnPlayerController UEDPIEz1l2.TheWorld:PersistentLevel.dnPlayerController_12
	Function UTGame.UTPlayerController:ClientSetOnlineStatus:0033
[0294.12] ScriptWarning: Accessed None 'OnlineSub'
	dnPlayerController UEDPIEz1l2.TheWorld:PersistentLevel.dnPlayerController_12
	Function UTGame.UTPlayerController:ClientSetOnlineStatus:02D1
[0294.12] ScriptWarning: Accessed None
	dnPlayerController UEDPIEz1l2.TheWorld:PersistentLevel.dnPlayerController_12
	Function UTGame.UTPlayerController:ClientSetOnlineStatus:02E5
[0294.12] Log: PIE: play in editor start time for UEDPIEz1l2 0.902
[0294.14] ScriptWarning: Accessed None 'MapInfo'
	GFxMinimap Transient.GFxMinimapHud_25:GFxMinimap_25
	Function UTGame.GFxMinimap:Init:00F2
[0294.18] ScriptWarning: Accessed None 'LeftHandIK'
	PlayerPawn UEDPIEz1l2.TheWorld:PersistentLevel.PlayerPawn_24
	Function UTGame.UTPawn:SetHandIKEnabled:0066
[0294.18] ScriptWarning: Accessed None 'RightHandIK'
	PlayerPawn UEDPIEz1l2.TheWorld:PersistentLevel.PlayerPawn_24
	Function UTGame.UTPawn:SetHandIKEnabled:008F
[0294.18] Cmd: SETSOUNDMODE Default
[0294.18] ScriptLog: START MATCH
[0294.19] ScriptWarning: Accessed None 'MapInfo'
	GFxMinimap Transient.GFxMinimapHud_25:GFxMinimap_25
	Function UTGame.GFxMinimap:UpdateData:0015
[0300.77] Cmd: onrelease ShowMenu
[0300.79] ScriptWarning: Accessed None 'ViewportClient'
	dnPlayerController UEDPIEz1l2.TheWorld:PersistentLevel.dnPlayerController_12
	Function UTGame.UTPlayerController:Destroyed:0041
[0303.81] Log: MorphTargetSet (VH_Manta_MorphTargets) is added to the mesh (WP_PistolMesh) that's not compatible. BaseSkelMesh has to be (SK_VH_Manta)
[0303.81] Log: MorphTargetSet (VH_Manta_MorphTargets) is added to the mesh (WP_PistolMesh) that's not compatible. BaseSkelMesh has to be (SK_VH_Manta)
[0306.88] Log: MorphTargetSet (VH_Manta_MorphTargets) is added to the mesh (WP_PistolMesh) that's not compatible. BaseSkelMesh has to be (SK_VH_Manta)
[0306.88] Log: MorphTargetSet (VH_Manta_MorphTargets) is added to the mesh (WP_PistolMesh) that's not compatible. BaseSkelMesh has to be (SK_VH_Manta)
[0307.16] Log: 
==== Worlds needing PIE Save:
[0307.16] Log: ==== 0 total
[0307.16] Cmd: MAP LOAD PLAYWORLD=1 FILE="d:\projects\Duke2003\Binaries\Win64\..\..\UDKGame\Autosaves\UEDPIEz1l2.udk"
[0307.75] Log: Finished looking for orphan Actors (0.006 secs)
[0307.75] Log: Game class is 'dnSinglePlayer'
[0307.78] Log: Primary PhysX scene will be in software.
[0307.78] Log: Creating Primary PhysX Scene.
[0307.79] Log: *** WARNING - PATHS MAY NOT BE VALID ***
[0307.79] Log: Bringing World UEDPIEz1l2.TheWorld up for play (0) at 2023.05.22-18.13.41
[0307.81] Log: Bringing up level for play took: 0.044064
[0307.85] ScriptWarning: Accessed None 'MapInfo'
	GFxMinimap Transient.GFxMinimapHud_26:GFxMinimap_26
	Function UTGame.GFxMinimap:Init:00F2
[0307.85] ScriptWarning: Accessed None 'OnlineSub'
	dnPlayerController UEDPIEz1l2.TheWorld:PersistentLevel.dnPlayerController_13
	Function UTGame.UTPlayerController:ClientSetOnlineStatus:0033
[0307.85] ScriptWarning: Accessed None 'OnlineSub'
	dnPlayerController UEDPIEz1l2.TheWorld:PersistentLevel.dnPlayerController_13
	Function UTGame.UTPlayerController:ClientSetOnlineStatus:02D1
[0307.85] ScriptWarning: Accessed None
	dnPlayerController UEDPIEz1l2.TheWorld:PersistentLevel.dnPlayerController_13
	Function UTGame.UTPlayerController:ClientSetOnlineStatus:02E5
[0307.85] Log: PIE: play in editor start time for UEDPIEz1l2 0.893
[0307.87] ScriptWarning: Accessed None 'MapInfo'
	GFxMinimap Transient.GFxMinimapHud_27:GFxMinimap_27
	Function UTGame.GFxMinimap:Init:00F2
[0307.91] ScriptWarning: Accessed None 'LeftHandIK'
	PlayerPawn UEDPIEz1l2.TheWorld:PersistentLevel.PlayerPawn_26
	Function UTGame.UTPawn:SetHandIKEnabled:0066
[0307.91] ScriptWarning: Accessed None 'RightHandIK'
	PlayerPawn UEDPIEz1l2.TheWorld:PersistentLevel.PlayerPawn_26
	Function UTGame.UTPawn:SetHandIKEnabled:008F
[0307.91] Cmd: SETSOUNDMODE Default
[0307.91] ScriptLog: START MATCH
[0307.92] ScriptWarning: Accessed None 'MapInfo'
	GFxMinimap Transient.GFxMinimapHud_27:GFxMinimap_27
	Function UTGame.GFxMinimap:UpdateData:0015
[0318.31] Cmd: StartFire 
[0318.31] Cmd: OnRelease StopFire
[0318.46] Cmd: StopFire
[0319.36] Cmd: StartFire 
[0319.36] Cmd: OnRelease StopFire
[0319.53] Cmd: StopFire
[0382.76] Cmd: onrelease ShowMenu
[0382.77] ScriptWarning: Accessed None 'ViewportClient'
	dnPlayerController UEDPIEz1l2.TheWorld:PersistentLevel.dnPlayerController_13
	Function UTGame.UTPlayerController:Destroyed:0041
[0405.76] Log: 
==== Worlds needing PIE Save:
[0405.76] Log: ==== 0 total
[0405.76] Cmd: MAP LOAD PLAYWORLD=1 FILE="d:\projects\Duke2003\Binaries\Win64\..\..\UDKGame\Autosaves\UEDPIEz1l2.udk"
[0406.32] Log: Finished looking for orphan Actors (0.006 secs)
[0406.32] Log: Game class is 'dnSinglePlayer'
[0406.35] Log: Primary PhysX scene will be in software.
[0406.35] Log: Creating Primary PhysX Scene.
[0406.35] Log: *** WARNING - PATHS MAY NOT BE VALID ***
[0406.36] Log: Bringing World UEDPIEz1l2.TheWorld up for play (0) at 2023.05.22-18.15.20
[0406.38] Log: Bringing up level for play took: 0.051209
[0406.42] ScriptWarning: Accessed None 'MapInfo'
	GFxMinimap Transient.GFxMinimapHud_28:GFxMinimap_28
	Function UTGame.GFxMinimap:Init:00F2
[0406.42] ScriptWarning: Accessed None 'OnlineSub'
	dnPlayerController UEDPIEz1l2.TheWorld:PersistentLevel.dnPlayerController_14
	Function UTGame.UTPlayerController:ClientSetOnlineStatus:0033
[0406.42] ScriptWarning: Accessed None 'OnlineSub'
	dnPlayerController UEDPIEz1l2.TheWorld:PersistentLevel.dnPlayerController_14
	Function UTGame.UTPlayerController:ClientSetOnlineStatus:02D1
[0406.42] ScriptWarning: Accessed None
	dnPlayerController UEDPIEz1l2.TheWorld:PersistentLevel.dnPlayerController_14
	Function UTGame.UTPlayerController:ClientSetOnlineStatus:02E5
[0406.42] Log: PIE: play in editor start time for UEDPIEz1l2 0.864
[0406.44] ScriptWarning: Accessed None 'MapInfo'
	GFxMinimap Transient.GFxMinimapHud_29:GFxMinimap_29
	Function UTGame.GFxMinimap:Init:00F2
[0406.48] ScriptWarning: Accessed None 'LeftHandIK'
	PlayerPawn UEDPIEz1l2.TheWorld:PersistentLevel.PlayerPawn_28
	Function UTGame.UTPawn:SetHandIKEnabled:0066
[0406.48] ScriptWarning: Accessed None 'RightHandIK'
	PlayerPawn UEDPIEz1l2.TheWorld:PersistentLevel.PlayerPawn_28
	Function UTGame.UTPawn:SetHandIKEnabled:008F
[0406.48] Cmd: SETSOUNDMODE Default
[0406.48] ScriptLog: START MATCH
[0406.49] ScriptWarning: Accessed None 'MapInfo'
	GFxMinimap Transient.GFxMinimapHud_29:GFxMinimap_29
	Function UTGame.GFxMinimap:UpdateData:0015
[0412.24] Cmd: StartFire 
[0412.24] Cmd: OnRelease StopFire
[0412.36] Cmd: StopFire
[0412.98] Cmd: StartFire 
[0412.98] Cmd: OnRelease StopFire
[0413.12] Cmd: StopFire
[0426.98] Cmd: onrelease ShowMenu
[0426.99] ScriptWarning: Accessed None 'ViewportClient'
	dnPlayerController UEDPIEz1l2.TheWorld:PersistentLevel.dnPlayerController_14
	Function UTGame.UTPlayerController:Destroyed:0041
[0454.24] Log: OBJ SavePackage: Generating thumbnails for [0] asset(s) in package [wp_pistol] ([10] browsable assets)...
[0454.24] Log: OBJ SavePackage: Finished generating thumbnails for package [wp_pistol]
[0454.24] Cmd: OBJ SAVEPACKAGE PACKAGE="wp_pistol" FILE="..\..\UDKGame\Content\Weapons2\wp_pistol.upk" SILENT=TRUE
[0455.24] Log: Save=966.707200
[0455.24] Log: Moving '..\..\UDKGame\Content\Weapons2\wp_pistol_save.tmp' to '..\..\UDKGame\Content\Weapons2\wp_pistol.upk'
[0455.24] Log: Saving Package: wp_pistol
[0458.08] Log: Built Phys StaticMesh Cache: 10.945 ms
[0458.09] Log: COOKEDPHYSICS: 0 TriMeshes (0.000000 KB), 2 Convex Hulls (5.746094 KB) - Total 5.746094 KB
[0458.61] Log: COOKEDPHYSICS: BSP 635.47 KB
[0459.80] Log: Save=1500.878100
[0459.80] Log: Moving 'D:\projects\Duke2003\UDKGame\Content\Maps\DukeForever\z1l2_save.tmp' to 'D:\projects\Duke2003\UDKGame\Content\Maps\DukeForever\z1l2.udk'
[0459.87] Log: Saving Map: z1l2
[0462.58] Exit: Preparing to exit.
[0462.70] Exit: Editor shut down
[0462.71] Exit: Transaction tracking system shut down
[0462.89] Exit: Windows client shut down
[0462.90] Exit: XAudio2 Device shut down.
[0462.99] Exit: Object subsystem successfully closed.
[0463.00] Log: Shutting down FaceFX...
[0463.00] Log: FaceFX shutdown.
[0463.02] DevDataBase: Spent 18.661686 seconds communicating with "Provider=sqloledb;Data Source=production-db;Initial Catalog=EngineTaskPerf;Trusted_Connection=Yes;Connection Timeout=2" or "10.1.20.20"
[0463.02] Exit: Exiting.
[0463.03] Log: Log file closed, 05/22/23 18:16:16
