Log: Log file open, 05/22/23 11:08:12
Init: WinSock: version 1.1 (2.2), MaxSocks=32767, MaxUdp=65467
Init: Version: 8364
Init: Epic Internal: 0
Init: Compiled (64-bit): May 21 2023 21:56:09
Init: Changelist: 871961
Init: Command line: editor 
Init: Base directory: d:\projects\Duke2003\Binaries\Win64\
DevConfig: GConfig::LoadFile has loaded file:  ..\..\UDKGame\Config\UDKEditor.ini
DevConfig: GConfig::LoadFile has loaded file:  ..\..\UDKGame\Config\UDKEditorUserSettings.ini
DevConfig: GConfig::LoadFile associated file:  ..\..\UDKGame\Config\UDKCompat.ini
DevConfig: GConfig::LoadFile has loaded file:  ..\..\UDKGame\Config\UDKLightmass.ini
DevConfig: GConfig::LoadFile has loaded file:  ..\..\UDKGame\Config\UDKEngine.ini
DevConfig: GConfig::LoadFile has loaded file:  ..\..\UDKGame\Config\UDKGame.ini
DevConfig: GConfig::LoadFile has loaded file:  ..\..\UDKGame\Config\UDKInput.ini
DevConfig: GConfig::LoadFile has loaded file:  ..\..\UDKGame\Config\UDKUI.ini
[0000.56] Init: Computer: JUSTIN-MAINPC
[0000.56] Init: User: justi
[0000.56] Init: CPU Page size=4096, Processors=32
[0000.56] Init: High frequency timer resolution =10.000000 MHz
[0000.56] Init: Memory total: Physical=63.1GB Pagefile=84.1GB Virtual=131072.0GB
[0000.56] DevStats: GSecondsPerCycle 1.000000e-007
[0000.61] Init: WinSock: I am justin-mainpc (192.168.1.4:0)
[0000.61] Init: Presizing for 0 objects not considered by GC, pre-allocating 0 bytes.
[0000.61] Init: Object subsystem initialized
[0000.61] DevSave: (System) 'Default__System' loading configuration from ..\..\UDKGame\Config\UDKEngine.ini
[0000.61] DevSave:    Loading value for SeekFreePCPaths from [Core.System]
[0000.61] DevSave:    Loading value for SeekFreePCExtensions from [Core.System]
[0000.61] DevSave:    Loading value for CutdownPaths from [Core.System]
[0000.61] DevSave:    Loading value for LocalizationPaths from [Core.System]
[0000.61] DevSave:    Loading value for TextureFileCacheExtension from [Core.System]
[0000.61] DevSave:    Loading value for Extensions from [Core.System]
[0000.61] DevSave:    Loading value for Suppress from [Core.System]
[0000.61] DevSave:    Loading value for FRScriptPaths from [Core.System]
[0000.61] DevSave:    Loading value for ScriptPaths from [Core.System]
[0000.61] DevSave:    Loading value for Paths from [Core.System]
[0000.61] DevSave:    Loading value for ScreenShotPath from [Core.System]
[0000.61] DevSave:    Loading value for CacheExt from [Core.System]
[0000.61] DevSave:    Loading value for CachePath from [Core.System]
[0000.61] DevSave:    Loading value for SavePath from [Core.System]
[0000.61] DevSave:    Loading value for AsyncIOBandwidthLimit from [Core.System]
[0000.61] DevSave:    Loading value for PackageSizeSoftLimit from [Core.System]
[0000.61] DevSave:    Loading value for MaxOverallCacheSize from [Core.System]
[0000.61] DevSave:    Loading value for MaxStaleCacheSize from [Core.System]
[0000.61] DevSave:    Loading value for StaleCacheDays from [Core.System]
[0019.34] DevDataBase: Failure trying to open connection [Provider=sqloledb;Data Source=production-db;Initial Catalog=EngineTaskPerf;Trusted_Connection=Yes;Connection Timeout=2] [Invalid connection string attribute]
[0019.34] DevDataBase: Connection to "Provider=sqloledb;Data Source=production-db;Initial Catalog=EngineTaskPerf;Trusted_Connection=Yes;Connection Timeout=2" or "10.1.20.20" failed
[0019.34] DevDataBase: Failure closing connection [Operation is not allowed when the object is closed.]
[0019.41] Log: Shader platform (RHI): PC-D3D-SM3
[0019.56] Log: PhysX GPU Support: DISABLED
[0019.57] Init: Initializing FaceFX...
[0019.57] Init: FaceFX 1.7.4 initialized.
[0021.55] Init: Finished loading startup packages in 1.83 seconds
[0021.56] Log: 76303 objects as part of root set at end of initial load.
[0021.56] Log: 0 out of 0 bytes used by permanent object pool.
[0021.57] Log: Supported Consoles:
[0021.57] Log:   PC
[0021.57] Log: Initializing Engine...
[0021.61] Log: Missing cached shader map for material Duke_Hand_Material, compiling.
[0022.14] Log: Missing cached shader map for material Master_Weapon_Shader, compiling.
[0022.28] Log: Encountered missing default brush - spawning new one
[0022.29] Init: UEngine initialized
[0022.29] Log: Primary PhysX scene will be in software.
[0022.29] Log: Creating Primary PhysX Scene.
[0022.30] Init: Transaction tracking system initialized
[0022.74] Init: XAudio2 using 'Speakers (High Definition Audio Device)' : 2 channels at 48 kHz using 32 bits per sample (channel mask 0x3)
[0022.76] Log: Working around XDK XAudio2 regression: TRUE
[0022.77] Init: XAudio2Device initialized.
[0023.22] Init: Client initialized
[0023.22] Init: Editor engine initialized
[0023.30] Log: Initializing Engine Completed
[0023.30] Log: >>>>>>>>>>>>>> Initial startup: 23.30s <<<<<<<<<<<<<<<
[0023.37] Cmd: MODE MAPEXT=udk
[0023.42] SourceControl: Source Control disabled in UDKEditorUserSettings.ini.  [SourceControl] has Disabled=True
[0023.43] SourceControl: Source Control disabled in UDKEditorUserSettings.ini.  [SourceControl] has Disabled=True
[0024.23] Log: Found D3D11 adapter 0: NVIDIA GeForce RTX 4090
[0024.23] Log: Adapter has 24156MB of dedicated video memory, 0MB of dedicated system memory, and 32331MB of shared system memory
[0024.27] Log: Found D3D11 adapter 1: Microsoft Basic Render Driver
[0024.27] Log: Adapter has 0MB of dedicated video memory, 0MB of dedicated system memory, and 32331MB of shared system memory
[0027.01] Cmd: MAP LOAD FILE="..\..\UDKGame\Content\Maps\Templates\Template_MidDay.umap"
[0027.21] Log: Encountered missing default brush - spawning new one
[0027.63] Log: New File, Existing Package (Package Untitled_2, Package Template_MidDay)
[0027.70] Log: -- Checking Building LODs
[0027.71] Log: Primary PhysX scene will be in software.
[0027.71] Log: Creating Primary PhysX Scene.
[0027.71] Log: Finished looking for orphan Actors (0.003 secs)
[0027.72] Cmd: MAP CHECKDEP DONTCLEARMESSAGES
[0027.77] Log: TIMER ALL OF INIT : [8.183376]
[0047.91] Cmd: nxvis PHYSX_CLEAR_ALL
[0047.91] Log: Clearing all PhysX Debug Flags.
[0047.92] Cmd: apexvis APEX_CLEAR_ALL
[0047.92] DevPhysics: ApexSDK              : VISUALIZE_LOD_BENEFITS
[0047.92] DevPhysics: ApexSDK              : LOD_DISTANCE_SCALE
[0047.92] DevPhysics: Clothing             : VISUALIZE_CLOTHING_SKINNED_POSITIONS
[0047.92] DevPhysics: Clothing             : VISUALIZE_CLOTHING_SPHERE_COLLISION
[0047.92] DevPhysics: Clothing             : VISUALIZE_CLOTHING_MAX_DISTANCE_OUT
[0047.92] DevPhysics: Clothing             : VISUALIZE_CLOTHING_MAX_DISTANCE_IN
[0047.92] DevPhysics: Clothing             : VISUALIZE_CLOTHING_ALL_SKIN_MAP
[0047.92] DevPhysics: Clothing             : VISUALIZE_CLOTHING_BAD_SKIN_MAP
[0047.92] DevPhysics: Clothing             : VISUALIZE_CLOTHING_SKIN_MAP
[0047.92] DevPhysics: Clothing             : VISUALIZE_CLOTHING_RENDER_NORMALS
[0047.92] DevPhysics: Clothing             : VISUALIZE_CLOTHING_RENDER_TANGENTS
[0047.92] DevPhysics: Clothing             : VISUALIZE_CLOTHING_PHYSICS_MESH_WIRE
[0047.92] DevPhysics: Clothing             : VISUALIZE_CLOTHING_PHYSICS_MESH_SOLID
[0047.92] DevPhysics: Clothing             : VISUALIZE_CLOTHING_SKELETON
[0047.92] DevPhysics: Clothing             : VISUALIZE_CLOTHING_BONE_FRAMES
[0047.92] DevPhysics: Clothing             : VISUALIZE_CLOTHING_BONE_NAMES
[0047.92] DevPhysics: Clothing             : VISUALIZE_CLOTHING_VELOCITIES
[0047.92] DevPhysics: Clothing             : VISUALIZE_CLOTHING_GRAPHICAL_VERTEX_BONES
[0047.92] DevPhysics: Clothing             : VISUALIZE_CLOTHING_PHYSICAL_VERTEX_BONES
[0047.92] DevPhysics: Clothing             : VISUALIZE_CLOTHING_ACOLLISION_UMBRELLAS
[0047.92] DevPhysics: Destructible         : VISUALIZE_DESTRUCTIBLE_BOUNDS
[0047.92] DevPhysics: Destructible         : VISUALIZE_DESTRUCTIBLE_SUPPORT
[0047.92] DevPhysics: Destructible         : VISUALIZE_DESTRUCTIBLE_ACTOR_POSE
[0047.92] DevPhysics: Destructible         : THRESHOLD_DISTANCE_DESTRUCTIBLE_ACTOR_POSE
[0047.92] DevPhysics: Destructible         : VISUALIZE_DESTRUCTIBLE_ACTOR_NAME
[0047.92] DevPhysics: Destructible         : THRESHOLD_DISTANCE_DESTRUCTIBLE_ACTOR_NAME
[0047.92] DevPhysics: Destructible         : VISUALIZE_DESTRUCTIBLE_FRAGMENT_POSE
[0047.92] DevPhysics: Destructible         : THRESHOLD_DISTANCE_DESTRUCTIBLE_FRAGMENT_POSE
[0047.93] DevPhysics: Apex Debug (Scene 0): apexvis APEX_CLEAR_ALL FALSE
[0047.96] Log: Primary PhysX scene will be in software.
[0047.96] Log: Creating Primary PhysX Scene.
[0048.05] Warning: Failed to load 'SkeletalMesh None.None': Failed to find object 'SkeletalMesh None.None'
[0048.10] Log: MorphTargetSet (VH_Manta_MorphTargets) is added to the mesh (WP_PistolMesh) that's not compatible. BaseSkelMesh has to be (SK_VH_Manta)
[0048.11] Log: MorphTargetSet (VH_Manta_MorphTargets) is added to the mesh (WP_PistolMesh) that's not compatible. BaseSkelMesh has to be (SK_VH_Manta)
[0048.11] Log: MorphTargetSet (VH_Manta_MorphTargets) is added to the mesh (WP_PistolMesh) that's not compatible. BaseSkelMesh has to be (SK_VH_Manta)
[0058.73] Exit: Preparing to exit.
[0058.83] Exit: Editor shut down
[0058.83] Exit: Transaction tracking system shut down
[0059.02] Exit: Windows client shut down
[0059.02] Exit: XAudio2 Device shut down.
[0059.10] Exit: Object subsystem successfully closed.
[0059.12] Log: Shutting down FaceFX...
[0059.12] Log: FaceFX shutdown.
[0059.15] DevDataBase: Spent 18.715046 seconds communicating with "Provider=sqloledb;Data Source=production-db;Initial Catalog=EngineTaskPerf;Trusted_Connection=Yes;Connection Timeout=2" or "10.1.20.20"
[0059.15] Exit: Exiting.
[0059.15] Log: Log file closed, 05/22/23 11:09:11
