Log: Log file open, 05/21/23 20:08:39
Init: WinSock: version 1.1 (2.2), MaxSocks=32767, MaxUdp=65467
Init: Version: 8364
Init: Epic Internal: 0
Init: Compiled (64-bit): May 21 2023 13:02:35
Init: Changelist: 871961
Init: Command line: make all 
Init: Base directory: D:\projects\Duke2003\Binaries\Win64\
DevConfig: GConfig::LoadFile has loaded file:  ..\..\UDKGame\Config\UDKEditor.ini
DevConfig: GConfig::LoadFile has loaded file:  ..\..\UDKGame\Config\UDKEditorUserSettings.ini
DevConfig: GConfig::LoadFile associated file:  ..\..\UDKGame\Config\UDKCompat.ini
DevConfig: GConfig::LoadFile has loaded file:  ..\..\UDKGame\Config\UDKLightmass.ini
DevConfig: GConfig::LoadFile has loaded file:  ..\..\UDKGame\Config\UDKEngine.ini
DevConfig: GConfig::LoadFile has loaded file:  ..\..\UDKGame\Config\UDKGame.ini
DevConfig: GConfig::LoadFile has loaded file:  ..\..\UDKGame\Config\UDKInput.ini
DevConfig: GConfig::LoadFile has loaded file:  ..\..\UDKGame\Config\UDKUI.ini
[0000.54] Init: Computer: JUSTIN-MAINPC
[0000.54] Init: User: justi
[0000.54] Init: CPU Page size=4096, Processors=32
[0000.54] Init: High frequency timer resolution =10.000000 MHz
[0000.54] Init: Memory total: Physical=63.1GB Pagefile=84.1GB Virtual=131072.0GB
[0000.54] DevStats: GSecondsPerCycle 1.000000e-007
[0000.56] Init: WinSock: I am justin-mainpc (192.168.1.4:0)
[0000.56] Init: Presizing for 0 objects not considered by GC, pre-allocating 0 bytes.
[0000.57] Init: Object subsystem initialized
[0000.57] DevSave: (System) 'Default__System' loading configuration from ..\..\UDKGame\Config\UDKEngine.ini
[0000.57] DevSave:    Loading value for SeekFreePCPaths from [Core.System]
[0000.57] DevSave:    Loading value for SeekFreePCExtensions from [Core.System]
[0000.57] DevSave:    Loading value for CutdownPaths from [Core.System]
[0000.57] DevSave:    Loading value for LocalizationPaths from [Core.System]
[0000.57] DevSave:    Loading value for TextureFileCacheExtension from [Core.System]
[0000.57] DevSave:    Loading value for Extensions from [Core.System]
[0000.57] DevSave:    Loading value for Suppress from [Core.System]
[0000.57] DevSave:    Loading value for FRScriptPaths from [Core.System]
[0000.57] DevSave:    Loading value for ScriptPaths from [Core.System]
[0000.57] DevSave:    Loading value for Paths from [Core.System]
[0000.57] DevSave:    Loading value for ScreenShotPath from [Core.System]
[0000.57] DevSave:    Loading value for CacheExt from [Core.System]
[0000.57] DevSave:    Loading value for CachePath from [Core.System]
[0000.57] DevSave:    Loading value for SavePath from [Core.System]
[0000.57] DevSave:    Loading value for AsyncIOBandwidthLimit from [Core.System]
[0000.57] DevSave:    Loading value for PackageSizeSoftLimit from [Core.System]
[0000.57] DevSave:    Loading value for MaxOverallCacheSize from [Core.System]
[0000.57] DevSave:    Loading value for MaxStaleCacheSize from [Core.System]
[0000.57] DevSave:    Loading value for StaleCacheDays from [Core.System]
[0018.26] DevDataBase: Failure trying to open connection [Provider=sqloledb;Data Source=production-db;Initial Catalog=EngineTaskPerf;Trusted_Connection=Yes;Connection Timeout=2] [Invalid connection string attribute]
[0018.26] DevDataBase: Connection to "Provider=sqloledb;Data Source=production-db;Initial Catalog=EngineTaskPerf;Trusted_Connection=Yes;Connection Timeout=2" or "10.1.20.20" failed
[0018.26] DevDataBase: Failure closing connection [Operation is not allowed when the object is closed.]
[0018.28] Log: Shader platform (RHI): PC-D3D-SM3
[0018.32] Log: PhysX GPU Support: DISABLED
[0018.33] Init: Initializing FaceFX...
[0018.33] Init: FaceFX 1.7.4 initialized.
[0018.37] Init: Version: 8364
[0018.38] Init: Epic Internal: 0
[0018.38] Init: Compiled (64-bit): May 21 2023 19:58:41
[0018.38] Init: Command line:  all 
[0018.38] Init: Base directory: D:\projects\Duke2003\Binaries\Win64\
[0018.38] Init: Character set: Unicode
[0018.38] Log: Executing Class UnrealEd.MakeCommandlet
[0018.38] Init: UEngine initialized
[0018.45] Heading: --------------------Core - Release--------------------
[0018.45] Log: New File, Existing Package (Package Untitled_0, Package Core)
[0018.46] Log: Loading global macros for Core
[0018.49] Heading: --------------------Engine - Release--------------------
[0018.53] Log: New File, Existing Package (Package Untitled_1, Package Engine)
[0018.83] Log: Loading global macros for Engine
[0019.43] Heading: --------------------GFxUI - Release--------------------
[0019.43] Log: New File, Existing Package (Package Untitled_2, Package GFxUI)
[0019.44] Log: Loading global macros for GFxUI
[0019.46] Heading: --------------------GameFramework - Release--------------------
[0019.46] Log: New File, Existing Package (Package Untitled_3, Package GameFramework)
[0019.50] Log: Loading global macros for GameFramework
[0019.56] Heading: --------------------UnrealEd - Release--------------------
[0019.57] Log: New File, Existing Package (Package Untitled_4, Package UnrealEd)
[0019.59] Log: Loading global macros for UnrealEd
[0019.64] Heading: --------------------GFxUIEditor - Release--------------------
[0019.64] Log: New File, Existing Package (Package Untitled_5, Package GFxUIEditor)
[0019.64] Log: Loading global macros for GFxUIEditor
[0019.64] Heading: --------------------IpDrv - Release--------------------
[0019.64] Log: New File, Existing Package (Package Untitled_6, Package IpDrv)
[0019.66] Log: Loading global macros for IpDrv
[0019.68] Heading: --------------------OnlineSubsystemPC - Release--------------------
[0019.68] Log: New File, Existing Package (Package Untitled_7, Package OnlineSubsystemPC)
[0019.69] Log: Loading global macros for OnlineSubsystemPC
[0019.70] Heading: --------------------OnlineSubsystemGameSpy - Release--------------------
[0019.70] Log: New File, Existing Package (Package Untitled_8, Package OnlineSubsystemGameSpy)
[0019.71] Log: Loading global macros for OnlineSubsystemGameSpy
[0019.73] Heading: --------------------OnlineSubsystemLive - Release--------------------
[0019.73] Log: New File, Existing Package (Package Untitled_9, Package OnlineSubsystemLive)
[0019.74] Log: Loading global macros for OnlineSubsystemLive
[0019.77] Heading: --------------------OnlineSubsystemSteamworks - Release--------------------
[0019.77] Log: New File, Existing Package (Package Untitled_10, Package OnlineSubsystemSteamworks)
[0019.78] Log: Loading global macros for OnlineSubsystemSteamworks
[0019.80] Heading: --------------------UDKBase - Release--------------------
[0019.80] Log: New File, Existing Package (Package Untitled_11, Package UDKBase)
[0019.82] Log: Loading global macros for UDKBase
[0019.86] Heading: --------------------UTEditor - Release--------------------
[0019.86] Log: New File, Existing Package (Package Untitled_12, Package UTEditor)
[0019.86] Log: Loading global macros for UTEditor
[0019.87] Heading: --------------------UTGame - Release--------------------
[0019.88] Log: Package UTGame changed, recompiling
[0019.88] Log: Analyzing...
[0019.88] Log: Loading global macros for UTGame
[0023.56] Log: Exporting native class declarations for UTGame
[0023.56] Log: Autogenerating C++ header: 
[0052.20] Log: Exported updated C++ header: ..\..\Development\Src\UTGame\Inc\UTGameClasses.h
[0052.20] Log: Autogenerating C++ header: UTGameNames.h
[0052.21] Log: Exported updated C++ header: ..\..\Development\Src\UTGame\Inc\UTGameNames.h
[0052.63] Log: Success: Compiled 129627 line(s), 12652 statement(s).

[0052.63] Log: Scripts successfully compiled - saving package 'D:\projects\Duke2003\Binaries\Win64\..\..\UDKGame\Script\UTGame.u'
[0053.22] Log: Save=589.073100
[0053.22] Log: Moving '..\..\UDKGame\Script\UTGame_save.tmp' to '..\..\UDKGame\Script\UTGame.u'
[0053.22] Heading: --------------------UTGameContent - Release--------------------
[0053.22] Log: Analyzing...
[0053.22] Log: Loading global macros for UTGameContent
[0053.40] Log: Success: Compiled 4380 line(s), 539 statement(s).

[0053.40] Log: Scripts successfully compiled - saving package 'D:\projects\Duke2003\Binaries\Win64\..\..\UDKGame\Script\UTGameContent.u'
[0053.55] Log: Save=142.171300
[0053.55] Log: Moving '..\..\UDKGame\Script\UTGameContent_save.tmp' to '..\..\UDKGame\Script\UTGameContent.u'
[0053.55] Heading: --------------------dnGame - Release--------------------
[0053.55] Log: Analyzing...
[0053.55] Log: Loading global macros for dnGame
[0053.56] Log: Exporting native class declarations for dnGame
[0053.56] Log: Autogenerating C++ header: 
[0058.31] Log: Exported updated C++ header: ..\..\Development\Src\dnGame\Inc\dnGameClasses.h
[0058.31] Log: Autogenerating C++ header: dnGameNames.h
[0058.31] Warning: D:\projects\Duke2003\Development\Src\dnGame\Classes\dnSinglePlayer.uc(10) : Warning, Unknown property in defaults: 	ConsolePlayerControllerClass=class'UTGame.UTConsolePlayerController' (looked in dnSinglePlayer)
[0058.32] Warning: D:\projects\Duke2003\Development\Src\dnGame\Classes\dnSinglePlayer.uc(16) : Warning, Unknown property in defaults: 	BotClass=class'UTBot' (looked in dnSinglePlayer)
[0058.32] Log: Success: Compiled 13 line(s), 2 statement(s).

[0058.32] Log: Scripts successfully compiled - saving package 'D:\projects\Duke2003\Binaries\Win64\..\..\UDKGame\Script\dnGame.u'
[0058.38] Log: Save=63.523200
[0058.38] Log: Moving '..\..\UDKGame\Script\dnGame_save.tmp' to '..\..\UDKGame\Script\dnGame.u'
[0058.38] Heading: --------------------UDKUltimate - Release--------------------
[0058.38] Log: Analyzing...
[0058.38] Log: Loading global macros for UDKUltimate
[0058.44] Log: Success: Compiled 1075 line(s), 179 statement(s).

[0058.44] Log: Scripts successfully compiled - saving package 'D:\projects\Duke2003\Binaries\Win64\..\..\UDKGame\Script\UDKUltimate.u'
[0058.53] Log: Save=90.287000
[0058.53] Log: Moving '..\..\UDKGame\Script\UDKUltimate_save.tmp' to '..\..\UDKGame\Script\UDKUltimate.u'
[0058.59] Log: 
[0058.59] Log: Warning/Error Summary
[0058.59] Log: ---------------------
[0058.59] Log: D:\projects\Duke2003\Development\Src\dnGame\Classes\dnSinglePlayer.uc(10) : Warning, Unknown property in defaults: 	ConsolePlayerControllerClass=class'UTGame.UTConsolePlayerController' (looked in dnSinglePlayer)
[0058.59] Log: D:\projects\Duke2003\Development\Src\dnGame\Classes\dnSinglePlayer.uc(16) : Warning, Unknown property in defaults: 	BotClass=class'UTBot' (looked in dnSinglePlayer)
[0058.59] Log: 
[0058.59] Log: Success - 0 error(s), 2 warning(s)
[0058.59] Log: 
Execution of commandlet took:  40.21 seconds
[0058.59] Exit: Preparing to exit.
[0058.66] Exit: Object subsystem successfully closed.
[0058.66] Log: Shutting down FaceFX...
[0058.66] Log: FaceFX shutdown.
[0058.66] DevDataBase: Spent 17.682615 seconds communicating with "Provider=sqloledb;Data Source=production-db;Initial Catalog=EngineTaskPerf;Trusted_Connection=Yes;Connection Timeout=2" or "10.1.20.20"
[0058.66] Exit: Exiting.
[0058.66] Log: Log file closed, 05/21/23 20:09:37
