Log: Log file open, 05/22/23 00:18:42
Init: WinSock: version 1.1 (2.2), MaxSocks=32767, MaxUdp=65467
Init: Version: 8364
Init: Epic Internal: 0
Init: Compiled (64-bit): May 21 2023 21:56:09
Init: Changelist: 871961
Init: Command line: editor 
Init: Base directory: d:\projects\Duke2003\Binaries\Win64\
DevConfig: GConfig::LoadFile has loaded file:  ..\..\UDKGame\Config\UDKEditor.ini
DevConfig: GConfig::LoadFile has loaded file:  ..\..\UDKGame\Config\UDKEditorUserSettings.ini
DevConfig: GConfig::LoadFile associated file:  ..\..\UDKGame\Config\UDKCompat.ini
DevConfig: GConfig::LoadFile has loaded file:  ..\..\UDKGame\Config\UDKLightmass.ini
DevConfig: GConfig::LoadFile has loaded file:  ..\..\UDKGame\Config\UDKEngine.ini
DevConfig: GConfig::LoadFile has loaded file:  ..\..\UDKGame\Config\UDKGame.ini
DevConfig: GConfig::LoadFile has loaded file:  ..\..\UDKGame\Config\UDKInput.ini
DevConfig: GConfig::LoadFile has loaded file:  ..\..\UDKGame\Config\UDKUI.ini
[0000.56] Init: Computer: JUSTIN-MAINPC
[0000.56] Init: User: justi
[0000.56] Init: CPU Page size=4096, Processors=32
[0000.56] Init: High frequency timer resolution =10.000000 MHz
[0000.56] Init: Memory total: Physical=63.1GB Pagefile=84.1GB Virtual=131072.0GB
[0000.56] DevStats: GSecondsPerCycle 1.000000e-007
[0000.61] Init: WinSock: I am justin-mainpc (192.168.1.4:0)
[0000.61] Init: Presizing for 0 objects not considered by GC, pre-allocating 0 bytes.
[0000.61] Init: Object subsystem initialized
[0000.61] DevSave: (System) 'Default__System' loading configuration from ..\..\UDKGame\Config\UDKEngine.ini
[0000.61] DevSave:    Loading value for SeekFreePCPaths from [Core.System]
[0000.61] DevSave:    Loading value for SeekFreePCExtensions from [Core.System]
[0000.61] DevSave:    Loading value for CutdownPaths from [Core.System]
[0000.61] DevSave:    Loading value for LocalizationPaths from [Core.System]
[0000.61] DevSave:    Loading value for TextureFileCacheExtension from [Core.System]
[0000.61] DevSave:    Loading value for Extensions from [Core.System]
[0000.61] DevSave:    Loading value for Suppress from [Core.System]
[0000.61] DevSave:    Loading value for FRScriptPaths from [Core.System]
[0000.61] DevSave:    Loading value for ScriptPaths from [Core.System]
[0000.61] DevSave:    Loading value for Paths from [Core.System]
[0000.61] DevSave:    Loading value for ScreenShotPath from [Core.System]
[0000.61] DevSave:    Loading value for CacheExt from [Core.System]
[0000.61] DevSave:    Loading value for CachePath from [Core.System]
[0000.61] DevSave:    Loading value for SavePath from [Core.System]
[0000.61] DevSave:    Loading value for AsyncIOBandwidthLimit from [Core.System]
[0000.61] DevSave:    Loading value for PackageSizeSoftLimit from [Core.System]
[0000.61] DevSave:    Loading value for MaxOverallCacheSize from [Core.System]
[0000.61] DevSave:    Loading value for MaxStaleCacheSize from [Core.System]
[0000.61] DevSave:    Loading value for StaleCacheDays from [Core.System]
[0019.35] DevDataBase: Failure trying to open connection [Provider=sqloledb;Data Source=production-db;Initial Catalog=EngineTaskPerf;Trusted_Connection=Yes;Connection Timeout=2] [Invalid connection string attribute]
[0019.35] DevDataBase: Connection to "Provider=sqloledb;Data Source=production-db;Initial Catalog=EngineTaskPerf;Trusted_Connection=Yes;Connection Timeout=2" or "10.1.20.20" failed
[0019.35] DevDataBase: Failure closing connection [Operation is not allowed when the object is closed.]
[0019.42] Log: Shader platform (RHI): PC-D3D-SM3
[0024.23] Log: PhysX GPU Support: DISABLED
[0024.24] Init: Initializing FaceFX...
[0024.24] Init: FaceFX 1.7.4 initialized.
[0024.27] Init: Version: 8364
[0024.27] Init: Epic Internal: 0
[0024.28] Init: Compiled (64-bit): May 21 2023 21:56:09
[0024.28] Init: Command line:  
[0024.28] Init: Base directory: d:\projects\Duke2003\Binaries\Win64\
[0024.28] Init: Character set: Unicode
[0024.28] Log: Executing Class UnrealEd.MakeCommandlet
[0024.28] Init: UEngine initialized
[0024.34] Heading: --------------------Core - Release--------------------
[0024.34] Log: New File, Existing Package (Package Untitled_0, Package Core)
[0024.35] Log: Loading global macros for Core
[0024.38] Heading: --------------------Engine - Release--------------------
[0024.42] Log: New File, Existing Package (Package Untitled_1, Package Engine)
[0024.73] Log: Loading global macros for Engine
[0025.34] Heading: --------------------GFxUI - Release--------------------
[0025.34] Log: New File, Existing Package (Package Untitled_2, Package GFxUI)
[0025.35] Log: Loading global macros for GFxUI
[0025.37] Heading: --------------------GameFramework - Release--------------------
[0025.37] Log: New File, Existing Package (Package Untitled_3, Package GameFramework)
[0025.40] Log: Loading global macros for GameFramework
[0025.47] Heading: --------------------UnrealEd - Release--------------------
[0025.48] Log: New File, Existing Package (Package Untitled_4, Package UnrealEd)
[0025.50] Log: Loading global macros for UnrealEd
[0025.55] Heading: --------------------GFxUIEditor - Release--------------------
[0025.55] Log: New File, Existing Package (Package Untitled_5, Package GFxUIEditor)
[0025.55] Log: Loading global macros for GFxUIEditor
[0025.56] Heading: --------------------IpDrv - Release--------------------
[0025.56] Log: New File, Existing Package (Package Untitled_6, Package IpDrv)
[0025.57] Log: Loading global macros for IpDrv
[0025.60] Heading: --------------------OnlineSubsystemPC - Release--------------------
[0025.60] Log: New File, Existing Package (Package Untitled_7, Package OnlineSubsystemPC)
[0025.60] Log: Loading global macros for OnlineSubsystemPC
[0025.62] Heading: --------------------OnlineSubsystemGameSpy - Release--------------------
[0025.62] Log: New File, Existing Package (Package Untitled_8, Package OnlineSubsystemGameSpy)
[0025.63] Log: Loading global macros for OnlineSubsystemGameSpy
[0025.65] Heading: --------------------OnlineSubsystemLive - Release--------------------
[0025.65] Log: New File, Existing Package (Package Untitled_9, Package OnlineSubsystemLive)
[0025.66] Log: Loading global macros for OnlineSubsystemLive
[0025.69] Heading: --------------------OnlineSubsystemSteamworks - Release--------------------
[0025.69] Log: New File, Existing Package (Package Untitled_10, Package OnlineSubsystemSteamworks)
[0025.70] Log: Loading global macros for OnlineSubsystemSteamworks
[0025.73] Heading: --------------------UDKBase - Release--------------------
[0025.73] Log: New File, Existing Package (Package Untitled_11, Package UDKBase)
[0025.75] Log: Loading global macros for UDKBase
[0025.79] Heading: --------------------UTEditor - Release--------------------
[0025.79] Log: New File, Existing Package (Package Untitled_12, Package UTEditor)
[0025.79] Log: Loading global macros for UTEditor
[0025.80] Heading: --------------------UTGame - Release--------------------
[0025.80] Log: Analyzing...
[0025.80] Log: Loading global macros for UTGame
[0029.99] Log: Exporting native class declarations for UTGame
[0029.99] Log: Autogenerating C++ header: 
[0030.00] Log: Autogenerating C++ header: UTGameNames.h
[0030.39] Log: Success: Compiled 129629 line(s), 12652 statement(s).

[0030.40] Log: Scripts successfully compiled - saving package 'd:\projects\Duke2003\Binaries\Win64\..\..\UDKGame\Script\UTGame.u'
[0031.02] Log: Save=625.400400
[0031.02] Log: Moving '..\..\UDKGame\Script\UTGame_save.tmp' to '..\..\UDKGame\Script\UTGame.u'
[0031.02] Heading: --------------------UTGameContent - Release--------------------
[0031.02] Log: Analyzing...
[0031.02] Log: Loading global macros for UTGameContent
[0031.39] Log: Success: Compiled 4380 line(s), 539 statement(s).

[0031.39] Log: Scripts successfully compiled - saving package 'd:\projects\Duke2003\Binaries\Win64\..\..\UDKGame\Script\UTGameContent.u'
[0031.55] Log: Save=159.278400
[0031.55] Log: Moving '..\..\UDKGame\Script\UTGameContent_save.tmp' to '..\..\UDKGame\Script\UTGameContent.u'
[0031.55] Heading: --------------------dnGame - Release--------------------
[0031.55] Log: Analyzing...
[0031.55] Log: Loading global macros for dnGame
[0031.56] Log: Exporting native class declarations for dnGame
[0031.56] Log: Autogenerating C++ header: 
[0031.56] Log: Autogenerating C++ header: dnGameNames.h
[0031.56] Log: Success: Compiled 170 line(s), 10 statement(s).

[0031.56] Log: Scripts successfully compiled - saving package 'd:\projects\Duke2003\Binaries\Win64\..\..\UDKGame\Script\dnGame.u'
[0031.64] Log: Save=75.576900
[0031.64] Log: Moving '..\..\UDKGame\Script\dnGame_save.tmp' to '..\..\UDKGame\Script\dnGame.u'
[0031.64] Heading: --------------------UDKUltimate - Release--------------------
[0031.64] Log: Analyzing...
[0031.64] Log: Loading global macros for UDKUltimate
[0031.71] Log: Success: Compiled 1075 line(s), 179 statement(s).

[0031.71] Log: Scripts successfully compiled - saving package 'd:\projects\Duke2003\Binaries\Win64\..\..\UDKGame\Script\UDKUltimate.u'
[0031.80] Log: Save=95.018600
[0031.81] Log: Moving '..\..\UDKGame\Script\UDKUltimate_save.tmp' to '..\..\UDKGame\Script\UDKUltimate.u'
[0032.41] Log: 
[0032.41] Log: Success - 0 error(s), 0 warning(s)
[0032.41] Log: 
Execution of commandlet took:  8.13 seconds
[0032.41] Exit: Preparing to exit.
[0032.48] Exit: Object subsystem successfully closed.
[0032.49] Log: Shutting down FaceFX...
[0032.49] Log: FaceFX shutdown.
[0032.49] DevDataBase: Spent 18.725335 seconds communicating with "Provider=sqloledb;Data Source=production-db;Initial Catalog=EngineTaskPerf;Trusted_Connection=Yes;Connection Timeout=2" or "10.1.20.20"
[0032.49] Exit: Exiting.
[0032.49] Log: Log file closed, 05/22/23 00:19:14
