Log: Log file open, 05/22/23 14:33:03
Init: WinSock: version 1.1 (2.2), MaxSocks=32767, MaxUdp=65467
Init: Version: 8364
Init: Epic Internal: 0
Init: Compiled (64-bit): May 21 2023 21:56:09
Init: Changelist: 871961
Init: Command line: editor 
Init: Base directory: d:\projects\Duke2003\Binaries\Win64\
DevConfig: GConfig::LoadFile has loaded file:  ..\..\UDKGame\Config\UDKEditor.ini
DevConfig: GConfig::LoadFile has loaded file:  ..\..\UDKGame\Config\UDKEditorUserSettings.ini
DevConfig: GConfig::LoadFile associated file:  ..\..\UDKGame\Config\UDKCompat.ini
DevConfig: GConfig::LoadFile has loaded file:  ..\..\UDKGame\Config\UDKLightmass.ini
DevConfig: GConfig::LoadFile has loaded file:  ..\..\UDKGame\Config\UDKEngine.ini
DevConfig: GConfig::LoadFile has loaded file:  ..\..\UDKGame\Config\UDKGame.ini
DevConfig: GConfig::LoadFile has loaded file:  ..\..\UDKGame\Config\UDKInput.ini
DevConfig: GConfig::LoadFile has loaded file:  ..\..\UDKGame\Config\UDKUI.ini
[0000.56] Init: Computer: JUSTIN-MAINPC
[0000.57] Init: User: justi
[0000.57] Init: CPU Page size=4096, Processors=32
[0000.57] Init: High frequency timer resolution =10.000000 MHz
[0000.57] Init: Memory total: Physical=63.1GB Pagefile=84.1GB Virtual=131072.0GB
[0000.57] DevStats: GSecondsPerCycle 1.000000e-007
[0000.62] Init: WinSock: I am justin-mainpc (192.168.1.4:0)
[0000.62] Init: Presizing for 0 objects not considered by GC, pre-allocating 0 bytes.
[0000.62] Init: Object subsystem initialized
[0000.62] DevSave: (System) 'Default__System' loading configuration from ..\..\UDKGame\Config\UDKEngine.ini
[0000.62] DevSave:    Loading value for SeekFreePCPaths from [Core.System]
[0000.62] DevSave:    Loading value for SeekFreePCExtensions from [Core.System]
[0000.62] DevSave:    Loading value for CutdownPaths from [Core.System]
[0000.62] DevSave:    Loading value for LocalizationPaths from [Core.System]
[0000.62] DevSave:    Loading value for TextureFileCacheExtension from [Core.System]
[0000.62] DevSave:    Loading value for Extensions from [Core.System]
[0000.62] DevSave:    Loading value for Suppress from [Core.System]
[0000.62] DevSave:    Loading value for FRScriptPaths from [Core.System]
[0000.62] DevSave:    Loading value for ScriptPaths from [Core.System]
[0000.62] DevSave:    Loading value for Paths from [Core.System]
[0000.62] DevSave:    Loading value for ScreenShotPath from [Core.System]
[0000.62] DevSave:    Loading value for CacheExt from [Core.System]
[0000.62] DevSave:    Loading value for CachePath from [Core.System]
[0000.62] DevSave:    Loading value for SavePath from [Core.System]
[0000.62] DevSave:    Loading value for AsyncIOBandwidthLimit from [Core.System]
[0000.62] DevSave:    Loading value for PackageSizeSoftLimit from [Core.System]
[0000.62] DevSave:    Loading value for MaxOverallCacheSize from [Core.System]
[0000.62] DevSave:    Loading value for MaxStaleCacheSize from [Core.System]
[0000.62] DevSave:    Loading value for StaleCacheDays from [Core.System]
[0019.35] DevDataBase: Failure trying to open connection [Provider=sqloledb;Data Source=production-db;Initial Catalog=EngineTaskPerf;Trusted_Connection=Yes;Connection Timeout=2] [Invalid connection string attribute]
[0019.35] DevDataBase: Connection to "Provider=sqloledb;Data Source=production-db;Initial Catalog=EngineTaskPerf;Trusted_Connection=Yes;Connection Timeout=2" or "10.1.20.20" failed
[0019.35] DevDataBase: Failure closing connection [Operation is not allowed when the object is closed.]
[0019.42] Log: Shader platform (RHI): PC-D3D-SM3
[0019.54] Log: PhysX GPU Support: DISABLED
[0019.55] Init: Initializing FaceFX...
[0019.55] Init: FaceFX 1.7.4 initialized.
[0021.60] Init: Finished loading startup packages in 1.90 seconds
[0021.61] Log: 76303 objects as part of root set at end of initial load.
[0021.61] Log: 0 out of 0 bytes used by permanent object pool.
[0021.62] Log: Supported Consoles:
[0021.62] Log:   PC
[0021.62] Log: Initializing Engine...
[0021.66] Log: Missing cached shader map for material Duke_Hand_Material, compiling.
[0022.19] Log: Missing cached shader map for material Master_Weapon_Shader, compiling.
[0022.34] Log: Encountered missing default brush - spawning new one
[0022.34] Init: UEngine initialized
[0022.34] Log: Primary PhysX scene will be in software.
[0022.34] Log: Creating Primary PhysX Scene.
[0022.35] Init: Transaction tracking system initialized
[0022.84] Init: XAudio2 using 'Speakers (High Definition Audio Device)' : 2 channels at 48 kHz using 32 bits per sample (channel mask 0x3)
[0022.86] Log: Working around XDK XAudio2 regression: TRUE
[0022.87] Init: XAudio2Device initialized.
[0023.34] Init: Client initialized
[0023.34] Init: Editor engine initialized
[0023.43] Log: Initializing Engine Completed
[0023.43] Log: >>>>>>>>>>>>>> Initial startup: 23.43s <<<<<<<<<<<<<<<
[0023.53] Cmd: MODE MAPEXT=udk
[0023.60] SourceControl: Source Control disabled in UDKEditorUserSettings.ini.  [SourceControl] has Disabled=True
[0023.61] SourceControl: Source Control disabled in UDKEditorUserSettings.ini.  [SourceControl] has Disabled=True
[0024.55] Log: Found D3D11 adapter 0: NVIDIA GeForce RTX 4090
[0024.55] Log: Adapter has 24156MB of dedicated video memory, 0MB of dedicated system memory, and 32331MB of shared system memory
[0024.58] Log: Found D3D11 adapter 1: Microsoft Basic Render Driver
[0024.58] Log: Adapter has 0MB of dedicated video memory, 0MB of dedicated system memory, and 32331MB of shared system memory
[0027.46] Cmd: MAP LOAD FILE="..\..\UDKGame\Content\Maps\Templates\Template_MidDay.umap"
[0027.72] Log: Encountered missing default brush - spawning new one
[0028.22] Log: New File, Existing Package (Package Untitled_2, Package Template_MidDay)
[0028.31] Log: -- Checking Building LODs
[0028.32] Log: Primary PhysX scene will be in software.
[0028.32] Log: Creating Primary PhysX Scene.
[0028.32] Log: Finished looking for orphan Actors (0.003 secs)
[0028.33] Cmd: MAP CHECKDEP DONTCLEARMESSAGES
[0028.39] Log: TIMER ALL OF INIT : [8.824230]
[0064.39] Cmd: MAP LOAD FILE="D:\projects\Duke2003\UDKGame\Content\Maps\UDKFrontEndMap.udk"
[0064.44] Log: Encountered missing default brush - spawning new one
[0064.72] Log: -- Checking Building LODs
[0064.72] Log: Primary PhysX scene will be in software.
[0064.72] Log: Creating Primary PhysX Scene.
[0064.73] Log: Finished looking for orphan Actors (0.004 secs)
[0064.78] Cmd: MAP CHECKDEP DONTCLEARMESSAGES
[0168.86] Cmd: MAP LOAD FILE="D:\projects\Duke2003\UDKGame\Content\Maps\EnvyEntry.udk"
[0168.91] Log: Encountered missing default brush - spawning new one
[0169.19] Log: -- Checking Building LODs
[0169.19] Log: Primary PhysX scene will be in software.
[0169.19] Log: Creating Primary PhysX Scene.
[0169.20] Log: Finished looking for orphan Actors (0.003 secs)
[0169.25] Cmd: MAP CHECKDEP DONTCLEARMESSAGES
[0181.68] Cmd: MAP LOAD FILE="D:\projects\Duke2003\UDKGame\Content\Maps\UDK-UDKUltimate.udk"
[0181.72] Log: Encountered missing default brush - spawning new one
[0182.04] Log: -- Checking Building LODs
[0182.05] Log: Primary PhysX scene will be in software.
[0182.05] Log: Creating Primary PhysX Scene.
[0182.06] Log: Finished looking for orphan Actors (0.003 secs)
[0182.13] Cmd: MAP CHECKDEP DONTCLEARMESSAGES
[0209.58] Cmd: MAP LOAD FILE="D:\projects\Duke2003\UDKGame\Content\Maps\UDKFrontEndMap.udk"
[0209.62] Log: Encountered missing default brush - spawning new one
[0209.87] Log: -- Checking Building LODs
[0209.88] Log: Primary PhysX scene will be in software.
[0209.88] Log: Creating Primary PhysX Scene.
[0209.89] Log: Finished looking for orphan Actors (0.003 secs)
[0209.94] Cmd: MAP CHECKDEP DONTCLEARMESSAGES
[0215.26] Init: Transaction tracking system initialized
[0324.92] Log: Built Phys StaticMesh Cache: 1.800 ms
[0324.92] Log: COOKEDPHYSICS: 0 TriMeshes (0.000000 KB), 0 Convex Hulls (0.000000 KB) - Total 0.000000 KB
[0325.07] Exit: Transaction tracking system shut down
[0325.11] Log: COOKEDPHYSICS: BSP 0.65 KB
[0325.18] Log: Save=84.406600
[0325.18] Log: Moving 'D:\projects\Duke2003\UDKGame\Content\Maps\DukeForever\dukefrontend_save.tmp' to 'D:\projects\Duke2003\UDKGame\Content\Maps\DukeForever\dukefrontend.udk'
[0421.61] Exit: Preparing to exit.
[0421.71] Exit: Editor shut down
[0421.71] Exit: Transaction tracking system shut down
[0421.89] Exit: Windows client shut down
[0421.89] Exit: XAudio2 Device shut down.
[0421.98] Exit: Object subsystem successfully closed.
[0422.00] Log: Shutting down FaceFX...
[0422.00] Log: FaceFX shutdown.
[0422.03] DevDataBase: Spent 18.715612 seconds communicating with "Provider=sqloledb;Data Source=production-db;Initial Catalog=EngineTaskPerf;Trusted_Connection=Yes;Connection Timeout=2" or "10.1.20.20"
[0422.03] Exit: Exiting.
[0422.03] Log: Log file closed, 05/22/23 14:40:05
