Log: Log file open, 05/22/23 14:47:17
Init: WinSock: version 1.1 (2.2), MaxSocks=32767, MaxUdp=65467
Init: Version: 8364
Init: Epic Internal: 0
Init: Compiled (64-bit): May 21 2023 21:56:09
Init: Changelist: 871961
Init: Command line:  
Init: Base directory: d:\projects\Duke2003\Binaries\Win64\
DevConfig: GConfig::LoadFile has loaded file:  ..\..\UDKGame\Config\UDKEditor.ini
DevConfig: GConfig::LoadFile has loaded file:  ..\..\UDKGame\Config\UDKEditorUserSettings.ini
DevConfig: GConfig::LoadFile associated file:  ..\..\UDKGame\Config\UDKCompat.ini
DevConfig: GConfig::LoadFile has loaded file:  ..\..\UDKGame\Config\UDKLightmass.ini
DevConfig: GConfig::LoadFile has loaded file:  ..\..\UDKGame\Config\UDKEngine.ini
DevConfig: GConfig::LoadFile has loaded file:  ..\..\UDKGame\Config\UDKGame.ini
DevConfig: GConfig::LoadFile has loaded file:  ..\..\UDKGame\Config\UDKInput.ini
DevConfig: GConfig::LoadFile has loaded file:  ..\..\UDKGame\Config\UDKUI.ini
[0000.56] Init: Computer: JUSTIN-MAINPC
[0000.56] Init: User: justi
[0000.56] Init: CPU Page size=4096, Processors=32
[0000.56] Init: High frequency timer resolution =10.000000 MHz
[0000.56] Init: Memory total: Physical=63.1GB Pagefile=84.1GB Virtual=131072.0GB
[0000.56] DevStats: GSecondsPerCycle 1.000000e-007
[0000.61] Init: WinSock: I am justin-mainpc (192.168.1.4:0)
[0000.61] Init: Presizing for 0 objects not considered by GC, pre-allocating 0 bytes.
[0000.61] Init: Object subsystem initialized
[0000.61] DevSave: (System) 'Default__System' loading configuration from ..\..\UDKGame\Config\UDKEngine.ini
[0000.61] DevSave:    Loading value for SeekFreePCPaths from [Core.System]
[0000.61] DevSave:    Loading value for SeekFreePCExtensions from [Core.System]
[0000.61] DevSave:    Loading value for CutdownPaths from [Core.System]
[0000.61] DevSave:    Loading value for LocalizationPaths from [Core.System]
[0000.61] DevSave:    Loading value for TextureFileCacheExtension from [Core.System]
[0000.61] DevSave:    Loading value for Extensions from [Core.System]
[0000.61] DevSave:    Loading value for Suppress from [Core.System]
[0000.61] DevSave:    Loading value for FRScriptPaths from [Core.System]
[0000.62] DevSave:    Loading value for ScriptPaths from [Core.System]
[0000.62] DevSave:    Loading value for Paths from [Core.System]
[0000.62] DevSave:    Loading value for ScreenShotPath from [Core.System]
[0000.62] DevSave:    Loading value for CacheExt from [Core.System]
[0000.62] DevSave:    Loading value for CachePath from [Core.System]
[0000.62] DevSave:    Loading value for SavePath from [Core.System]
[0000.62] DevSave:    Loading value for AsyncIOBandwidthLimit from [Core.System]
[0000.62] DevSave:    Loading value for PackageSizeSoftLimit from [Core.System]
[0000.62] DevSave:    Loading value for MaxOverallCacheSize from [Core.System]
[0000.62] DevSave:    Loading value for MaxStaleCacheSize from [Core.System]
[0000.62] DevSave:    Loading value for StaleCacheDays from [Core.System]
[0019.33] DevDataBase: Failure trying to open connection [Provider=sqloledb;Data Source=production-db;Initial Catalog=EngineTaskPerf;Trusted_Connection=Yes;Connection Timeout=2] [Invalid connection string attribute]
[0019.33] DevDataBase: Connection to "Provider=sqloledb;Data Source=production-db;Initial Catalog=EngineTaskPerf;Trusted_Connection=Yes;Connection Timeout=2" or "10.1.20.20" failed
[0019.33] DevDataBase: Failure closing connection [Operation is not allowed when the object is closed.]
[0019.67] Init: OS stats:
[0019.67] Init: 	Windows 7 
[0019.67] Init: 	RemoteDesktop=0
[0019.67] Init: Memory stats:
[0019.67] Init: 	Physical: 64662MB
[0019.67] Init: 	Virtual: 134217727MB
[0019.67] Init: 	PageFile: 86166MB
[0019.67] Init: CPU stats:
[0019.67] Init: 	MeasuredPerformanceTime: -1.000 (stored result)
[0019.67] Init: GPU stats:
[0019.67] Init: 	VendorID: 000010DE
[0019.67] Init: 	DeviceID: 00002684
[0019.67] Init: 	DriverVersion: 31.0.15.3168
[0019.67] Init: 	DeviceName: NVIDIA GeForce RTX 4090
[0019.67] Init: 	DriverName: nvldumdx.dll
[0019.67] Init: 	PixelShaderVersion: 3
[0019.67] Init: 	VertexShaderVersion: 3
[0019.67] Init: 	VRAMQuantity: 3072
[0019.67] Init: 	DedicatedVRAM: 3072
[0019.67] Init: 	AdapterCount: 2
[0019.67] Init: 	SupportsHardwareTnL: 1
[0019.68] Init: Machine  detected compatibility level: Composite: 4. CPU: 5. GPU: 4.
[0019.68] Init: Previous detected compatibility level: Composite: 4. CPU: 5. GPU: 4.
[0019.72] Log: Shader platform (RHI): PC-D3D-SM3
[0021.23] Log: PhysX GPU Support: DISABLED
[0021.24] Init: Initializing FaceFX...
[0021.24] Init: FaceFX 1.7.4 initialized.
[0021.29] Init: Version: 8364
[0021.30] Init: Epic Internal: 0
[0021.30] Init: Compiled (64-bit): May 21 2023 21:56:09
[0021.30] Init: Command line:  
[0021.30] Init: Base directory: d:\projects\Duke2003\Binaries\Win64\
[0021.30] Init: Character set: Unicode
[0021.30] Log: Executing Class UnrealEd.MakeCommandlet
[0021.30] Init: UEngine initialized
[0021.36] Heading: --------------------Core - Release--------------------
[0021.36] Log: New File, Existing Package (Package Untitled_0, Package Core)
[0021.37] Log: Loading global macros for Core
[0021.40] Heading: --------------------Engine - Release--------------------
[0021.44] Log: New File, Existing Package (Package Untitled_1, Package Engine)
[0021.75] Log: Loading global macros for Engine
[0022.40] Heading: --------------------GFxUI - Release--------------------
[0022.40] Log: New File, Existing Package (Package Untitled_2, Package GFxUI)
[0022.41] Log: Loading global macros for GFxUI
[0022.43] Heading: --------------------GameFramework - Release--------------------
[0022.43] Log: New File, Existing Package (Package Untitled_3, Package GameFramework)
[0022.47] Log: Loading global macros for GameFramework
[0022.54] Heading: --------------------UnrealEd - Release--------------------
[0022.55] Log: New File, Existing Package (Package Untitled_4, Package UnrealEd)
[0022.57] Log: Loading global macros for UnrealEd
[0022.62] Heading: --------------------GFxUIEditor - Release--------------------
[0022.62] Log: New File, Existing Package (Package Untitled_5, Package GFxUIEditor)
[0022.62] Log: Loading global macros for GFxUIEditor
[0022.63] Heading: --------------------IpDrv - Release--------------------
[0022.63] Log: New File, Existing Package (Package Untitled_6, Package IpDrv)
[0022.64] Log: Loading global macros for IpDrv
[0022.67] Heading: --------------------OnlineSubsystemPC - Release--------------------
[0022.67] Log: New File, Existing Package (Package Untitled_7, Package OnlineSubsystemPC)
[0022.68] Log: Loading global macros for OnlineSubsystemPC
[0022.69] Heading: --------------------OnlineSubsystemGameSpy - Release--------------------
[0022.69] Log: New File, Existing Package (Package Untitled_8, Package OnlineSubsystemGameSpy)
[0022.70] Log: Loading global macros for OnlineSubsystemGameSpy
[0022.72] Heading: --------------------OnlineSubsystemLive - Release--------------------
[0022.72] Log: New File, Existing Package (Package Untitled_9, Package OnlineSubsystemLive)
[0022.73] Log: Loading global macros for OnlineSubsystemLive
[0022.76] Heading: --------------------OnlineSubsystemSteamworks - Release--------------------
[0022.76] Log: New File, Existing Package (Package Untitled_10, Package OnlineSubsystemSteamworks)
[0022.77] Log: Loading global macros for OnlineSubsystemSteamworks
[0022.80] Heading: --------------------UDKBase - Release--------------------
[0022.80] Log: New File, Existing Package (Package Untitled_11, Package UDKBase)
[0022.82] Log: Loading global macros for UDKBase
[0022.87] Heading: --------------------UTEditor - Release--------------------
[0022.87] Log: New File, Existing Package (Package Untitled_12, Package UTEditor)
[0022.87] Log: Loading global macros for UTEditor
[0022.87] Heading: --------------------dnGame - Release--------------------
[0022.87] Log: Package dnGame changed, recompiling
[0022.87] Log: Analyzing...
[0022.87] Log: Loading global macros for dnGame
[0022.87] Error: Error, Superclass UTGame of class dnSinglePlayer not found
[0022.88] Error: Error, Superclass UTWeapon of class dnWeapon not found
[0022.88] Error: Error, Superclass UTPawn of class PlayerPawn not found
[0022.88] Error: Error, Superclass UTPlayerController of class dnPlayerController not found
[0022.88] Log: Compile aborted due to errors.
[0023.30] Log: 
[0023.30] Log: Warning/Error Summary
[0023.30] Log: ---------------------
[0023.30] Log: Error, Superclass UTGame of class dnSinglePlayer not found
[0023.30] Log: Error, Superclass UTWeapon of class dnWeapon not found
[0023.30] Log: Error, Superclass UTPawn of class PlayerPawn not found
[0023.30] Log: Error, Superclass UTPlayerController of class dnPlayerController not found
[0023.30] Log: 
[0023.30] Log: Failure - 4 error(s), 0 warning(s)
[0023.30] Log: 
Execution of commandlet took:  2.00 seconds
[0023.31] Exit: Preparing to exit.
[0023.35] Exit: Object subsystem successfully closed.
[0023.36] Log: Shutting down FaceFX...
[0023.36] Log: FaceFX shutdown.
[0023.36] DevDataBase: Spent 18.703237 seconds communicating with "Provider=sqloledb;Data Source=production-db;Initial Catalog=EngineTaskPerf;Trusted_Connection=Yes;Connection Timeout=2" or "10.1.20.20"
[0023.36] Exit: Exiting.
[0023.36] Log: Log file closed, 05/22/23 14:47:40
