Log: Log file open, 05/22/23 10:43:24
Init: WinSock: version 1.1 (2.2), MaxSocks=32767, MaxUdp=65467
Init: Version: 8364
Init: Epic Internal: 0
Init: Compiled (64-bit): May 21 2023 21:56:09
Init: Changelist: 871961
Init: Command line: editor 
Init: Base directory: d:\projects\Duke2003\Binaries\Win64\
DevConfig: GConfig::LoadFile has loaded file:  ..\..\UDKGame\Config\UDKEditor.ini
DevConfig: GConfig::LoadFile has loaded file:  ..\..\UDKGame\Config\UDKEditorUserSettings.ini
DevConfig: GConfig::LoadFile associated file:  ..\..\UDKGame\Config\UDKCompat.ini
DevConfig: GConfig::LoadFile has loaded file:  ..\..\UDKGame\Config\UDKLightmass.ini
DevConfig: GConfig::LoadFile has loaded file:  ..\..\UDKGame\Config\UDKEngine.ini
DevConfig: GConfig::LoadFile has loaded file:  ..\..\UDKGame\Config\UDKGame.ini
DevConfig: GConfig::LoadFile has loaded file:  ..\..\UDKGame\Config\UDKInput.ini
DevConfig: GConfig::LoadFile has loaded file:  ..\..\UDKGame\Config\UDKUI.ini
[0000.57] Init: Computer: JUSTIN-MAINPC
[0000.57] Init: User: justi
[0000.57] Init: CPU Page size=4096, Processors=32
[0000.57] Init: High frequency timer resolution =10.000000 MHz
[0000.57] Init: Memory total: Physical=63.1GB Pagefile=84.1GB Virtual=131072.0GB
[0000.57] DevStats: GSecondsPerCycle 1.000000e-007
[0000.62] Init: WinSock: I am justin-mainpc (192.168.1.4:0)
[0000.62] Init: Presizing for 0 objects not considered by GC, pre-allocating 0 bytes.
[0000.62] Init: Object subsystem initialized
[0000.62] DevSave: (System) 'Default__System' loading configuration from ..\..\UDKGame\Config\UDKEngine.ini
[0000.62] DevSave:    Loading value for SeekFreePCPaths from [Core.System]
[0000.62] DevSave:    Loading value for SeekFreePCExtensions from [Core.System]
[0000.62] DevSave:    Loading value for CutdownPaths from [Core.System]
[0000.62] DevSave:    Loading value for LocalizationPaths from [Core.System]
[0000.62] DevSave:    Loading value for TextureFileCacheExtension from [Core.System]
[0000.62] DevSave:    Loading value for Extensions from [Core.System]
[0000.62] DevSave:    Loading value for Suppress from [Core.System]
[0000.62] DevSave:    Loading value for FRScriptPaths from [Core.System]
[0000.62] DevSave:    Loading value for ScriptPaths from [Core.System]
[0000.62] DevSave:    Loading value for Paths from [Core.System]
[0000.62] DevSave:    Loading value for ScreenShotPath from [Core.System]
[0000.62] DevSave:    Loading value for CacheExt from [Core.System]
[0000.62] DevSave:    Loading value for CachePath from [Core.System]
[0000.62] DevSave:    Loading value for SavePath from [Core.System]
[0000.62] DevSave:    Loading value for AsyncIOBandwidthLimit from [Core.System]
[0000.62] DevSave:    Loading value for PackageSizeSoftLimit from [Core.System]
[0000.62] DevSave:    Loading value for MaxOverallCacheSize from [Core.System]
[0000.62] DevSave:    Loading value for MaxStaleCacheSize from [Core.System]
[0000.62] DevSave:    Loading value for StaleCacheDays from [Core.System]
[0019.38] DevDataBase: Failure trying to open connection [Provider=sqloledb;Data Source=production-db;Initial Catalog=EngineTaskPerf;Trusted_Connection=Yes;Connection Timeout=2] [Invalid connection string attribute]
[0019.38] DevDataBase: Connection to "Provider=sqloledb;Data Source=production-db;Initial Catalog=EngineTaskPerf;Trusted_Connection=Yes;Connection Timeout=2" or "10.1.20.20" failed
[0019.38] DevDataBase: Failure closing connection [Operation is not allowed when the object is closed.]
[0019.45] Log: Shader platform (RHI): PC-D3D-SM3
[0019.61] Log: PhysX GPU Support: DISABLED
[0019.62] Init: Initializing FaceFX...
[0019.62] Init: FaceFX 1.7.4 initialized.
[0021.60] Init: Finished loading startup packages in 1.83 seconds
[0021.61] Log: 76303 objects as part of root set at end of initial load.
[0021.61] Log: 0 out of 0 bytes used by permanent object pool.
[0021.62] Log: Supported Consoles:
[0021.62] Log:   PC
[0021.62] Log: Initializing Engine...
[0021.66] Log: Missing cached shader map for material Duke_Hand_Material, compiling.
[0022.19] Log: Missing cached shader map for material Master_Weapon_Shader, compiling.
[0022.34] Log: Encountered missing default brush - spawning new one
[0022.34] Init: UEngine initialized
[0022.34] Log: Primary PhysX scene will be in software.
[0022.34] Log: Creating Primary PhysX Scene.
[0022.35] Init: Transaction tracking system initialized
[0022.82] Init: XAudio2 using 'Speakers (High Definition Audio Device)' : 2 channels at 48 kHz using 32 bits per sample (channel mask 0x3)
[0022.84] Log: Working around XDK XAudio2 regression: TRUE
[0022.85] Init: XAudio2Device initialized.
[0023.33] Init: Client initialized
[0023.33] Init: Editor engine initialized
[0023.41] Log: Initializing Engine Completed
[0023.41] Log: >>>>>>>>>>>>>> Initial startup: 23.41s <<<<<<<<<<<<<<<
[0023.49] Cmd: MODE MAPEXT=udk
[0023.55] SourceControl: Source Control disabled in UDKEditorUserSettings.ini.  [SourceControl] has Disabled=True
[0023.56] SourceControl: Source Control disabled in UDKEditorUserSettings.ini.  [SourceControl] has Disabled=True
[0024.38] Log: Found D3D11 adapter 0: NVIDIA GeForce RTX 4090
[0024.38] Log: Adapter has 24156MB of dedicated video memory, 0MB of dedicated system memory, and 32331MB of shared system memory
[0024.42] Log: Found D3D11 adapter 1: Microsoft Basic Render Driver
[0024.42] Log: Adapter has 0MB of dedicated video memory, 0MB of dedicated system memory, and 32331MB of shared system memory
[0027.14] Cmd: MAP LOAD FILE="..\..\UDKGame\Content\Maps\Templates\Template_MidDay.umap"
[0027.34] Log: Encountered missing default brush - spawning new one
[0027.74] Log: New File, Existing Package (Package Untitled_2, Package Template_MidDay)
[0027.81] Log: -- Checking Building LODs
[0027.82] Log: Primary PhysX scene will be in software.
[0027.82] Log: Creating Primary PhysX Scene.
[0027.83] Log: Finished looking for orphan Actors (0.003 secs)
[0027.83] Cmd: MAP CHECKDEP DONTCLEARMESSAGES
[0027.88] Log: TIMER ALL OF INIT : [8.251721]
[0034.96] Log: 
==== Worlds needing PIE Save:
[0034.96] Log: Untitled_2
[0034.96] Log: ==== 1 total
[0034.99] Log: Built Phys StaticMesh Cache: 2.200 ms
[0034.99] Log: COOKEDPHYSICS: 1 TriMeshes (0.597656 KB), 1 Convex Hulls (1.082031 KB) - Total 1.679688 KB
[0035.06] Log: Save=73.764900
[0035.07] Log: Moving 'd:\projects\Duke2003\Binaries\Win64\..\..\UDKGame\Autosaves\UEDPIEUntitled_2_save.tmp' to 'd:\projects\Duke2003\Binaries\Win64\..\..\UDKGame\Autosaves\UEDPIEUntitled_2.udk'
[0035.08] Cmd: MAP LOAD PLAYWORLD=1 FILE="d:\projects\Duke2003\Binaries\Win64\..\..\UDKGame\Autosaves\UEDPIEUntitled_2.udk"
[0035.09] Log: Finished looking for orphan Actors (0.003 secs)
[0035.09] Log: Game class is 'dnSinglePlayer'
[0035.11] Log: Primary PhysX scene will be in software.
[0035.11] Log: Creating Primary PhysX Scene.
[0035.11] Log: *** WARNING - PATHS MAY NOT BE VALID ***
[0035.11] Log: Bringing World UEDPIEUntitled_2.TheWorld up for play (0) at 2023.05.22-10.43.59
[0035.13] Log: Bringing up level for play took: 0.021683
[0035.37] ScriptWarning: Accessed None 'MapInfo'
	GFxMinimap Transient.GFxMinimapHud_0:GFxMinimap_0
	Function UTGame.GFxMinimap:Init:00F2
[0035.37] ScriptWarning: Accessed None 'OnlineSub'
	dnPlayerController UEDPIEUntitled_2.TheWorld:PersistentLevel.dnPlayerController_0
	Function UTGame.UTPlayerController:ClientSetOnlineStatus:0033
[0035.37] ScriptWarning: Accessed None 'OnlineSub'
	dnPlayerController UEDPIEUntitled_2.TheWorld:PersistentLevel.dnPlayerController_0
	Function UTGame.UTPlayerController:ClientSetOnlineStatus:02D1
[0035.37] ScriptWarning: Accessed None
	dnPlayerController UEDPIEUntitled_2.TheWorld:PersistentLevel.dnPlayerController_0
	Function UTGame.UTPlayerController:ClientSetOnlineStatus:02E5
[0035.37] Log: PIE: play in editor start time for UEDPIEUntitled_2 0.597
[0035.38] ScriptWarning: Accessed None 'MapInfo'
	GFxMinimap Transient.GFxMinimapHud_1:GFxMinimap_1
	Function UTGame.GFxMinimap:Init:00F2
[0035.43] ScriptWarning: Accessed None 'LeftHandIK'
	PlayerPawn UEDPIEUntitled_2.TheWorld:PersistentLevel.PlayerPawn_0
	Function UTGame.UTPawn:SetHandIKEnabled:0066
[0035.43] ScriptWarning: Accessed None 'RightHandIK'
	PlayerPawn UEDPIEUntitled_2.TheWorld:PersistentLevel.PlayerPawn_0
	Function UTGame.UTPawn:SetHandIKEnabled:008F
[0035.43] Cmd: SETSOUNDMODE Default
[0035.43] ScriptLog: START MATCH
[0051.01] ScriptWarning: Accessed None 'MapInfo'
	GFxMinimap Transient.GFxMinimapHud_1:GFxMinimap_1
	Function UTGame.GFxMinimap:UpdateData:0015
[0219.56] Log: Timed out while waiting for GPU to catch up. (500 ms)
[0240.12] Log: Assembled 437 auto-complete commands, manual: 89, exec: 274, kismet: 0
[0240.75] ScriptWarning: Accessed None 'ViewportClient'
	dnPlayerController UEDPIEUntitled_2.TheWorld:PersistentLevel.dnPlayerController_0
	Function UTGame.UTPlayerController:Destroyed:0041
[0240.75] ScriptWarning: Player start not found, failed to restart player
	dnSinglePlayer UEDPIEUntitled_2.TheWorld:PersistentLevel.dnSinglePlayer_0
	Function Engine.GameInfo:RestartPlayer:025E
[0244.28] Exit: Preparing to exit.
[0244.39] Exit: Editor shut down
[0244.39] Exit: Transaction tracking system shut down
[0244.56] Exit: Windows client shut down
[0244.57] Exit: XAudio2 Device shut down.
[0244.66] Exit: Object subsystem successfully closed.
[0244.67] Log: Shutting down FaceFX...
[0244.67] Log: FaceFX shutdown.
[0244.70] DevDataBase: Spent 18.737849 seconds communicating with "Provider=sqloledb;Data Source=production-db;Initial Catalog=EngineTaskPerf;Trusted_Connection=Yes;Connection Timeout=2" or "10.1.20.20"
[0244.70] Exit: Exiting.
[0244.71] Log: Log file closed, 05/22/23 10:47:28
