Log: Log file open, 05/21/23 23:38:22
Init: WinSock: version 1.1 (2.2), MaxSocks=32767, MaxUdp=65467
Init: Version: 8364
Init: Epic Internal: 0
Init: Compiled (64-bit): May 21 2023 21:59:00
Init: Changelist: 871961
Init: Command line: editor 
Init: Base directory: d:\projects\Duke2003\Binaries\Win64\
DevConfig: GConfig::LoadFile associated file:  ..\..\UDKGame\Config\UDKCompat.ini
[0000.53] Init: Computer: JUSTIN-MAINPC
[0000.53] Init: User: justi
[0000.53] Init: CPU Page size=4096, Processors=32
[0000.53] Init: High frequency timer resolution =10.000000 MHz
[0000.53] Init: Memory total: Physical=63.1GB Pagefile=84.1GB Virtual=131072.0GB
[0000.58] Init: WinSock: I am justin-mainpc (192.168.1.4:0)
[0000.58] Init: Presizing for 0 objects not considered by GC, pre-allocating 0 bytes.
[0000.58] Init: Object subsystem initialized
[0019.31] DevDataBase: Failure trying to open connection [Provider=sqloledb;Data Source=production-db;Initial Catalog=EngineTaskPerf;Trusted_Connection=Yes;Connection Timeout=2] [Invalid connection string attribute]
[0019.31] DevDataBase: Connection to "Provider=sqloledb;Data Source=production-db;Initial Catalog=EngineTaskPerf;Trusted_Connection=Yes;Connection Timeout=2" or "10.1.20.20" failed
[0019.31] DevDataBase: Failure closing connection [Operation is not allowed when the object is closed.]
[0019.38] Log: Shader platform (RHI): PC-D3D-SM3
[0019.51] Log: PhysX GPU Support: DISABLED
[0019.51] Init: Initializing FaceFX...
[0019.51] Init: FaceFX 1.7.4 initialized.
[0022.20] Init: Finished loading startup packages in 0.79 seconds
[0022.20] Log: 76299 objects as part of root set at end of initial load.
[0022.20] Log: 0 out of 0 bytes used by permanent object pool.
[0022.21] Log: Supported Consoles:
[0022.21] Log:   PC
[0022.21] Log: Initializing Engine...
[0022.22] Log: Missing cached shader map for material Duke_Hand_Material, compiling.
[0022.73] Log: Missing cached shader map for material Master_Weapon_Shader, compiling.
[0022.86] Log: Encountered missing default brush - spawning new one
[0022.86] Init: UEngine initialized
[0022.86] Log: Primary PhysX scene will be in software.
[0022.86] Log: Creating Primary PhysX Scene.
[0022.87] Init: Transaction tracking system initialized
[0023.10] Init: XAudio2 using 'Speakers (High Definition Audio Device)' : 2 channels at 48 kHz using 32 bits per sample (channel mask 0x3)
[0023.11] Log: Working around XDK XAudio2 regression: TRUE
[0023.12] Init: XAudio2Device initialized.
[0023.55] Init: Client initialized
[0023.55] Init: Editor engine initialized
[0023.58] Log: Initializing Engine Completed
[0023.58] Log: >>>>>>>>>>>>>> Initial startup: 23.58s <<<<<<<<<<<<<<<
[0023.67] Cmd: MODE MAPEXT=udk
[0023.73] SourceControl: Source Control disabled in UDKEditorUserSettings.ini.  [SourceControl] has Disabled=True
[0023.75] SourceControl: Source Control disabled in UDKEditorUserSettings.ini.  [SourceControl] has Disabled=True
[0024.58] Log: Found D3D11 adapter 0: NVIDIA GeForce RTX 4090
[0024.58] Log: Adapter has 24156MB of dedicated video memory, 0MB of dedicated system memory, and 32331MB of shared system memory
[0024.61] Log: Found D3D11 adapter 1: Microsoft Basic Render Driver
[0024.61] Log: Adapter has 0MB of dedicated video memory, 0MB of dedicated system memory, and 32331MB of shared system memory
[0027.89] Cmd: MAP LOAD FILE="..\..\UDKGame\Content\Maps\Templates\Template_MidDay.umap"
[0028.19] Log: Encountered missing default brush - spawning new one
[0028.65] Log: New File, Existing Package (Package Untitled_2, Package Template_MidDay)
[0028.72] Log: -- Checking Building LODs
[0028.73] Log: Primary PhysX scene will be in software.
[0028.73] Log: Creating Primary PhysX Scene.
[0028.74] Log: Finished looking for orphan Actors (0.002 secs)
[0028.74] Cmd: MAP CHECKDEP DONTCLEARMESSAGES
[0028.78] Log: TIMER ALL OF INIT : [9.251640]
[0060.18] Log: 
==== Worlds needing PIE Save:
[0060.18] Log: Untitled_2
[0060.18] Log: ==== 1 total
[0060.21] Log: Built Phys StaticMesh Cache: 1.995 ms
[0060.21] Log: COOKEDPHYSICS: 1 TriMeshes (0.597656 KB), 1 Convex Hulls (1.082031 KB) - Total 1.679688 KB
[0060.24] Log: Save=29.829900
[0060.24] Log: Moving 'd:\projects\Duke2003\Binaries\Win64\..\..\UDKGame\Autosaves\UEDPIEUntitled_2_save.tmp' to 'd:\projects\Duke2003\Binaries\Win64\..\..\UDKGame\Autosaves\UEDPIEUntitled_2.udk'
[0060.26] Cmd: MAP LOAD PLAYWORLD=1 FILE="d:\projects\Duke2003\Binaries\Win64\..\..\UDKGame\Autosaves\UEDPIEUntitled_2.udk"
[0060.27] Log: Finished looking for orphan Actors (0.002 secs)
[0060.27] Log: Game class is 'UTGame'
[0060.28] Log: Primary PhysX scene will be in software.
[0060.28] Log: Creating Primary PhysX Scene.
[0060.28] Log: *** WARNING - PATHS MAY NOT BE VALID ***
[0060.28] Log: Bringing World UEDPIEUntitled_2.TheWorld up for play (0) at 2023.05.21-23.39.21
[0060.29] Log: Bringing up level for play took: 0.015496
[0060.34] ScriptWarning: Accessed None 'MapInfo'
	GFxMinimap Transient.GFxMinimapHud_0:GFxMinimap_0
	Function UTGame.GFxMinimap:Init:00F2
[0060.34] ScriptWarning: Accessed None 'OnlineSub'
	UTPlayerController UEDPIEUntitled_2.TheWorld:PersistentLevel.UTPlayerController_0
	Function UTGame.UTPlayerController:ClientSetOnlineStatus:0033
[0060.34] ScriptWarning: Accessed None 'OnlineSub'
	UTPlayerController UEDPIEUntitled_2.TheWorld:PersistentLevel.UTPlayerController_0
	Function UTGame.UTPlayerController:ClientSetOnlineStatus:02D1
[0060.34] ScriptWarning: Accessed None
	UTPlayerController UEDPIEUntitled_2.TheWorld:PersistentLevel.UTPlayerController_0
	Function UTGame.UTPlayerController:ClientSetOnlineStatus:02E5
[0060.34] Log: PIE: play in editor start time for UEDPIEUntitled_2 0.225
[0060.34] ScriptWarning: Accessed None 'MapInfo'
	GFxMinimap Transient.GFxMinimapHud_1:GFxMinimap_1
	Function UTGame.GFxMinimap:Init:00F2
[0060.38] ScriptWarning: Accessed None 'LeftHandIK'
	UTPawn UEDPIEUntitled_2.TheWorld:PersistentLevel.UTPawn_0
	Function UTGame.UTPawn:SetHandIKEnabled:0066
[0060.38] ScriptWarning: Accessed None 'RightHandIK'
	UTPawn UEDPIEUntitled_2.TheWorld:PersistentLevel.UTPawn_0
	Function UTGame.UTPawn:SetHandIKEnabled:008F
[0060.38] Cmd: SETSOUNDMODE Default
[0060.38] ScriptLog: START MATCH
[0060.38] ScriptWarning: Accessed None 'MapInfo'
	GFxMinimap Transient.GFxMinimapHud_1:GFxMinimap_1
	Function UTGame.GFxMinimap:UpdateData:0015
[0064.42] Cmd: onrelease ShowMenu
[0064.43] ScriptWarning: Accessed None 'ViewportClient'
	UTPlayerController UEDPIEUntitled_2.TheWorld:PersistentLevel.UTPlayerController_0
	Function UTGame.UTPlayerController:Destroyed:0041
[0064.43] ScriptWarning: Player start not found, failed to restart player
	UTGame UEDPIEUntitled_2.TheWorld:PersistentLevel.UTGame_0
	Function Engine.GameInfo:RestartPlayer:025E
[0069.91] Exit: Preparing to exit.
[0069.97] Exit: Editor shut down
[0069.97] Exit: Transaction tracking system shut down
[0070.14] Exit: Windows client shut down
[0070.15] Exit: XAudio2 Device shut down.
[0070.20] Exit: Object subsystem successfully closed.
[0070.21] Log: Shutting down FaceFX...
[0070.21] Log: FaceFX shutdown.
[0070.24] DevDataBase: Spent 18.721263 seconds communicating with "Provider=sqloledb;Data Source=production-db;Initial Catalog=EngineTaskPerf;Trusted_Connection=Yes;Connection Timeout=2" or "10.1.20.20"
[0070.24] Exit: Exiting.
[0070.24] Log: Log file closed, 05/21/23 23:39:31
