Log: Log file open, 05/21/23 23:52:21
Init: WinSock: version 1.1 (2.2), MaxSocks=32767, MaxUdp=65467
Init: Version: 8364
Init: Epic Internal: 0
Init: Compiled (64-bit): May 21 2023 21:59:00
Init: Changelist: 871961
Init: Command line: editor 
Init: Base directory: d:\projects\Duke2003\Binaries\Win64\
DevConfig: GConfig::LoadFile associated file:  ..\..\UDKGame\Config\UDKCompat.ini
[0000.70] Init: Computer: JUSTIN-MAINPC
[0000.71] Init: User: justi
[0000.71] Init: CPU Page size=4096, Processors=32
[0000.71] Init: High frequency timer resolution =10.000000 MHz
[0000.71] Init: Memory total: Physical=63.1GB Pagefile=84.1GB Virtual=131072.0GB
[0000.76] Init: WinSock: I am justin-mainpc (192.168.1.4:0)
[0000.76] Init: Presizing for 0 objects not considered by GC, pre-allocating 0 bytes.
[0000.76] Init: Object subsystem initialized
[0019.54] DevDataBase: Failure trying to open connection [Provider=sqloledb;Data Source=production-db;Initial Catalog=EngineTaskPerf;Trusted_Connection=Yes;Connection Timeout=2] [Invalid connection string attribute]
[0019.54] DevDataBase: Connection to "Provider=sqloledb;Data Source=production-db;Initial Catalog=EngineTaskPerf;Trusted_Connection=Yes;Connection Timeout=2" or "10.1.20.20" failed
[0019.54] DevDataBase: Failure closing connection [Operation is not allowed when the object is closed.]
[0019.62] Log: Shader platform (RHI): PC-D3D-SM3
[0051.86] Log: PhysX GPU Support: DISABLED
[0051.90] Init: Initializing FaceFX...
[0051.91] Init: FaceFX 1.7.4 initialized.
[0051.97] Init: Version: 8364
[0051.98] Init: Epic Internal: 0
[0051.98] Init: Compiled (64-bit): May 21 2023 21:58:59
[0051.98] Init: Command line:  
[0051.98] Init: Base directory: d:\projects\Duke2003\Binaries\Win64\
[0051.98] Init: Character set: Unicode
[0051.98] Log: Executing Class UnrealEd.MakeCommandlet
[0051.98] Init: UEngine initialized
[0052.03] Heading: --------------------Core - Release--------------------
[0052.03] Log: New File, Existing Package (Package Untitled_0, Package Core)
[0052.04] Log: Loading global macros for Core
[0052.05] Heading: --------------------Engine - Release--------------------
[0052.08] Log: New File, Existing Package (Package Untitled_1, Package Engine)
[0052.30] Log: Loading global macros for Engine
[0052.53] Heading: --------------------GFxUI - Release--------------------
[0052.53] Log: New File, Existing Package (Package Untitled_2, Package GFxUI)
[0052.53] Log: Loading global macros for GFxUI
[0052.54] Heading: --------------------GameFramework - Release--------------------
[0052.54] Log: New File, Existing Package (Package Untitled_3, Package GameFramework)
[0052.56] Log: Loading global macros for GameFramework
[0052.59] Heading: --------------------UnrealEd - Release--------------------
[0052.59] Log: New File, Existing Package (Package Untitled_4, Package UnrealEd)
[0052.60] Log: Loading global macros for UnrealEd
[0052.62] Heading: --------------------GFxUIEditor - Release--------------------
[0052.62] Log: New File, Existing Package (Package Untitled_5, Package GFxUIEditor)
[0052.62] Log: Loading global macros for GFxUIEditor
[0052.62] Heading: --------------------IpDrv - Release--------------------
[0052.62] Log: New File, Existing Package (Package Untitled_6, Package IpDrv)
[0052.63] Log: Loading global macros for IpDrv
[0052.64] Heading: --------------------OnlineSubsystemPC - Release--------------------
[0052.64] Log: New File, Existing Package (Package Untitled_7, Package OnlineSubsystemPC)
[0052.64] Log: Loading global macros for OnlineSubsystemPC
[0052.65] Heading: --------------------OnlineSubsystemGameSpy - Release--------------------
[0052.65] Log: New File, Existing Package (Package Untitled_8, Package OnlineSubsystemGameSpy)
[0052.65] Log: Loading global macros for OnlineSubsystemGameSpy
[0052.66] Heading: --------------------OnlineSubsystemLive - Release--------------------
[0052.66] Log: New File, Existing Package (Package Untitled_9, Package OnlineSubsystemLive)
[0052.67] Log: Loading global macros for OnlineSubsystemLive
[0052.68] Heading: --------------------OnlineSubsystemSteamworks - Release--------------------
[0052.68] Log: New File, Existing Package (Package Untitled_10, Package OnlineSubsystemSteamworks)
[0052.69] Log: Loading global macros for OnlineSubsystemSteamworks
[0052.70] Heading: --------------------UDKBase - Release--------------------
[0052.70] Log: New File, Existing Package (Package Untitled_11, Package UDKBase)
[0052.71] Log: Loading global macros for UDKBase
[0052.73] Heading: --------------------UTEditor - Release--------------------
[0052.73] Log: New File, Existing Package (Package Untitled_12, Package UTEditor)
[0052.73] Log: Loading global macros for UTEditor
[0052.73] Heading: --------------------UTGame - Release--------------------
[0052.74] Log: Package UTGame changed, recompiling
[0052.74] Log: Analyzing...
[0052.74] Log: Loading global macros for UTGame
[0054.38] Log: Exporting native class declarations for UTGame
[0054.38] Log: Autogenerating C++ header: 
[0054.39] Log: Autogenerating C++ header: UTGameNames.h
[0054.62] Log: Success: Compiled 129628 line(s), 12652 statement(s).

[0054.63] Log: Scripts successfully compiled - saving package 'd:\projects\Duke2003\Binaries\Win64\..\..\UDKGame\Script\UTGame.u'
[0054.88] Log: Save=250.440800
[0054.88] Log: Moving '..\..\UDKGame\Script\UTGame_save.tmp' to '..\..\UDKGame\Script\UTGame.u'
[0054.88] Heading: --------------------UTGameContent - Release--------------------
[0054.88] Log: Analyzing...
[0054.88] Log: Loading global macros for UTGameContent
[0055.12] Log: Success: Compiled 4380 line(s), 539 statement(s).

[0055.12] Log: Scripts successfully compiled - saving package 'd:\projects\Duke2003\Binaries\Win64\..\..\UDKGame\Script\UTGameContent.u'
[0055.19] Log: Save=59.967600
[0055.19] Log: Moving '..\..\UDKGame\Script\UTGameContent_save.tmp' to '..\..\UDKGame\Script\UTGameContent.u'
[0055.19] Heading: --------------------dnGame - Release--------------------
[0055.19] Log: Analyzing...
[0055.19] Log: Loading global macros for dnGame
[0055.19] Log: Exporting native class declarations for dnGame
[0055.20] Log: Autogenerating C++ header: 
[0055.20] Log: Autogenerating C++ header: dnGameNames.h
[0055.20] Log: Success: Compiled 22 line(s), 4 statement(s).

[0055.20] Log: Scripts successfully compiled - saving package 'd:\projects\Duke2003\Binaries\Win64\..\..\UDKGame\Script\dnGame.u'
[0055.22] Log: Save=24.040100
[0055.22] Log: Moving '..\..\UDKGame\Script\dnGame_save.tmp' to '..\..\UDKGame\Script\dnGame.u'
[0055.22] Heading: --------------------UDKUltimate - Release--------------------
[0055.23] Log: Analyzing...
[0055.23] Log: Loading global macros for UDKUltimate
[0055.27] Log: Success: Compiled 1075 line(s), 179 statement(s).

[0055.27] Log: Scripts successfully compiled - saving package 'd:\projects\Duke2003\Binaries\Win64\..\..\UDKGame\Script\UDKUltimate.u'
[0055.30] Log: Save=33.575000
[0055.30] Log: Moving '..\..\UDKGame\Script\UDKUltimate_save.tmp' to '..\..\UDKGame\Script\UDKUltimate.u'
[0055.90] Log: 
[0055.90] Log: Success - 0 error(s), 0 warning(s)
[0055.90] Log: 
Execution of commandlet took:  3.92 seconds
[0055.91] Exit: Preparing to exit.
[0055.97] Exit: Object subsystem successfully closed.
[0055.97] Log: Shutting down FaceFX...
[0055.97] Log: FaceFX shutdown.
[0055.97] DevDataBase: Spent 18.770624 seconds communicating with "Provider=sqloledb;Data Source=production-db;Initial Catalog=EngineTaskPerf;Trusted_Connection=Yes;Connection Timeout=2" or "10.1.20.20"
[0055.97] Exit: Exiting.
[0055.97] Log: Log file closed, 05/21/23 23:53:16
