Log: Log file open, 05/21/23 20:39:31
Init: WinSock: version 1.1 (2.2), MaxSocks=32767, MaxUdp=65467
Init: Version: 8364
Init: Epic Internal: 0
Init: Compiled (64-bit): May 21 2023 13:02:35
Init: Changelist: 871961
Init: Command line: editor 
Init: Base directory: d:\projects\Duke2003\Binaries\Win64\
DevConfig: GConfig::LoadFile has loaded file:  ..\..\UDKGame\Config\UDKEditor.ini
DevConfig: GConfig::LoadFile has loaded file:  ..\..\UDKGame\Config\UDKEditorUserSettings.ini
DevConfig: GConfig::LoadFile associated file:  ..\..\UDKGame\Config\UDKCompat.ini
DevConfig: GConfig::LoadFile has loaded file:  ..\..\UDKGame\Config\UDKLightmass.ini
DevConfig: GConfig::LoadFile has loaded file:  ..\..\UDKGame\Config\UDKEngine.ini
DevConfig: GConfig::LoadFile has loaded file:  ..\..\UDKGame\Config\UDKGame.ini
DevConfig: GConfig::LoadFile has loaded file:  ..\..\UDKGame\Config\UDKInput.ini
DevConfig: GConfig::LoadFile has loaded file:  ..\..\UDKGame\Config\UDKUI.ini
[0000.56] Init: Computer: JUSTIN-MAINPC
[0000.56] Init: User: justi
[0000.56] Init: CPU Page size=4096, Processors=32
[0000.56] Init: High frequency timer resolution =10.000000 MHz
[0000.56] Init: Memory total: Physical=63.1GB Pagefile=84.1GB Virtual=131072.0GB
[0000.56] DevStats: GSecondsPerCycle 1.000000e-007
[0000.60] Init: WinSock: I am justin-mainpc (192.168.1.4:0)
[0000.60] Init: Presizing for 0 objects not considered by GC, pre-allocating 0 bytes.
[0000.60] Init: Object subsystem initialized
[0000.60] DevSave: (System) 'Default__System' loading configuration from ..\..\UDKGame\Config\UDKEngine.ini
[0000.60] DevSave:    Loading value for SeekFreePCPaths from [Core.System]
[0000.60] DevSave:    Loading value for SeekFreePCExtensions from [Core.System]
[0000.60] DevSave:    Loading value for CutdownPaths from [Core.System]
[0000.60] DevSave:    Loading value for LocalizationPaths from [Core.System]
[0000.60] DevSave:    Loading value for TextureFileCacheExtension from [Core.System]
[0000.60] DevSave:    Loading value for Extensions from [Core.System]
[0000.61] DevSave:    Loading value for Suppress from [Core.System]
[0000.61] DevSave:    Loading value for FRScriptPaths from [Core.System]
[0000.61] DevSave:    Loading value for ScriptPaths from [Core.System]
[0000.61] DevSave:    Loading value for Paths from [Core.System]
[0000.61] DevSave:    Loading value for ScreenShotPath from [Core.System]
[0000.61] DevSave:    Loading value for CacheExt from [Core.System]
[0000.61] DevSave:    Loading value for CachePath from [Core.System]
[0000.61] DevSave:    Loading value for SavePath from [Core.System]
[0000.61] DevSave:    Loading value for AsyncIOBandwidthLimit from [Core.System]
[0000.61] DevSave:    Loading value for PackageSizeSoftLimit from [Core.System]
[0000.61] DevSave:    Loading value for MaxOverallCacheSize from [Core.System]
[0000.61] DevSave:    Loading value for MaxStaleCacheSize from [Core.System]
[0000.61] DevSave:    Loading value for StaleCacheDays from [Core.System]
[0019.41] DevDataBase: Failure trying to open connection [Provider=sqloledb;Data Source=production-db;Initial Catalog=EngineTaskPerf;Trusted_Connection=Yes;Connection Timeout=2] [Invalid connection string attribute]
[0019.41] DevDataBase: Connection to "Provider=sqloledb;Data Source=production-db;Initial Catalog=EngineTaskPerf;Trusted_Connection=Yes;Connection Timeout=2" or "10.1.20.20" failed
[0019.41] DevDataBase: Failure closing connection [Operation is not allowed when the object is closed.]
[0019.47] Log: Shader platform (RHI): PC-D3D-SM3
[0019.63] Log: PhysX GPU Support: DISABLED
[0019.63] Init: Initializing FaceFX...
[0019.63] Init: FaceFX 1.7.4 initialized.
[0021.80] Init: Finished loading startup packages in 2.02 seconds
[0021.81] Log: 76297 objects as part of root set at end of initial load.
[0021.81] Log: 0 out of 0 bytes used by permanent object pool.
[0021.81] Log: Supported Consoles:
[0021.81] Log:   PC
[0021.81] Log: Initializing Engine...
[0021.86] Log: Encountered missing default brush - spawning new one
[0021.86] Init: UEngine initialized
[0021.86] Log: Primary PhysX scene will be in software.
[0021.86] Log: Creating Primary PhysX Scene.
[0021.88] Init: Transaction tracking system initialized
[0023.02] Init: XAudio2 using 'Speakers (High Definition Audio Device)' : 2 channels at 48 kHz using 32 bits per sample (channel mask 0x3)
[0023.06] Log: Working around XDK XAudio2 regression: TRUE
[0023.08] Init: XAudio2Device initialized.
[0023.48] Init: Client initialized
[0023.48] Init: Editor engine initialized
[0023.57] Log: Initializing Engine Completed
[0023.57] Log: >>>>>>>>>>>>>> Initial startup: 23.57s <<<<<<<<<<<<<<<
[0023.65] Cmd: MODE MAPEXT=udk
[0023.75] SourceControl: Source Control disabled in UDKEditorUserSettings.ini.  [SourceControl] has Disabled=True
[0023.76] SourceControl: Source Control disabled in UDKEditorUserSettings.ini.  [SourceControl] has Disabled=True
[0024.73] Log: Found D3D11 adapter 0: NVIDIA GeForce RTX 4090
[0024.73] Log: Adapter has 24156MB of dedicated video memory, 0MB of dedicated system memory, and 32331MB of shared system memory
[0024.76] Log: Found D3D11 adapter 1: Microsoft Basic Render Driver
[0024.76] Log: Adapter has 0MB of dedicated video memory, 0MB of dedicated system memory, and 32331MB of shared system memory
[0027.88] Cmd: MAP LOAD FILE="..\..\UDKGame\Content\Maps\Templates\Template_MidDay.umap"
[0028.13] Log: Encountered missing default brush - spawning new one
[0028.61] Log: New File, Existing Package (Package Untitled_2, Package Template_MidDay)
[0028.71] Log: -- Checking Building LODs
[0028.71] Log: Primary PhysX scene will be in software.
[0028.71] Log: Creating Primary PhysX Scene.
[0028.72] Log: Finished looking for orphan Actors (0.003 secs)
[0028.73] Cmd: MAP CHECKDEP DONTCLEARMESSAGES
[0028.76] Log: TIMER ALL OF INIT : [9.114654]
[0042.17] Log: Unable to load package (..\..\UDKGame\Content\Weapons2\WP_Pistol.upk) PackageVersion  840, MaxExpected  820 : LicenseePackageVersion    0, MaxExpected    0.
[0042.17] Log: Failed to load 'WP_Pistol': Unable to load package (..\..\UDKGame\Content\Weapons2\WP_Pistol.upk) PackageVersion  840, MaxExpected  820 : LicenseePackageVersion    0, MaxExpected    0.
[0048.82] Log: Unable to load package (..\..\UDKGame\Content\Weapons2\WP_Pistol.upk) PackageVersion  840, MaxExpected  820 : LicenseePackageVersion    0, MaxExpected    0.
[0048.82] Log: Failed to load 'WP_Pistol': Unable to load package (..\..\UDKGame\Content\Weapons2\WP_Pistol.upk) PackageVersion  840, MaxExpected  820 : LicenseePackageVersion    0, MaxExpected    0.
[0048.82] Log: Unable to load package (..\..\UDKGame\Content\Weapons2\WP_Pistol.upk) PackageVersion  840, MaxExpected  820 : LicenseePackageVersion    0, MaxExpected    0.
[0048.82] Log: Failed to load 'WP_Pistol': Unable to load package (..\..\UDKGame\Content\Weapons2\WP_Pistol.upk) PackageVersion  840, MaxExpected  820 : LicenseePackageVersion    0, MaxExpected    0.
[0051.11] Log: Unable to load package (..\..\UDKGame\Content\Weapons2\Duke_Arms.upk) PackageVersion  840, MaxExpected  820 : LicenseePackageVersion    0, MaxExpected    0.
[0051.11] Log: Failed to load 'Duke_Arms': Unable to load package (..\..\UDKGame\Content\Weapons2\Duke_Arms.upk) PackageVersion  840, MaxExpected  820 : LicenseePackageVersion    0, MaxExpected    0.
[0051.11] Log: Failed to load 'MetalShader': Can't find file for package 'MetalShader' while loading ..\..\UDKGame\Content\Weapons2\WP_PipeDetMesh.upk
[0051.13] Log: Unable to load package (..\..\UDKGame\Content\Weapons2\Duke_Arms.upk) PackageVersion  840, MaxExpected  820 : LicenseePackageVersion    0, MaxExpected    0.
[0051.13] Log: Failed to load 'Duke_Arms': Unable to load package (..\..\UDKGame\Content\Weapons2\Duke_Arms.upk) PackageVersion  840, MaxExpected  820 : LicenseePackageVersion    0, MaxExpected    0.
[0051.13] Log: Unable to load package (..\..\UDKGame\Content\Weapons2\Duke_Arms.upk) PackageVersion  840, MaxExpected  820 : LicenseePackageVersion    0, MaxExpected    0.
[0051.13] Log: Failed to load 'Duke_Arms': Unable to load package (..\..\UDKG