Log: Log file open, 05/21/23 20:24:29
Init: WinSock: version 1.1 (2.2), MaxSocks=32767, MaxUdp=65467
Init: Version: 8364
Init: Epic Internal: 0
Init: Compiled (64-bit): May 21 2023 13:02:35
Init: Changelist: 871961
Init: Command line: editor 
Init: Base directory: d:\projects\Duke2003\Binaries\Win64\
DevConfig: GConfig::LoadFile has loaded file:  ..\..\UDKGame\Config\UDKEditor.ini
DevConfig: GConfig::LoadFile has loaded file:  ..\..\UDKGame\Config\UDKEditorUserSettings.ini
DevConfig: GConfig::LoadFile associated file:  ..\..\UDKGame\Config\UDKCompat.ini
DevConfig: GConfig::LoadFile has loaded file:  ..\..\UDKGame\Config\UDKLightmass.ini
DevConfig: GConfig::LoadFile has loaded file:  ..\..\UDKGame\Config\UDKEngine.ini
DevConfig: GConfig::LoadFile has loaded file:  ..\..\UDKGame\Config\UDKGame.ini
DevConfig: GConfig::LoadFile has loaded file:  ..\..\UDKGame\Config\UDKInput.ini
DevConfig: GConfig::LoadFile has loaded file:  ..\..\UDKGame\Config\UDKUI.ini
[0000.56] Init: Computer: JUSTIN-MAINPC
[0000.57] Init: User: justi
[0000.57] Init: CPU Page size=4096, Processors=32
[0000.57] Init: High frequency timer resolution =10.000000 MHz
[0000.57] Init: Memory total: Physical=63.1GB Pagefile=84.1GB Virtual=131072.0GB
[0000.57] DevStats: GSecondsPerCycle 1.000000e-007
[0000.61] Init: WinSock: I am justin-mainpc (192.168.1.4:0)
[0000.61] Init: Presizing for 0 objects not considered by GC, pre-allocating 0 bytes.
[0000.61] Init: Object subsystem initialized
[0000.61] DevSave: (System) 'Default__System' loading configuration from ..\..\UDKGame\Config\UDKEngine.ini
[0000.61] DevSave:    Loading value for SeekFreePCPaths from [Core.System]
[0000.61] DevSave:    Loading value for SeekFreePCExtensions from [Core.System]
[0000.61] DevSave:    Loading value for CutdownPaths from [Core.System]
[0000.61] DevSave:    Loading value for LocalizationPaths from [Core.System]
[0000.61] DevSave:    Loading value for TextureFileCacheExtension from [Core.System]
[0000.61] DevSave:    Loading value for Extensions from [Core.System]
[0000.61] DevSave:    Loading value for Suppress from [Core.System]
[0000.61] DevSave:    Loading value for FRScriptPaths from [Core.System]
[0000.61] DevSave:    Loading value for ScriptPaths from [Core.System]
[0000.61] DevSave:    Loading value for Paths from [Core.System]
[0000.61] DevSave:    Loading value for ScreenShotPath from [Core.System]
[0000.62] DevSave:    Loading value for CacheExt from [Core.System]
[0000.62] DevSave:    Loading value for CachePath from [Core.System]
[0000.62] DevSave:    Loading value for SavePath from [Core.System]
[0000.62] DevSave:    Loading value for AsyncIOBandwidthLimit from [Core.System]
[0000.62] DevSave:    Loading value for PackageSizeSoftLimit from [Core.System]
[0000.62] DevSave:    Loading value for MaxOverallCacheSize from [Core.System]
[0000.62] DevSave:    Loading value for MaxStaleCacheSize from [Core.System]
[0000.62] DevSave:    Loading value for StaleCacheDays from [Core.System]
[0018.36] DevDataBase: Failure trying to open connection [Provider=sqloledb;Data Source=production-db;Initial Catalog=EngineTaskPerf;Trusted_Connection=Yes;Connection Timeout=2] [Invalid connection string attribute]
[0018.36] DevDataBase: Connection to "Provider=sqloledb;Data Source=production-db;Initial Catalog=EngineTaskPerf;Trusted_Connection=Yes;Connection Timeout=2" or "10.1.20.20" failed
[0018.37] DevDataBase: Failure closing connection [Operation is not allowed when the object is closed.]
[0018.43] Log: Shader platform (RHI): PC-D3D-SM3
[0018.58] Log: PhysX GPU Support: DISABLED
[0018.59] Init: Initializing FaceFX...
[0018.59] Init: FaceFX 1.7.4 initialized.
[0020.56] Init: Finished loading startup packages in 1.83 seconds
[0020.57] Log: 76297 objects as part of root set at end of initial load.
[0020.57] Log: 0 out of 0 bytes used by permanent object pool.
[0020.57] Log: Supported Consoles:
[0020.57] Log:   PC
[0020.57] Log: Initializing Engine...
[0020.62] Log: Encountered missing default brush - spawning new one
[0020.62] Init: UEngine initialized
[0020.62] Log: Primary PhysX scene will be in software.
[0020.62] Log: Creating Primary PhysX Scene.
[0020.63] Init: Transaction tracking system initialized
[0021.72] Init: XAudio2 using 'Speakers (High Definition Audio Device)' : 2 channels at 48 kHz using 32 bits per sample (channel mask 0x3)
[0021.76] Log: Working around XDK XAudio2 regression: TRUE
[0021.78] Init: XAudio2Device initialized.
[0022.17] Init: Client initialized
[0022.17] Init: Editor engine initialized
[0022.26] Log: Initializing Engine Completed
[0022.26] Log: >>>>>>>>>>>>>> Initial startup: 22.26s <<<<<<<<<<<<<<<
[0022.33] Cmd: MODE MAPEXT=udk
[0022.43] SourceControl: Source Control disabled in UDKEditorUserSettings.ini.  [SourceControl] has Disabled=True
[0022.44] SourceControl: Source Control disabled in UDKEditorUserSettings.ini.  [SourceControl] has Disabled=True
[0023.37] Log: Found D3D11 adapter 0: NVIDIA GeForce RTX 4090
[0023.38] Log: Adapter has 24156MB of dedicated video memory, 0MB of dedicated system memory, and 32331MB of shared system memory
[0023.41] Log: Found D3D11 adapter 1: Microsoft Basic Render Driver
[0023.41] Log: Adapter has 0MB of dedicated video memory, 0MB of dedicated system memory, and 32331MB of shared system memory
[0026.38] Cmd: MAP LOAD FILE="..\..\UDKGame\Content\Maps\Templates\Template_MidDay.umap"
[0026.63] Log: Encountered missing default brush - spawning new one
[0027.13] Log: New File, Existing Package (Package Untitled_2, Package Template_MidDay)
[0027.22] Log: -- Checking Building LODs
[0027.22] Log: Primary PhysX scene will be in software.
[0027.22] Log: Creating Primary PhysX Scene.
[0027.23] Log: Finished looking for orphan Actors (0.003 secs)
[0027.23] Cmd: MAP CHECKDEP DONTCLEARMESSAGES
[0027.27] Log: TIMER ALL OF INIT : [8.667069]
[0031.27] Log: 
==== Worlds needing PIE Save:
[0031.27] Log: Untitled_2
[0031.27] Log: ==== 1 total
[0031.31] Log: Built Phys StaticMesh Cache: 2.091 ms
[0031.31] Log: COOKEDPHYSICS: 1 TriMeshes (0.597656 KB), 1 Convex Hulls (1.082031 KB) - Total 1.679688 KB
[0031.38] Log: Save=70.432500
[0031.38] Log: Moving 'd:\projects\Duke2003\Binaries\Win64\..\..\UDKGame\Autosaves\UEDPIEUntitled_2_save.tmp' to 'd:\projects\Duke2003\Binaries\Win64\..\..\UDKGame\Autosaves\UEDPIEUntitled_2.udk'
[0031.40] Cmd: MAP LOAD PLAYWORLD=1 FILE="d:\projects\Duke2003\Binaries\Win64\..\..\UDKGame\Autosaves\UEDPIEUntitled_2.udk"
[0031.41] Log: Finished looking for orphan Actors (0.003 secs)
[0031.41] Log: Game class is 'UTGame'
[0031.42] Log: Primary PhysX scene will be in software.
[0031.42] Log: Creating Primary PhysX Scene.
[0031.43] Log: *** WARNING - PATHS MAY NOT BE VALID ***
[0031.43] Log: Bringing World UEDPIEUntitled_2.TheWorld up for play (0) at 2023.05.21-20.25.00
[0031.44] Log: Bringing up level for play took: 0.022424
[0031.67] ScriptWarning: Accessed None 'MapInfo'
	GFxMinimap Transient.GFxMinimapHud_0:GFxMinimap_0
	Function UTGame.GFxMinimap:Init:00F2
[0031.67] ScriptWarning: Accessed None 'OnlineSub'
	UTPlayerController UEDPIEUntitled_2.TheWorld:PersistentLevel.UTPlayerController_0
	Function UTGame.UTPlayerController:ClientSetOnlineStatus:0033
[0031.67] ScriptWarning: Accessed None 'OnlineSub'
	UTPlayerController UEDPIEUntitled_2.TheWorld:PersistentLevel.UTPlayerController_0
	Function UTGame.UTPlayerController:ClientSetOnlineStatus:02D1
[0031.67] ScriptWarning: Accessed None
	UTPlayerController UEDPIEUntitled_2.TheWorld:PersistentLevel.UTPlayerController_0
	Function UTGame.UTPlayerController:ClientSetOnlineStatus:02E5
[0031.67] Log: PIE: play in editor start time for UEDPIEUntitled_2 0.580
[0031.67] ScriptWarning: Accessed None 'MapInfo'
	GFxMinimap Transient.GFxMinimapHud_1:GFxMinimap_1
	Function UTGame.GFxMinimap:Init:00F2
[0031.73] ScriptWarning: Accessed None 'LeftHandIK'
	UTPawn UEDPIEUntitled_2.TheWorld:PersistentLevel.UTPawn_0
	Function UTGame.UTPawn:SetHandIKEnabled:0066
[0031.73] ScriptWarning: Accessed None 'RightHandIK'
	UTPawn UEDPIEUntitled_2.TheWorld:PersistentLevel.UTPawn_0
	Function UTGame.UTPawn:SetHandIKEnabled:008F
[0031.73] Cmd: SETSOUNDMODE Default
[0031.73] ScriptLog: START MATCH
[0031.74] ScriptWarning: Accessed None 'MapInfo'
	GFxMinimap Transient.GFxMinimapHud_1:GFxMinimap_1
	Function UTGame.GFxMinimap:UpdateData:0015
[0032.69] Cmd: StartFire 
[0032.70] Cmd: OnRelease StopFire
[0032.79] Cmd: StopFire
[0035.58] Cmd: onrelease ShowMenu
[0035.59] ScriptWarning: Accessed None 'ViewportClient'
	UTPlayerController UEDPIEUntitled_2.TheWorld:PersistentLevel.UTPlayerController_0
	Function UTGame.UTPlayerController:Destroyed:0041
[0035.59] ScriptWarning: Player start not found, failed to restart player
	UTGame UEDPIEUntitled_2.TheWorld:PersistentLevel.UTGame_0
	Function Engine.GameInfo:RestartPlayer:025E
[0039.02] Log: 
==== Worlds needing PIE Save:
[0039.02] Log: Untitled_2
[0039.02] Log: ==== 1 total
[0039.06] Log: Built Phys StaticMesh Cache: 3.754 ms
[0039.06] Log: COOKEDPHYSICS: 1 TriMeshes (0.597656 KB), 1 Convex Hulls (1.082031 KB) - Total 1.679688 KB
[0039.14] Log: Save=74.469300
[0039.14] Log: Moving 'd:\projects\Duke2003\Binaries\Win64\..\..\UDKGame\Autosaves\UEDPIEUntitled_2_save.tmp' to 'd:\projects\Duke2003\Binaries\Win64\..\..\UDKGame\Autosaves\UEDPIEUntitled_2.udk'
[0039.15] Cmd: MAP LOAD PLAYWORLD=1 FILE="d:\projects\Duke2003\Binaries\Win64\..\..\UDKGame\Autosaves\UEDPIEUntitled_2.udk"
[0039.16] Log: Finished looking for orphan Actors (0.003 secs)
[0039.16] Log: Game class is 'UTGame'
[0039.18] Log: Primary PhysX scene will be in software.
[0039.18] Log: Creating Primary PhysX Scene.
[0039.18] Log: *** WARNING - PATHS MAY NOT BE VALID ***
[0039.18] Log: Bringing World UEDPIEUntitled_2.TheWorld up for play (0) at 2023.05.21-20.25.08
[0039.19] Log: Bringing up level for play took: 0.019768
[0039.43] ScriptWarning: Accessed None 'MapInfo'
	GFxMinimap Transient.GFxMinimapHud_2:GFxMinimap_2
	Function UTGame.GFxMinimap:Init:00F2
[0039.43] ScriptWarning: Accessed None 'OnlineSub'
	UTPlayerController UEDPIEUntitled_2.TheWorld:PersistentLevel.UTPlayerController_1
	Function UTGame.UTPlayerController:ClientSetOnlineStatus:0033
[0039.43] ScriptWarning: Accessed None 'OnlineSub'
	UTPlayerController UEDPIEUntitled_2.TheWorld:PersistentLevel.UTPlayerController_1
	Function UTGame.UTPlayerController:ClientSetOnlineStatus:02D1
[0039.43] ScriptWarning: Accessed None
	UTPlayerController UEDPIEUntitled_2.TheWorld:PersistentLevel.UTPlayerController_1
	Function UTGame.UTPlayerController:ClientSetOnlineStatus:02E5
[0039.43] Log: PIE: play in editor start time for UEDPIEUntitled_2 0.584
[0039.43] ScriptWarning: Accessed None 'MapInfo'
	GFxMinimap Transient.GFxMinimapHud_3:GFxMinimap_3
	Function UTGame.GFxMinimap:Init:00F2
[0039.47] ScriptWarning: Accessed None 'LeftHandIK'
	UTPawn UEDPIEUntitled_2.TheWorld:PersistentLevel.UTPawn_1
	Function UTGame.UTPawn:SetHandIKEnabled:0066
[0039.47] ScriptWarning: Accessed None 'RightHandIK'
	UTPawn UEDPIEUntitled_2.TheWorld:PersistentLevel.UTPawn_1
	Function UTGame.UTPawn:SetHandIKEnabled:008F
[0039.47] Cmd: SETSOUNDMODE Default
[0039.47] ScriptLog: START MATCH
[0039.48] ScriptWarning: Accessed None 'MapInfo'
	GFxMinimap Transient.GFxMinimapHud_3:GFxMinimap_3
	Function UTGame.GFxMinimap:UpdateData:0015
[0040.16] Cmd: StartFire 
[0040.16] Cmd: OnRelease StopFire
[0040.25] Cmd: StopFire
[0042.75] Cmd: StartFire 
[0042.75] Cmd: OnRelease StopFire
[0042.85] Cmd: StopFire
[0043.18] Cmd: StartFire 
[0043.18] Cmd: OnRelease StopFire
[0043.28] Cmd: StopFire
[0043.48] Cmd: StartFire 
[0043.48] Cmd: OnRelease StopFire
[0043.59] Cmd: StopFire
[0043.88] Cmd: StartFire 
[0043.88] Cmd: OnRelease StopFire
[0044.01] Cmd: StopFire
[0044.27] Cmd: StartFire 
[0044.27] Cmd: OnRelease StopFire
[0044.42] Cmd: StopFire
[0044.63] Cmd: StartFire 
[0044.63] Cmd: OnRelease StopFire
[0044.76] Cmd: StopFire
[0045.02] Cmd: StartFire 
[0045.02] Cmd: OnRelease StopFire
[0045.15] Cmd: StopFire
[0045.54] Cmd: StartFire 
[0045.54] Cmd: OnRelease StopFire
[0045.66] Cmd: StopFire
[0046.49] Cmd: StartFire 
[0046.49] Cmd: OnRelease StopFire
[0046.60] Cmd: StopFire
[0047.77] Cmd: StartFire 
[0047.77] Cmd: OnRelease StopFire
[0047.90] Cmd: StopFire
[0049.17] Cmd: onrelease ShowMenu
[0049.18] ScriptWarning: Accessed None 'ViewportClient'
	UTPlayerController UEDPIEUntitled_2.TheWorld:PersistentLevel.UTPlayerController_1
	Function UTGame.UTPlayerController:Destroyed:0041
[0049.18] ScriptWarning: Player start not found, failed to restart player
	UTGame UEDPIEUntitled_2.TheWorld:PersistentLevel.UTGame_1
	Function Engine.GameInfo:RestartPlayer:025E
[0070.60] Log: 
==== Worlds needing PIE Save:
[0070.60] Log: Untitled_2
[0070.60] Log: ==== 1 total
[0070.64] Log: Built Phys StaticMesh Cache: 2.675 ms
[0070.64] Log: COOKEDPHYSICS: 1 TriMeshes (0.597656 KB), 1 Convex Hulls (1.082031 KB) - Total 1.679688 KB
[0070.71] Log: Save=69.833000
[0070.71] Log: Moving 'd:\projects\Duke2003\Binaries\Win64\..\..\UDKGame\Autosaves\UEDPIEUntitled_2_save.tmp' to 'd:\projects\Duke2003\Binaries\Win64\..\..\UDKGame\Autosaves\UEDPIEUntitled_2.udk'
[0070.73] Cmd: MAP LOAD PLAYWORLD=1 FILE="d:\projects\Duke2003\Binaries\Win64\..\..\UDKGame\Autosaves\UEDPIEUntitled_2.udk"
[0070.74] Log: Finished looking for orphan Actors (0.003 secs)
[0070.74] Log: Game class is 'UTGame'
[0070.75] Log: Primary PhysX scene will be in software.
[0070.75] Log: Creating Primary PhysX Scene.
[0070.75] Log: *** WARNING - PATHS MAY NOT BE VALID ***
[0070.75] Log: Bringing World UEDPIEUntitled_2.TheWorld up for play (0) at 2023.05.21-20.25.40
[0070.77] Log: Bringing up level for play took: 0.019078
[0070.80] Error: (Function UTGame.UTGame:ChoosePlayerStart:0102) Cannot use AllNavigationPoints() here - NavigationPointList not set up yet
[0070.80] ScriptLog: Warning - PATHS NOT DEFINED or NO PLAYERSTART with positive rating
[0070.80] Warning: Login failed: Engine.GameMessage.FailedPlaceMessage
[0075.12] Log: 
==== Worlds needing PIE Save:
[0075.12] Log: Untitled_2
[0075.12] Log: ==== 1 total
[0075.15] Log: Built Phys StaticMesh Cache: 2.777 ms
[0075.15] Log: COOKEDPHYSICS: 1 TriMeshes (0.597656 KB), 1 Convex Hulls (1.082031 KB) - Total 1.679688 KB
[0075.22] Log: Save=69.174700
[0075.22] Log: Moving 'd:\projects\Duke2003\Binaries\Win64\..\..\UDKGame\Autosaves\UEDPIEUntitled_2_save.tmp' to 'd:\projects\Duke2003\Binaries\Win64\..\..\UDKGame\Autosaves\UEDPIEUntitled_2.udk'
[0075.24] Cmd: MAP LOAD PLAYWORLD=1 FILE="d:\projects\Duke2003\Binaries\Win64\..\..\UDKGame\Autosaves\UEDPIEUntitled_2.udk"
[0075.25] Log: Finished looking for orphan Actors (0.003 secs)
[0075.25] Log: Game class is 'UTGame'
[0075.26] Log: Primary PhysX scene will be in software.
[0075.26] Log: Creating Primary PhysX Scene.
[0075.27] Log: *** WARNING - PATHS MAY NOT BE VALID ***
[0075.27] Log: Bringing World UEDPIEUntitled_2.TheWorld up for play (0) at 2023.05.21-20.25.44
[0075.28] Log: Bringing up level for play took: 0.019008
[0075.32] Error: (Function UTGame.UTGame:ChoosePlayerStart:0102) Cannot use AllNavigationPoints() here - NavigationPointList not set up yet
[0075.32] ScriptLog: Warning - PATHS NOT DEFINED or NO PLAYERSTART with positive rating
[0075.32] Warning: Login failed: Engine.GameMessage.FailedPlaceMessage
[0082.40] Log: 
==== Worlds needing PIE Save:
[0082.40] Log: Untitled_2
[0082.41] Log: ==== 1 total
[0082.44] Log: Built Phys StaticMesh Cache: 2.969 ms
[0082.44] Log: COOKEDPHYSICS: 1 TriMeshes (0.597656 KB), 1 Convex Hulls (1.082031 KB) - Total 1.679688 KB
[0082.51] Log: Save=71.220100
[0082.52] Log: Moving 'd:\projects\Duke2003\Binaries\Win64\..\..\UDKGame\Autosaves\UEDPIEUntitled_2_save.tmp' to 'd:\projects\Duke2003\Binaries\Win64\..\..\UDKGame\Autosaves\UEDPIEUntitled_2.udk'
[0082.53] Cmd: MAP LOAD PLAYWORLD=1 FILE="d:\projects\Duke2003\Binaries\Win64\..\..\UDKGame\Autosaves\UEDPIEUntitled_2.udk"
[0082.54] Log: Finished looking for orphan Actors (0.003 secs)
[0082.54] Log: Game class is 'UTGame'
[0082.55] Log: Primary PhysX scene will be in software.
[0082.55] Log: Creating Primary PhysX Scene.
[0082.56] Log: *** WARNING - PATHS MAY NOT BE VALID ***
[0082.56] Log: Bringing World UEDPIEUntitled_2.TheWorld up for play (0) at 2023.05.21-20.25.51
[0082.57] Log: Bringing up level for play took: 0.017352
[0082.61] ScriptWarning: Accessed None 'MapInfo'
	GFxMinimap Transient.GFxMinimapHud_4:GFxMinimap_4
	Function UTGame.GFxMinimap:Init:00F2
[0082.61] ScriptWarning: Accessed None 'OnlineSub'
	UTPlayerController UEDPIEUntitled_2.TheWorld:PersistentLevel.UTPlayerController_2
	Function UTGame.UTPlayerController:ClientSetOnlineStatus:0033
[0082.61] ScriptWarning: Accessed None 'OnlineSub'
	UTPlayerController UEDPIEUntitled_2.TheWorld:PersistentLevel.UTPlayerController_2
	Function UTGame.UTPlayerController:ClientSetOnlineStatus:02D1
[0082.61] ScriptWarning: Accessed None
	UTPlayerController UEDPIEUntitled_2.TheWorld:PersistentLevel.UTPlayerController_2
	Function UTGame.UTPlayerController:ClientSetOnlineStatus:02E5
[0082.61] Log: PIE: play in editor start time for UEDPIEUntitled_2 0.380
[0082.61] ScriptWarning: Accessed None 'MapInfo'
	GFxMinimap Transient.GFxMinimapHud_5:GFxMinimap_5
	Function UTGame.GFxMinimap:Init:00F2
[0082.64] ScriptWarning: Accessed None 'LeftHandIK'
	UTPawn UEDPIEUntitled_2.TheWorld:PersistentLevel.UTPawn_2
	Function UTGame.UTPawn:SetHandIKEnabled:0066
[0082.64] ScriptWarning: Accessed None 'RightHandIK'
	UTPawn UEDPIEUntitled_2.TheWorld:PersistentLevel.UTPawn_2
	Function UTGame.UTPawn:SetHandIKEnabled:008F
[0082.64] Cmd: SETSOUNDMODE Default
[0082.64] ScriptLog: START MATCH
[0082.65] ScriptWarning: Accessed None 'MapInfo'
	GFxMinimap Transient.GFxMinimapHud_5:GFxMinimap_5
	Function UTGame.GFxMinimap:UpdateData:0015
[0084.25] Cmd: onrelease ShowMenu
[0084.26] ScriptWarning: Accessed None 'ViewportClient'
	UTPlayerController UEDPIEUntitled_2.TheWorld:PersistentLevel.UTPlayerController_2
	Function UTGame.UTPlayerController:Destroyed:0041
[0084.26] ScriptWarning: Accessed None 'LeftHandIK'
	UTPawn UEDPIEUntitled_2.TheWorld:PersistentLevel.UTPawn_2
	Function UTGame.UTPawn:SetHandIKEnabled:00BB
[0084.26] ScriptWarning: Accessed None 'RightHandIK'
	UTPawn UEDPIEUntitled_2.TheWorld:PersistentLevel.UTPawn_2
	Function UTGame.UTPawn:SetHandIKEnabled:00E4
[0084.26] ScriptWarning: Player start not found, failed to restart player
	UTGame UEDPIEUntitled_2.TheWorld:PersistentLevel.UTGame_4
	Function Engine.GameInfo:RestartPlayer:025E
[0087.77] Log: 
==== Worlds needing PIE Save:
[0087.77] Log: Untitled_2
[0087.77] Log: ==== 1 total
[0087.81] Log: Built Phys StaticMesh Cache: 3.832 ms
[0087.81] Log: COOKEDPHYSICS: 1 TriMeshes (0.597656 KB), 1 Convex Hulls (1.082031 KB) - Total 1.679688 KB
[0087.88] Log: Save=71.038400
[0087.88] Log: Moving 'd:\projects\Duke2003\Binaries\Win64\..\..\UDKGame\Autosaves\UEDPIEUntitled_2_save.tmp' to 'd:\projects\Duke2003\Binaries\Win64\..\..\UDKGame\Autosaves\UEDPIEUntitled_2.udk'
[0087.90] Cmd: MAP LOAD PLAYWORLD=1 FILE="d:\projects\Duke2003\Binaries\Win64\..\..\UDKGame\Autosaves\UEDPIEUntitled_2.udk"
[0087.91] Log: Finished looking for orphan Actors (0.003 secs)
[0087.91] Log: Game class is 'UTGame'
[0087.92] Log: Primary PhysX scene will be in software.
[0087.92] Log: Creating Primary PhysX Scene.
[0087.92] Log: *** WARNING - PATHS MAY NOT BE VALID ***
[0087.92] Log: Bringing World UEDPIEUntitled_2.TheWorld up for play (0) at 2023.05.21-20.25.57
[0087.94] Log: Bringing up level for play took: 0.019431
[0087.97] Error: (Function UTGame.UTGame:ChoosePlayerStart:0102) Cannot use AllNavigationPoints() here - NavigationPointList not set up yet
[0087.98] ScriptLog: Warning - PATHS NOT DEFINED or NO PLAYERSTART with positive rating
[0087.98] Warning: Login failed: Engine.GameMessage.FailedPlaceMessage
[0099.19] Log: 
==== Worlds needing PIE Save:
[0099.19] Log: Untitled_2
[0099.19] Log: ==== 1 total
[0099.22] Log: Built Phys StaticMesh Cache: 2.340 ms
[0099.22] Log: COOKEDPHYSICS: 1 TriMeshes (0.597656 KB), 1 Convex Hulls (1.082031 KB) - Total 1.679688 KB
[0099.29] Log: Save=74.464600
[0099.30] Log: Moving 'd:\projects\Duke2003\Binaries\Win64\..\..\UDKGame\Autosaves\UEDPIEUntitled_2_save.tmp' to 'd:\projects\Duke2003\Binaries\Win64\..\..\UDKGame\Autosaves\UEDPIEUntitled_2.udk'
[0099.31] Cmd: MAP LOAD PLAYWORLD=1 FILE="d:\projects\Duke2003\Binaries\Win64\..\..\UDKGame\Autosaves\UEDPIEUntitled_2.udk"
[0099.32] Log: Finished looking for orphan Actors (0.003 secs)
[0099.32] Log: Game class is 'UTGame'
[0099.34] Log: Primary PhysX scene will be in software.
[0099.34] Log: Creating Primary PhysX Scene.
[0099.34] Log: *** WARNING - PATHS MAY NOT BE VALID ***
[0099.34] Log: Bringing World UEDPIEUntitled_2.TheWorld up for play (0) at 2023.05.21-20.26.08
[0099.35] Log: Bringing up level for play took: 0.020435
[0099.40] ScriptWarning: Accessed None 'MapInfo'
	GFxMinimap Transient.GFxMinimapHud_6:GFxMinimap_6
	Function UTGame.GFxMinimap:Init:00F2
[0099.40] ScriptWarning: Accessed None 'OnlineSub'
	UTPlayerController UEDPIEUntitled_2.TheWorld:PersistentLevel.UTPlayerController_3
	Function UTGame.UTPlayerController:ClientSetOnlineStatus:0033
[0099.40] ScriptWarning: Accessed None 'OnlineSub'
	UTPlayerController UEDPIEUntitled_2.TheWorld:PersistentLevel.UTPlayerController_3
	Function UTGame.UTPlayerController:ClientSetOnlineStatus:02D1
[0099.40] ScriptWarning: Accessed None
	UTPlayerController UEDPIEUntitled_2.TheWorld:PersistentLevel.UTPlayerController_3
	Function UTGame.UTPlayerController:ClientSetOnlineStatus:02E5
[0099.40] Log: PIE: play in editor start time for UEDPIEUntitled_2 0.394
[0099.40] ScriptWarning: Accessed None 'MapInfo'
	GFxMinimap Transient.GFxMinimapHud_7:GFxMinimap_7
	Function UTGame.GFxMinimap:Init:00F2
[0099.43] ScriptWarning: Accessed None 'LeftHandIK'
	UTPawn UEDPIEUntitled_2.TheWorld:PersistentLevel.UTPawn_3
	Function UTGame.UTPawn:SetHandIKEnabled:0066
[0099.43] ScriptWarning: Accessed None 'RightHandIK'
	UTPawn UEDPIEUntitled_2.TheWorld:PersistentLevel.UTPawn_3
	Function UTGame.UTPawn:SetHandIKEnabled:008F
[0099.43] Cmd: SETSOUNDMODE Default
[0099.43] ScriptLog: START MATCH
[0099.43] ScriptWarning: Accessed None 'MapInfo'
	GFxMinimap Transient.GFxMinimapHud_7:GFxMinimap_7
	Function UTGame.GFxMinimap:UpdateData:0015
[0271.05] Cmd: onrelease ShowMenu
[0271.06] ScriptWarning: Accessed None 'ViewportClient'
	UTPlayerController UEDPIEUntitled_2.TheWorld:PersistentLevel.UTPlayerController_3
	Function UTGame.UTPlayerController:Destroyed:0041
[0271.06] ScriptWarning: Player start not found, failed to restart player
	UTGame UEDPIEUntitled_2.TheWorld:PersistentLevel.UTGame_6
	Function Engine.GameInfo:RestartPlayer:025E
[0617.20] Exit: Preparing to exit.
[0617.29] Exit: Editor shut down
[0617.29] Exit: Transaction tracking system shut down
[0617.47] Exit: Windows client shut down
[0617.47] Exit: XAudio2 Device shut down.
[0617.55] Exit: Object subsystem successfully closed.
[0617.56] Log: Shutting down FaceFX...
[0617.56] Log: FaceFX shutdown.
[0617.59] DevDataBase: Spent 17.735152 seconds communicating with "Provider=sqloledb;Data Source=production-db;Initial Catalog=EngineTaskPerf;Trusted_Connection=Yes;Connection Timeout=2" or "10.1.20.20"
[0617.59] Exit: Exiting.
[0617.60] Log: Log file closed, 05/21/23 20:34:46
