Log: Log file open, 05/21/23 20:17:01
Init: WinSock: version 1.1 (2.2), MaxSocks=32767, MaxUdp=65467
Init: Version: 8364
Init: Epic Internal: 0
Init: Compiled (64-bit): May 21 2023 13:02:35
Init: Changelist: 871961
Init: Command line: make all 
Init: Base directory: D:\projects\Duke2003\Binaries\Win64\
DevConfig: GConfig::LoadFile has loaded file:  ..\..\UDKGame\Config\UDKEditor.ini
DevConfig: GConfig::LoadFile has loaded file:  ..\..\UDKGame\Config\UDKEditorUserSettings.ini
DevConfig: GConfig::LoadFile associated file:  ..\..\UDKGame\Config\UDKCompat.ini
DevConfig: GConfig::LoadFile has loaded file:  ..\..\UDKGame\Config\UDKLightmass.ini
DevConfig: GConfig::LoadFile has loaded file:  ..\..\UDKGame\Config\UDKEngine.ini
DevConfig: GConfig::LoadFile has loaded file:  ..\..\UDKGame\Config\UDKGame.ini
DevConfig: GConfig::LoadFile has loaded file:  ..\..\UDKGame\Config\UDKInput.ini
DevConfig: GConfig::LoadFile has loaded file:  ..\..\UDKGame\Config\UDKUI.ini
[0000.54] Init: Computer: JUSTIN-MAINPC
[0000.54] Init: User: justi
[0000.54] Init: CPU Page size=4096, Processors=32
[0000.54] Init: High frequency timer resolution =10.000000 MHz
[0000.54] Init: Memory total: Physical=63.1GB Pagefile=84.1GB Virtual=131072.0GB
[0000.54] DevStats: GSecondsPerCycle 1.000000e-007
[0000.57] Init: WinSock: I am justin-mainpc (192.168.1.4:0)
[0000.57] Init: Presizing for 0 objects not considered by GC, pre-allocating 0 bytes.
[0000.57] Init: Object subsystem initialized
[0000.57] DevSave: (System) 'Default__System' loading configuration from ..\..\UDKGame\Config\UDKEngine.ini
[0000.57] DevSave:    Loading value for SeekFreePCPaths from [Core.System]
[0000.57] DevSave:    Loading value for SeekFreePCExtensions from [Core.System]
[0000.57] DevSave:    Loading value for CutdownPaths from [Core.System]
[0000.57] DevSave:    Loading value for LocalizationPaths from [Core.System]
[0000.57] DevSave:    Loading value for TextureFileCacheExtension from [Core.System]
[0000.57] DevSave:    Loading value for Extensions from [Core.System]
[0000.57] DevSave:    Loading value for Suppress from [Core.System]
[0000.57] DevSave:    Loading value for FRScriptPaths from [Core.System]
[0000.57] DevSave:    Loading value for ScriptPaths from [Core.System]
[0000.57] DevSave:    Loading value for Paths from [Core.System]
[0000.57] DevSave:    Loading value for ScreenShotPath from [Core.System]
[0000.57] DevSave:    Loading value for CacheExt from [Core.System]
[0000.57] DevSave:    Loading value for CachePath from [Core.System]
[0000.57] DevSave:    Loading value for SavePath from [Core.System]
[0000.57] DevSave:    Loading value for AsyncIOBandwidthLimit from [Core.System]
[0000.57] DevSave:    Loading value for PackageSizeSoftLimit from [Core.System]
[0000.57] DevSave:    Loading value for MaxOverallCacheSize from [Core.System]
[0000.57] DevSave:    Loading value for MaxStaleCacheSize from [Core.System]
[0000.57] DevSave:    Loading value for StaleCacheDays from [Core.System]
[0018.33] DevDataBase: Failure trying to open connection [Provider=sqloledb;Data Source=production-db;Initial Catalog=EngineTaskPerf;Trusted_Connection=Yes;Connection Timeout=2] [Invalid connection string attribute]
[0018.33] DevDataBase: Connection to "Provider=sqloledb;Data Source=production-db;Initial Catalog=EngineTaskPerf;Trusted_Connection=Yes;Connection Timeout=2" or "10.1.20.20" failed
[0018.33] DevDataBase: Failure closing connection [Operation is not allowed when the object is closed.]
[0018.36] Log: Shader platform (RHI): PC-D3D-SM3
[0018.40] Log: PhysX GPU Support: DISABLED
[0018.40] Init: Initializing FaceFX...
[0018.40] Init: FaceFX 1.7.4 initialized.
[0018.45] Init: Version: 8364
[0018.45] Init: Epic Internal: 0
[0018.45] Init: Compiled (64-bit): May 21 2023 19:58:41
[0018.45] Init: Command line:  all 
[0018.45] Init: Base directory: D:\projects\Duke2003\Binaries\Win64\
[0018.45] Init: Character set: Unicode
[0018.45] Log: Executing Class UnrealEd.MakeCommandlet
[0018.45] Init: UEngine initialized
[0018.52] Heading: --------------------Core - Release--------------------
[0018.52] Log: New File, Existing Package (Package Untitled_0, Package Core)
[0018.53] Log: Loading global macros for Core
[0018.56] Heading: --------------------Engine - Release--------------------
[0018.60] Log: New File, Existing Package (Package Untitled_1, Package Engine)
[0018.93] Log: Loading global macros for Engine
[0019.74] Heading: --------------------GFxUI - Release--------------------
[0019.74] Log: New File, Existing Package (Package Untitled_2, Package GFxUI)
[0019.75] Log: Loading global macros for GFxUI
[0019.77] Heading: --------------------GameFramework - Release--------------------
[0019.77] Log: New File, Existing Package (Package Untitled_3, Package GameFramework)
[0019.81] Log: Loading global macros for GameFramework
[0019.90] Heading: --------------------UnrealEd - Release--------------------
[0019.91] Log: New File, Existing Package (Package Untitled_4, Package UnrealEd)
[0019.93] Log: Loading global macros for UnrealEd
[0019.99] Heading: --------------------GFxUIEditor - Release--------------------
[0019.99] Log: New File, Existing Package (Package Untitled_5, Package GFxUIEditor)
[0019.99] Log: Loading global macros for GFxUIEditor
[0019.99] Heading: --------------------IpDrv - Release--------------------
[0019.99] Log: New File, Existing Package (Package Untitled_6, Package IpDrv)
[0020.01] Log: Loading global macros for IpDrv
[0020.04] Heading: --------------------OnlineSubsystemPC - Release--------------------
[0020.04] Log: New File, Existing Package (Package Untitled_7, Package OnlineSubsystemPC)
[0020.05] Log: Loading global macros for OnlineSubsystemPC
[0020.07] Heading: --------------------OnlineSubsystemGameSpy - Release--------------------
[0020.07] Log: New File, Existing Package (Package Untitled_8, Package OnlineSubsystemGameSpy)
[0020.08] Log: Loading global macros for OnlineSubsystemGameSpy
[0020.11] Heading: --------------------OnlineSubsystemLive - Release--------------------
[0020.11] Log: New File, Existing Package (Package Untitled_9, Package OnlineSubsystemLive)
[0020.12] Log: Loading global macros for OnlineSubsystemLive
[0020.16] Heading: --------------------OnlineSubsystemSteamworks - Release--------------------
[0020.16] Log: New File, Existing Package (Package Untitled_10, Package OnlineSubsystemSteamworks)
[0020.17] Log: Loading global macros for OnlineSubsystemSteamworks
[0020.20] Heading: --------------------UDKBase - Release--------------------
[0020.20] Log: New File, Existing Package (Package Untitled_11, Package UDKBase)
[0020.23] Log: Loading global macros for UDKBase
[0020.29] Heading: --------------------UTEditor - Release--------------------
[0020.29] Log: New File, Existing Package (Package Untitled_12, Package UTEditor)
[0020.29] Log: Loading global macros for UTEditor
[0020.29] Heading: --------------------UTGame - Release--------------------
[0020.30] Log: New File, Existing Package (Package Untitled_13, Package UTGame)
[0020.60] Log: Loading global macros for UTGame
[0021.05] Heading: --------------------UTGameContent - Release--------------------
[0021.05] Log: New File, Existing Package (Package Untitled_14, Package UTGameContent)
[0021.08] Log: Loading global macros for UTGameContent
[0021.10] Heading: --------------------dnGame - Release--------------------
[0021.10] Log: Package dnGame changed, recompiling
[0021.10] Log: Analyzing...
[0021.10] Log: Loading global macros for dnGame
[0021.11] Log: Exporting native class declarations for dnGame
[0021.11] Log: Autogenerating C++ header: 
[0021.11] Log: Autogenerating C++ header: dnGameNames.h
[0021.11] Warning: D:\projects\Duke2003\Development\Src\dnGame\Classes\dnSinglePlayer.uc(9) : Warning, Invalid object 'Class dnGame.dnPlayerController' specified for property 'PlayerControllerClass'
[0021.11] Warning: D:\projects\Duke2003\Development\Src\dnGame\Classes\dnSinglePlayer.uc(10) : Warning, Unknown property in defaults: 	ConsolePlayerControllerClass=class'UTGame.UTConsolePlayerController' (looked in dnSinglePlayer)
[0021.11] Warning: D:\projects\Duke2003\Development\Src\dnGame\Classes\dnSinglePlayer.uc(16) : Warning, Unknown property in defaults: 	BotClass=class'UTBot' (looked in dnSinglePlayer)
[0021.11] Log: Success: Compiled 18 line(s), 3 statement(s).

[0021.11] Log: Scripts successfully compiled - saving package 'D:\projects\Duke2003\Binaries\Win64\..\..\UDKGame\Script\dnGame.u'
[0021.16] Log: Save=49.227000
[0021.16] Log: Moving '..\..\UDKGame\Script\dnGame_save.tmp' to '..\..\UDKGame\Script\dnGame.u'
[0021.16] Heading: --------------------UDKUltimate - Release--------------------
[0021.16] Log: Analyzing...
[0021.16] Log: Loading global macros for UDKUltimate
[0021.21] Log: Success: Compiled 1075 line(s), 179 statement(s).

[0021.21] Log: Scripts successfully compiled - saving package 'D:\projects\Duke2003\Binaries\Win64\..\..\UDKGame\Script\UDKUltimate.u'
[0021.30] Log: Save=87.879700
[0021.30] Log: Moving '..\..\UDKGame\Script\UDKUltimate_save.tmp' to '..\..\UDKGame\Script\UDKUltimate.u'
[0021.36] Log: 
[0021.36] Log: Warning/Error Summary
[0021.36] Log: ---------------------
[0021.36] Log: D:\projects\Duke2003\Development\Src\dnGame\Classes\dnSinglePlayer.uc(9) : Warning, Invalid object 'Class dnGame.dnPlayerController' specified for property 'PlayerControllerClass'
[0021.36] Log: D:\projects\Duke2003\Development\Src\dnGame\Classes\dnSinglePlayer.uc(10) : Warning, Unknown property in defaults: 	ConsolePlayerControllerClass=class'UTGame.UTConsolePlayerController' (looked in dnSinglePlayer)
[0021.36] Log: D:\projects\Duke2003\Development\Src\dnGame\Classes\dnSinglePlayer.uc(16) : Warning, Unknown property in defaults: 	BotClass=class'UTBot' (looked in dnSinglePlayer)
[0021.36] Log: 
[0021.36] Log: Success - 0 error(s), 3 warning(s)
[0021.36] Log: 
Execution of commandlet took:  2.91 seconds
[0021.36] Exit: Preparing to exit.
[0021.43] Exit: Object subsystem successfully closed.
[0021.43] Log: Shutting down FaceFX...
[0021.43] Log: FaceFX shutdown.
[0021.43] DevDataBase: Spent 17.753011 seconds communicating with "Provider=sqloledb;Data Source=production-db;Initial Catalog=EngineTaskPerf;Trusted_Connection=Yes;Connection Timeout=2" or "10.1.20.20"
[0021.43] Exit: Exiting.
[0021.43] Log: Log file closed, 05/21/23 20:17:22
